running develop
Removing /home/oscar/Projects/Academic/dev_ws/install/xarm_writing/lib/python3.10/site-packages/xarm-writing.egg-link (link to .)
running egg_info
writing ../../../build/xarm_writing/xarm_writing.egg-info/PKG-INFO
writing dependency_links to ../../../build/xarm_writing/xarm_writing.egg-info/dependency_links.txt
writing entry points to ../../../build/xarm_writing/xarm_writing.egg-info/entry_points.txt
writing requirements to ../../../build/xarm_writing/xarm_writing.egg-info/requires.txt
writing top-level names to ../../../build/xarm_writing/xarm_writing.egg-info/top_level.txt
reading manifest file '../../../build/xarm_writing/xarm_writing.egg-info/SOURCES.txt'
writing manifest file '../../../build/xarm_writing/xarm_writing.egg-info/SOURCES.txt'
running build
running build_py
creating /home/oscar/Projects/Academic/dev_ws/build/xarm_writing/build
creating /home/oscar/Projects/Academic/dev_ws/build/xarm_writing/build/lib
creating /home/oscar/Projects/Academic/dev_ws/build/xarm_writing/build/lib/xarm_writing
copying xarm_writing/writing.py -> /home/oscar/Projects/Academic/dev_ws/build/xarm_writing/build/lib/xarm_writing
copying xarm_writing/__init__.py -> /home/oscar/Projects/Academic/dev_ws/build/xarm_writing/build/lib/xarm_writing
running install
running install_lib
creating /home/oscar/Projects/Academic/dev_ws/install/xarm_writing/lib/python3.10/site-packages/xarm_writing
copying /home/oscar/Projects/Academic/dev_ws/build/xarm_writing/build/lib/xarm_writing/writing.py -> /home/oscar/Projects/Academic/dev_ws/install/xarm_writing/lib/python3.10/site-packages/xarm_writing
copying /home/oscar/Projects/Academic/dev_ws/build/xarm_writing/build/lib/xarm_writing/__init__.py -> /home/oscar/Projects/Academic/dev_ws/install/xarm_writing/lib/python3.10/site-packages/xarm_writing
byte-compiling /home/oscar/Projects/Academic/dev_ws/install/xarm_writing/lib/python3.10/site-packages/xarm_writing/writing.py to writing.cpython-310.pyc
byte-compiling /home/oscar/Projects/Academic/dev_ws/install/xarm_writing/lib/python3.10/site-packages/xarm_writing/__init__.py to __init__.cpython-310.pyc
running install_data
copying resource/xarm_writing -> /home/oscar/Projects/Academic/dev_ws/install/xarm_writing/share/ament_index/resource_index/packages
copying package.xml -> /home/oscar/Projects/Academic/dev_ws/install/xarm_writing/share/xarm_writing
running install_egg_info
Copying ../../../build/xarm_writing/xarm_writing.egg-info to /home/oscar/Projects/Academic/dev_ws/install/xarm_writing/lib/python3.10/site-packages/xarm_writing-0.0.0-py3.10.egg-info
running install_scripts
Installing writing script to /home/oscar/Projects/Academic/dev_ws/install/xarm_writing/lib/xarm_writing
writing list of installed files to '/home/oscar/Projects/Academic/dev_ws/build/xarm_writing/install.log'
