[0.633s] Invoking command in '/home/oscar/Projects/Academic/dev_ws/build/xarm_writing': PYTHONPATH=/home/oscar/Projects/Academic/dev_ws/build/xarm_writing/prefix_override:/usr/lib/python3/dist-packages/colcon_core/task/python/colcon_distutils_commands:/home/oscar/Projects/Academic/dev_ws/install/xarm_writing/lib/python3.10/site-packages:${PYTHONPATH} /usr/bin/python3 -W ignore:setup.py install is deprecated -W ignore:easy_install command is deprecated setup.py develop --uninstall --editable --build-directory /home/oscar/Projects/Academic/dev_ws/build/xarm_writing/build
[0.766s] running develop
[0.842s] Removing /home/oscar/Projects/Academic/dev_ws/install/xarm_writing/lib/python3.10/site-packages/xarm-writing.egg-link (link to .)
[0.856s] Invoked command in '/home/oscar/Projects/Academic/dev_ws/build/xarm_writing' returned '0': PYTHONPATH=/home/oscar/Projects/Academic/dev_ws/build/xarm_writing/prefix_override:/usr/lib/python3/dist-packages/colcon_core/task/python/colcon_distutils_commands:/home/oscar/Projects/Academic/dev_ws/install/xarm_writing/lib/python3.10/site-packages:${PYTHONPATH} /usr/bin/python3 -W ignore:setup.py install is deprecated -W ignore:easy_install command is deprecated setup.py develop --uninstall --editable --build-directory /home/oscar/Projects/Academic/dev_ws/build/xarm_writing/build
[0.857s] Invoking command in '/home/oscar/Projects/Academic/dev_ws/src/xarm_ros2/xarm_writing': PYTHONPATH=/home/oscar/Projects/Academic/dev_ws/build/xarm_writing/prefix_override:/usr/lib/python3/dist-packages/colcon_core/task/python/colcon_distutils_commands:/home/oscar/Projects/Academic/dev_ws/install/xarm_writing/lib/python3.10/site-packages:${PYTHONPATH} /usr/bin/python3 -W ignore:setup.py install is deprecated -W ignore:easy_install command is deprecated setup.py egg_info --egg-base ../../../build/xarm_writing build --build-base /home/oscar/Projects/Academic/dev_ws/build/xarm_writing/build install --record /home/oscar/Projects/Academic/dev_ws/build/xarm_writing/install.log --single-version-externally-managed install_data --force
[0.979s] running egg_info
[0.979s] writing ../../../build/xarm_writing/xarm_writing.egg-info/PKG-INFO
[0.979s] writing dependency_links to ../../../build/xarm_writing/xarm_writing.egg-info/dependency_links.txt
[0.979s] writing entry points to ../../../build/xarm_writing/xarm_writing.egg-info/entry_points.txt
[0.979s] writing requirements to ../../../build/xarm_writing/xarm_writing.egg-info/requires.txt
[0.979s] writing top-level names to ../../../build/xarm_writing/xarm_writing.egg-info/top_level.txt
[0.980s] reading manifest file '../../../build/xarm_writing/xarm_writing.egg-info/SOURCES.txt'
[0.980s] writing manifest file '../../../build/xarm_writing/xarm_writing.egg-info/SOURCES.txt'
[0.980s] running build
[0.980s] running build_py
[0.981s] creating /home/oscar/Projects/Academic/dev_ws/build/xarm_writing/build
[0.981s] creating /home/oscar/Projects/Academic/dev_ws/build/xarm_writing/build/lib
[0.981s] creating /home/oscar/Projects/Academic/dev_ws/build/xarm_writing/build/lib/xarm_writing
[0.981s] copying xarm_writing/writing.py -> /home/oscar/Projects/Academic/dev_ws/build/xarm_writing/build/lib/xarm_writing
[0.981s] copying xarm_writing/__init__.py -> /home/oscar/Projects/Academic/dev_ws/build/xarm_writing/build/lib/xarm_writing
[0.981s] running install
[0.981s] running install_lib
[0.981s] creating /home/oscar/Projects/Academic/dev_ws/install/xarm_writing/lib/python3.10/site-packages/xarm_writing
[0.981s] copying /home/oscar/Projects/Academic/dev_ws/build/xarm_writing/build/lib/xarm_writing/writing.py -> /home/oscar/Projects/Academic/dev_ws/install/xarm_writing/lib/python3.10/site-packages/xarm_writing
[0.981s] copying /home/oscar/Projects/Academic/dev_ws/build/xarm_writing/build/lib/xarm_writing/__init__.py -> /home/oscar/Projects/Academic/dev_ws/install/xarm_writing/lib/python3.10/site-packages/xarm_writing
[0.982s] byte-compiling /home/oscar/Projects/Academic/dev_ws/install/xarm_writing/lib/python3.10/site-packages/xarm_writing/writing.py to writing.cpython-310.pyc
[0.983s] byte-compiling /home/oscar/Projects/Academic/dev_ws/install/xarm_writing/lib/python3.10/site-packages/xarm_writing/__init__.py to __init__.cpython-310.pyc
[0.983s] running install_data
[0.983s] copying resource/xarm_writing -> /home/oscar/Projects/Academic/dev_ws/install/xarm_writing/share/ament_index/resource_index/packages
[0.983s] copying package.xml -> /home/oscar/Projects/Academic/dev_ws/install/xarm_writing/share/xarm_writing
[0.983s] running install_egg_info
[0.984s] Copying ../../../build/xarm_writing/xarm_writing.egg-info to /home/oscar/Projects/Academic/dev_ws/install/xarm_writing/lib/python3.10/site-packages/xarm_writing-0.0.0-py3.10.egg-info
[0.984s] running install_scripts
[0.995s] Installing writing script to /home/oscar/Projects/Academic/dev_ws/install/xarm_writing/lib/xarm_writing
[0.995s] writing list of installed files to '/home/oscar/Projects/Academic/dev_ws/build/xarm_writing/install.log'
[1.008s] Invoked command in '/home/oscar/Projects/Academic/dev_ws/src/xarm_ros2/xarm_writing' returned '0': PYTHONPATH=/home/oscar/Projects/Academic/dev_ws/build/xarm_writing/prefix_override:/usr/lib/python3/dist-packages/colcon_core/task/python/colcon_distutils_commands:/home/oscar/Projects/Academic/dev_ws/install/xarm_writing/lib/python3.10/site-packages:${PYTHONPATH} /usr/bin/python3 -W ignore:setup.py install is deprecated -W ignore:easy_install command is deprecated setup.py egg_info --egg-base ../../../build/xarm_writing build --build-base /home/oscar/Projects/Academic/dev_ws/build/xarm_writing/build install --record /home/oscar/Projects/Academic/dev_ws/build/xarm_writing/install.log --single-version-externally-managed install_data --force
