[1.042s] Invoking command in '/home/oscar/Projects/Academic/dev_ws/build/xarm_perturbations': PYTHONPATH=/home/oscar/Projects/Academic/dev_ws/build/xarm_perturbations/prefix_override:/usr/lib/python3/dist-packages/colcon_core/task/python/colcon_distutils_commands:/home/oscar/Projects/Academic/dev_ws/install/xarm_perturbations/lib/python3.10/site-packages:${PYTHONPATH} /usr/bin/python3 -W ignore:setup.py install is deprecated -W ignore:easy_install command is deprecated setup.py develop --editable --build-directory /home/oscar/Projects/Academic/dev_ws/build/xarm_perturbations/build --no-deps symlink_data
[1.409s] running develop
[1.613s] running egg_info
[1.613s] creating xarm_perturbations.egg-info
[1.614s] writing xarm_perturbations.egg-info/PKG-INFO
[1.614s] writing dependency_links to xarm_perturbations.egg-info/dependency_links.txt
[1.614s] writing entry points to xarm_perturbations.egg-info/entry_points.txt
[1.614s] writing requirements to xarm_perturbations.egg-info/requires.txt
[1.614s] writing top-level names to xarm_perturbations.egg-info/top_level.txt
[1.615s] writing manifest file 'xarm_perturbations.egg-info/SOURCES.txt'
[1.617s] reading manifest file 'xarm_perturbations.egg-info/SOURCES.txt'
[1.617s] writing manifest file 'xarm_perturbations.egg-info/SOURCES.txt'
[1.619s] running build_ext
[1.619s] Creating /home/oscar/Projects/Academic/dev_ws/install/xarm_perturbations/lib/python3.10/site-packages/xarm-perturbations.egg-link (link to .)
[1.620s] Installing circle_maker script to /home/oscar/Projects/Academic/dev_ws/install/xarm_perturbations/lib/xarm_perturbations
[1.620s] Installing perturbation_injector script to /home/oscar/Projects/Academic/dev_ws/install/xarm_perturbations/lib/xarm_perturbations
[1.621s] 
[1.621s] Installed /home/oscar/Projects/Academic/dev_ws/build/xarm_perturbations
[1.621s] running symlink_data
[1.621s] creating /home/oscar/Projects/Academic/dev_ws/install/xarm_perturbations/share/ament_index
[1.621s] creating /home/oscar/Projects/Academic/dev_ws/install/xarm_perturbations/share/ament_index/resource_index
[1.621s] creating /home/oscar/Projects/Academic/dev_ws/install/xarm_perturbations/share/ament_index/resource_index/packages
[1.621s] symbolically linking /home/oscar/Projects/Academic/dev_ws/build/xarm_perturbations/resource/xarm_perturbations -> /home/oscar/Projects/Academic/dev_ws/install/xarm_perturbations/share/ament_index/resource_index/packages
[1.621s] symbolically linking /home/oscar/Projects/Academic/dev_ws/build/xarm_perturbations/package.xml -> /home/oscar/Projects/Academic/dev_ws/install/xarm_perturbations/share/xarm_perturbations
[1.665s] Invoked command in '/home/oscar/Projects/Academic/dev_ws/build/xarm_perturbations' returned '0': PYTHONPATH=/home/oscar/Projects/Academic/dev_ws/build/xarm_perturbations/prefix_override:/usr/lib/python3/dist-packages/colcon_core/task/python/colcon_distutils_commands:/home/oscar/Projects/Academic/dev_ws/install/xarm_perturbations/lib/python3.10/site-packages:${PYTHONPATH} /usr/bin/python3 -W ignore:setup.py install is deprecated -W ignore:easy_install command is deprecated setup.py develop --editable --build-directory /home/oscar/Projects/Academic/dev_ws/build/xarm_perturbations/build --no-deps symlink_data
