[0.155s] Invoking command in '/home/oscar/Projects/Academic/dev_ws/build/realsense_gazebo_plugin': CMAKE_PREFIX_PATH=${CMAKE_PREFIX_PATH}:/home/oscar/Projects/Academic/dev_ws/install/xarm_writing:/home/oscar/Projects/Academic/dev_ws/install/xarm_perturbations:/home/oscar/Projects/Academic/dev_ws/install/uf_ros_lib:/opt/ros/humble /usr/bin/cmake /home/oscar/Projects/Academic/dev_ws/src/xarm_ros2/thirdparty/realsense_gazebo_plugin -DCMAKE_INSTALL_PREFIX=/home/oscar/Projects/Academic/dev_ws/install/realsense_gazebo_plugin
[0.290s] -- Found ament_cmake: 1.3.12 (/opt/ros/humble/share/ament_cmake/cmake)
[0.290s] -- Override CMake install command with custom implementation using symlinks instead of copying resources
[0.290s] -- Found rclcpp: 16.0.17 (/opt/ros/humble/share/rclcpp/cmake)
[0.290s] -- Found rosidl_generator_c: 3.1.8 (/opt/ros/humble/share/rosidl_generator_c/cmake)
[0.290s] -- Found rosidl_adapter: 3.1.8 (/opt/ros/humble/share/rosidl_adapter/cmake)
[0.290s] -- Found rosidl_generator_cpp: 3.1.8 (/opt/ros/humble/share/rosidl_generator_cpp/cmake)
[0.290s] -- Using all available rosidl_typesupport_c: rosidl_typesupport_fastrtps_c;rosidl_typesupport_introspection_c
[0.290s] -- Using all available rosidl_typesupport_cpp: rosidl_typesupport_fastrtps_cpp;rosidl_typesupport_introspection_cpp
[0.290s] -- Found rmw_implementation_cmake: 6.1.2 (/opt/ros/humble/share/rmw_implementation_cmake/cmake)
[0.290s] -- Found rmw_fastrtps_cpp: 6.2.9 (/opt/ros/humble/share/rmw_fastrtps_cpp/cmake)
[0.347s] -- Using RMW implementation 'rmw_fastrtps_cpp' as default
[0.373s] -- Found gazebo_ros: 3.9.0 (/opt/ros/humble/share/gazebo_ros/cmake)
[0.394s] -- Found DART: /usr/include (Required is at least version "6.6") found components: dart 
[0.412s] -- Found Protobuf: /usr/lib/x86_64-linux-gnu/libprotobuf.so (found version "3.12.4") 
[0.413s] -- Looking for ignition-math6 -- found version 6.15.1
[0.416s] -- Searching for dependencies of ignition-math6
[0.417s] -- Looking for OGRE...
[0.422s] -- Found Ogre Ghadamon (1.9.0)
[0.422s] -- Found OGRE: optimized;/usr/lib/x86_64-linux-gnu/libOgreMain.so;debug;/usr/lib/x86_64-linux-gnu/libOgreMain.so
[0.428s] -- Looking for OGRE_Paging...
[0.429s] -- Found OGRE_Paging: optimized;/usr/lib/x86_64-linux-gnu/libOgrePaging.so;debug;/usr/lib/x86_64-linux-gnu/libOgrePaging.so
[0.429s] -- Looking for OGRE_Terrain...
[0.429s] -- Found OGRE_Terrain: optimized;/usr/lib/x86_64-linux-gnu/libOgreTerrain.so;debug;/usr/lib/x86_64-linux-gnu/libOgreTerrain.so
[0.429s] -- Looking for OGRE_Property...
[0.429s] -- Found OGRE_Property: optimized;/usr/lib/x86_64-linux-gnu/libOgreProperty.so;debug;/usr/lib/x86_64-linux-gnu/libOgreProperty.so
[0.429s] -- Looking for OGRE_RTShaderSystem...
[0.429s] -- Found OGRE_RTShaderSystem: optimized;/usr/lib/x86_64-linux-gnu/libOgreRTShaderSystem.so;debug;/usr/lib/x86_64-linux-gnu/libOgreRTShaderSystem.so
[0.429s] -- Looking for OGRE_Volume...
[0.429s] -- Found OGRE_Volume: optimized;/usr/lib/x86_64-linux-gnu/libOgreVolume.so;debug;/usr/lib/x86_64-linux-gnu/libOgreVolume.so
[0.429s] -- Looking for OGRE_Overlay...
[0.429s] -- Found OGRE_Overlay: optimized;/usr/lib/x86_64-linux-gnu/libOgreOverlay.so;debug;/usr/lib/x86_64-linux-gnu/libOgreOverlay.so
[0.500s] -- Looking for ignition-math6 -- found version 6.15.1
[0.500s] -- Looking for ignition-transport8 -- found version 8.2.1
[0.500s] -- Searching for dependencies of ignition-transport8
[0.512s] -- Found Protobuf: /usr/lib/x86_64-linux-gnu/libprotobuf.so (found suitable version "3.12.4", minimum required is "3") 
[0.518s] -- Config-file not installed for ZeroMQ -- checking for pkg-config
[0.522s] -- Checking for module 'libzmq >= 4'
[0.533s] --   Found libzmq , version 4.3.4
[0.563s] -- Checking for module 'uuid'
[0.572s] --   Found uuid, version 2.37.2
[0.596s] -- Looking for ignition-msgs5 -- found version 5.8.1
[0.596s] -- Searching for dependencies of ignition-msgs5
[0.608s] -- Looking for ignition-math6 -- found version 6.15.1
[0.612s] -- Checking for module 'tinyxml2'
[0.623s] --   Found tinyxml2, version 9.0.0
[0.650s] -- Looking for ignition-msgs5 -- found version 5.8.1
[0.650s] -- Looking for ignition-common3 -- found version 3.14.0
[0.651s] -- Searching for dependencies of ignition-common3
[0.651s] -- Looking for dlfcn.h - found
[0.651s] -- Looking for libdl - found
[0.658s] -- Searching for <ignition-common3> component [graphics]
[0.658s] -- Looking for ignition-common3-graphics -- found version 3.14.0
[0.658s] -- Searching for dependencies of ignition-common3-graphics
[0.659s] -- Looking for ignition-math6 -- found version 6.15.1
[0.659s] -- Looking for ignition-fuel_tools4 -- found version 4.4.0
[0.659s] -- Searching for dependencies of ignition-fuel_tools4
[0.687s] -- Checking for module 'jsoncpp'
[0.697s] --   Found jsoncpp, version 1.9.5
[0.726s] -- Checking for module 'libzip'
[0.736s] --   Found libzip, version 1.7.3
[0.760s] -- Looking for ignition-common3 -- found version 3.14.0
[0.760s] -- Looking for ignition-math6 -- found version 6.15.1
[0.761s] -- Looking for ignition-msgs5 -- found version 5.8.1
[0.762s] -- Gazebo version: 11.10
[0.763s] -- Found image_transport: 3.1.12 (/opt/ros/humble/share/image_transport/cmake)
[0.792s] -- Found camera_info_manager: 3.1.12 (/opt/ros/humble/share/camera_info_manager/cmake)
[0.800s] -- Found ament_lint_auto: 0.12.14 (/opt/ros/humble/share/ament_lint_auto/cmake)
[0.844s] -- Configuring done
[0.854s] -- Generating done
[0.859s] -- Build files have been written to: /home/oscar/Projects/Academic/dev_ws/build/realsense_gazebo_plugin
[0.867s] Invoked command in '/home/oscar/Projects/Academic/dev_ws/build/realsense_gazebo_plugin' returned '0': CMAKE_PREFIX_PATH=${CMAKE_PREFIX_PATH}:/home/oscar/Projects/Academic/dev_ws/install/xarm_writing:/home/oscar/Projects/Academic/dev_ws/install/xarm_perturbations:/home/oscar/Projects/Academic/dev_ws/install/uf_ros_lib:/opt/ros/humble /usr/bin/cmake /home/oscar/Projects/Academic/dev_ws/src/xarm_ros2/thirdparty/realsense_gazebo_plugin -DCMAKE_INSTALL_PREFIX=/home/oscar/Projects/Academic/dev_ws/install/realsense_gazebo_plugin
[0.869s] Invoking command in '/home/oscar/Projects/Academic/dev_ws/build/realsense_gazebo_plugin': CMAKE_PREFIX_PATH=${CMAKE_PREFIX_PATH}:/home/oscar/Projects/Academic/dev_ws/install/xarm_writing:/home/oscar/Projects/Academic/dev_ws/install/xarm_perturbations:/home/oscar/Projects/Academic/dev_ws/install/uf_ros_lib:/opt/ros/humble /usr/bin/cmake --build /home/oscar/Projects/Academic/dev_ws/build/realsense_gazebo_plugin -- -j24 -l24
[0.903s] [35m[1mConsolidate compiler generated dependencies of target realsense_gazebo_plugin[0m
[0.936s] [100%] Built target realsense_gazebo_plugin
[0.945s] Invoked command in '/home/oscar/Projects/Academic/dev_ws/build/realsense_gazebo_plugin' returned '0': CMAKE_PREFIX_PATH=${CMAKE_PREFIX_PATH}:/home/oscar/Projects/Academic/dev_ws/install/xarm_writing:/home/oscar/Projects/Academic/dev_ws/install/xarm_perturbations:/home/oscar/Projects/Academic/dev_ws/install/uf_ros_lib:/opt/ros/humble /usr/bin/cmake --build /home/oscar/Projects/Academic/dev_ws/build/realsense_gazebo_plugin -- -j24 -l24
[0.946s] Invoking command in '/home/oscar/Projects/Academic/dev_ws/build/realsense_gazebo_plugin': CMAKE_PREFIX_PATH=${CMAKE_PREFIX_PATH}:/home/oscar/Projects/Academic/dev_ws/install/xarm_writing:/home/oscar/Projects/Academic/dev_ws/install/xarm_perturbations:/home/oscar/Projects/Academic/dev_ws/install/uf_ros_lib:/opt/ros/humble /usr/bin/cmake --install /home/oscar/Projects/Academic/dev_ws/build/realsense_gazebo_plugin
[0.952s] -- Install configuration: ""
[0.952s] -- Execute custom install script
[0.952s] -- Up-to-date symlink: /home/oscar/Projects/Academic/dev_ws/install/realsense_gazebo_plugin/lib/librealsense_gazebo_plugin.so
[0.952s] -- Up-to-date symlink: /home/oscar/Projects/Academic/dev_ws/install/realsense_gazebo_plugin/include//realsense_gazebo_plugin/RealSensePlugin.h
[0.952s] -- Up-to-date symlink: /home/oscar/Projects/Academic/dev_ws/install/realsense_gazebo_plugin/include//realsense_gazebo_plugin/gazebo_ros_realsense.h
[0.952s] -- Up-to-date symlink: /home/oscar/Projects/Academic/dev_ws/install/realsense_gazebo_plugin/share/realsense_gazebo_plugin/environment/library_path.sh
[0.953s] -- Up-to-date symlink: /home/oscar/Projects/Academic/dev_ws/install/realsense_gazebo_plugin/share/realsense_gazebo_plugin/environment/library_path.dsv
[0.953s] -- Up-to-date symlink: /home/oscar/Projects/Academic/dev_ws/install/realsense_gazebo_plugin/share/ament_index/resource_index/package_run_dependencies/realsense_gazebo_plugin
[0.953s] -- Up-to-date symlink: /home/oscar/Projects/Academic/dev_ws/install/realsense_gazebo_plugin/share/ament_index/resource_index/parent_prefix_path/realsense_gazebo_plugin
[0.953s] -- Up-to-date symlink: /home/oscar/Projects/Academic/dev_ws/install/realsense_gazebo_plugin/share/realsense_gazebo_plugin/environment/ament_prefix_path.sh
[0.953s] -- Up-to-date symlink: /home/oscar/Projects/Academic/dev_ws/install/realsense_gazebo_plugin/share/realsense_gazebo_plugin/environment/ament_prefix_path.dsv
[0.953s] -- Up-to-date symlink: /home/oscar/Projects/Academic/dev_ws/install/realsense_gazebo_plugin/share/realsense_gazebo_plugin/environment/path.sh
[0.953s] -- Up-to-date symlink: /home/oscar/Projects/Academic/dev_ws/install/realsense_gazebo_plugin/share/realsense_gazebo_plugin/environment/path.dsv
[0.953s] -- Up-to-date symlink: /home/oscar/Projects/Academic/dev_ws/install/realsense_gazebo_plugin/share/realsense_gazebo_plugin/local_setup.bash
[0.953s] -- Up-to-date symlink: /home/oscar/Projects/Academic/dev_ws/install/realsense_gazebo_plugin/share/realsense_gazebo_plugin/local_setup.sh
[0.953s] -- Up-to-date symlink: /home/oscar/Projects/Academic/dev_ws/install/realsense_gazebo_plugin/share/realsense_gazebo_plugin/local_setup.zsh
[0.953s] -- Up-to-date symlink: /home/oscar/Projects/Academic/dev_ws/install/realsense_gazebo_plugin/share/realsense_gazebo_plugin/local_setup.dsv
[0.953s] -- Symlinking: /home/oscar/Projects/Academic/dev_ws/install/realsense_gazebo_plugin/share/realsense_gazebo_plugin/package.dsv
[0.959s] -- Up-to-date symlink: /home/oscar/Projects/Academic/dev_ws/install/realsense_gazebo_plugin/share/ament_index/resource_index/packages/realsense_gazebo_plugin
[0.959s] -- Up-to-date symlink: /home/oscar/Projects/Academic/dev_ws/install/realsense_gazebo_plugin/share/realsense_gazebo_plugin/cmake/ament_cmake_export_include_directories-extras.cmake
[0.959s] -- Up-to-date symlink: /home/oscar/Projects/Academic/dev_ws/install/realsense_gazebo_plugin/share/realsense_gazebo_plugin/cmake/ament_cmake_export_libraries-extras.cmake
[0.959s] -- Up-to-date symlink: /home/oscar/Projects/Academic/dev_ws/install/realsense_gazebo_plugin/share/realsense_gazebo_plugin/cmake/realsense_gazebo_pluginConfig.cmake
[0.960s] -- Up-to-date symlink: /home/oscar/Projects/Academic/dev_ws/install/realsense_gazebo_plugin/share/realsense_gazebo_plugin/cmake/realsense_gazebo_pluginConfig-version.cmake
[0.960s] -- Up-to-date symlink: /home/oscar/Projects/Academic/dev_ws/install/realsense_gazebo_plugin/share/realsense_gazebo_plugin/package.xml
[0.961s] Invoked command in '/home/oscar/Projects/Academic/dev_ws/build/realsense_gazebo_plugin' returned '0': CMAKE_PREFIX_PATH=${CMAKE_PREFIX_PATH}:/home/oscar/Projects/Academic/dev_ws/install/xarm_writing:/home/oscar/Projects/Academic/dev_ws/install/xarm_perturbations:/home/oscar/Projects/Academic/dev_ws/install/uf_ros_lib:/opt/ros/humble /usr/bin/cmake --install /home/oscar/Projects/Academic/dev_ws/build/realsense_gazebo_plugin
