[0.136s] Invoking command in '/home/oscar/Projects/Academic/dev_ws/build/realsense_gazebo_plugin': CMAKE_PREFIX_PATH=/opt/ros/humble /usr/bin/cmake --build /home/oscar/Projects/Academic/dev_ws/build/realsense_gazebo_plugin -- -j24 -l24
[0.272s] [100%] Built target realsense_gazebo_plugin
[0.397s] Invoked command in '/home/oscar/Projects/Academic/dev_ws/build/realsense_gazebo_plugin' returned '0': CMAKE_PREFIX_PATH=/opt/ros/humble /usr/bin/cmake --build /home/oscar/Projects/Academic/dev_ws/build/realsense_gazebo_plugin -- -j24 -l24
[0.397s] Invoking command in '/home/oscar/Projects/Academic/dev_ws/build/realsense_gazebo_plugin': CMAKE_PREFIX_PATH=/opt/ros/humble /usr/bin/cmake --install /home/oscar/Projects/Academic/dev_ws/build/realsense_gazebo_plugin
[0.410s] -- Install configuration: ""
[0.415s] -- Execute custom install script
[0.415s] -- Up-to-date symlink: /home/oscar/Projects/Academic/dev_ws/install/realsense_gazebo_plugin/lib/librealsense_gazebo_plugin.so
[0.416s] -- Up-to-date symlink: /home/oscar/Projects/Academic/dev_ws/install/realsense_gazebo_plugin/include//realsense_gazebo_plugin/RealSensePlugin.h
[0.416s] -- Up-to-date symlink: /home/oscar/Projects/Academic/dev_ws/install/realsense_gazebo_plugin/include//realsense_gazebo_plugin/gazebo_ros_realsense.h
[0.416s] -- Up-to-date symlink: /home/oscar/Projects/Academic/dev_ws/install/realsense_gazebo_plugin/share/realsense_gazebo_plugin/environment/library_path.sh
[0.417s] -- Up-to-date symlink: /home/oscar/Projects/Academic/dev_ws/install/realsense_gazebo_plugin/share/realsense_gazebo_plugin/environment/library_path.dsv
[0.417s] -- Up-to-date symlink: /home/oscar/Projects/Academic/dev_ws/install/realsense_gazebo_plugin/share/ament_index/resource_index/package_run_dependencies/realsense_gazebo_plugin
[0.417s] -- Up-to-date symlink: /home/oscar/Projects/Academic/dev_ws/install/realsense_gazebo_plugin/share/ament_index/resource_index/parent_prefix_path/realsense_gazebo_plugin
[0.417s] -- Up-to-date symlink: /home/oscar/Projects/Academic/dev_ws/install/realsense_gazebo_plugin/share/realsense_gazebo_plugin/environment/ament_prefix_path.sh
[0.417s] -- Up-to-date symlink: /home/oscar/Projects/Academic/dev_ws/install/realsense_gazebo_plugin/share/realsense_gazebo_plugin/environment/ament_prefix_path.dsv
[0.418s] -- Up-to-date symlink: /home/oscar/Projects/Academic/dev_ws/install/realsense_gazebo_plugin/share/realsense_gazebo_plugin/environment/path.sh
[0.418s] -- Up-to-date symlink: /home/oscar/Projects/Academic/dev_ws/install/realsense_gazebo_plugin/share/realsense_gazebo_plugin/environment/path.dsv
[0.418s] -- Up-to-date symlink: /home/oscar/Projects/Academic/dev_ws/install/realsense_gazebo_plugin/share/realsense_gazebo_plugin/local_setup.bash
[0.419s] -- Up-to-date symlink: /home/oscar/Projects/Academic/dev_ws/install/realsense_gazebo_plugin/share/realsense_gazebo_plugin/local_setup.sh
[0.419s] -- Up-to-date symlink: /home/oscar/Projects/Academic/dev_ws/install/realsense_gazebo_plugin/share/realsense_gazebo_plugin/local_setup.zsh
[0.419s] -- Up-to-date symlink: /home/oscar/Projects/Academic/dev_ws/install/realsense_gazebo_plugin/share/realsense_gazebo_plugin/local_setup.dsv
[0.419s] -- Symlinking: /home/oscar/Projects/Academic/dev_ws/install/realsense_gazebo_plugin/share/realsense_gazebo_plugin/package.dsv
[0.437s] -- Up-to-date symlink: /home/oscar/Projects/Academic/dev_ws/install/realsense_gazebo_plugin/share/ament_index/resource_index/packages/realsense_gazebo_plugin
[0.437s] -- Up-to-date symlink: /home/oscar/Projects/Academic/dev_ws/install/realsense_gazebo_plugin/share/realsense_gazebo_plugin/cmake/ament_cmake_export_include_directories-extras.cmake
[0.437s] -- Up-to-date symlink: /home/oscar/Projects/Academic/dev_ws/install/realsense_gazebo_plugin/share/realsense_gazebo_plugin/cmake/ament_cmake_export_libraries-extras.cmake
[0.437s] -- Up-to-date symlink: /home/oscar/Projects/Academic/dev_ws/install/realsense_gazebo_plugin/share/realsense_gazebo_plugin/cmake/realsense_gazebo_pluginConfig.cmake
[0.438s] -- Up-to-date symlink: /home/oscar/Projects/Academic/dev_ws/install/realsense_gazebo_plugin/share/realsense_gazebo_plugin/cmake/realsense_gazebo_pluginConfig-version.cmake
[0.438s] -- Up-to-date symlink: /home/oscar/Projects/Academic/dev_ws/install/realsense_gazebo_plugin/share/realsense_gazebo_plugin/package.xml
[0.478s] Invoked command in '/home/oscar/Projects/Academic/dev_ws/build/realsense_gazebo_plugin' returned '0': CMAKE_PREFIX_PATH=/opt/ros/humble /usr/bin/cmake --install /home/oscar/Projects/Academic/dev_ws/build/realsense_gazebo_plugin
