[0.009s] Invoking command in '/home/oscar/Projects/Academic/dev_ws/build/xarm_api': CMAKE_PREFIX_PATH=/home/oscar/Projects/Academic/dev_ws/install/xarm_sdk:/home/oscar/Projects/Academic/dev_ws/install/xarm_msgs:/home/oscar/Projects/Academic/dev_ws/install/xarm_description:/home/oscar/Projects/Academic/dev_ws/install/xarm_planner:/home/oscar/Projects/Academic/dev_ws/install/xarm_moveit_servo:/home/oscar/Projects/Academic/dev_ws/install/xarm_moveit_config:/home/oscar/Projects/Academic/dev_ws/install/xarm_gazebo:/home/oscar/Projects/Academic/dev_ws/install/xarm_controller:/home/oscar/Projects/Academic/dev_ws/install/d435i_xarm_setup:/home/oscar/Projects/Academic/dev_ws/install/xarm_api:/home/oscar/Projects/Academic/dev_ws/install/realsense_gazebo_plugin:/home/oscar/Projects/Academic/dev_ws/install/mbot_demo:/home/oscar/Projects/Academic/dev_ws/install/xarm_writing:/home/oscar/Projects/Academic/dev_ws/install/xarm_perturbations:/home/oscar/Projects/Academic/dev_ws/install/uf_ros_lib:/opt/ros/humble LD_LIBRARY_PATH=/home/oscar/Projects/Academic/dev_ws/install/xarm_sdk/lib:/home/oscar/Projects/Academic/dev_ws/install/xarm_msgs/lib:/home/oscar/Projects/Academic/dev_ws/install/xarm_planner/lib:/home/oscar/Projects/Academic/dev_ws/install/xarm_moveit_servo/lib:/home/oscar/Projects/Academic/dev_ws/install/xarm_gazebo/lib:/home/oscar/Projects/Academic/dev_ws/install/xarm_controller/lib:/home/oscar/Projects/Academic/dev_ws/install/xarm_api/lib:/home/oscar/Projects/Academic/dev_ws/install/realsense_gazebo_plugin/lib:/usr/lib/x86_64-linux-gnu/gazebo-11/plugins:/opt/ros/humble/opt/rviz_ogre_vendor/lib:/opt/ros/humble/lib/x86_64-linux-gnu:/opt/ros/humble/lib /usr/bin/cmake /home/oscar/Projects/Academic/dev_ws/src/xarm_ros2/xarm_api -DCMAKE_INSTALL_PREFIX=/home/oscar/Projects/Academic/dev_ws/install/xarm_api
[0.020s] -- Found ament_cmake: 1.3.12 (/opt/ros/humble/share/ament_cmake/cmake)
[0.094s] -- Override CMake install command with custom implementation using symlinks instead of copying resources
[0.097s] -- Found ament_lint_auto: 0.12.14 (/opt/ros/humble/share/ament_lint_auto/cmake)
[0.134s] -- Found rclcpp: 16.0.17 (/opt/ros/humble/share/rclcpp/cmake)
[0.150s] -- Found rosidl_generator_c: 3.1.8 (/opt/ros/humble/share/rosidl_generator_c/cmake)
[0.151s] -- Found rosidl_adapter: 3.1.8 (/opt/ros/humble/share/rosidl_adapter/cmake)
[0.154s] -- Found rosidl_generator_cpp: 3.1.8 (/opt/ros/humble/share/rosidl_generator_cpp/cmake)
[0.159s] -- Using all available rosidl_typesupport_c: rosidl_typesupport_fastrtps_c;rosidl_typesupport_introspection_c
[0.166s] -- Using all available rosidl_typesupport_cpp: rosidl_typesupport_fastrtps_cpp;rosidl_typesupport_introspection_cpp
[0.183s] -- Found rmw_implementation_cmake: 6.1.2 (/opt/ros/humble/share/rmw_implementation_cmake/cmake)
[0.184s] -- Found rmw_fastrtps_cpp: 6.2.9 (/opt/ros/humble/share/rmw_fastrtps_cpp/cmake)
[0.249s] -- Using RMW implementation 'rmw_fastrtps_cpp' as default
[0.275s] -- Found rclcpp_action: 16.0.17 (/opt/ros/humble/share/rclcpp_action/cmake)
[0.291s] -- Found sensor_msgs: 4.9.0 (/opt/ros/humble/share/sensor_msgs/cmake)
[0.305s] -- Found control_msgs: 4.8.0 (/opt/ros/humble/share/control_msgs/cmake)
[0.328s] -- Found xarm_msgs: 0.0.0 (/home/oscar/Projects/Academic/dev_ws/install/xarm_msgs/share/xarm_msgs/cmake)
[0.335s] -- Found xarm_sdk: 0.0.0 (/home/oscar/Projects/Academic/dev_ws/install/xarm_sdk/share/xarm_sdk/cmake)
[0.351s] -- Added test 'copyright' to check source files copyright and LICENSE
[0.351s] -- Added test 'cppcheck' to perform static code analysis on C / C++ code
[0.351s] -- Configured cppcheck include dirs: /home/oscar/Projects/Academic/dev_ws/src/xarm_ros2/xarm_api/include
[0.351s] -- Configured cppcheck exclude dirs and/or files: 
[0.352s] -- Added test 'cpplint' to check C / C++ code against the Google style
[0.352s] -- Configured cpplint exclude dirs and/or files: 
[0.353s] -- Added test 'flake8' to check Python code syntax and style conventions
[0.353s] -- Added test 'lint_cmake' to check CMake code style
[0.353s] -- Added test 'pep257' to check Python code against some of the docstring style conventions in PEP 257
[0.353s] -- Added test 'uncrustify' to check C / C++ code style
[0.353s] -- Configured uncrustify additional arguments: 
[0.353s] -- Added test 'xmllint' to check XML markup files
[0.354s] -- Configuring done
[0.372s] -- Generating done
[0.379s] -- Build files have been written to: /home/oscar/Projects/Academic/dev_ws/build/xarm_api
[0.383s] Invoked command in '/home/oscar/Projects/Academic/dev_ws/build/xarm_api' returned '0': CMAKE_PREFIX_PATH=/home/oscar/Projects/Academic/dev_ws/install/xarm_sdk:/home/oscar/Projects/Academic/dev_ws/install/xarm_msgs:/home/oscar/Projects/Academic/dev_ws/install/xarm_description:/home/oscar/Projects/Academic/dev_ws/install/xarm_planner:/home/oscar/Projects/Academic/dev_ws/install/xarm_moveit_servo:/home/oscar/Projects/Academic/dev_ws/install/xarm_moveit_config:/home/oscar/Projects/Academic/dev_ws/install/xarm_gazebo:/home/oscar/Projects/Academic/dev_ws/install/xarm_controller:/home/oscar/Projects/Academic/dev_ws/install/d435i_xarm_setup:/home/oscar/Projects/Academic/dev_ws/install/xarm_api:/home/oscar/Projects/Academic/dev_ws/install/realsense_gazebo_plugin:/home/oscar/Projects/Academic/dev_ws/install/mbot_demo:/home/oscar/Projects/Academic/dev_ws/install/xarm_writing:/home/oscar/Projects/Academic/dev_ws/install/xarm_perturbations:/home/oscar/Projects/Academic/dev_ws/install/uf_ros_lib:/opt/ros/humble LD_LIBRARY_PATH=/home/oscar/Projects/Academic/dev_ws/install/xarm_sdk/lib:/home/oscar/Projects/Academic/dev_ws/install/xarm_msgs/lib:/home/oscar/Projects/Academic/dev_ws/install/xarm_planner/lib:/home/oscar/Projects/Academic/dev_ws/install/xarm_moveit_servo/lib:/home/oscar/Projects/Academic/dev_ws/install/xarm_gazebo/lib:/home/oscar/Projects/Academic/dev_ws/install/xarm_controller/lib:/home/oscar/Projects/Academic/dev_ws/install/xarm_api/lib:/home/oscar/Projects/Academic/dev_ws/install/realsense_gazebo_plugin/lib:/usr/lib/x86_64-linux-gnu/gazebo-11/plugins:/opt/ros/humble/opt/rviz_ogre_vendor/lib:/opt/ros/humble/lib/x86_64-linux-gnu:/opt/ros/humble/lib /usr/bin/cmake /home/oscar/Projects/Academic/dev_ws/src/xarm_ros2/xarm_api -DCMAKE_INSTALL_PREFIX=/home/oscar/Projects/Academic/dev_ws/install/xarm_api
[0.385s] Invoking command in '/home/oscar/Projects/Academic/dev_ws/build/xarm_api': CMAKE_PREFIX_PATH=/home/oscar/Projects/Academic/dev_ws/install/xarm_sdk:/home/oscar/Projects/Academic/dev_ws/install/xarm_msgs:/home/oscar/Projects/Academic/dev_ws/install/xarm_description:/home/oscar/Projects/Academic/dev_ws/install/xarm_planner:/home/oscar/Projects/Academic/dev_ws/install/xarm_moveit_servo:/home/oscar/Projects/Academic/dev_ws/install/xarm_moveit_config:/home/oscar/Projects/Academic/dev_ws/install/xarm_gazebo:/home/oscar/Projects/Academic/dev_ws/install/xarm_controller:/home/oscar/Projects/Academic/dev_ws/install/d435i_xarm_setup:/home/oscar/Projects/Academic/dev_ws/install/xarm_api:/home/oscar/Projects/Academic/dev_ws/install/realsense_gazebo_plugin:/home/oscar/Projects/Academic/dev_ws/install/mbot_demo:/home/oscar/Projects/Academic/dev_ws/install/xarm_writing:/home/oscar/Projects/Academic/dev_ws/install/xarm_perturbations:/home/oscar/Projects/Academic/dev_ws/install/uf_ros_lib:/opt/ros/humble LD_LIBRARY_PATH=/home/oscar/Projects/Academic/dev_ws/install/xarm_sdk/lib:/home/oscar/Projects/Academic/dev_ws/install/xarm_msgs/lib:/home/oscar/Projects/Academic/dev_ws/install/xarm_planner/lib:/home/oscar/Projects/Academic/dev_ws/install/xarm_moveit_servo/lib:/home/oscar/Projects/Academic/dev_ws/install/xarm_gazebo/lib:/home/oscar/Projects/Academic/dev_ws/install/xarm_controller/lib:/home/oscar/Projects/Academic/dev_ws/install/xarm_api/lib:/home/oscar/Projects/Academic/dev_ws/install/realsense_gazebo_plugin/lib:/usr/lib/x86_64-linux-gnu/gazebo-11/plugins:/opt/ros/humble/opt/rviz_ogre_vendor/lib:/opt/ros/humble/lib/x86_64-linux-gnu:/opt/ros/humble/lib /usr/bin/cmake --build /home/oscar/Projects/Academic/dev_ws/build/xarm_api -- -j24 -l24
[0.414s] [35m[1mConsolidate compiler generated dependencies of target test_robot_states[0m
[0.414s] [35m[1mConsolidate compiler generated dependencies of target xarm_ros_client[0m
[0.415s] [35m[1mConsolidate compiler generated dependencies of target xarm_ros_driver[0m
[0.427s] [ 15%] Built target test_robot_states
[0.430s] [ 30%] Built target xarm_ros_client
[0.433s] [ 53%] Built target xarm_ros_driver
[0.439s] [35m[1mConsolidate compiler generated dependencies of target test_xarm_velo_move[0m
[0.440s] [35m[1mConsolidate compiler generated dependencies of target test_xarm_ros_client[0m
[0.441s] [35m[1mConsolidate compiler generated dependencies of target xarm_driver_node[0m
[0.454s] [ 69%] Built target test_xarm_velo_move
[0.458s] [100%] Built target xarm_driver_node
[0.458s] [100%] Built target test_xarm_ros_client
[0.468s] Invoked command in '/home/oscar/Projects/Academic/dev_ws/build/xarm_api' returned '0': CMAKE_PREFIX_PATH=/home/oscar/Projects/Academic/dev_ws/install/xarm_sdk:/home/oscar/Projects/Academic/dev_ws/install/xarm_msgs:/home/oscar/Projects/Academic/dev_ws/install/xarm_description:/home/oscar/Projects/Academic/dev_ws/install/xarm_planner:/home/oscar/Projects/Academic/dev_ws/install/xarm_moveit_servo:/home/oscar/Projects/Academic/dev_ws/install/xarm_moveit_config:/home/oscar/Projects/Academic/dev_ws/install/xarm_gazebo:/home/oscar/Projects/Academic/dev_ws/install/xarm_controller:/home/oscar/Projects/Academic/dev_ws/install/d435i_xarm_setup:/home/oscar/Projects/Academic/dev_ws/install/xarm_api:/home/oscar/Projects/Academic/dev_ws/install/realsense_gazebo_plugin:/home/oscar/Projects/Academic/dev_ws/install/mbot_demo:/home/oscar/Projects/Academic/dev_ws/install/xarm_writing:/home/oscar/Projects/Academic/dev_ws/install/xarm_perturbations:/home/oscar/Projects/Academic/dev_ws/install/uf_ros_lib:/opt/ros/humble LD_LIBRARY_PATH=/home/oscar/Projects/Academic/dev_ws/install/xarm_sdk/lib:/home/oscar/Projects/Academic/dev_ws/install/xarm_msgs/lib:/home/oscar/Projects/Academic/dev_ws/install/xarm_planner/lib:/home/oscar/Projects/Academic/dev_ws/install/xarm_moveit_servo/lib:/home/oscar/Projects/Academic/dev_ws/install/xarm_gazebo/lib:/home/oscar/Projects/Academic/dev_ws/install/xarm_controller/lib:/home/oscar/Projects/Academic/dev_ws/install/xarm_api/lib:/home/oscar/Projects/Academic/dev_ws/install/realsense_gazebo_plugin/lib:/usr/lib/x86_64-linux-gnu/gazebo-11/plugins:/opt/ros/humble/opt/rviz_ogre_vendor/lib:/opt/ros/humble/lib/x86_64-linux-gnu:/opt/ros/humble/lib /usr/bin/cmake --build /home/oscar/Projects/Academic/dev_ws/build/xarm_api -- -j24 -l24
[0.468s] Invoking command in '/home/oscar/Projects/Academic/dev_ws/build/xarm_api': CMAKE_PREFIX_PATH=/home/oscar/Projects/Academic/dev_ws/install/xarm_sdk:/home/oscar/Projects/Academic/dev_ws/install/xarm_msgs:/home/oscar/Projects/Academic/dev_ws/install/xarm_description:/home/oscar/Projects/Academic/dev_ws/install/xarm_planner:/home/oscar/Projects/Academic/dev_ws/install/xarm_moveit_servo:/home/oscar/Projects/Academic/dev_ws/install/xarm_moveit_config:/home/oscar/Projects/Academic/dev_ws/install/xarm_gazebo:/home/oscar/Projects/Academic/dev_ws/install/xarm_controller:/home/oscar/Projects/Academic/dev_ws/install/d435i_xarm_setup:/home/oscar/Projects/Academic/dev_ws/install/xarm_api:/home/oscar/Projects/Academic/dev_ws/install/realsense_gazebo_plugin:/home/oscar/Projects/Academic/dev_ws/install/mbot_demo:/home/oscar/Projects/Academic/dev_ws/install/xarm_writing:/home/oscar/Projects/Academic/dev_ws/install/xarm_perturbations:/home/oscar/Projects/Academic/dev_ws/install/uf_ros_lib:/opt/ros/humble LD_LIBRARY_PATH=/home/oscar/Projects/Academic/dev_ws/install/xarm_sdk/lib:/home/oscar/Projects/Academic/dev_ws/install/xarm_msgs/lib:/home/oscar/Projects/Academic/dev_ws/install/xarm_planner/lib:/home/oscar/Projects/Academic/dev_ws/install/xarm_moveit_servo/lib:/home/oscar/Projects/Academic/dev_ws/install/xarm_gazebo/lib:/home/oscar/Projects/Academic/dev_ws/install/xarm_controller/lib:/home/oscar/Projects/Academic/dev_ws/install/xarm_api/lib:/home/oscar/Projects/Academic/dev_ws/install/realsense_gazebo_plugin/lib:/usr/lib/x86_64-linux-gnu/gazebo-11/plugins:/opt/ros/humble/opt/rviz_ogre_vendor/lib:/opt/ros/humble/lib/x86_64-linux-gnu:/opt/ros/humble/lib /usr/bin/cmake --install /home/oscar/Projects/Academic/dev_ws/build/xarm_api
[0.473s] -- Install configuration: ""
[0.473s] -- Execute custom install script
[0.473s] -- Up-to-date symlink: /home/oscar/Projects/Academic/dev_ws/install/xarm_api/share/xarm_api/environment/library_path.sh
[0.473s] -- Up-to-date symlink: /home/oscar/Projects/Academic/dev_ws/install/xarm_api/share/xarm_api/environment/library_path.dsv
[0.473s] -- Up-to-date symlink: /home/oscar/Projects/Academic/dev_ws/install/xarm_api/include/xarm_api/visibility_control.h
[0.473s] -- Up-to-date symlink: /home/oscar/Projects/Academic/dev_ws/install/xarm_api/include/xarm_api/xarm_driver.h
[0.473s] -- Up-to-date symlink: /home/oscar/Projects/Academic/dev_ws/install/xarm_api/include/xarm_api/xarm_msgs.h
[0.473s] -- Up-to-date symlink: /home/oscar/Projects/Academic/dev_ws/install/xarm_api/include/xarm_api/xarm_ros_client.h
[0.473s] -- Up-to-date symlink: /home/oscar/Projects/Academic/dev_ws/install/xarm_api/lib/libxarm_ros_driver.so
[0.473s] -- Up-to-date symlink: /home/oscar/Projects/Academic/dev_ws/install/xarm_api/lib/libxarm_ros_client.so
[0.474s] -- Up-to-date symlink: /home/oscar/Projects/Academic/dev_ws/install/xarm_api/lib/xarm_api/xarm_driver_node
[0.474s] -- Up-to-date symlink: /home/oscar/Projects/Academic/dev_ws/install/xarm_api/lib/xarm_api/test_xarm_ros_client
[0.474s] -- Up-to-date symlink: /home/oscar/Projects/Academic/dev_ws/install/xarm_api/lib/xarm_api/test_xarm_velo_move
[0.474s] -- Up-to-date symlink: /home/oscar/Projects/Academic/dev_ws/install/xarm_api/lib/xarm_api/test_robot_states
[0.474s] -- Up-to-date symlink: /home/oscar/Projects/Academic/dev_ws/install/xarm_api/share/xarm_api//launch/_robot_driver.launch.py
[0.474s] -- Up-to-date symlink: /home/oscar/Projects/Academic/dev_ws/install/xarm_api/share/xarm_api//launch/lib/robot_api_lib.py
[0.474s] -- Up-to-date symlink: /home/oscar/Projects/Academic/dev_ws/install/xarm_api/share/xarm_api//launch/lite6_driver.launch.py
[0.474s] -- Up-to-date symlink: /home/oscar/Projects/Academic/dev_ws/install/xarm_api/share/xarm_api//launch/uf850_driver.launch.py
[0.474s] -- Up-to-date symlink: /home/oscar/Projects/Academic/dev_ws/install/xarm_api/share/xarm_api//launch/xarm5_driver.launch.py
[0.474s] -- Up-to-date symlink: /home/oscar/Projects/Academic/dev_ws/install/xarm_api/share/xarm_api//launch/xarm6_driver.launch.py
[0.474s] -- Up-to-date symlink: /home/oscar/Projects/Academic/dev_ws/install/xarm_api/share/xarm_api//launch/xarm7_driver.launch.py
[0.474s] -- Up-to-date symlink: /home/oscar/Projects/Academic/dev_ws/install/xarm_api/share/xarm_api//config/xarm_params.yaml
[0.474s] -- Up-to-date symlink: /home/oscar/Projects/Academic/dev_ws/install/xarm_api/share/ament_index/resource_index/package_run_dependencies/xarm_api
[0.474s] -- Up-to-date symlink: /home/oscar/Projects/Academic/dev_ws/install/xarm_api/share/ament_index/resource_index/parent_prefix_path/xarm_api
[0.475s] -- Up-to-date symlink: /home/oscar/Projects/Academic/dev_ws/install/xarm_api/share/xarm_api/environment/ament_prefix_path.sh
[0.475s] -- Up-to-date symlink: /home/oscar/Projects/Academic/dev_ws/install/xarm_api/share/xarm_api/environment/ament_prefix_path.dsv
[0.475s] -- Up-to-date symlink: /home/oscar/Projects/Academic/dev_ws/install/xarm_api/share/xarm_api/environment/path.sh
[0.475s] -- Up-to-date symlink: /home/oscar/Projects/Academic/dev_ws/install/xarm_api/share/xarm_api/environment/path.dsv
[0.475s] -- Up-to-date symlink: /home/oscar/Projects/Academic/dev_ws/install/xarm_api/share/xarm_api/local_setup.bash
[0.475s] -- Up-to-date symlink: /home/oscar/Projects/Academic/dev_ws/install/xarm_api/share/xarm_api/local_setup.sh
[0.475s] -- Up-to-date symlink: /home/oscar/Projects/Academic/dev_ws/install/xarm_api/share/xarm_api/local_setup.zsh
[0.475s] -- Up-to-date symlink: /home/oscar/Projects/Academic/dev_ws/install/xarm_api/share/xarm_api/local_setup.dsv
[0.475s] -- Symlinking: /home/oscar/Projects/Academic/dev_ws/install/xarm_api/share/xarm_api/package.dsv
[0.480s] -- Up-to-date symlink: /home/oscar/Projects/Academic/dev_ws/install/xarm_api/share/ament_index/resource_index/packages/xarm_api
[0.481s] -- Up-to-date symlink: /home/oscar/Projects/Academic/dev_ws/install/xarm_api/share/xarm_api/cmake/ament_cmake_export_libraries-extras.cmake
[0.481s] -- Up-to-date symlink: /home/oscar/Projects/Academic/dev_ws/install/xarm_api/share/xarm_api/cmake/ament_cmake_export_include_directories-extras.cmake
[0.481s] -- Up-to-date symlink: /home/oscar/Projects/Academic/dev_ws/install/xarm_api/share/xarm_api/cmake/xarm_apiConfig.cmake
[0.481s] -- Up-to-date symlink: /home/oscar/Projects/Academic/dev_ws/install/xarm_api/share/xarm_api/cmake/xarm_apiConfig-version.cmake
[0.481s] -- Up-to-date symlink: /home/oscar/Projects/Academic/dev_ws/install/xarm_api/share/xarm_api/package.xml
[0.482s] Invoked command in '/home/oscar/Projects/Academic/dev_ws/build/xarm_api' returned '0': CMAKE_PREFIX_PATH=/home/oscar/Projects/Academic/dev_ws/install/xarm_sdk:/home/oscar/Projects/Academic/dev_ws/install/xarm_msgs:/home/oscar/Projects/Academic/dev_ws/install/xarm_description:/home/oscar/Projects/Academic/dev_ws/install/xarm_planner:/home/oscar/Projects/Academic/dev_ws/install/xarm_moveit_servo:/home/oscar/Projects/Academic/dev_ws/install/xarm_moveit_config:/home/oscar/Projects/Academic/dev_ws/install/xarm_gazebo:/home/oscar/Projects/Academic/dev_ws/install/xarm_controller:/home/oscar/Projects/Academic/dev_ws/install/d435i_xarm_setup:/home/oscar/Projects/Academic/dev_ws/install/xarm_api:/home/oscar/Projects/Academic/dev_ws/install/realsense_gazebo_plugin:/home/oscar/Projects/Academic/dev_ws/install/mbot_demo:/home/oscar/Projects/Academic/dev_ws/install/xarm_writing:/home/oscar/Projects/Academic/dev_ws/install/xarm_perturbations:/home/oscar/Projects/Academic/dev_ws/install/uf_ros_lib:/opt/ros/humble LD_LIBRARY_PATH=/home/oscar/Projects/Academic/dev_ws/install/xarm_sdk/lib:/home/oscar/Projects/Academic/dev_ws/install/xarm_msgs/lib:/home/oscar/Projects/Academic/dev_ws/install/xarm_planner/lib:/home/oscar/Projects/Academic/dev_ws/install/xarm_moveit_servo/lib:/home/oscar/Projects/Academic/dev_ws/install/xarm_gazebo/lib:/home/oscar/Projects/Academic/dev_ws/install/xarm_controller/lib:/home/oscar/Projects/Academic/dev_ws/install/xarm_api/lib:/home/oscar/Projects/Academic/dev_ws/install/realsense_gazebo_plugin/lib:/usr/lib/x86_64-linux-gnu/gazebo-11/plugins:/opt/ros/humble/opt/rviz_ogre_vendor/lib:/opt/ros/humble/lib/x86_64-linux-gnu:/opt/ros/humble/lib /usr/bin/cmake --install /home/oscar/Projects/Academic/dev_ws/build/xarm_api
