[0.626s] Invoking command in '/home/oscar/Projects/Academic/dev_ws/src/xarm_ros2/uf_ros_lib': PYTHONPATH=/home/oscar/Projects/Academic/dev_ws/build/uf_ros_lib/prefix_override:/usr/lib/python3/dist-packages/colcon_core/task/python/colcon_distutils_commands:/home/oscar/Projects/Academic/dev_ws/install/uf_ros_lib/lib/python3.10/site-packages:${PYTHONPATH} /usr/bin/python3 -W ignore:setup.py install is deprecated -W ignore:easy_install command is deprecated setup.py egg_info --egg-base ../../../build/uf_ros_lib build --build-base /home/oscar/Projects/Academic/dev_ws/build/uf_ros_lib/build install --record /home/oscar/Projects/Academic/dev_ws/build/uf_ros_lib/install.log --single-version-externally-managed install_data
[0.748s] running egg_info
[0.750s] writing ../../../build/uf_ros_lib/uf_ros_lib.egg-info/PKG-INFO
[0.750s] writing dependency_links to ../../../build/uf_ros_lib/uf_ros_lib.egg-info/dependency_links.txt
[0.750s] writing entry points to ../../../build/uf_ros_lib/uf_ros_lib.egg-info/entry_points.txt
[0.750s] writing requirements to ../../../build/uf_ros_lib/uf_ros_lib.egg-info/requires.txt
[0.750s] writing top-level names to ../../../build/uf_ros_lib/uf_ros_lib.egg-info/top_level.txt
[0.751s] reading manifest file '../../../build/uf_ros_lib/uf_ros_lib.egg-info/SOURCES.txt'
[0.751s] writing manifest file '../../../build/uf_ros_lib/uf_ros_lib.egg-info/SOURCES.txt'
[0.752s] running build
[0.753s] running build_py
[0.753s] running install
[0.753s] running install_lib
[0.753s] running install_data
[0.754s] running install_egg_info
[0.754s] removing '/home/oscar/Projects/Academic/dev_ws/install/uf_ros_lib/lib/python3.10/site-packages/uf_ros_lib-0.0.0-py3.10.egg-info' (and everything under it)
[0.754s] Copying ../../../build/uf_ros_lib/uf_ros_lib.egg-info to /home/oscar/Projects/Academic/dev_ws/install/uf_ros_lib/lib/python3.10/site-packages/uf_ros_lib-0.0.0-py3.10.egg-info
[0.754s] running install_scripts
[0.766s] writing list of installed files to '/home/oscar/Projects/Academic/dev_ws/build/uf_ros_lib/install.log'
[0.780s] Invoked command in '/home/oscar/Projects/Academic/dev_ws/src/xarm_ros2/uf_ros_lib' returned '0': PYTHONPATH=/home/oscar/Projects/Academic/dev_ws/build/uf_ros_lib/prefix_override:/usr/lib/python3/dist-packages/colcon_core/task/python/colcon_distutils_commands:/home/oscar/Projects/Academic/dev_ws/install/uf_ros_lib/lib/python3.10/site-packages:${PYTHONPATH} /usr/bin/python3 -W ignore:setup.py install is deprecated -W ignore:easy_install command is deprecated setup.py egg_info --egg-base ../../../build/uf_ros_lib build --build-base /home/oscar/Projects/Academic/dev_ws/build/uf_ros_lib/build install --record /home/oscar/Projects/Academic/dev_ws/build/uf_ros_lib/install.log --single-version-externally-managed install_data
