[0.147s] Invoking command in '/home/oscar/Projects/Academic/dev_ws/build/mbot_demo': CMAKE_PREFIX_PATH=${CMAKE_PREFIX_PATH}:/home/oscar/Projects/Academic/dev_ws/install/xarm_perturbations:/home/oscar/Projects/Academic/dev_ws/install/uf_ros_lib:/opt/ros/humble /usr/bin/cmake /home/oscar/Projects/Academic/dev_ws/src/xarm_ros2/demo/mbot_demo -DAMENT_CMAKE_SYMLINK_INSTALL=1 -DCMAKE_INSTALL_PREFIX=/home/oscar/Projects/Academic/dev_ws/install/mbot_demo
[0.301s] -- The C compiler identification is GNU 11.4.0
[0.301s] -- The CXX compiler identification is GNU 11.4.0
[0.301s] -- Detecting C compiler ABI info
[0.301s] -- Detecting C compiler ABI info - done
[0.301s] -- Check for working C compiler: /usr/bin/cc - skipped
[0.301s] -- Detecting C compile features
[0.301s] -- Detecting C compile features - done
[0.301s] -- Detecting CXX compiler ABI info
[0.330s] -- Detecting CXX compiler ABI info - done
[0.335s] -- Check for working CXX compiler: /usr/bin/c++ - skipped
[0.335s] -- Detecting CXX compile features
[0.335s] -- Detecting CXX compile features - done
[0.337s] -- Found ament_cmake: 1.3.12 (/opt/ros/humble/share/ament_cmake/cmake)
[0.453s] -- Found Python3: /usr/bin/python3 (found version "3.10.12") found components: Interpreter 
[0.494s] -- Override CMake install command with custom implementation using symlinks instead of copying resources
[0.536s] -- Found ament_lint_auto: 0.12.14 (/opt/ros/humble/share/ament_lint_auto/cmake)
[0.664s] -- Added test 'copyright' to check source files copyright and LICENSE
[0.669s] -- Added test 'flake8' to check Python code syntax and style conventions
[0.671s] -- Added test 'lint_cmake' to check CMake code style
[0.676s] -- Added test 'pep257' to check Python code against some of the docstring style conventions in PEP 257
[0.678s] -- Added test 'xmllint' to check XML markup files
[0.686s] -- Configuring done
[0.702s] -- Generating done
[0.702s] -- Build files have been written to: /home/oscar/Projects/Academic/dev_ws/build/mbot_demo
[0.715s] Invoked command in '/home/oscar/Projects/Academic/dev_ws/build/mbot_demo' returned '0': CMAKE_PREFIX_PATH=${CMAKE_PREFIX_PATH}:/home/oscar/Projects/Academic/dev_ws/install/xarm_perturbations:/home/oscar/Projects/Academic/dev_ws/install/uf_ros_lib:/opt/ros/humble /usr/bin/cmake /home/oscar/Projects/Academic/dev_ws/src/xarm_ros2/demo/mbot_demo -DAMENT_CMAKE_SYMLINK_INSTALL=1 -DCMAKE_INSTALL_PREFIX=/home/oscar/Projects/Academic/dev_ws/install/mbot_demo
[0.718s] Invoking command in '/home/oscar/Projects/Academic/dev_ws/build/mbot_demo': CMAKE_PREFIX_PATH=${CMAKE_PREFIX_PATH}:/home/oscar/Projects/Academic/dev_ws/install/xarm_perturbations:/home/oscar/Projects/Academic/dev_ws/install/uf_ros_lib:/opt/ros/humble /usr/bin/cmake --build /home/oscar/Projects/Academic/dev_ws/build/mbot_demo -- -j24 -l24
[0.796s] Invoked command in '/home/oscar/Projects/Academic/dev_ws/build/mbot_demo' returned '0': CMAKE_PREFIX_PATH=${CMAKE_PREFIX_PATH}:/home/oscar/Projects/Academic/dev_ws/install/xarm_perturbations:/home/oscar/Projects/Academic/dev_ws/install/uf_ros_lib:/opt/ros/humble /usr/bin/cmake --build /home/oscar/Projects/Academic/dev_ws/build/mbot_demo -- -j24 -l24
[0.797s] Invoking command in '/home/oscar/Projects/Academic/dev_ws/build/mbot_demo': CMAKE_PREFIX_PATH=${CMAKE_PREFIX_PATH}:/home/oscar/Projects/Academic/dev_ws/install/xarm_perturbations:/home/oscar/Projects/Academic/dev_ws/install/uf_ros_lib:/opt/ros/humble /usr/bin/cmake --install /home/oscar/Projects/Academic/dev_ws/build/mbot_demo
[0.810s] -- Install configuration: ""
[0.815s] -- Execute custom install script
[0.815s] -- Symlinking: /home/oscar/Projects/Academic/dev_ws/install/mbot_demo/share/mbot_demo//rviz/moveit.rviz
[0.868s] -- Symlinking: /home/oscar/Projects/Academic/dev_ws/install/mbot_demo/share/mbot_demo//urdf/mbot.gazebo.xacro
[0.883s] -- Symlinking: /home/oscar/Projects/Academic/dev_ws/install/mbot_demo/share/mbot_demo//urdf/mbot.ros2_control.xacro
[0.902s] -- Symlinking: /home/oscar/Projects/Academic/dev_ws/install/mbot_demo/share/mbot_demo//urdf/mbot.transmission.xacro
[0.920s] -- Symlinking: /home/oscar/Projects/Academic/dev_ws/install/mbot_demo/share/mbot_demo//urdf/mbot.urdf.xacro
[0.931s] -- Symlinking: /home/oscar/Projects/Academic/dev_ws/install/mbot_demo/share/mbot_demo//urdf/mbot_macro.xacro
[0.951s] -- Symlinking: /home/oscar/Projects/Academic/dev_ws/install/mbot_demo/share/mbot_demo//urdf/mbot_with_xarm.urdf.xacro
[0.962s] -- Symlinking: /home/oscar/Projects/Academic/dev_ws/install/mbot_demo/share/mbot_demo//srdf/mbot_macro.srdf.xacro
[0.971s] -- Symlinking: /home/oscar/Projects/Academic/dev_ws/install/mbot_demo/share/mbot_demo//srdf/mbot_with_xarm.srdf.xacro
[0.984s] -- Symlinking: /home/oscar/Projects/Academic/dev_ws/install/mbot_demo/share/mbot_demo//config/controllers.yaml
[0.990s] -- Symlinking: /home/oscar/Projects/Academic/dev_ws/install/mbot_demo/share/mbot_demo//config/joint_limits.yaml
[0.998s] -- Symlinking: /home/oscar/Projects/Academic/dev_ws/install/mbot_demo/share/mbot_demo//config/kinematics.yaml
[1.006s] -- Symlinking: /home/oscar/Projects/Academic/dev_ws/install/mbot_demo/share/mbot_demo//config/ompl_planning.yaml
[1.015s] -- Symlinking: /home/oscar/Projects/Academic/dev_ws/install/mbot_demo/share/mbot_demo//config/ros2_controllers.yaml
[1.025s] -- Symlinking: /home/oscar/Projects/Academic/dev_ws/install/mbot_demo/share/mbot_demo//worlds/empty.world
[1.036s] -- Symlinking: /home/oscar/Projects/Academic/dev_ws/install/mbot_demo/share/mbot_demo//launch/_robot_on_mbot_gazebo.launch.py
[1.046s] -- Symlinking: /home/oscar/Projects/Academic/dev_ws/install/mbot_demo/share/mbot_demo//launch/mbot_moveit_fake.launch.py
[1.051s] -- Symlinking: /home/oscar/Projects/Academic/dev_ws/install/mbot_demo/share/mbot_demo//launch/mbot_moveit_gazebo.launch.py
[1.062s] -- Symlinking: /home/oscar/Projects/Academic/dev_ws/install/mbot_demo/share/mbot_demo//launch/mbot_moveit_realmove.launch.py
[1.072s] -- Symlinking: /home/oscar/Projects/Academic/dev_ws/install/mbot_demo/share/ament_index/resource_index/package_run_dependencies/mbot_demo
[1.112s] -- Symlinking: /home/oscar/Projects/Academic/dev_ws/install/mbot_demo/share/ament_index/resource_index/parent_prefix_path/mbot_demo
[1.120s] -- Symlinking: /home/oscar/Projects/Academic/dev_ws/install/mbot_demo/share/mbot_demo/environment/ament_prefix_path.sh
[1.128s] -- Symlinking: /home/oscar/Projects/Academic/dev_ws/install/mbot_demo/share/mbot_demo/environment/ament_prefix_path.dsv
[1.137s] -- Symlinking: /home/oscar/Projects/Academic/dev_ws/install/mbot_demo/share/mbot_demo/environment/path.sh
[1.155s] -- Symlinking: /home/oscar/Projects/Academic/dev_ws/install/mbot_demo/share/mbot_demo/environment/path.dsv
[1.171s] -- Symlinking: /home/oscar/Projects/Academic/dev_ws/install/mbot_demo/share/mbot_demo/local_setup.bash
[1.180s] -- Symlinking: /home/oscar/Projects/Academic/dev_ws/install/mbot_demo/share/mbot_demo/local_setup.sh
[1.187s] -- Symlinking: /home/oscar/Projects/Academic/dev_ws/install/mbot_demo/share/mbot_demo/local_setup.zsh
[1.194s] -- Symlinking: /home/oscar/Projects/Academic/dev_ws/install/mbot_demo/share/mbot_demo/local_setup.dsv
[1.202s] -- Symlinking: /home/oscar/Projects/Academic/dev_ws/install/mbot_demo/share/mbot_demo/package.dsv
[1.211s] -- Symlinking: /home/oscar/Projects/Academic/dev_ws/install/mbot_demo/share/ament_index/resource_index/packages/mbot_demo
[1.220s] -- Symlinking: /home/oscar/Projects/Academic/dev_ws/install/mbot_demo/share/mbot_demo/cmake/mbot_demoConfig.cmake
[1.229s] -- Symlinking: /home/oscar/Projects/Academic/dev_ws/install/mbot_demo/share/mbot_demo/cmake/mbot_demoConfig-version.cmake
[1.236s] -- Symlinking: /home/oscar/Projects/Academic/dev_ws/install/mbot_demo/share/mbot_demo/package.xml
[1.246s] Invoked command in '/home/oscar/Projects/Academic/dev_ws/build/mbot_demo' returned '0': CMAKE_PREFIX_PATH=${CMAKE_PREFIX_PATH}:/home/oscar/Projects/Academic/dev_ws/install/xarm_perturbations:/home/oscar/Projects/Academic/dev_ws/install/uf_ros_lib:/opt/ros/humble /usr/bin/cmake --install /home/oscar/Projects/Academic/dev_ws/build/mbot_demo
