[0.026s] Invoking command in '/home/oscar/Projects/Academic/dev_ws/build/xarm_sdk': CMAKE_PREFIX_PATH=${CMAKE_PREFIX_PATH}:/home/oscar/Projects/Academic/dev_ws/install/xarm_writing:/home/oscar/Projects/Academic/dev_ws/install/xarm_perturbations:/home/oscar/Projects/Academic/dev_ws/install/uf_ros_lib:/opt/ros/humble /usr/bin/cmake /home/oscar/Projects/Academic/dev_ws/src/xarm_ros2/xarm_sdk -DCMAKE_INSTALL_PREFIX=/home/oscar/Projects/Academic/dev_ws/install/xarm_sdk
[0.297s] -- Found ament_cmake: 1.3.12 (/opt/ros/humble/share/ament_cmake/cmake)
[0.297s] -- Override CMake install command with custom implementation using symlinks instead of copying resources
[0.297s] -- Found ament_lint_auto: 0.12.14 (/opt/ros/humble/share/ament_lint_auto/cmake)
[0.297s] -- Added test 'copyright' to check source files copyright and LICENSE
[0.297s] -- Added test 'cppcheck' to perform static code analysis on C / C++ code
[0.297s] -- Configured cppcheck include dirs: /home/oscar/Projects/Academic/dev_ws/src/xarm_ros2/xarm_sdk/cxx/include
[0.297s] -- Configured cppcheck exclude dirs and/or files: 
[0.297s] -- Added test 'cpplint' to check C / C++ code against the Google style
[0.297s] -- Configured cpplint exclude dirs and/or files: 
[0.297s] -- Added test 'lint_cmake' to check CMake code style
[0.297s] -- Added test 'uncrustify' to check C / C++ code style
[0.297s] -- Configured uncrustify additional arguments: 
[0.297s] -- Added test 'xmllint' to check XML markup files
[0.297s] -- Configuring done
[0.297s] -- Generating done
[0.297s] -- Build files have been written to: /home/oscar/Projects/Academic/dev_ws/build/xarm_sdk
[0.299s] Invoked command in '/home/oscar/Projects/Academic/dev_ws/build/xarm_sdk' returned '0': CMAKE_PREFIX_PATH=${CMAKE_PREFIX_PATH}:/home/oscar/Projects/Academic/dev_ws/install/xarm_writing:/home/oscar/Projects/Academic/dev_ws/install/xarm_perturbations:/home/oscar/Projects/Academic/dev_ws/install/uf_ros_lib:/opt/ros/humble /usr/bin/cmake /home/oscar/Projects/Academic/dev_ws/src/xarm_ros2/xarm_sdk -DCMAKE_INSTALL_PREFIX=/home/oscar/Projects/Academic/dev_ws/install/xarm_sdk
[0.300s] Invoking command in '/home/oscar/Projects/Academic/dev_ws/build/xarm_sdk': CMAKE_PREFIX_PATH=${CMAKE_PREFIX_PATH}:/home/oscar/Projects/Academic/dev_ws/install/xarm_writing:/home/oscar/Projects/Academic/dev_ws/install/xarm_perturbations:/home/oscar/Projects/Academic/dev_ws/install/uf_ros_lib:/opt/ros/humble /usr/bin/cmake --build /home/oscar/Projects/Academic/dev_ws/build/xarm_sdk -- -j24 -l24
[0.443s] [35m[1mConsolidate compiler generated dependencies of target xarm_cxx_sdk[0m
[0.443s] [100%] Built target xarm_cxx_sdk
[0.457s] Invoked command in '/home/oscar/Projects/Academic/dev_ws/build/xarm_sdk' returned '0': CMAKE_PREFIX_PATH=${CMAKE_PREFIX_PATH}:/home/oscar/Projects/Academic/dev_ws/install/xarm_writing:/home/oscar/Projects/Academic/dev_ws/install/xarm_perturbations:/home/oscar/Projects/Academic/dev_ws/install/uf_ros_lib:/opt/ros/humble /usr/bin/cmake --build /home/oscar/Projects/Academic/dev_ws/build/xarm_sdk -- -j24 -l24
[0.457s] Invoking command in '/home/oscar/Projects/Academic/dev_ws/build/xarm_sdk': CMAKE_PREFIX_PATH=${CMAKE_PREFIX_PATH}:/home/oscar/Projects/Academic/dev_ws/install/xarm_writing:/home/oscar/Projects/Academic/dev_ws/install/xarm_perturbations:/home/oscar/Projects/Academic/dev_ws/install/uf_ros_lib:/opt/ros/humble /usr/bin/cmake --install /home/oscar/Projects/Academic/dev_ws/build/xarm_sdk
[0.466s] -- Install configuration: ""
[0.466s] -- Execute custom install script
[0.468s] -- Up-to-date symlink: /home/oscar/Projects/Academic/dev_ws/install/xarm_sdk/share/xarm_sdk/environment/library_path.sh
[0.469s] -- Up-to-date symlink: /home/oscar/Projects/Academic/dev_ws/install/xarm_sdk/share/xarm_sdk/environment/library_path.dsv
[0.470s] -- Up-to-date symlink: /home/oscar/Projects/Academic/dev_ws/install/xarm_sdk/cxx/include/serial/impl/unix.h
[0.470s] -- Up-to-date symlink: /home/oscar/Projects/Academic/dev_ws/install/xarm_sdk/cxx/include/serial/impl/win.h
[0.471s] -- Up-to-date symlink: /home/oscar/Projects/Academic/dev_ws/install/xarm_sdk/cxx/include/serial/serial.h
[0.471s] -- Up-to-date symlink: /home/oscar/Projects/Academic/dev_ws/install/xarm_sdk/cxx/include/serial/v8stdint.h
[0.471s] -- Up-to-date symlink: /home/oscar/Projects/Academic/dev_ws/install/xarm_sdk/cxx/include/xarm/core/common/crc16.h
[0.472s] -- Up-to-date symlink: /home/oscar/Projects/Academic/dev_ws/install/xarm_sdk/cxx/include/xarm/core/common/data_type.h
[0.472s] -- Up-to-date symlink: /home/oscar/Projects/Academic/dev_ws/install/xarm_sdk/cxx/include/xarm/core/common/queue_memcpy.h
[0.472s] -- Up-to-date symlink: /home/oscar/Projects/Academic/dev_ws/install/xarm_sdk/cxx/include/xarm/core/connect.h
[0.472s] -- Up-to-date symlink: /home/oscar/Projects/Academic/dev_ws/install/xarm_sdk/cxx/include/xarm/core/debug/debug_print.h
[0.472s] -- Up-to-date symlink: /home/oscar/Projects/Academic/dev_ws/install/xarm_sdk/cxx/include/xarm/core/instruction/servo3_config.h
[0.472s] -- Up-to-date symlink: /home/oscar/Projects/Academic/dev_ws/install/xarm_sdk/cxx/include/xarm/core/instruction/uxbus_cmd.h
[0.472s] -- Up-to-date symlink: /home/oscar/Projects/Academic/dev_ws/install/xarm_sdk/cxx/include/xarm/core/instruction/uxbus_cmd_config.h
[0.472s] -- Up-to-date symlink: /home/oscar/Projects/Academic/dev_ws/install/xarm_sdk/cxx/include/xarm/core/instruction/uxbus_cmd_ser.h
[0.473s] -- Up-to-date symlink: /home/oscar/Projects/Academic/dev_ws/install/xarm_sdk/cxx/include/xarm/core/instruction/uxbus_cmd_tcp.h
[0.473s] -- Up-to-date symlink: /home/oscar/Projects/Academic/dev_ws/install/xarm_sdk/cxx/include/xarm/core/os/bak/thread.h
[0.473s] -- Up-to-date symlink: /home/oscar/Projects/Academic/dev_ws/install/xarm_sdk/cxx/include/xarm/core/os/network.h
[0.473s] -- Up-to-date symlink: /home/oscar/Projects/Academic/dev_ws/install/xarm_sdk/cxx/include/xarm/core/port/ser.h
[0.473s] -- Up-to-date symlink: /home/oscar/Projects/Academic/dev_ws/install/xarm_sdk/cxx/include/xarm/core/port/socket.h
[0.474s] -- Up-to-date symlink: /home/oscar/Projects/Academic/dev_ws/install/xarm_sdk/cxx/include/xarm/core/report_data.h
[0.474s] -- Up-to-date symlink: /home/oscar/Projects/Academic/dev_ws/install/xarm_sdk/cxx/include/xarm/core/xarm_config.h
[0.475s] -- Up-to-date symlink: /home/oscar/Projects/Academic/dev_ws/install/xarm_sdk/cxx/include/xarm/wrapper/common/timer.h
[0.475s] -- Up-to-date symlink: /home/oscar/Projects/Academic/dev_ws/install/xarm_sdk/cxx/include/xarm/wrapper/common/utils.h
[0.476s] -- Up-to-date symlink: /home/oscar/Projects/Academic/dev_ws/install/xarm_sdk/cxx/include/xarm/wrapper/xarm_api.h
[0.477s] -- Up-to-date symlink: /home/oscar/Projects/Academic/dev_ws/install/xarm_sdk/lib/libxarm_cxx_sdk.so
[0.477s] -- Up-to-date symlink: /home/oscar/Projects/Academic/dev_ws/install/xarm_sdk/share/ament_index/resource_index/package_run_dependencies/xarm_sdk
[0.478s] -- Up-to-date symlink: /home/oscar/Projects/Academic/dev_ws/install/xarm_sdk/share/ament_index/resource_index/parent_prefix_path/xarm_sdk
[0.478s] -- Up-to-date symlink: /home/oscar/Projects/Academic/dev_ws/install/xarm_sdk/share/xarm_sdk/environment/ament_prefix_path.sh
[0.478s] -- Up-to-date symlink: /home/oscar/Projects/Academic/dev_ws/install/xarm_sdk/share/xarm_sdk/environment/ament_prefix_path.dsv
[0.478s] -- Up-to-date symlink: /home/oscar/Projects/Academic/dev_ws/install/xarm_sdk/share/xarm_sdk/environment/path.sh
[0.479s] -- Up-to-date symlink: /home/oscar/Projects/Academic/dev_ws/install/xarm_sdk/share/xarm_sdk/environment/path.dsv
[0.479s] -- Up-to-date symlink: /home/oscar/Projects/Academic/dev_ws/install/xarm_sdk/share/xarm_sdk/local_setup.bash
[0.479s] -- Up-to-date symlink: /home/oscar/Projects/Academic/dev_ws/install/xarm_sdk/share/xarm_sdk/local_setup.sh
[0.479s] -- Up-to-date symlink: /home/oscar/Projects/Academic/dev_ws/install/xarm_sdk/share/xarm_sdk/local_setup.zsh
[0.480s] -- Up-to-date symlink: /home/oscar/Projects/Academic/dev_ws/install/xarm_sdk/share/xarm_sdk/local_setup.dsv
[0.480s] -- Symlinking: /home/oscar/Projects/Academic/dev_ws/install/xarm_sdk/share/xarm_sdk/package.dsv
[0.485s] -- Up-to-date symlink: /home/oscar/Projects/Academic/dev_ws/install/xarm_sdk/share/ament_index/resource_index/packages/xarm_sdk
[0.485s] -- Up-to-date symlink: /home/oscar/Projects/Academic/dev_ws/install/xarm_sdk/share/xarm_sdk/cmake/ament_cmake_export_libraries-extras.cmake
[0.485s] -- Up-to-date symlink: /home/oscar/Projects/Academic/dev_ws/install/xarm_sdk/share/xarm_sdk/cmake/ament_cmake_export_include_directories-extras.cmake
[0.485s] -- Up-to-date symlink: /home/oscar/Projects/Academic/dev_ws/install/xarm_sdk/share/xarm_sdk/cmake/xarm_sdkConfig.cmake
[0.485s] -- Up-to-date symlink: /home/oscar/Projects/Academic/dev_ws/install/xarm_sdk/share/xarm_sdk/cmake/xarm_sdkConfig-version.cmake
[0.485s] -- Up-to-date symlink: /home/oscar/Projects/Academic/dev_ws/install/xarm_sdk/share/xarm_sdk/package.xml
[0.494s] Invoked command in '/home/oscar/Projects/Academic/dev_ws/build/xarm_sdk' returned '0': CMAKE_PREFIX_PATH=${CMAKE_PREFIX_PATH}:/home/oscar/Projects/Academic/dev_ws/install/xarm_writing:/home/oscar/Projects/Academic/dev_ws/install/xarm_perturbations:/home/oscar/Projects/Academic/dev_ws/install/uf_ros_lib:/opt/ros/humble /usr/bin/cmake --install /home/oscar/Projects/Academic/dev_ws/build/xarm_sdk
