[0.167s] Invoking command in '/home/oscar/Projects/Academic/dev_ws/build/realsense_gazebo_plugin': CMAKE_PREFIX_PATH=${CMAKE_PREFIX_PATH}:/home/oscar/Projects/Academic/dev_ws/install/xarm_writing:/home/oscar/Projects/Academic/dev_ws/install/xarm_perturbations:/home/oscar/Projects/Academic/dev_ws/install/uf_ros_lib:/opt/ros/humble /usr/bin/cmake --build /home/oscar/Projects/Academic/dev_ws/build/realsense_gazebo_plugin -- -j24 -l24
[0.307s] [100%] Built target realsense_gazebo_plugin
[0.446s] Invoked command in '/home/oscar/Projects/Academic/dev_ws/build/realsense_gazebo_plugin' returned '0': CMAKE_PREFIX_PATH=${CMAKE_PREFIX_PATH}:/home/oscar/Projects/Academic/dev_ws/install/xarm_writing:/home/oscar/Projects/Academic/dev_ws/install/xarm_perturbations:/home/oscar/Projects/Academic/dev_ws/install/uf_ros_lib:/opt/ros/humble /usr/bin/cmake --build /home/oscar/Projects/Academic/dev_ws/build/realsense_gazebo_plugin -- -j24 -l24
[0.447s] Invoking command in '/home/oscar/Projects/Academic/dev_ws/build/realsense_gazebo_plugin': CMAKE_PREFIX_PATH=${CMAKE_PREFIX_PATH}:/home/oscar/Projects/Academic/dev_ws/install/xarm_writing:/home/oscar/Projects/Academic/dev_ws/install/xarm_perturbations:/home/oscar/Projects/Academic/dev_ws/install/uf_ros_lib:/opt/ros/humble /usr/bin/cmake --install /home/oscar/Projects/Academic/dev_ws/build/realsense_gazebo_plugin
[0.499s] -- Install configuration: ""
[0.499s] -- Execute custom install script
[0.500s] -- Up-to-date symlink: /home/oscar/Projects/Academic/dev_ws/install/realsense_gazebo_plugin/lib/librealsense_gazebo_plugin.so
[0.501s] -- Up-to-date symlink: /home/oscar/Projects/Academic/dev_ws/install/realsense_gazebo_plugin/include//realsense_gazebo_plugin/RealSensePlugin.h
[0.501s] -- Up-to-date symlink: /home/oscar/Projects/Academic/dev_ws/install/realsense_gazebo_plugin/include//realsense_gazebo_plugin/gazebo_ros_realsense.h
[0.501s] -- Up-to-date symlink: /home/oscar/Projects/Academic/dev_ws/install/realsense_gazebo_plugin/share/realsense_gazebo_plugin/environment/library_path.sh
[0.501s] -- Up-to-date symlink: /home/oscar/Projects/Academic/dev_ws/install/realsense_gazebo_plugin/share/realsense_gazebo_plugin/environment/library_path.dsv
[0.501s] -- Up-to-date symlink: /home/oscar/Projects/Academic/dev_ws/install/realsense_gazebo_plugin/share/ament_index/resource_index/package_run_dependencies/realsense_gazebo_plugin
[0.501s] -- Up-to-date symlink: /home/oscar/Projects/Academic/dev_ws/install/realsense_gazebo_plugin/share/ament_index/resource_index/parent_prefix_path/realsense_gazebo_plugin
[0.502s] -- Up-to-date symlink: /home/oscar/Projects/Academic/dev_ws/install/realsense_gazebo_plugin/share/realsense_gazebo_plugin/environment/ament_prefix_path.sh
[0.502s] -- Up-to-date symlink: /home/oscar/Projects/Academic/dev_ws/install/realsense_gazebo_plugin/share/realsense_gazebo_plugin/environment/ament_prefix_path.dsv
[0.502s] -- Up-to-date symlink: /home/oscar/Projects/Academic/dev_ws/install/realsense_gazebo_plugin/share/realsense_gazebo_plugin/environment/path.sh
[0.502s] -- Up-to-date symlink: /home/oscar/Projects/Academic/dev_ws/install/realsense_gazebo_plugin/share/realsense_gazebo_plugin/environment/path.dsv
[0.502s] -- Up-to-date symlink: /home/oscar/Projects/Academic/dev_ws/install/realsense_gazebo_plugin/share/realsense_gazebo_plugin/local_setup.bash
[0.502s] -- Up-to-date symlink: /home/oscar/Projects/Academic/dev_ws/install/realsense_gazebo_plugin/share/realsense_gazebo_plugin/local_setup.sh
[0.502s] -- Up-to-date symlink: /home/oscar/Projects/Academic/dev_ws/install/realsense_gazebo_plugin/share/realsense_gazebo_plugin/local_setup.zsh
[0.503s] -- Up-to-date symlink: /home/oscar/Projects/Academic/dev_ws/install/realsense_gazebo_plugin/share/realsense_gazebo_plugin/local_setup.dsv
[0.503s] -- Symlinking: /home/oscar/Projects/Academic/dev_ws/install/realsense_gazebo_plugin/share/realsense_gazebo_plugin/package.dsv
[0.518s] -- Up-to-date symlink: /home/oscar/Projects/Academic/dev_ws/install/realsense_gazebo_plugin/share/ament_index/resource_index/packages/realsense_gazebo_plugin
[0.518s] -- Up-to-date symlink: /home/oscar/Projects/Academic/dev_ws/install/realsense_gazebo_plugin/share/realsense_gazebo_plugin/cmake/ament_cmake_export_include_directories-extras.cmake
[0.520s] -- Up-to-date symlink: /home/oscar/Projects/Academic/dev_ws/install/realsense_gazebo_plugin/share/realsense_gazebo_plugin/cmake/ament_cmake_export_libraries-extras.cmake
[0.520s] -- Up-to-date symlink: /home/oscar/Projects/Academic/dev_ws/install/realsense_gazebo_plugin/share/realsense_gazebo_plugin/cmake/realsense_gazebo_pluginConfig.cmake
[0.520s] -- Up-to-date symlink: /home/oscar/Projects/Academic/dev_ws/install/realsense_gazebo_plugin/share/realsense_gazebo_plugin/cmake/realsense_gazebo_pluginConfig-version.cmake
[0.520s] -- Up-to-date symlink: /home/oscar/Projects/Academic/dev_ws/install/realsense_gazebo_plugin/share/realsense_gazebo_plugin/package.xml
[0.556s] Invoked command in '/home/oscar/Projects/Academic/dev_ws/build/realsense_gazebo_plugin' returned '0': CMAKE_PREFIX_PATH=${CMAKE_PREFIX_PATH}:/home/oscar/Projects/Academic/dev_ws/install/xarm_writing:/home/oscar/Projects/Academic/dev_ws/install/xarm_perturbations:/home/oscar/Projects/Academic/dev_ws/install/uf_ros_lib:/opt/ros/humble /usr/bin/cmake --install /home/oscar/Projects/Academic/dev_ws/build/realsense_gazebo_plugin
