[0.626s] Invoking command in '/home/oscar/Projects/Academic/dev_ws/build/uf_ros_lib': PYTHONPATH=/home/oscar/Projects/Academic/dev_ws/build/uf_ros_lib/prefix_override:/usr/lib/python3/dist-packages/colcon_core/task/python/colcon_distutils_commands:/home/oscar/Projects/Academic/dev_ws/install/uf_ros_lib/lib/python3.10/site-packages:${PYTHONPATH} /usr/bin/python3 -W ignore:setup.py install is deprecated -W ignore:easy_install command is deprecated setup.py develop --uninstall --editable --build-directory /home/oscar/Projects/Academic/dev_ws/build/uf_ros_lib/build
[0.756s] running develop
[0.831s] Removing /home/oscar/Projects/Academic/dev_ws/install/uf_ros_lib/lib/python3.10/site-packages/uf-ros-lib.egg-link (link to .)
[0.845s] Invoked command in '/home/oscar/Projects/Academic/dev_ws/build/uf_ros_lib' returned '0': PYTHONPATH=/home/oscar/Projects/Academic/dev_ws/build/uf_ros_lib/prefix_override:/usr/lib/python3/dist-packages/colcon_core/task/python/colcon_distutils_commands:/home/oscar/Projects/Academic/dev_ws/install/uf_ros_lib/lib/python3.10/site-packages:${PYTHONPATH} /usr/bin/python3 -W ignore:setup.py install is deprecated -W ignore:easy_install command is deprecated setup.py develop --uninstall --editable --build-directory /home/oscar/Projects/Academic/dev_ws/build/uf_ros_lib/build
[0.846s] Invoking command in '/home/oscar/Projects/Academic/dev_ws/src/xarm_ros2/uf_ros_lib': PYTHONPATH=/home/oscar/Projects/Academic/dev_ws/build/uf_ros_lib/prefix_override:/usr/lib/python3/dist-packages/colcon_core/task/python/colcon_distutils_commands:/home/oscar/Projects/Academic/dev_ws/install/uf_ros_lib/lib/python3.10/site-packages:${PYTHONPATH} /usr/bin/python3 -W ignore:setup.py install is deprecated -W ignore:easy_install command is deprecated setup.py egg_info --egg-base ../../../build/uf_ros_lib build --build-base /home/oscar/Projects/Academic/dev_ws/build/uf_ros_lib/build install --record /home/oscar/Projects/Academic/dev_ws/build/uf_ros_lib/install.log --single-version-externally-managed install_data --force
[0.966s] running egg_info
[0.967s] writing ../../../build/uf_ros_lib/uf_ros_lib.egg-info/PKG-INFO
[0.968s] writing dependency_links to ../../../build/uf_ros_lib/uf_ros_lib.egg-info/dependency_links.txt
[0.968s] writing entry points to ../../../build/uf_ros_lib/uf_ros_lib.egg-info/entry_points.txt
[0.968s] writing requirements to ../../../build/uf_ros_lib/uf_ros_lib.egg-info/requires.txt
[0.968s] writing top-level names to ../../../build/uf_ros_lib/uf_ros_lib.egg-info/top_level.txt
[0.969s] reading manifest file '../../../build/uf_ros_lib/uf_ros_lib.egg-info/SOURCES.txt'
[0.969s] writing manifest file '../../../build/uf_ros_lib/uf_ros_lib.egg-info/SOURCES.txt'
[0.970s] running build
[0.970s] running build_py
[0.970s] creating /home/oscar/Projects/Academic/dev_ws/build/uf_ros_lib/build
[0.971s] creating /home/oscar/Projects/Academic/dev_ws/build/uf_ros_lib/build/lib
[0.971s] creating /home/oscar/Projects/Academic/dev_ws/build/uf_ros_lib/build/lib/uf_ros_lib
[0.971s] copying uf_ros_lib/uf_robot_utils.py -> /home/oscar/Projects/Academic/dev_ws/build/uf_ros_lib/build/lib/uf_ros_lib
[0.971s] copying uf_ros_lib/moveit_configs_builder.py -> /home/oscar/Projects/Academic/dev_ws/build/uf_ros_lib/build/lib/uf_ros_lib
[0.971s] copying uf_ros_lib/__init__.py -> /home/oscar/Projects/Academic/dev_ws/build/uf_ros_lib/build/lib/uf_ros_lib
[0.971s] copying uf_ros_lib/parameter_descriptions.py -> /home/oscar/Projects/Academic/dev_ws/build/uf_ros_lib/build/lib/uf_ros_lib
[0.972s] creating /home/oscar/Projects/Academic/dev_ws/build/uf_ros_lib/build/lib/uf_ros_lib/substitutions
[0.972s] copying uf_ros_lib/substitutions/planning_pipelines.py -> /home/oscar/Projects/Academic/dev_ws/build/uf_ros_lib/build/lib/uf_ros_lib/substitutions
[0.972s] copying uf_ros_lib/substitutions/joint_limits.py -> /home/oscar/Projects/Academic/dev_ws/build/uf_ros_lib/build/lib/uf_ros_lib/substitutions
[0.972s] copying uf_ros_lib/substitutions/__init__.py -> /home/oscar/Projects/Academic/dev_ws/build/uf_ros_lib/build/lib/uf_ros_lib/substitutions
[0.972s] copying uf_ros_lib/substitutions/controllers.py -> /home/oscar/Projects/Academic/dev_ws/build/uf_ros_lib/build/lib/uf_ros_lib/substitutions
[0.972s] copying uf_ros_lib/substitutions/common.py -> /home/oscar/Projects/Academic/dev_ws/build/uf_ros_lib/build/lib/uf_ros_lib/substitutions
[0.972s] copying uf_ros_lib/substitutions/kinematics.py -> /home/oscar/Projects/Academic/dev_ws/build/uf_ros_lib/build/lib/uf_ros_lib/substitutions
[0.972s] running install
[0.972s] running install_lib
[0.972s] creating /home/oscar/Projects/Academic/dev_ws/install/uf_ros_lib/lib/python3.10/site-packages/uf_ros_lib
[0.972s] copying /home/oscar/Projects/Academic/dev_ws/build/uf_ros_lib/build/lib/uf_ros_lib/uf_robot_utils.py -> /home/oscar/Projects/Academic/dev_ws/install/uf_ros_lib/lib/python3.10/site-packages/uf_ros_lib
[0.972s] copying /home/oscar/Projects/Academic/dev_ws/build/uf_ros_lib/build/lib/uf_ros_lib/moveit_configs_builder.py -> /home/oscar/Projects/Academic/dev_ws/install/uf_ros_lib/lib/python3.10/site-packages/uf_ros_lib
[0.972s] creating /home/oscar/Projects/Academic/dev_ws/install/uf_ros_lib/lib/python3.10/site-packages/uf_ros_lib/substitutions
[0.972s] copying /home/oscar/Projects/Academic/dev_ws/build/uf_ros_lib/build/lib/uf_ros_lib/substitutions/planning_pipelines.py -> /home/oscar/Projects/Academic/dev_ws/install/uf_ros_lib/lib/python3.10/site-packages/uf_ros_lib/substitutions
[0.973s] copying /home/oscar/Projects/Academic/dev_ws/build/uf_ros_lib/build/lib/uf_ros_lib/substitutions/joint_limits.py -> /home/oscar/Projects/Academic/dev_ws/install/uf_ros_lib/lib/python3.10/site-packages/uf_ros_lib/substitutions
[0.973s] copying /home/oscar/Projects/Academic/dev_ws/build/uf_ros_lib/build/lib/uf_ros_lib/substitutions/__init__.py -> /home/oscar/Projects/Academic/dev_ws/install/uf_ros_lib/lib/python3.10/site-packages/uf_ros_lib/substitutions
[0.973s] copying /home/oscar/Projects/Academic/dev_ws/build/uf_ros_lib/build/lib/uf_ros_lib/substitutions/controllers.py -> /home/oscar/Projects/Academic/dev_ws/install/uf_ros_lib/lib/python3.10/site-packages/uf_ros_lib/substitutions
[0.973s] copying /home/oscar/Projects/Academic/dev_ws/build/uf_ros_lib/build/lib/uf_ros_lib/substitutions/common.py -> /home/oscar/Projects/Academic/dev_ws/install/uf_ros_lib/lib/python3.10/site-packages/uf_ros_lib/substitutions
[0.973s] copying /home/oscar/Projects/Academic/dev_ws/build/uf_ros_lib/build/lib/uf_ros_lib/substitutions/kinematics.py -> /home/oscar/Projects/Academic/dev_ws/install/uf_ros_lib/lib/python3.10/site-packages/uf_ros_lib/substitutions
[0.973s] copying /home/oscar/Projects/Academic/dev_ws/build/uf_ros_lib/build/lib/uf_ros_lib/__init__.py -> /home/oscar/Projects/Academic/dev_ws/install/uf_ros_lib/lib/python3.10/site-packages/uf_ros_lib
[0.973s] copying /home/oscar/Projects/Academic/dev_ws/build/uf_ros_lib/build/lib/uf_ros_lib/parameter_descriptions.py -> /home/oscar/Projects/Academic/dev_ws/install/uf_ros_lib/lib/python3.10/site-packages/uf_ros_lib
[0.973s] byte-compiling /home/oscar/Projects/Academic/dev_ws/install/uf_ros_lib/lib/python3.10/site-packages/uf_ros_lib/uf_robot_utils.py to uf_robot_utils.cpython-310.pyc
[0.973s] byte-compiling /home/oscar/Projects/Academic/dev_ws/install/uf_ros_lib/lib/python3.10/site-packages/uf_ros_lib/moveit_configs_builder.py to moveit_configs_builder.cpython-310.pyc
[0.977s] byte-compiling /home/oscar/Projects/Academic/dev_ws/install/uf_ros_lib/lib/python3.10/site-packages/uf_ros_lib/substitutions/planning_pipelines.py to planning_pipelines.cpython-310.pyc
[0.978s] byte-compiling /home/oscar/Projects/Academic/dev_ws/install/uf_ros_lib/lib/python3.10/site-packages/uf_ros_lib/substitutions/joint_limits.py to joint_limits.cpython-310.pyc
[0.979s] byte-compiling /home/oscar/Projects/Academic/dev_ws/install/uf_ros_lib/lib/python3.10/site-packages/uf_ros_lib/substitutions/__init__.py to __init__.cpython-310.pyc
[0.979s] byte-compiling /home/oscar/Projects/Academic/dev_ws/install/uf_ros_lib/lib/python3.10/site-packages/uf_ros_lib/substitutions/controllers.py to controllers.cpython-310.pyc
[0.980s] byte-compiling /home/oscar/Projects/Academic/dev_ws/install/uf_ros_lib/lib/python3.10/site-packages/uf_ros_lib/substitutions/common.py to common.cpython-310.pyc
[0.980s] byte-compiling /home/oscar/Projects/Academic/dev_ws/install/uf_ros_lib/lib/python3.10/site-packages/uf_ros_lib/substitutions/kinematics.py to kinematics.cpython-310.pyc
[0.981s] byte-compiling /home/oscar/Projects/Academic/dev_ws/install/uf_ros_lib/lib/python3.10/site-packages/uf_ros_lib/__init__.py to __init__.cpython-310.pyc
[0.981s] byte-compiling /home/oscar/Projects/Academic/dev_ws/install/uf_ros_lib/lib/python3.10/site-packages/uf_ros_lib/parameter_descriptions.py to parameter_descriptions.cpython-310.pyc
[0.981s] running install_data
[0.981s] copying resource/uf_ros_lib -> /home/oscar/Projects/Academic/dev_ws/install/uf_ros_lib/share/ament_index/resource_index/packages
[0.981s] copying package.xml -> /home/oscar/Projects/Academic/dev_ws/install/uf_ros_lib/share/uf_ros_lib
[0.981s] running install_egg_info
[0.982s] Copying ../../../build/uf_ros_lib/uf_ros_lib.egg-info to /home/oscar/Projects/Academic/dev_ws/install/uf_ros_lib/lib/python3.10/site-packages/uf_ros_lib-0.0.0-py3.10.egg-info
[0.982s] running install_scripts
[0.993s] writing list of installed files to '/home/oscar/Projects/Academic/dev_ws/build/uf_ros_lib/install.log'
[1.004s] Invoked command in '/home/oscar/Projects/Academic/dev_ws/src/xarm_ros2/uf_ros_lib' returned '0': PYTHONPATH=/home/oscar/Projects/Academic/dev_ws/build/uf_ros_lib/prefix_override:/usr/lib/python3/dist-packages/colcon_core/task/python/colcon_distutils_commands:/home/oscar/Projects/Academic/dev_ws/install/uf_ros_lib/lib/python3.10/site-packages:${PYTHONPATH} /usr/bin/python3 -W ignore:setup.py install is deprecated -W ignore:easy_install command is deprecated setup.py egg_info --egg-base ../../../build/uf_ros_lib build --build-base /home/oscar/Projects/Academic/dev_ws/build/uf_ros_lib/build install --record /home/oscar/Projects/Academic/dev_ws/build/uf_ros_lib/install.log --single-version-externally-managed install_data --force
