[0.015s] Invoking command in '/home/oscar/Projects/Academic/dev_ws/build/xarm_moveit_config': AMENT_PREFIX_PATH=/home/oscar/Projects/Academic/dev_ws/install/uf_ros_lib:/home/oscar/Projects/Academic/dev_ws/install/xarm_perturbations:/home/oscar/Projects/Academic/dev_ws/install/xarm_writing:/home/oscar/Projects/Academic/dev_ws/install/xarm_planner:/home/oscar/Projects/Academic/dev_ws/install/xarm_moveit_servo:/home/oscar/Projects/Academic/dev_ws/install/xarm_moveit_config:/home/oscar/Projects/Academic/dev_ws/install/xarm_gazebo:/home/oscar/Projects/Academic/dev_ws/install/xarm_controller:/home/oscar/Projects/Academic/dev_ws/install/d435i_xarm_setup:/home/oscar/Projects/Academic/dev_ws/install/xarm_api:/home/oscar/Projects/Academic/dev_ws/install/xarm_sdk:/home/oscar/Projects/Academic/dev_ws/install/xarm_msgs:/home/oscar/Projects/Academic/dev_ws/install/xarm_description:/home/oscar/Projects/Academic/dev_ws/install/realsense_gazebo_plugin:/home/oscar/Projects/Academic/dev_ws/install/mbot_demo:/opt/ros/humble CMAKE_PREFIX_PATH=/home/oscar/Projects/Academic/dev_ws/install/xarm_gazebo:/home/oscar/Projects/Academic/dev_ws/install/xarm_controller:/home/oscar/Projects/Academic/dev_ws/install/xarm_api:/home/oscar/Projects/Academic/dev_ws/install/xarm_sdk:/home/oscar/Projects/Academic/dev_ws/install/xarm_msgs:/home/oscar/Projects/Academic/dev_ws/install/xarm_description:/home/oscar/Projects/Academic/dev_ws/install/xarm_writing:/home/oscar/Projects/Academic/dev_ws/install/xarm_planner:/home/oscar/Projects/Academic/dev_ws/install/xarm_moveit_servo:/home/oscar/Projects/Academic/dev_ws/install/xarm_moveit_config:/home/oscar/Projects/Academic/dev_ws/install/d435i_xarm_setup:/home/oscar/Projects/Academic/dev_ws/install/realsense_gazebo_plugin:/home/oscar/Projects/Academic/dev_ws/install/mbot_demo:/home/oscar/Projects/Academic/dev_ws/install/xarm_perturbations:/home/oscar/Projects/Academic/dev_ws/install/uf_ros_lib:/opt/ros/humble LD_LIBRARY_PATH=/home/oscar/Projects/Academic/dev_ws/install/xarm_gazebo/lib:/home/oscar/Projects/Academic/dev_ws/install/xarm_controller/lib:/home/oscar/Projects/Academic/dev_ws/install/xarm_api/lib:/home/oscar/Projects/Academic/dev_ws/install/xarm_sdk/lib:/home/oscar/Projects/Academic/dev_ws/install/xarm_msgs/lib:/home/oscar/Projects/Academic/dev_ws/install/xarm_planner/lib:/home/oscar/Projects/Academic/dev_ws/install/xarm_moveit_servo/lib:/home/oscar/Projects/Academic/dev_ws/install/realsense_gazebo_plugin/lib:/usr/lib/x86_64-linux-gnu/gazebo-11/plugins:/opt/ros/humble/opt/rviz_ogre_vendor/lib:/opt/ros/humble/lib/x86_64-linux-gnu:/opt/ros/humble/lib PYTHONPATH=/home/oscar/Projects/Academic/dev_ws/build/uf_ros_lib:/home/oscar/Projects/Academic/dev_ws/install/uf_ros_lib/lib/python3.10/site-packages:/home/oscar/Projects/Academic/dev_ws/build/xarm_writing:/home/oscar/Projects/Academic/dev_ws/build/xarm_perturbations:/home/oscar/Projects/Academic/dev_ws/install/xarm_perturbations/lib/python3.10/site-packages:/home/oscar/Projects/Academic/dev_ws/install/xarm_writing/lib/python3.10/site-packages:/home/oscar/Projects/Academic/dev_ws/install/xarm_msgs/local/lib/python3.10/dist-packages:/opt/ros/humble/lib/python3.10/site-packages:/opt/ros/humble/local/lib/python3.10/dist-packages /usr/bin/cmake /home/oscar/Projects/Academic/dev_ws/src/xarm_ros2/xarm_moveit_config -DAMENT_CMAKE_SYMLINK_INSTALL=1 -DCMAKE_INSTALL_PREFIX=/home/oscar/Projects/Academic/dev_ws/install/xarm_moveit_config
[0.049s] -- The C compiler identification is GNU 11.4.0
[0.085s] -- The CXX compiler identification is GNU 11.4.0
[0.090s] -- Detecting C compiler ABI info
[0.138s] -- Detecting C compiler ABI info - done
[0.143s] -- Check for working C compiler: /usr/bin/cc - skipped
[0.143s] -- Detecting C compile features
[0.143s] -- Detecting C compile features - done
[0.146s] -- Detecting CXX compiler ABI info
[0.226s] -- Detecting CXX compiler ABI info - done
[0.231s] -- Check for working CXX compiler: /usr/bin/c++ - skipped
[0.231s] -- Detecting CXX compile features
[0.232s] -- Detecting CXX compile features - done
[0.234s] -- Found ament_cmake: 1.3.12 (/opt/ros/humble/share/ament_cmake/cmake)
[0.371s] -- Found Python3: /usr/bin/python3 (found version "3.10.12") found components: Interpreter 
[0.405s] -- Override CMake install command with custom implementation using symlinks instead of copying resources
[0.423s] -- Found ament_lint_auto: 0.12.14 (/opt/ros/humble/share/ament_lint_auto/cmake)
[0.483s] -- Added test 'copyright' to check source files copyright and LICENSE
[0.487s] -- Added test 'flake8' to check Python code syntax and style conventions
[0.487s] -- Added test 'lint_cmake' to check CMake code style
[0.488s] -- Added test 'pep257' to check Python code against some of the docstring style conventions in PEP 257
[0.490s] -- Added test 'xmllint' to check XML markup files
[0.490s] -- Configuring done
[0.491s] -- Generating done
[0.492s] -- Build files have been written to: /home/oscar/Projects/Academic/dev_ws/build/xarm_moveit_config
[0.495s] Invoked command in '/home/oscar/Projects/Academic/dev_ws/build/xarm_moveit_config' returned '0': AMENT_PREFIX_PATH=/home/oscar/Projects/Academic/dev_ws/install/uf_ros_lib:/home/oscar/Projects/Academic/dev_ws/install/xarm_perturbations:/home/oscar/Projects/Academic/dev_ws/install/xarm_writing:/home/oscar/Projects/Academic/dev_ws/install/xarm_planner:/home/oscar/Projects/Academic/dev_ws/install/xarm_moveit_servo:/home/oscar/Projects/Academic/dev_ws/install/xarm_moveit_config:/home/oscar/Projects/Academic/dev_ws/install/xarm_gazebo:/home/oscar/Projects/Academic/dev_ws/install/xarm_controller:/home/oscar/Projects/Academic/dev_ws/install/d435i_xarm_setup:/home/oscar/Projects/Academic/dev_ws/install/xarm_api:/home/oscar/Projects/Academic/dev_ws/install/xarm_sdk:/home/oscar/Projects/Academic/dev_ws/install/xarm_msgs:/home/oscar/Projects/Academic/dev_ws/install/xarm_description:/home/oscar/Projects/Academic/dev_ws/install/realsense_gazebo_plugin:/home/oscar/Projects/Academic/dev_ws/install/mbot_demo:/opt/ros/humble CMAKE_PREFIX_PATH=/home/oscar/Projects/Academic/dev_ws/install/xarm_gazebo:/home/oscar/Projects/Academic/dev_ws/install/xarm_controller:/home/oscar/Projects/Academic/dev_ws/install/xarm_api:/home/oscar/Projects/Academic/dev_ws/install/xarm_sdk:/home/oscar/Projects/Academic/dev_ws/install/xarm_msgs:/home/oscar/Projects/Academic/dev_ws/install/xarm_description:/home/oscar/Projects/Academic/dev_ws/install/xarm_writing:/home/oscar/Projects/Academic/dev_ws/install/xarm_planner:/home/oscar/Projects/Academic/dev_ws/install/xarm_moveit_servo:/home/oscar/Projects/Academic/dev_ws/install/xarm_moveit_config:/home/oscar/Projects/Academic/dev_ws/install/d435i_xarm_setup:/home/oscar/Projects/Academic/dev_ws/install/realsense_gazebo_plugin:/home/oscar/Projects/Academic/dev_ws/install/mbot_demo:/home/oscar/Projects/Academic/dev_ws/install/xarm_perturbations:/home/oscar/Projects/Academic/dev_ws/install/uf_ros_lib:/opt/ros/humble LD_LIBRARY_PATH=/home/oscar/Projects/Academic/dev_ws/install/xarm_gazebo/lib:/home/oscar/Projects/Academic/dev_ws/install/xarm_controller/lib:/home/oscar/Projects/Academic/dev_ws/install/xarm_api/lib:/home/oscar/Projects/Academic/dev_ws/install/xarm_sdk/lib:/home/oscar/Projects/Academic/dev_ws/install/xarm_msgs/lib:/home/oscar/Projects/Academic/dev_ws/install/xarm_planner/lib:/home/oscar/Projects/Academic/dev_ws/install/xarm_moveit_servo/lib:/home/oscar/Projects/Academic/dev_ws/install/realsense_gazebo_plugin/lib:/usr/lib/x86_64-linux-gnu/gazebo-11/plugins:/opt/ros/humble/opt/rviz_ogre_vendor/lib:/opt/ros/humble/lib/x86_64-linux-gnu:/opt/ros/humble/lib PYTHONPATH=/home/oscar/Projects/Academic/dev_ws/build/uf_ros_lib:/home/oscar/Projects/Academic/dev_ws/install/uf_ros_lib/lib/python3.10/site-packages:/home/oscar/Projects/Academic/dev_ws/build/xarm_writing:/home/oscar/Projects/Academic/dev_ws/build/xarm_perturbations:/home/oscar/Projects/Academic/dev_ws/install/xarm_perturbations/lib/python3.10/site-packages:/home/oscar/Projects/Academic/dev_ws/install/xarm_writing/lib/python3.10/site-packages:/home/oscar/Projects/Academic/dev_ws/install/xarm_msgs/local/lib/python3.10/dist-packages:/opt/ros/humble/lib/python3.10/site-packages:/opt/ros/humble/local/lib/python3.10/dist-packages /usr/bin/cmake /home/oscar/Projects/Academic/dev_ws/src/xarm_ros2/xarm_moveit_config -DAMENT_CMAKE_SYMLINK_INSTALL=1 -DCMAKE_INSTALL_PREFIX=/home/oscar/Projects/Academic/dev_ws/install/xarm_moveit_config
[0.495s] Invoking command in '/home/oscar/Projects/Academic/dev_ws/build/xarm_moveit_config': AMENT_PREFIX_PATH=/home/oscar/Projects/Academic/dev_ws/install/uf_ros_lib:/home/oscar/Projects/Academic/dev_ws/install/xarm_perturbations:/home/oscar/Projects/Academic/dev_ws/install/xarm_writing:/home/oscar/Projects/Academic/dev_ws/install/xarm_planner:/home/oscar/Projects/Academic/dev_ws/install/xarm_moveit_servo:/home/oscar/Projects/Academic/dev_ws/install/xarm_moveit_config:/home/oscar/Projects/Academic/dev_ws/install/xarm_gazebo:/home/oscar/Projects/Academic/dev_ws/install/xarm_controller:/home/oscar/Projects/Academic/dev_ws/install/d435i_xarm_setup:/home/oscar/Projects/Academic/dev_ws/install/xarm_api:/home/oscar/Projects/Academic/dev_ws/install/xarm_sdk:/home/oscar/Projects/Academic/dev_ws/install/xarm_msgs:/home/oscar/Projects/Academic/dev_ws/install/xarm_description:/home/oscar/Projects/Academic/dev_ws/install/realsense_gazebo_plugin:/home/oscar/Projects/Academic/dev_ws/install/mbot_demo:/opt/ros/humble CMAKE_PREFIX_PATH=/home/oscar/Projects/Academic/dev_ws/install/xarm_gazebo:/home/oscar/Projects/Academic/dev_ws/install/xarm_controller:/home/oscar/Projects/Academic/dev_ws/install/xarm_api:/home/oscar/Projects/Academic/dev_ws/install/xarm_sdk:/home/oscar/Projects/Academic/dev_ws/install/xarm_msgs:/home/oscar/Projects/Academic/dev_ws/install/xarm_description:/home/oscar/Projects/Academic/dev_ws/install/xarm_writing:/home/oscar/Projects/Academic/dev_ws/install/xarm_planner:/home/oscar/Projects/Academic/dev_ws/install/xarm_moveit_servo:/home/oscar/Projects/Academic/dev_ws/install/xarm_moveit_config:/home/oscar/Projects/Academic/dev_ws/install/d435i_xarm_setup:/home/oscar/Projects/Academic/dev_ws/install/realsense_gazebo_plugin:/home/oscar/Projects/Academic/dev_ws/install/mbot_demo:/home/oscar/Projects/Academic/dev_ws/install/xarm_perturbations:/home/oscar/Projects/Academic/dev_ws/install/uf_ros_lib:/opt/ros/humble LD_LIBRARY_PATH=/home/oscar/Projects/Academic/dev_ws/install/xarm_gazebo/lib:/home/oscar/Projects/Academic/dev_ws/install/xarm_controller/lib:/home/oscar/Projects/Academic/dev_ws/install/xarm_api/lib:/home/oscar/Projects/Academic/dev_ws/install/xarm_sdk/lib:/home/oscar/Projects/Academic/dev_ws/install/xarm_msgs/lib:/home/oscar/Projects/Academic/dev_ws/install/xarm_planner/lib:/home/oscar/Projects/Academic/dev_ws/install/xarm_moveit_servo/lib:/home/oscar/Projects/Academic/dev_ws/install/realsense_gazebo_plugin/lib:/usr/lib/x86_64-linux-gnu/gazebo-11/plugins:/opt/ros/humble/opt/rviz_ogre_vendor/lib:/opt/ros/humble/lib/x86_64-linux-gnu:/opt/ros/humble/lib PYTHONPATH=/home/oscar/Projects/Academic/dev_ws/build/uf_ros_lib:/home/oscar/Projects/Academic/dev_ws/install/uf_ros_lib/lib/python3.10/site-packages:/home/oscar/Projects/Academic/dev_ws/build/xarm_writing:/home/oscar/Projects/Academic/dev_ws/build/xarm_perturbations:/home/oscar/Projects/Academic/dev_ws/install/xarm_perturbations/lib/python3.10/site-packages:/home/oscar/Projects/Academic/dev_ws/install/xarm_writing/lib/python3.10/site-packages:/home/oscar/Projects/Academic/dev_ws/install/xarm_msgs/local/lib/python3.10/dist-packages:/opt/ros/humble/lib/python3.10/site-packages:/opt/ros/humble/local/lib/python3.10/dist-packages /usr/bin/cmake --build /home/oscar/Projects/Academic/dev_ws/build/xarm_moveit_config -- -j24 -l24
[0.533s] Invoked command in '/home/oscar/Projects/Academic/dev_ws/build/xarm_moveit_config' returned '0': AMENT_PREFIX_PATH=/home/oscar/Projects/Academic/dev_ws/install/uf_ros_lib:/home/oscar/Projects/Academic/dev_ws/install/xarm_perturbations:/home/oscar/Projects/Academic/dev_ws/install/xarm_writing:/home/oscar/Projects/Academic/dev_ws/install/xarm_planner:/home/oscar/Projects/Academic/dev_ws/install/xarm_moveit_servo:/home/oscar/Projects/Academic/dev_ws/install/xarm_moveit_config:/home/oscar/Projects/Academic/dev_ws/install/xarm_gazebo:/home/oscar/Projects/Academic/dev_ws/install/xarm_controller:/home/oscar/Projects/Academic/dev_ws/install/d435i_xarm_setup:/home/oscar/Projects/Academic/dev_ws/install/xarm_api:/home/oscar/Projects/Academic/dev_ws/install/xarm_sdk:/home/oscar/Projects/Academic/dev_ws/install/xarm_msgs:/home/oscar/Projects/Academic/dev_ws/install/xarm_description:/home/oscar/Projects/Academic/dev_ws/install/realsense_gazebo_plugin:/home/oscar/Projects/Academic/dev_ws/install/mbot_demo:/opt/ros/humble CMAKE_PREFIX_PATH=/home/oscar/Projects/Academic/dev_ws/install/xarm_gazebo:/home/oscar/Projects/Academic/dev_ws/install/xarm_controller:/home/oscar/Projects/Academic/dev_ws/install/xarm_api:/home/oscar/Projects/Academic/dev_ws/install/xarm_sdk:/home/oscar/Projects/Academic/dev_ws/install/xarm_msgs:/home/oscar/Projects/Academic/dev_ws/install/xarm_description:/home/oscar/Projects/Academic/dev_ws/install/xarm_writing:/home/oscar/Projects/Academic/dev_ws/install/xarm_planner:/home/oscar/Projects/Academic/dev_ws/install/xarm_moveit_servo:/home/oscar/Projects/Academic/dev_ws/install/xarm_moveit_config:/home/oscar/Projects/Academic/dev_ws/install/d435i_xarm_setup:/home/oscar/Projects/Academic/dev_ws/install/realsense_gazebo_plugin:/home/oscar/Projects/Academic/dev_ws/install/mbot_demo:/home/oscar/Projects/Academic/dev_ws/install/xarm_perturbations:/home/oscar/Projects/Academic/dev_ws/install/uf_ros_lib:/opt/ros/humble LD_LIBRARY_PATH=/home/oscar/Projects/Academic/dev_ws/install/xarm_gazebo/lib:/home/oscar/Projects/Academic/dev_ws/install/xarm_controller/lib:/home/oscar/Projects/Academic/dev_ws/install/xarm_api/lib:/home/oscar/Projects/Academic/dev_ws/install/xarm_sdk/lib:/home/oscar/Projects/Academic/dev_ws/install/xarm_msgs/lib:/home/oscar/Projects/Academic/dev_ws/install/xarm_planner/lib:/home/oscar/Projects/Academic/dev_ws/install/xarm_moveit_servo/lib:/home/oscar/Projects/Academic/dev_ws/install/realsense_gazebo_plugin/lib:/usr/lib/x86_64-linux-gnu/gazebo-11/plugins:/opt/ros/humble/opt/rviz_ogre_vendor/lib:/opt/ros/humble/lib/x86_64-linux-gnu:/opt/ros/humble/lib PYTHONPATH=/home/oscar/Projects/Academic/dev_ws/build/uf_ros_lib:/home/oscar/Projects/Academic/dev_ws/install/uf_ros_lib/lib/python3.10/site-packages:/home/oscar/Projects/Academic/dev_ws/build/xarm_writing:/home/oscar/Projects/Academic/dev_ws/build/xarm_perturbations:/home/oscar/Projects/Academic/dev_ws/install/xarm_perturbations/lib/python3.10/site-packages:/home/oscar/Projects/Academic/dev_ws/install/xarm_writing/lib/python3.10/site-packages:/home/oscar/Projects/Academic/dev_ws/install/xarm_msgs/local/lib/python3.10/dist-packages:/opt/ros/humble/lib/python3.10/site-packages:/opt/ros/humble/local/lib/python3.10/dist-packages /usr/bin/cmake --build /home/oscar/Projects/Academic/dev_ws/build/xarm_moveit_config -- -j24 -l24
[0.536s] Invoking command in '/home/oscar/Projects/Academic/dev_ws/build/xarm_moveit_config': AMENT_PREFIX_PATH=/home/oscar/Projects/Academic/dev_ws/install/uf_ros_lib:/home/oscar/Projects/Academic/dev_ws/install/xarm_perturbations:/home/oscar/Projects/Academic/dev_ws/install/xarm_writing:/home/oscar/Projects/Academic/dev_ws/install/xarm_planner:/home/oscar/Projects/Academic/dev_ws/install/xarm_moveit_servo:/home/oscar/Projects/Academic/dev_ws/install/xarm_moveit_config:/home/oscar/Projects/Academic/dev_ws/install/xarm_gazebo:/home/oscar/Projects/Academic/dev_ws/install/xarm_controller:/home/oscar/Projects/Academic/dev_ws/install/d435i_xarm_setup:/home/oscar/Projects/Academic/dev_ws/install/xarm_api:/home/oscar/Projects/Academic/dev_ws/install/xarm_sdk:/home/oscar/Projects/Academic/dev_ws/install/xarm_msgs:/home/oscar/Projects/Academic/dev_ws/install/xarm_description:/home/oscar/Projects/Academic/dev_ws/install/realsense_gazebo_plugin:/home/oscar/Projects/Academic/dev_ws/install/mbot_demo:/opt/ros/humble CMAKE_PREFIX_PATH=/home/oscar/Projects/Academic/dev_ws/install/xarm_gazebo:/home/oscar/Projects/Academic/dev_ws/install/xarm_controller:/home/oscar/Projects/Academic/dev_ws/install/xarm_api:/home/oscar/Projects/Academic/dev_ws/install/xarm_sdk:/home/oscar/Projects/Academic/dev_ws/install/xarm_msgs:/home/oscar/Projects/Academic/dev_ws/install/xarm_description:/home/oscar/Projects/Academic/dev_ws/install/xarm_writing:/home/oscar/Projects/Academic/dev_ws/install/xarm_planner:/home/oscar/Projects/Academic/dev_ws/install/xarm_moveit_servo:/home/oscar/Projects/Academic/dev_ws/install/xarm_moveit_config:/home/oscar/Projects/Academic/dev_ws/install/d435i_xarm_setup:/home/oscar/Projects/Academic/dev_ws/install/realsense_gazebo_plugin:/home/oscar/Projects/Academic/dev_ws/install/mbot_demo:/home/oscar/Projects/Academic/dev_ws/install/xarm_perturbations:/home/oscar/Projects/Academic/dev_ws/install/uf_ros_lib:/opt/ros/humble LD_LIBRARY_PATH=/home/oscar/Projects/Academic/dev_ws/install/xarm_gazebo/lib:/home/oscar/Projects/Academic/dev_ws/install/xarm_controller/lib:/home/oscar/Projects/Academic/dev_ws/install/xarm_api/lib:/home/oscar/Projects/Academic/dev_ws/install/xarm_sdk/lib:/home/oscar/Projects/Academic/dev_ws/install/xarm_msgs/lib:/home/oscar/Projects/Academic/dev_ws/install/xarm_planner/lib:/home/oscar/Projects/Academic/dev_ws/install/xarm_moveit_servo/lib:/home/oscar/Projects/Academic/dev_ws/install/realsense_gazebo_plugin/lib:/usr/lib/x86_64-linux-gnu/gazebo-11/plugins:/opt/ros/humble/opt/rviz_ogre_vendor/lib:/opt/ros/humble/lib/x86_64-linux-gnu:/opt/ros/humble/lib PYTHONPATH=/home/oscar/Projects/Academic/dev_ws/build/uf_ros_lib:/home/oscar/Projects/Academic/dev_ws/install/uf_ros_lib/lib/python3.10/site-packages:/home/oscar/Projects/Academic/dev_ws/build/xarm_writing:/home/oscar/Projects/Academic/dev_ws/build/xarm_perturbations:/home/oscar/Projects/Academic/dev_ws/install/xarm_perturbations/lib/python3.10/site-packages:/home/oscar/Projects/Academic/dev_ws/install/xarm_writing/lib/python3.10/site-packages:/home/oscar/Projects/Academic/dev_ws/install/xarm_msgs/local/lib/python3.10/dist-packages:/opt/ros/humble/lib/python3.10/site-packages:/opt/ros/humble/local/lib/python3.10/dist-packages /usr/bin/cmake --install /home/oscar/Projects/Academic/dev_ws/build/xarm_moveit_config
[0.545s] -- Install configuration: ""
[0.546s] -- Execute custom install script
[0.547s] -- Symlinking: /home/oscar/Projects/Academic/dev_ws/install/xarm_moveit_config/share/xarm_moveit_config//config/bio_gripper/controllers.yaml
[0.554s] -- Symlinking: /home/oscar/Projects/Academic/dev_ws/install/xarm_moveit_config/share/xarm_moveit_config//config/bio_gripper/fake_controllers.yaml
[0.563s] -- Symlinking: /home/oscar/Projects/Academic/dev_ws/install/xarm_moveit_config/share/xarm_moveit_config//config/bio_gripper/joint_limits.yaml
[0.575s] -- Symlinking: /home/oscar/Projects/Academic/dev_ws/install/xarm_moveit_config/share/xarm_moveit_config//config/bio_gripper/ompl_planning.yaml
[0.584s] -- Symlinking: /home/oscar/Projects/Academic/dev_ws/install/xarm_moveit_config/share/xarm_moveit_config//config/lite6/controllers.yaml
[0.594s] -- Symlinking: /home/oscar/Projects/Academic/dev_ws/install/xarm_moveit_config/share/xarm_moveit_config//config/lite6/fake_controllers.yaml
[0.605s] -- Symlinking: /home/oscar/Projects/Academic/dev_ws/install/xarm_moveit_config/share/xarm_moveit_config//config/lite6/joint_limits.yaml
[0.617s] -- Symlinking: /home/oscar/Projects/Academic/dev_ws/install/xarm_moveit_config/share/xarm_moveit_config//config/lite6/kinematics.yaml
[0.629s] -- Symlinking: /home/oscar/Projects/Academic/dev_ws/install/xarm_moveit_config/share/xarm_moveit_config//config/lite6/ompl_planning.yaml
[0.634s] -- Symlinking: /home/oscar/Projects/Academic/dev_ws/install/xarm_moveit_config/share/xarm_moveit_config//config/moveit_configs/chomp_planning.yaml
[0.639s] -- Symlinking: /home/oscar/Projects/Academic/dev_ws/install/xarm_moveit_config/share/xarm_moveit_config//config/moveit_configs/ompl_defaults.yaml
[0.644s] -- Symlinking: /home/oscar/Projects/Academic/dev_ws/install/xarm_moveit_config/share/xarm_moveit_config//config/moveit_configs/ompl_planning.yaml
[0.651s] -- Symlinking: /home/oscar/Projects/Academic/dev_ws/install/xarm_moveit_config/share/xarm_moveit_config//config/moveit_configs/pilz_cartesian_limits.yaml
[0.666s] -- Symlinking: /home/oscar/Projects/Academic/dev_ws/install/xarm_moveit_config/share/xarm_moveit_config//config/moveit_configs/pilz_industrial_motion_planner_planning.yaml
[0.680s] -- Symlinking: /home/oscar/Projects/Academic/dev_ws/install/xarm_moveit_config/share/xarm_moveit_config//config/uf850/controllers.yaml
[0.689s] -- Symlinking: /home/oscar/Projects/Academic/dev_ws/install/xarm_moveit_config/share/xarm_moveit_config//config/uf850/fake_controllers.yaml
[0.703s] -- Symlinking: /home/oscar/Projects/Academic/dev_ws/install/xarm_moveit_config/share/xarm_moveit_config//config/uf850/joint_limits.yaml
[0.715s] -- Symlinking: /home/oscar/Projects/Academic/dev_ws/install/xarm_moveit_config/share/xarm_moveit_config//config/uf850/kinematics.yaml
[0.729s] -- Symlinking: /home/oscar/Projects/Academic/dev_ws/install/xarm_moveit_config/share/xarm_moveit_config//config/uf850/ompl_planning.yaml
[0.742s] -- Symlinking: /home/oscar/Projects/Academic/dev_ws/install/xarm_moveit_config/share/xarm_moveit_config//config/uf850_gripper/controllers.yaml
[0.755s] -- Symlinking: /home/oscar/Projects/Academic/dev_ws/install/xarm_moveit_config/share/xarm_moveit_config//config/uf850_gripper/fake_controllers.yaml
[0.765s] -- Symlinking: /home/oscar/Projects/Academic/dev_ws/install/xarm_moveit_config/share/xarm_moveit_config//config/uf850_gripper/joint_limits.yaml
[0.772s] -- Symlinking: /home/oscar/Projects/Academic/dev_ws/install/xarm_moveit_config/share/xarm_moveit_config//config/uf850_gripper/ompl_planning.yaml
[0.777s] -- Symlinking: /home/oscar/Projects/Academic/dev_ws/install/xarm_moveit_config/share/xarm_moveit_config//config/xarm5/controllers.yaml
[0.784s] -- Symlinking: /home/oscar/Projects/Academic/dev_ws/install/xarm_moveit_config/share/xarm_moveit_config//config/xarm5/fake_controllers.yaml
[0.791s] -- Symlinking: /home/oscar/Projects/Academic/dev_ws/install/xarm_moveit_config/share/xarm_moveit_config//config/xarm5/joint_limits.yaml
[0.796s] -- Symlinking: /home/oscar/Projects/Academic/dev_ws/install/xarm_moveit_config/share/xarm_moveit_config//config/xarm5/kinematics.yaml
[0.801s] -- Symlinking: /home/oscar/Projects/Academic/dev_ws/install/xarm_moveit_config/share/xarm_moveit_config//config/xarm5/ompl_planning.yaml
[0.808s] -- Symlinking: /home/oscar/Projects/Academic/dev_ws/install/xarm_moveit_config/share/xarm_moveit_config//config/xarm6/controllers.yaml
[0.813s] -- Symlinking: /home/oscar/Projects/Academic/dev_ws/install/xarm_moveit_config/share/xarm_moveit_config//config/xarm6/fake_controllers.yaml
[0.820s] -- Symlinking: /home/oscar/Projects/Academic/dev_ws/install/xarm_moveit_config/share/xarm_moveit_config//config/xarm6/joint_limits.yaml
[0.827s] -- Symlinking: /home/oscar/Projects/Academic/dev_ws/install/xarm_moveit_config/share/xarm_moveit_config//config/xarm6/kinematics.yaml
[0.831s] -- Symlinking: /home/oscar/Projects/Academic/dev_ws/install/xarm_moveit_config/share/xarm_moveit_config//config/xarm6/ompl_planning.yaml
[0.836s] -- Symlinking: /home/oscar/Projects/Academic/dev_ws/install/xarm_moveit_config/share/xarm_moveit_config//config/xarm7/controllers.yaml
[0.841s] -- Symlinking: /home/oscar/Projects/Academic/dev_ws/install/xarm_moveit_config/share/xarm_moveit_config//config/xarm7/fake_controllers.yaml
[0.846s] -- Symlinking: /home/oscar/Projects/Academic/dev_ws/install/xarm_moveit_config/share/xarm_moveit_config//config/xarm7/joint_limits.yaml
[0.851s] -- Symlinking: /home/oscar/Projects/Academic/dev_ws/install/xarm_moveit_config/share/xarm_moveit_config//config/xarm7/kinematics.yaml
[0.857s] -- Symlinking: /home/oscar/Projects/Academic/dev_ws/install/xarm_moveit_config/share/xarm_moveit_config//config/xarm7/ompl_planning.yaml
[0.862s] -- Symlinking: /home/oscar/Projects/Academic/dev_ws/install/xarm_moveit_config/share/xarm_moveit_config//config/xarm7_mirror/controllers.yaml
[0.868s] -- Symlinking: /home/oscar/Projects/Academic/dev_ws/install/xarm_moveit_config/share/xarm_moveit_config//config/xarm7_mirror/fake_controllers.yaml
[0.873s] -- Symlinking: /home/oscar/Projects/Academic/dev_ws/install/xarm_moveit_config/share/xarm_moveit_config//config/xarm7_mirror/joint_limits.yaml
[0.880s] -- Symlinking: /home/oscar/Projects/Academic/dev_ws/install/xarm_moveit_config/share/xarm_moveit_config//config/xarm7_mirror/kinematics.yaml
[0.885s] -- Symlinking: /home/oscar/Projects/Academic/dev_ws/install/xarm_moveit_config/share/xarm_moveit_config//config/xarm7_mirror/ompl_planning.yaml
[0.891s] -- Symlinking: /home/oscar/Projects/Academic/dev_ws/install/xarm_moveit_config/share/xarm_moveit_config//config/xarm7_mirror_gripper/controllers.yaml
[0.898s] -- Symlinking: /home/oscar/Projects/Academic/dev_ws/install/xarm_moveit_config/share/xarm_moveit_config//config/xarm7_mirror_gripper/fake_controllers.yaml
[0.903s] -- Symlinking: /home/oscar/Projects/Academic/dev_ws/install/xarm_moveit_config/share/xarm_moveit_config//config/xarm7_mirror_gripper/joint_limits.yaml
[0.908s] -- Symlinking: /home/oscar/Projects/Academic/dev_ws/install/xarm_moveit_config/share/xarm_moveit_config//config/xarm7_mirror_gripper/ompl_planning.yaml
[0.913s] -- Symlinking: /home/oscar/Projects/Academic/dev_ws/install/xarm_moveit_config/share/xarm_moveit_config//config/xarm_gripper/controllers.yaml
[0.919s] -- Symlinking: /home/oscar/Projects/Academic/dev_ws/install/xarm_moveit_config/share/xarm_moveit_config//config/xarm_gripper/fake_controllers.yaml
[0.924s] -- Symlinking: /home/oscar/Projects/Academic/dev_ws/install/xarm_moveit_config/share/xarm_moveit_config//config/xarm_gripper/joint_limits.yaml
[0.931s] -- Symlinking: /home/oscar/Projects/Academic/dev_ws/install/xarm_moveit_config/share/xarm_moveit_config//config/xarm_gripper/ompl_planning.yaml
[0.936s] -- Symlinking: /home/oscar/Projects/Academic/dev_ws/install/xarm_moveit_config/share/xarm_moveit_config//rviz/dual_moveit.rviz
[0.942s] -- Symlinking: /home/oscar/Projects/Academic/dev_ws/install/xarm_moveit_config/share/xarm_moveit_config//rviz/dual_planner.rviz
[0.951s] -- Symlinking: /home/oscar/Projects/Academic/dev_ws/install/xarm_moveit_config/share/xarm_moveit_config//rviz/moveit.rviz
[0.961s] -- Symlinking: /home/oscar/Projects/Academic/dev_ws/install/xarm_moveit_config/share/xarm_moveit_config//rviz/planner.rviz
[0.973s] -- Symlinking: /home/oscar/Projects/Academic/dev_ws/install/xarm_moveit_config/share/xarm_moveit_config//srdf/_lite6_macro.srdf.xacro
[0.986s] -- Symlinking: /home/oscar/Projects/Academic/dev_ws/install/xarm_moveit_config/share/xarm_moveit_config//srdf/_uf850_macro.srdf.xacro
[0.997s] -- Symlinking: /home/oscar/Projects/Academic/dev_ws/install/xarm_moveit_config/share/xarm_moveit_config//srdf/_xarm5_macro.srdf.xacro
[1.008s] -- Symlinking: /home/oscar/Projects/Academic/dev_ws/install/xarm_moveit_config/share/xarm_moveit_config//srdf/_xarm6_macro.srdf.xacro
[1.020s] -- Symlinking: /home/oscar/Projects/Academic/dev_ws/install/xarm_moveit_config/share/xarm_moveit_config//srdf/_xarm7_macro.srdf.xacro
[1.032s] -- Symlinking: /home/oscar/Projects/Academic/dev_ws/install/xarm_moveit_config/share/xarm_moveit_config//srdf/_xarm7_mirror_macro.srdf.xacro
[1.043s] -- Symlinking: /home/oscar/Projects/Academic/dev_ws/install/xarm_moveit_config/share/xarm_moveit_config//srdf/dual_xarm.srdf.xacro
[1.055s] -- Symlinking: /home/oscar/Projects/Academic/dev_ws/install/xarm_moveit_config/share/xarm_moveit_config//srdf/xarm.srdf.xacro
[1.066s] -- Symlinking: /home/oscar/Projects/Academic/dev_ws/install/xarm_moveit_config/share/xarm_moveit_config//srdf/xarm_macro.srdf.xacro
[1.080s] -- Symlinking: /home/oscar/Projects/Academic/dev_ws/install/xarm_moveit_config/share/xarm_moveit_config//launch/_dual_robot_moveit_common.launch.py
[1.090s] -- Symlinking: /home/oscar/Projects/Academic/dev_ws/install/xarm_moveit_config/share/xarm_moveit_config//launch/_dual_robot_moveit_common2.launch.py
[1.101s] -- Symlinking: /home/oscar/Projects/Academic/dev_ws/install/xarm_moveit_config/share/xarm_moveit_config//launch/_dual_robot_moveit_fake.launch.py
[1.111s] -- Symlinking: /home/oscar/Projects/Academic/dev_ws/install/xarm_moveit_config/share/xarm_moveit_config//launch/_dual_robot_moveit_gazebo.launch.py
[1.122s] -- Symlinking: /home/oscar/Projects/Academic/dev_ws/install/xarm_moveit_config/share/xarm_moveit_config//launch/_dual_robot_moveit_realmove.launch.py
[1.134s] -- Symlinking: /home/oscar/Projects/Academic/dev_ws/install/xarm_moveit_config/share/xarm_moveit_config//launch/_robot_moveit_common.launch.py
[1.146s] -- Symlinking: /home/oscar/Projects/Academic/dev_ws/install/xarm_moveit_config/share/xarm_moveit_config//launch/_robot_moveit_common2.launch.py
[1.158s] -- Symlinking: /home/oscar/Projects/Academic/dev_ws/install/xarm_moveit_config/share/xarm_moveit_config//launch/_robot_moveit_fake.launch.py
[1.169s] -- Symlinking: /home/oscar/Projects/Academic/dev_ws/install/xarm_moveit_config/share/xarm_moveit_config//launch/_robot_moveit_gazebo.launch.py
[1.182s] -- Symlinking: /home/oscar/Projects/Academic/dev_ws/install/xarm_moveit_config/share/xarm_moveit_config//launch/_robot_moveit_realmove.launch.py
[1.193s] -- Symlinking: /home/oscar/Projects/Academic/dev_ws/install/xarm_moveit_config/share/xarm_moveit_config//launch/demo/demo_dual_fake.launch.py
[1.205s] -- Symlinking: /home/oscar/Projects/Academic/dev_ws/install/xarm_moveit_config/share/xarm_moveit_config//launch/demo/demo_dual_realmove.launch.py
[1.215s] -- Symlinking: /home/oscar/Projects/Academic/dev_ws/install/xarm_moveit_config/share/xarm_moveit_config//launch/demo/demo_fake.launch.py
[1.225s] -- Symlinking: /home/oscar/Projects/Academic/dev_ws/install/xarm_moveit_config/share/xarm_moveit_config//launch/demo/demo_realmove.launch.py
[1.237s] -- Symlinking: /home/oscar/Projects/Academic/dev_ws/install/xarm_moveit_config/share/xarm_moveit_config//launch/dual_lite6_moveit_fake.launch.py
[1.244s] -- Symlinking: /home/oscar/Projects/Academic/dev_ws/install/xarm_moveit_config/share/xarm_moveit_config//launch/dual_lite6_moveit_realmove.launch.py
[1.252s] -- Symlinking: /home/oscar/Projects/Academic/dev_ws/install/xarm_moveit_config/share/xarm_moveit_config//launch/dual_uf850_moveit_fake.launch.py
[1.260s] -- Symlinking: /home/oscar/Projects/Academic/dev_ws/install/xarm_moveit_config/share/xarm_moveit_config//launch/dual_uf850_moveit_realmove.launch.py
[1.268s] -- Symlinking: /home/oscar/Projects/Academic/dev_ws/install/xarm_moveit_config/share/xarm_moveit_config//launch/dual_xarm5_moveit_fake.launch.py
[1.275s] -- Symlinking: /home/oscar/Projects/Academic/dev_ws/install/xarm_moveit_config/share/xarm_moveit_config//launch/dual_xarm5_moveit_realmove.launch.py
[1.282s] -- Symlinking: /home/oscar/Projects/Academic/dev_ws/install/xarm_moveit_config/share/xarm_moveit_config//launch/dual_xarm6_moveit_fake.launch.py
[1.291s] -- Symlinking: /home/oscar/Projects/Academic/dev_ws/install/xarm_moveit_config/share/xarm_moveit_config//launch/dual_xarm6_moveit_realmove.launch.py
[1.298s] -- Symlinking: /home/oscar/Projects/Academic/dev_ws/install/xarm_moveit_config/share/xarm_moveit_config//launch/dual_xarm7_moveit_fake.launch.py
[1.304s] -- Symlinking: /home/oscar/Projects/Academic/dev_ws/install/xarm_moveit_config/share/xarm_moveit_config//launch/dual_xarm7_moveit_realmove.launch.py
[1.318s] -- Symlinking: /home/oscar/Projects/Academic/dev_ws/install/xarm_moveit_config/share/xarm_moveit_config//launch/lib/robot_moveit_config_lib.py
[1.326s] -- Symlinking: /home/oscar/Projects/Academic/dev_ws/install/xarm_moveit_config/share/xarm_moveit_config//launch/lite6_moveit_fake.launch.py
[1.332s] -- Symlinking: /home/oscar/Projects/Academic/dev_ws/install/xarm_moveit_config/share/xarm_moveit_config//launch/lite6_moveit_gazebo.launch.py
[1.342s] -- Symlinking: /home/oscar/Projects/Academic/dev_ws/install/xarm_moveit_config/share/xarm_moveit_config//launch/lite6_moveit_realmove.launch.py
[1.350s] -- Symlinking: /home/oscar/Projects/Academic/dev_ws/install/xarm_moveit_config/share/xarm_moveit_config//launch/uf850_moveit_fake.launch.py
[1.360s] -- Symlinking: /home/oscar/Projects/Academic/dev_ws/install/xarm_moveit_config/share/xarm_moveit_config//launch/uf850_moveit_gazebo.launch.py
[1.365s] -- Symlinking: /home/oscar/Projects/Academic/dev_ws/install/xarm_moveit_config/share/xarm_moveit_config//launch/uf850_moveit_realmove.launch.py
[1.375s] -- Symlinking: /home/oscar/Projects/Academic/dev_ws/install/xarm_moveit_config/share/xarm_moveit_config//launch/xarm5_moveit_fake.launch.py
[1.384s] -- Symlinking: /home/oscar/Projects/Academic/dev_ws/install/xarm_moveit_config/share/xarm_moveit_config//launch/xarm5_moveit_gazebo.launch.py
[1.395s] -- Symlinking: /home/oscar/Projects/Academic/dev_ws/install/xarm_moveit_config/share/xarm_moveit_config//launch/xarm5_moveit_realmove.launch.py
[1.406s] -- Symlinking: /home/oscar/Projects/Academic/dev_ws/install/xarm_moveit_config/share/xarm_moveit_config//launch/xarm6_moveit_fake.launch.py
[1.417s] -- Symlinking: /home/oscar/Projects/Academic/dev_ws/install/xarm_moveit_config/share/xarm_moveit_config//launch/xarm6_moveit_gazebo.launch.py
[1.428s] -- Symlinking: /home/oscar/Projects/Academic/dev_ws/install/xarm_moveit_config/share/xarm_moveit_config//launch/xarm6_moveit_realmove.launch.py
[1.439s] -- Symlinking: /home/oscar/Projects/Academic/dev_ws/install/xarm_moveit_config/share/xarm_moveit_config//launch/xarm7_mirror_moveit_fake.launch.py
[1.451s] -- Symlinking: /home/oscar/Projects/Academic/dev_ws/install/xarm_moveit_config/share/xarm_moveit_config//launch/xarm7_mirror_moveit_gazebo.launch.py
[1.463s] -- Symlinking: /home/oscar/Projects/Academic/dev_ws/install/xarm_moveit_config/share/xarm_moveit_config//launch/xarm7_mirror_moveit_realmove.launch.py
[1.473s] -- Symlinking: /home/oscar/Projects/Academic/dev_ws/install/xarm_moveit_config/share/xarm_moveit_config//launch/xarm7_moveit_fake.launch.py
[1.483s] -- Symlinking: /home/oscar/Projects/Academic/dev_ws/install/xarm_moveit_config/share/xarm_moveit_config//launch/xarm7_moveit_gazebo.launch.py
[1.495s] -- Symlinking: /home/oscar/Projects/Academic/dev_ws/install/xarm_moveit_config/share/xarm_moveit_config//launch/xarm7_moveit_realmove.launch.py
[1.508s] -- Symlinking: /home/oscar/Projects/Academic/dev_ws/install/xarm_moveit_config/share/ament_index/resource_index/package_run_dependencies/xarm_moveit_config
[1.517s] -- Symlinking: /home/oscar/Projects/Academic/dev_ws/install/xarm_moveit_config/share/ament_index/resource_index/parent_prefix_path/xarm_moveit_config
[1.531s] -- Symlinking: /home/oscar/Projects/Academic/dev_ws/install/xarm_moveit_config/share/xarm_moveit_config/environment/ament_prefix_path.sh
[1.543s] -- Symlinking: /home/oscar/Projects/Academic/dev_ws/install/xarm_moveit_config/share/xarm_moveit_config/environment/ament_prefix_path.dsv
[1.554s] -- Symlinking: /home/oscar/Projects/Academic/dev_ws/install/xarm_moveit_config/share/xarm_moveit_config/environment/path.sh
[1.566s] -- Symlinking: /home/oscar/Projects/Academic/dev_ws/install/xarm_moveit_config/share/xarm_moveit_config/environment/path.dsv
[1.578s] -- Symlinking: /home/oscar/Projects/Academic/dev_ws/install/xarm_moveit_config/share/xarm_moveit_config/local_setup.bash
[1.590s] -- Symlinking: /home/oscar/Projects/Academic/dev_ws/install/xarm_moveit_config/share/xarm_moveit_config/local_setup.sh
[1.599s] -- Symlinking: /home/oscar/Projects/Academic/dev_ws/install/xarm_moveit_config/share/xarm_moveit_config/local_setup.zsh
[1.610s] -- Symlinking: /home/oscar/Projects/Academic/dev_ws/install/xarm_moveit_config/share/xarm_moveit_config/local_setup.dsv
[1.621s] -- Symlinking: /home/oscar/Projects/Academic/dev_ws/install/xarm_moveit_config/share/xarm_moveit_config/package.dsv
[1.631s] -- Symlinking: /home/oscar/Projects/Academic/dev_ws/install/xarm_moveit_config/share/ament_index/resource_index/packages/xarm_moveit_config
[1.641s] -- Symlinking: /home/oscar/Projects/Academic/dev_ws/install/xarm_moveit_config/share/xarm_moveit_config/cmake/xarm_moveit_configConfig.cmake
[1.651s] -- Symlinking: /home/oscar/Projects/Academic/dev_ws/install/xarm_moveit_config/share/xarm_moveit_config/cmake/xarm_moveit_configConfig-version.cmake
[1.657s] -- Symlinking: /home/oscar/Projects/Academic/dev_ws/install/xarm_moveit_config/share/xarm_moveit_config/package.xml
[1.664s] Invoked command in '/home/oscar/Projects/Academic/dev_ws/build/xarm_moveit_config' returned '0': AMENT_PREFIX_PATH=/home/oscar/Projects/Academic/dev_ws/install/uf_ros_lib:/home/oscar/Projects/Academic/dev_ws/install/xarm_perturbations:/home/oscar/Projects/Academic/dev_ws/install/xarm_writing:/home/oscar/Projects/Academic/dev_ws/install/xarm_planner:/home/oscar/Projects/Academic/dev_ws/install/xarm_moveit_servo:/home/oscar/Projects/Academic/dev_ws/install/xarm_moveit_config:/home/oscar/Projects/Academic/dev_ws/install/xarm_gazebo:/home/oscar/Projects/Academic/dev_ws/install/xarm_controller:/home/oscar/Projects/Academic/dev_ws/install/d435i_xarm_setup:/home/oscar/Projects/Academic/dev_ws/install/xarm_api:/home/oscar/Projects/Academic/dev_ws/install/xarm_sdk:/home/oscar/Projects/Academic/dev_ws/install/xarm_msgs:/home/oscar/Projects/Academic/dev_ws/install/xarm_description:/home/oscar/Projects/Academic/dev_ws/install/realsense_gazebo_plugin:/home/oscar/Projects/Academic/dev_ws/install/mbot_demo:/opt/ros/humble CMAKE_PREFIX_PATH=/home/oscar/Projects/Academic/dev_ws/install/xarm_gazebo:/home/oscar/Projects/Academic/dev_ws/install/xarm_controller:/home/oscar/Projects/Academic/dev_ws/install/xarm_api:/home/oscar/Projects/Academic/dev_ws/install/xarm_sdk:/home/oscar/Projects/Academic/dev_ws/install/xarm_msgs:/home/oscar/Projects/Academic/dev_ws/install/xarm_description:/home/oscar/Projects/Academic/dev_ws/install/xarm_writing:/home/oscar/Projects/Academic/dev_ws/install/xarm_planner:/home/oscar/Projects/Academic/dev_ws/install/xarm_moveit_servo:/home/oscar/Projects/Academic/dev_ws/install/xarm_moveit_config:/home/oscar/Projects/Academic/dev_ws/install/d435i_xarm_setup:/home/oscar/Projects/Academic/dev_ws/install/realsense_gazebo_plugin:/home/oscar/Projects/Academic/dev_ws/install/mbot_demo:/home/oscar/Projects/Academic/dev_ws/install/xarm_perturbations:/home/oscar/Projects/Academic/dev_ws/install/uf_ros_lib:/opt/ros/humble LD_LIBRARY_PATH=/home/oscar/Projects/Academic/dev_ws/install/xarm_gazebo/lib:/home/oscar/Projects/Academic/dev_ws/install/xarm_controller/lib:/home/oscar/Projects/Academic/dev_ws/install/xarm_api/lib:/home/oscar/Projects/Academic/dev_ws/install/xarm_sdk/lib:/home/oscar/Projects/Academic/dev_ws/install/xarm_msgs/lib:/home/oscar/Projects/Academic/dev_ws/install/xarm_planner/lib:/home/oscar/Projects/Academic/dev_ws/install/xarm_moveit_servo/lib:/home/oscar/Projects/Academic/dev_ws/install/realsense_gazebo_plugin/lib:/usr/lib/x86_64-linux-gnu/gazebo-11/plugins:/opt/ros/humble/opt/rviz_ogre_vendor/lib:/opt/ros/humble/lib/x86_64-linux-gnu:/opt/ros/humble/lib PYTHONPATH=/home/oscar/Projects/Academic/dev_ws/build/uf_ros_lib:/home/oscar/Projects/Academic/dev_ws/install/uf_ros_lib/lib/python3.10/site-packages:/home/oscar/Projects/Academic/dev_ws/build/xarm_writing:/home/oscar/Projects/Academic/dev_ws/build/xarm_perturbations:/home/oscar/Projects/Academic/dev_ws/install/xarm_perturbations/lib/python3.10/site-packages:/home/oscar/Projects/Academic/dev_ws/install/xarm_writing/lib/python3.10/site-packages:/home/oscar/Projects/Academic/dev_ws/install/xarm_msgs/local/lib/python3.10/dist-packages:/opt/ros/humble/lib/python3.10/site-packages:/opt/ros/humble/local/lib/python3.10/dist-packages /usr/bin/cmake --install /home/oscar/Projects/Academic/dev_ws/build/xarm_moveit_config
