[0.033s] Invoking command in '/home/oscar/Projects/Academic/dev_ws/build/xarm_planner': AMENT_PREFIX_PATH=/home/oscar/Projects/Academic/dev_ws/install/uf_ros_lib:/home/oscar/Projects/Academic/dev_ws/install/xarm_writing:/home/oscar/Projects/Academic/dev_ws/install/xarm_planner:/home/oscar/Projects/Academic/dev_ws/install/xarm_moveit_servo:/home/oscar/Projects/Academic/dev_ws/install/xarm_moveit_config:/home/oscar/Projects/Academic/dev_ws/install/xarm_gazebo:/home/oscar/Projects/Academic/dev_ws/install/xarm_controller:/home/oscar/Projects/Academic/dev_ws/install/d435i_xarm_setup:/home/oscar/Projects/Academic/dev_ws/install/xarm_api:/home/oscar/Projects/Academic/dev_ws/install/xarm_sdk:/home/oscar/Projects/Academic/dev_ws/install/xarm_perturbations:/home/oscar/Projects/Academic/dev_ws/install/xarm_msgs:/home/oscar/Projects/Academic/dev_ws/install/xarm_description:/home/oscar/Projects/Academic/dev_ws/install/realsense_gazebo_plugin:/home/oscar/Projects/Academic/dev_ws/install/mbot_demo:/opt/ros/humble CMAKE_PREFIX_PATH=/home/oscar/Projects/Academic/dev_ws/install/xarm_moveit_config:/home/oscar/Projects/Academic/dev_ws/install/xarm_gazebo:/home/oscar/Projects/Academic/dev_ws/install/xarm_controller:/home/oscar/Projects/Academic/dev_ws/install/xarm_api:/home/oscar/Projects/Academic/dev_ws/install/xarm_sdk:/home/oscar/Projects/Academic/dev_ws/install/xarm_msgs:/home/oscar/Projects/Academic/dev_ws/install/xarm_description:/home/oscar/Projects/Academic/dev_ws/install/xarm_planner:/home/oscar/Projects/Academic/dev_ws/install/xarm_moveit_servo:/home/oscar/Projects/Academic/dev_ws/install/d435i_xarm_setup:/home/oscar/Projects/Academic/dev_ws/install/realsense_gazebo_plugin:/home/oscar/Projects/Academic/dev_ws/install/mbot_demo:/home/oscar/Projects/Academic/dev_ws/install/xarm_writing:/home/oscar/Projects/Academic/dev_ws/install/xarm_perturbations:/home/oscar/Projects/Academic/dev_ws/install/uf_ros_lib:/opt/ros/humble LD_LIBRARY_PATH=/home/oscar/Projects/Academic/dev_ws/install/xarm_gazebo/lib:/home/oscar/Projects/Academic/dev_ws/install/xarm_controller/lib:/home/oscar/Projects/Academic/dev_ws/install/xarm_api/lib:/home/oscar/Projects/Academic/dev_ws/install/xarm_sdk/lib:/home/oscar/Projects/Academic/dev_ws/install/xarm_msgs/lib:/home/oscar/Projects/Academic/dev_ws/install/xarm_planner/lib:/home/oscar/Projects/Academic/dev_ws/install/xarm_moveit_servo/lib:/home/oscar/Projects/Academic/dev_ws/install/realsense_gazebo_plugin/lib:/usr/lib/x86_64-linux-gnu/gazebo-11/plugins:/opt/ros/humble/opt/rviz_ogre_vendor/lib:/opt/ros/humble/lib/x86_64-linux-gnu:/opt/ros/humble/lib PYTHONPATH=/home/oscar/Projects/Academic/dev_ws/install/uf_ros_lib/lib/python3.10/site-packages:/home/oscar/Projects/Academic/dev_ws/build/xarm_writing:/home/oscar/Projects/Academic/dev_ws/install/xarm_writing/lib/python3.10/site-packages:/home/oscar/Projects/Academic/dev_ws/install/xarm_perturbations/lib/python3.10/site-packages:/home/oscar/Projects/Academic/dev_ws/install/xarm_msgs/local/lib/python3.10/dist-packages:/home/oscar/Projects/Academic/dev_ws/build/uf_ros_lib:/opt/ros/humble/lib/python3.10/site-packages:/opt/ros/humble/local/lib/python3.10/dist-packages /usr/bin/cmake /home/oscar/Projects/Academic/dev_ws/src/xarm_ros2/xarm_planner -DCMAKE_INSTALL_PREFIX=/home/oscar/Projects/Academic/dev_ws/install/xarm_planner
[0.039s] -- Found ament_cmake: 1.3.12 (/opt/ros/humble/share/ament_cmake/cmake)
[0.109s] -- Override CMake install command with custom implementation using symlinks instead of copying resources
[0.113s] -- Found moveit: 2.5.9 (/opt/ros/humble/share/moveit/cmake)
[0.113s] -- Found moveit_ros_planning_interface: 2.5.9 (/opt/ros/humble/share/moveit_ros_planning_interface/cmake)
[0.119s] -- Found Boost: /usr/lib/x86_64-linux-gnu/cmake/Boost-1.74.0/BoostConfig.cmake (found version "1.74.0") found components: date_time filesystem program_options system thread 
[0.133s] -- Found rosidl_generator_c: 3.1.8 (/opt/ros/humble/share/rosidl_generator_c/cmake)
[0.134s] -- Found rosidl_adapter: 3.1.8 (/opt/ros/humble/share/rosidl_adapter/cmake)
[0.137s] -- Found rosidl_generator_cpp: 3.1.8 (/opt/ros/humble/share/rosidl_generator_cpp/cmake)
[0.142s] -- Using all available rosidl_typesupport_c: rosidl_typesupport_fastrtps_c;rosidl_typesupport_introspection_c
[0.149s] -- Using all available rosidl_typesupport_cpp: rosidl_typesupport_fastrtps_cpp;rosidl_typesupport_introspection_cpp
[0.239s] -- Found Boost: /usr/lib/x86_64-linux-gnu/cmake/Boost-1.74.0/BoostConfig.cmake (found version "1.74.0") found components: chrono date_time filesystem iostreams program_options regex serialization system thread 
[0.253s] -- Found parameter_traits: 0.6.0 (/opt/ros/humble/share/parameter_traits/cmake)
[0.267s] -- Found rmw_implementation_cmake: 6.1.2 (/opt/ros/humble/share/rmw_implementation_cmake/cmake)
[0.268s] -- Found rmw_fastrtps_cpp: 6.2.9 (/opt/ros/humble/share/rmw_fastrtps_cpp/cmake)
[0.330s] -- Using RMW implementation 'rmw_fastrtps_cpp' as default
[0.352s] -- Found rclcpp_lifecycle: 16.0.17 (/opt/ros/humble/share/rclcpp_lifecycle/cmake)
[0.363s] -- Found Boost: /usr/lib/x86_64-linux-gnu/cmake/Boost-1.74.0/BoostConfig.cmake (found version "1.74.0") found components: filesystem 
[0.381s] -- library: /usr/lib/x86_64-linux-gnu/libcurl.so
[0.395s] -- Ensuring Eigen3 include directory is part of orocos-kdl CMake target
[0.452s] -- Found Boost: /usr/lib/x86_64-linux-gnu/cmake/Boost-1.74.0/BoostConfig.cmake (found version "1.74.0") found components: system filesystem date_time program_options thread chrono 
[0.467s] -- Found Boost: /usr/lib/x86_64-linux-gnu/cmake/Boost-1.74.0/BoostConfig.cmake (found version "1.74.0") found components: thread system filesystem regex date_time program_options 
[0.477s] -- Found Boost: /usr/lib/x86_64-linux-gnu/cmake/Boost-1.74.0/BoostConfig.cmake (found version "1.74.0") found components: system filesystem date_time program_options thread 
[0.492s] -- Found xarm_msgs: 0.0.0 (/home/oscar/Projects/Academic/dev_ws/install/xarm_msgs/share/xarm_msgs/cmake)
[0.516s] -- Found ament_lint_auto: 0.12.14 (/opt/ros/humble/share/ament_lint_auto/cmake)
[0.556s] -- Added test 'copyright' to check source files copyright and LICENSE
[0.557s] -- Added test 'cppcheck' to perform static code analysis on C / C++ code
[0.557s] -- Configured cppcheck include dirs: /home/oscar/Projects/Academic/dev_ws/src/xarm_ros2/xarm_planner/include
[0.557s] -- Configured cppcheck exclude dirs and/or files: 
[0.558s] -- Added test 'cpplint' to check C / C++ code against the Google style
[0.558s] -- Configured cpplint exclude dirs and/or files: 
[0.558s] -- Added test 'flake8' to check Python code syntax and style conventions
[0.558s] -- Added test 'lint_cmake' to check CMake code style
[0.558s] -- Added test 'pep257' to check Python code against some of the docstring style conventions in PEP 257
[0.559s] -- Added test 'uncrustify' to check C / C++ code style
[0.559s] -- Configured uncrustify additional arguments: 
[0.559s] -- Added test 'xmllint' to check XML markup files
[0.560s] -- Configuring done
[0.617s] -- Generating done
[0.638s] -- Build files have been written to: /home/oscar/Projects/Academic/dev_ws/build/xarm_planner
[0.647s] Invoked command in '/home/oscar/Projects/Academic/dev_ws/build/xarm_planner' returned '0': AMENT_PREFIX_PATH=/home/oscar/Projects/Academic/dev_ws/install/uf_ros_lib:/home/oscar/Projects/Academic/dev_ws/install/xarm_writing:/home/oscar/Projects/Academic/dev_ws/install/xarm_planner:/home/oscar/Projects/Academic/dev_ws/install/xarm_moveit_servo:/home/oscar/Projects/Academic/dev_ws/install/xarm_moveit_config:/home/oscar/Projects/Academic/dev_ws/install/xarm_gazebo:/home/oscar/Projects/Academic/dev_ws/install/xarm_controller:/home/oscar/Projects/Academic/dev_ws/install/d435i_xarm_setup:/home/oscar/Projects/Academic/dev_ws/install/xarm_api:/home/oscar/Projects/Academic/dev_ws/install/xarm_sdk:/home/oscar/Projects/Academic/dev_ws/install/xarm_perturbations:/home/oscar/Projects/Academic/dev_ws/install/xarm_msgs:/home/oscar/Projects/Academic/dev_ws/install/xarm_description:/home/oscar/Projects/Academic/dev_ws/install/realsense_gazebo_plugin:/home/oscar/Projects/Academic/dev_ws/install/mbot_demo:/opt/ros/humble CMAKE_PREFIX_PATH=/home/oscar/Projects/Academic/dev_ws/install/xarm_moveit_config:/home/oscar/Projects/Academic/dev_ws/install/xarm_gazebo:/home/oscar/Projects/Academic/dev_ws/install/xarm_controller:/home/oscar/Projects/Academic/dev_ws/install/xarm_api:/home/oscar/Projects/Academic/dev_ws/install/xarm_sdk:/home/oscar/Projects/Academic/dev_ws/install/xarm_msgs:/home/oscar/Projects/Academic/dev_ws/install/xarm_description:/home/oscar/Projects/Academic/dev_ws/install/xarm_planner:/home/oscar/Projects/Academic/dev_ws/install/xarm_moveit_servo:/home/oscar/Projects/Academic/dev_ws/install/d435i_xarm_setup:/home/oscar/Projects/Academic/dev_ws/install/realsense_gazebo_plugin:/home/oscar/Projects/Academic/dev_ws/install/mbot_demo:/home/oscar/Projects/Academic/dev_ws/install/xarm_writing:/home/oscar/Projects/Academic/dev_ws/install/xarm_perturbations:/home/oscar/Projects/Academic/dev_ws/install/uf_ros_lib:/opt/ros/humble LD_LIBRARY_PATH=/home/oscar/Projects/Academic/dev_ws/install/xarm_gazebo/lib:/home/oscar/Projects/Academic/dev_ws/install/xarm_controller/lib:/home/oscar/Projects/Academic/dev_ws/install/xarm_api/lib:/home/oscar/Projects/Academic/dev_ws/install/xarm_sdk/lib:/home/oscar/Projects/Academic/dev_ws/install/xarm_msgs/lib:/home/oscar/Projects/Academic/dev_ws/install/xarm_planner/lib:/home/oscar/Projects/Academic/dev_ws/install/xarm_moveit_servo/lib:/home/oscar/Projects/Academic/dev_ws/install/realsense_gazebo_plugin/lib:/usr/lib/x86_64-linux-gnu/gazebo-11/plugins:/opt/ros/humble/opt/rviz_ogre_vendor/lib:/opt/ros/humble/lib/x86_64-linux-gnu:/opt/ros/humble/lib PYTHONPATH=/home/oscar/Projects/Academic/dev_ws/install/uf_ros_lib/lib/python3.10/site-packages:/home/oscar/Projects/Academic/dev_ws/build/xarm_writing:/home/oscar/Projects/Academic/dev_ws/install/xarm_writing/lib/python3.10/site-packages:/home/oscar/Projects/Academic/dev_ws/install/xarm_perturbations/lib/python3.10/site-packages:/home/oscar/Projects/Academic/dev_ws/install/xarm_msgs/local/lib/python3.10/dist-packages:/home/oscar/Projects/Academic/dev_ws/build/uf_ros_lib:/opt/ros/humble/lib/python3.10/site-packages:/opt/ros/humble/local/lib/python3.10/dist-packages /usr/bin/cmake /home/oscar/Projects/Academic/dev_ws/src/xarm_ros2/xarm_planner -DCMAKE_INSTALL_PREFIX=/home/oscar/Projects/Academic/dev_ws/install/xarm_planner
[0.648s] Invoking command in '/home/oscar/Projects/Academic/dev_ws/build/xarm_planner': AMENT_PREFIX_PATH=/home/oscar/Projects/Academic/dev_ws/install/uf_ros_lib:/home/oscar/Projects/Academic/dev_ws/install/xarm_writing:/home/oscar/Projects/Academic/dev_ws/install/xarm_planner:/home/oscar/Projects/Academic/dev_ws/install/xarm_moveit_servo:/home/oscar/Projects/Academic/dev_ws/install/xarm_moveit_config:/home/oscar/Projects/Academic/dev_ws/install/xarm_gazebo:/home/oscar/Projects/Academic/dev_ws/install/xarm_controller:/home/oscar/Projects/Academic/dev_ws/install/d435i_xarm_setup:/home/oscar/Projects/Academic/dev_ws/install/xarm_api:/home/oscar/Projects/Academic/dev_ws/install/xarm_sdk:/home/oscar/Projects/Academic/dev_ws/install/xarm_perturbations:/home/oscar/Projects/Academic/dev_ws/install/xarm_msgs:/home/oscar/Projects/Academic/dev_ws/install/xarm_description:/home/oscar/Projects/Academic/dev_ws/install/realsense_gazebo_plugin:/home/oscar/Projects/Academic/dev_ws/install/mbot_demo:/opt/ros/humble CMAKE_PREFIX_PATH=/home/oscar/Projects/Academic/dev_ws/install/xarm_moveit_config:/home/oscar/Projects/Academic/dev_ws/install/xarm_gazebo:/home/oscar/Projects/Academic/dev_ws/install/xarm_controller:/home/oscar/Projects/Academic/dev_ws/install/xarm_api:/home/oscar/Projects/Academic/dev_ws/install/xarm_sdk:/home/oscar/Projects/Academic/dev_ws/install/xarm_msgs:/home/oscar/Projects/Academic/dev_ws/install/xarm_description:/home/oscar/Projects/Academic/dev_ws/install/xarm_planner:/home/oscar/Projects/Academic/dev_ws/install/xarm_moveit_servo:/home/oscar/Projects/Academic/dev_ws/install/d435i_xarm_setup:/home/oscar/Projects/Academic/dev_ws/install/realsense_gazebo_plugin:/home/oscar/Projects/Academic/dev_ws/install/mbot_demo:/home/oscar/Projects/Academic/dev_ws/install/xarm_writing:/home/oscar/Projects/Academic/dev_ws/install/xarm_perturbations:/home/oscar/Projects/Academic/dev_ws/install/uf_ros_lib:/opt/ros/humble LD_LIBRARY_PATH=/home/oscar/Projects/Academic/dev_ws/install/xarm_gazebo/lib:/home/oscar/Projects/Academic/dev_ws/install/xarm_controller/lib:/home/oscar/Projects/Academic/dev_ws/install/xarm_api/lib:/home/oscar/Projects/Academic/dev_ws/install/xarm_sdk/lib:/home/oscar/Projects/Academic/dev_ws/install/xarm_msgs/lib:/home/oscar/Projects/Academic/dev_ws/install/xarm_planner/lib:/home/oscar/Projects/Academic/dev_ws/install/xarm_moveit_servo/lib:/home/oscar/Projects/Academic/dev_ws/install/realsense_gazebo_plugin/lib:/usr/lib/x86_64-linux-gnu/gazebo-11/plugins:/opt/ros/humble/opt/rviz_ogre_vendor/lib:/opt/ros/humble/lib/x86_64-linux-gnu:/opt/ros/humble/lib PYTHONPATH=/home/oscar/Projects/Academic/dev_ws/install/uf_ros_lib/lib/python3.10/site-packages:/home/oscar/Projects/Academic/dev_ws/build/xarm_writing:/home/oscar/Projects/Academic/dev_ws/install/xarm_writing/lib/python3.10/site-packages:/home/oscar/Projects/Academic/dev_ws/install/xarm_perturbations/lib/python3.10/site-packages:/home/oscar/Projects/Academic/dev_ws/install/xarm_msgs/local/lib/python3.10/dist-packages:/home/oscar/Projects/Academic/dev_ws/build/uf_ros_lib:/opt/ros/humble/lib/python3.10/site-packages:/opt/ros/humble/local/lib/python3.10/dist-packages /usr/bin/cmake --build /home/oscar/Projects/Academic/dev_ws/build/xarm_planner -- -j24 -l24
[0.678s] [35m[1mConsolidate compiler generated dependencies of target test_lite_gripper_realmove[0m
[0.679s] [35m[1mConsolidate compiler generated dependencies of target test_xarm_planner_client_pose[0m
[0.679s] [35m[1mConsolidate compiler generated dependencies of target test_xarm_gripper_planner_client_joint[0m
[0.680s] [35m[1mConsolidate compiler generated dependencies of target test_xarm_planner_client_joint[0m
[0.680s] [35m[1mConsolidate compiler generated dependencies of target xarm_planner[0m
[0.688s] [  9%] Built target test_xarm_planner_client_pose
[0.688s] [ 18%] Built target test_xarm_gripper_planner_client_joint
[0.688s] [ 27%] Built target test_lite_gripper_realmove
[0.693s] [ 36%] Built target test_xarm_planner_client_joint
[0.696s] [ 45%] Built target xarm_planner
[0.704s] [35m[1mConsolidate compiler generated dependencies of target xarm_gripper_planner_node[0m
[0.704s] [35m[1mConsolidate compiler generated dependencies of target test_xarm_gripper_planner_api_joint[0m
[0.704s] [35m[1mConsolidate compiler generated dependencies of target test_xarm_planner_api_pose[0m
[0.704s] [35m[1mConsolidate compiler generated dependencies of target xarm_planner_node[0m
[0.704s] [35m[1mConsolidate compiler generated dependencies of target test_dual_xarm_planner_api_joint[0m
[0.706s] [35m[1mConsolidate compiler generated dependencies of target test_xarm_planner_api_joint[0m
[0.718s] [ 54%] Built target xarm_gripper_planner_node
[0.719s] [ 63%] Built target test_xarm_planner_api_joint
[0.720s] [ 72%] Built target test_dual_xarm_planner_api_joint
[0.721s] [ 81%] Built target xarm_planner_node
[0.721s] [ 90%] Built target test_xarm_gripper_planner_api_joint
[0.721s] [100%] Built target test_xarm_planner_api_pose
[0.728s] Invoked command in '/home/oscar/Projects/Academic/dev_ws/build/xarm_planner' returned '0': AMENT_PREFIX_PATH=/home/oscar/Projects/Academic/dev_ws/install/uf_ros_lib:/home/oscar/Projects/Academic/dev_ws/install/xarm_writing:/home/oscar/Projects/Academic/dev_ws/install/xarm_planner:/home/oscar/Projects/Academic/dev_ws/install/xarm_moveit_servo:/home/oscar/Projects/Academic/dev_ws/install/xarm_moveit_config:/home/oscar/Projects/Academic/dev_ws/install/xarm_gazebo:/home/oscar/Projects/Academic/dev_ws/install/xarm_controller:/home/oscar/Projects/Academic/dev_ws/install/d435i_xarm_setup:/home/oscar/Projects/Academic/dev_ws/install/xarm_api:/home/oscar/Projects/Academic/dev_ws/install/xarm_sdk:/home/oscar/Projects/Academic/dev_ws/install/xarm_perturbations:/home/oscar/Projects/Academic/dev_ws/install/xarm_msgs:/home/oscar/Projects/Academic/dev_ws/install/xarm_description:/home/oscar/Projects/Academic/dev_ws/install/realsense_gazebo_plugin:/home/oscar/Projects/Academic/dev_ws/install/mbot_demo:/opt/ros/humble CMAKE_PREFIX_PATH=/home/oscar/Projects/Academic/dev_ws/install/xarm_moveit_config:/home/oscar/Projects/Academic/dev_ws/install/xarm_gazebo:/home/oscar/Projects/Academic/dev_ws/install/xarm_controller:/home/oscar/Projects/Academic/dev_ws/install/xarm_api:/home/oscar/Projects/Academic/dev_ws/install/xarm_sdk:/home/oscar/Projects/Academic/dev_ws/install/xarm_msgs:/home/oscar/Projects/Academic/dev_ws/install/xarm_description:/home/oscar/Projects/Academic/dev_ws/install/xarm_planner:/home/oscar/Projects/Academic/dev_ws/install/xarm_moveit_servo:/home/oscar/Projects/Academic/dev_ws/install/d435i_xarm_setup:/home/oscar/Projects/Academic/dev_ws/install/realsense_gazebo_plugin:/home/oscar/Projects/Academic/dev_ws/install/mbot_demo:/home/oscar/Projects/Academic/dev_ws/install/xarm_writing:/home/oscar/Projects/Academic/dev_ws/install/xarm_perturbations:/home/oscar/Projects/Academic/dev_ws/install/uf_ros_lib:/opt/ros/humble LD_LIBRARY_PATH=/home/oscar/Projects/Academic/dev_ws/install/xarm_gazebo/lib:/home/oscar/Projects/Academic/dev_ws/install/xarm_controller/lib:/home/oscar/Projects/Academic/dev_ws/install/xarm_api/lib:/home/oscar/Projects/Academic/dev_ws/install/xarm_sdk/lib:/home/oscar/Projects/Academic/dev_ws/install/xarm_msgs/lib:/home/oscar/Projects/Academic/dev_ws/install/xarm_planner/lib:/home/oscar/Projects/Academic/dev_ws/install/xarm_moveit_servo/lib:/home/oscar/Projects/Academic/dev_ws/install/realsense_gazebo_plugin/lib:/usr/lib/x86_64-linux-gnu/gazebo-11/plugins:/opt/ros/humble/opt/rviz_ogre_vendor/lib:/opt/ros/humble/lib/x86_64-linux-gnu:/opt/ros/humble/lib PYTHONPATH=/home/oscar/Projects/Academic/dev_ws/install/uf_ros_lib/lib/python3.10/site-packages:/home/oscar/Projects/Academic/dev_ws/build/xarm_writing:/home/oscar/Projects/Academic/dev_ws/install/xarm_writing/lib/python3.10/site-packages:/home/oscar/Projects/Academic/dev_ws/install/xarm_perturbations/lib/python3.10/site-packages:/home/oscar/Projects/Academic/dev_ws/install/xarm_msgs/local/lib/python3.10/dist-packages:/home/oscar/Projects/Academic/dev_ws/build/uf_ros_lib:/opt/ros/humble/lib/python3.10/site-packages:/opt/ros/humble/local/lib/python3.10/dist-packages /usr/bin/cmake --build /home/oscar/Projects/Academic/dev_ws/build/xarm_planner -- -j24 -l24
[0.729s] Invoking command in '/home/oscar/Projects/Academic/dev_ws/build/xarm_planner': AMENT_PREFIX_PATH=/home/oscar/Projects/Academic/dev_ws/install/uf_ros_lib:/home/oscar/Projects/Academic/dev_ws/install/xarm_writing:/home/oscar/Projects/Academic/dev_ws/install/xarm_planner:/home/oscar/Projects/Academic/dev_ws/install/xarm_moveit_servo:/home/oscar/Projects/Academic/dev_ws/install/xarm_moveit_config:/home/oscar/Projects/Academic/dev_ws/install/xarm_gazebo:/home/oscar/Projects/Academic/dev_ws/install/xarm_controller:/home/oscar/Projects/Academic/dev_ws/install/d435i_xarm_setup:/home/oscar/Projects/Academic/dev_ws/install/xarm_api:/home/oscar/Projects/Academic/dev_ws/install/xarm_sdk:/home/oscar/Projects/Academic/dev_ws/install/xarm_perturbations:/home/oscar/Projects/Academic/dev_ws/install/xarm_msgs:/home/oscar/Projects/Academic/dev_ws/install/xarm_description:/home/oscar/Projects/Academic/dev_ws/install/realsense_gazebo_plugin:/home/oscar/Projects/Academic/dev_ws/install/mbot_demo:/opt/ros/humble CMAKE_PREFIX_PATH=/home/oscar/Projects/Academic/dev_ws/install/xarm_moveit_config:/home/oscar/Projects/Academic/dev_ws/install/xarm_gazebo:/home/oscar/Projects/Academic/dev_ws/install/xarm_controller:/home/oscar/Projects/Academic/dev_ws/install/xarm_api:/home/oscar/Projects/Academic/dev_ws/install/xarm_sdk:/home/oscar/Projects/Academic/dev_ws/install/xarm_msgs:/home/oscar/Projects/Academic/dev_ws/install/xarm_description:/home/oscar/Projects/Academic/dev_ws/install/xarm_planner:/home/oscar/Projects/Academic/dev_ws/install/xarm_moveit_servo:/home/oscar/Projects/Academic/dev_ws/install/d435i_xarm_setup:/home/oscar/Projects/Academic/dev_ws/install/realsense_gazebo_plugin:/home/oscar/Projects/Academic/dev_ws/install/mbot_demo:/home/oscar/Projects/Academic/dev_ws/install/xarm_writing:/home/oscar/Projects/Academic/dev_ws/install/xarm_perturbations:/home/oscar/Projects/Academic/dev_ws/install/uf_ros_lib:/opt/ros/humble LD_LIBRARY_PATH=/home/oscar/Projects/Academic/dev_ws/install/xarm_gazebo/lib:/home/oscar/Projects/Academic/dev_ws/install/xarm_controller/lib:/home/oscar/Projects/Academic/dev_ws/install/xarm_api/lib:/home/oscar/Projects/Academic/dev_ws/install/xarm_sdk/lib:/home/oscar/Projects/Academic/dev_ws/install/xarm_msgs/lib:/home/oscar/Projects/Academic/dev_ws/install/xarm_planner/lib:/home/oscar/Projects/Academic/dev_ws/install/xarm_moveit_servo/lib:/home/oscar/Projects/Academic/dev_ws/install/realsense_gazebo_plugin/lib:/usr/lib/x86_64-linux-gnu/gazebo-11/plugins:/opt/ros/humble/opt/rviz_ogre_vendor/lib:/opt/ros/humble/lib/x86_64-linux-gnu:/opt/ros/humble/lib PYTHONPATH=/home/oscar/Projects/Academic/dev_ws/install/uf_ros_lib/lib/python3.10/site-packages:/home/oscar/Projects/Academic/dev_ws/build/xarm_writing:/home/oscar/Projects/Academic/dev_ws/install/xarm_writing/lib/python3.10/site-packages:/home/oscar/Projects/Academic/dev_ws/install/xarm_perturbations/lib/python3.10/site-packages:/home/oscar/Projects/Academic/dev_ws/install/xarm_msgs/local/lib/python3.10/dist-packages:/home/oscar/Projects/Academic/dev_ws/build/uf_ros_lib:/opt/ros/humble/lib/python3.10/site-packages:/opt/ros/humble/local/lib/python3.10/dist-packages /usr/bin/cmake --install /home/oscar/Projects/Academic/dev_ws/build/xarm_planner
[0.734s] -- Install configuration: ""
[0.734s] -- Execute custom install script
[0.734s] -- Up-to-date symlink: /home/oscar/Projects/Academic/dev_ws/install/xarm_planner/include/xarm_planner/xarm_planner.h
[0.734s] -- Up-to-date symlink: /home/oscar/Projects/Academic/dev_ws/install/xarm_planner/lib/libxarm_planner.so
[0.734s] -- Up-to-date symlink: /home/oscar/Projects/Academic/dev_ws/install/xarm_planner/lib/xarm_planner/xarm_planner_node
[0.734s] -- Up-to-date symlink: /home/oscar/Projects/Academic/dev_ws/install/xarm_planner/lib/xarm_planner/xarm_gripper_planner_node
[0.734s] -- Up-to-date symlink: /home/oscar/Projects/Academic/dev_ws/install/xarm_planner/lib/xarm_planner/test_xarm_planner_api_joint
[0.734s] -- Up-to-date symlink: /home/oscar/Projects/Academic/dev_ws/install/xarm_planner/lib/xarm_planner/test_dual_xarm_planner_api_joint
[0.734s] -- Up-to-date symlink: /home/oscar/Projects/Academic/dev_ws/install/xarm_planner/lib/xarm_planner/test_xarm_planner_api_pose
[0.734s] -- Up-to-date symlink: /home/oscar/Projects/Academic/dev_ws/install/xarm_planner/lib/xarm_planner/test_xarm_gripper_planner_api_joint
[0.734s] -- Up-to-date symlink: /home/oscar/Projects/Academic/dev_ws/install/xarm_planner/lib/xarm_planner/test_xarm_planner_client_joint
[0.734s] -- Up-to-date symlink: /home/oscar/Projects/Academic/dev_ws/install/xarm_planner/lib/xarm_planner/test_xarm_planner_client_pose
[0.734s] -- Up-to-date symlink: /home/oscar/Projects/Academic/dev_ws/install/xarm_planner/lib/xarm_planner/test_xarm_gripper_planner_client_joint
[0.735s] -- Up-to-date symlink: /home/oscar/Projects/Academic/dev_ws/install/xarm_planner/lib/xarm_planner/test_lite_gripper_realmove
[0.735s] -- Up-to-date symlink: /home/oscar/Projects/Academic/dev_ws/install/xarm_planner/share/xarm_planner//launch/_dual_robot_planner.launch.py
[0.735s] -- Up-to-date symlink: /home/oscar/Projects/Academic/dev_ws/install/xarm_planner/share/xarm_planner//launch/_robot_planner.launch.py
[0.735s] -- Up-to-date symlink: /home/oscar/Projects/Academic/dev_ws/install/xarm_planner/share/xarm_planner//launch/lite6_planner_fake.launch.py
[0.735s] -- Up-to-date symlink: /home/oscar/Projects/Academic/dev_ws/install/xarm_planner/share/xarm_planner//launch/lite6_planner_gazebo.launch.py
[0.735s] -- Up-to-date symlink: /home/oscar/Projects/Academic/dev_ws/install/xarm_planner/share/xarm_planner//launch/lite6_planner_realmove.launch.py
[0.735s] -- Up-to-date symlink: /home/oscar/Projects/Academic/dev_ws/install/xarm_planner/share/xarm_planner//launch/test_dual_xarm_planner_api_joint.launch.py
[0.735s] -- Up-to-date symlink: /home/oscar/Projects/Academic/dev_ws/install/xarm_planner/share/xarm_planner//launch/test_lite_gripper_realmove.launch.py
[0.735s] -- Up-to-date symlink: /home/oscar/Projects/Academic/dev_ws/install/xarm_planner/share/xarm_planner//launch/test_move_group.launch.py
[0.735s] -- Up-to-date symlink: /home/oscar/Projects/Academic/dev_ws/install/xarm_planner/share/xarm_planner//launch/test_xarm_gripper_planner_api_joint.launch.py
[0.735s] -- Up-to-date symlink: /home/oscar/Projects/Academic/dev_ws/install/xarm_planner/share/xarm_planner//launch/test_xarm_gripper_planner_client_joint.launch.py
[0.735s] -- Up-to-date symlink: /home/oscar/Projects/Academic/dev_ws/install/xarm_planner/share/xarm_planner//launch/test_xarm_planner_api_joint.launch.py
[0.735s] -- Up-to-date symlink: /home/oscar/Projects/Academic/dev_ws/install/xarm_planner/share/xarm_planner//launch/test_xarm_planner_api_pose.launch.py
[0.735s] -- Up-to-date symlink: /home/oscar/Projects/Academic/dev_ws/install/xarm_planner/share/xarm_planner//launch/test_xarm_planner_client_joint.launch.py
[0.735s] -- Up-to-date symlink: /home/oscar/Projects/Academic/dev_ws/install/xarm_planner/share/xarm_planner//launch/test_xarm_planner_client_pose.launch.py
[0.735s] -- Up-to-date symlink: /home/oscar/Projects/Academic/dev_ws/install/xarm_planner/share/xarm_planner//launch/uf850_planner_fake.launch.py
[0.735s] -- Up-to-date symlink: /home/oscar/Projects/Academic/dev_ws/install/xarm_planner/share/xarm_planner//launch/uf850_planner_gazebo.launch.py
[0.735s] -- Up-to-date symlink: /home/oscar/Projects/Academic/dev_ws/install/xarm_planner/share/xarm_planner//launch/uf850_planner_realmove.launch.py
[0.735s] -- Up-to-date symlink: /home/oscar/Projects/Academic/dev_ws/install/xarm_planner/share/xarm_planner//launch/xarm5_planner_fake.launch.py
[0.735s] -- Up-to-date symlink: /home/oscar/Projects/Academic/dev_ws/install/xarm_planner/share/xarm_planner//launch/xarm5_planner_gazebo.launch.py
[0.736s] -- Up-to-date symlink: /home/oscar/Projects/Academic/dev_ws/install/xarm_planner/share/xarm_planner//launch/xarm5_planner_realmove.launch.py
[0.736s] -- Up-to-date symlink: /home/oscar/Projects/Academic/dev_ws/install/xarm_planner/share/xarm_planner//launch/xarm6_planner_fake.launch.py
[0.736s] -- Up-to-date symlink: /home/oscar/Projects/Academic/dev_ws/install/xarm_planner/share/xarm_planner//launch/xarm6_planner_gazebo.launch.py
[0.736s] -- Up-to-date symlink: /home/oscar/Projects/Academic/dev_ws/install/xarm_planner/share/xarm_planner//launch/xarm6_planner_realmove.launch.py
[0.736s] -- Up-to-date symlink: /home/oscar/Projects/Academic/dev_ws/install/xarm_planner/share/xarm_planner//launch/xarm7_mirror_planner_fake.launch.py
[0.736s] -- Up-to-date symlink: /home/oscar/Projects/Academic/dev_ws/install/xarm_planner/share/xarm_planner//launch/xarm7_mirror_planner_gazebo.launch.py
[0.736s] -- Up-to-date symlink: /home/oscar/Projects/Academic/dev_ws/install/xarm_planner/share/xarm_planner//launch/xarm7_mirror_planner_realmove.launch.py
[0.736s] -- Up-to-date symlink: /home/oscar/Projects/Academic/dev_ws/install/xarm_planner/share/xarm_planner//launch/xarm7_planner_fake.launch.py
[0.736s] -- Up-to-date symlink: /home/oscar/Projects/Academic/dev_ws/install/xarm_planner/share/xarm_planner//launch/xarm7_planner_gazebo.launch.py
[0.736s] -- Up-to-date symlink: /home/oscar/Projects/Academic/dev_ws/install/xarm_planner/share/xarm_planner//launch/xarm7_planner_realmove.launch.py
[0.736s] -- Up-to-date symlink: /home/oscar/Projects/Academic/dev_ws/install/xarm_planner/share/ament_index/resource_index/package_run_dependencies/xarm_planner
[0.736s] -- Up-to-date symlink: /home/oscar/Projects/Academic/dev_ws/install/xarm_planner/share/ament_index/resource_index/parent_prefix_path/xarm_planner
[0.736s] -- Up-to-date symlink: /home/oscar/Projects/Academic/dev_ws/install/xarm_planner/share/xarm_planner/environment/ament_prefix_path.sh
[0.737s] -- Up-to-date symlink: /home/oscar/Projects/Academic/dev_ws/install/xarm_planner/share/xarm_planner/environment/ament_prefix_path.dsv
[0.737s] -- Up-to-date symlink: /home/oscar/Projects/Academic/dev_ws/install/xarm_planner/share/xarm_planner/environment/path.sh
[0.737s] -- Up-to-date symlink: /home/oscar/Projects/Academic/dev_ws/install/xarm_planner/share/xarm_planner/environment/path.dsv
[0.737s] -- Up-to-date symlink: /home/oscar/Projects/Academic/dev_ws/install/xarm_planner/share/xarm_planner/local_setup.bash
[0.737s] -- Up-to-date symlink: /home/oscar/Projects/Academic/dev_ws/install/xarm_planner/share/xarm_planner/local_setup.sh
[0.737s] -- Up-to-date symlink: /home/oscar/Projects/Academic/dev_ws/install/xarm_planner/share/xarm_planner/local_setup.zsh
[0.737s] -- Up-to-date symlink: /home/oscar/Projects/Academic/dev_ws/install/xarm_planner/share/xarm_planner/local_setup.dsv
[0.737s] -- Symlinking: /home/oscar/Projects/Academic/dev_ws/install/xarm_planner/share/xarm_planner/package.dsv
[0.742s] -- Up-to-date symlink: /home/oscar/Projects/Academic/dev_ws/install/xarm_planner/share/ament_index/resource_index/packages/xarm_planner
[0.742s] -- Up-to-date symlink: /home/oscar/Projects/Academic/dev_ws/install/xarm_planner/share/xarm_planner/cmake/xarm_plannerConfig.cmake
[0.742s] -- Up-to-date symlink: /home/oscar/Projects/Academic/dev_ws/install/xarm_planner/share/xarm_planner/cmake/xarm_plannerConfig-version.cmake
[0.742s] -- Up-to-date symlink: /home/oscar/Projects/Academic/dev_ws/install/xarm_planner/share/xarm_planner/package.xml
[0.743s] Invoked command in '/home/oscar/Projects/Academic/dev_ws/build/xarm_planner' returned '0': AMENT_PREFIX_PATH=/home/oscar/Projects/Academic/dev_ws/install/uf_ros_lib:/home/oscar/Projects/Academic/dev_ws/install/xarm_writing:/home/oscar/Projects/Academic/dev_ws/install/xarm_planner:/home/oscar/Projects/Academic/dev_ws/install/xarm_moveit_servo:/home/oscar/Projects/Academic/dev_ws/install/xarm_moveit_config:/home/oscar/Projects/Academic/dev_ws/install/xarm_gazebo:/home/oscar/Projects/Academic/dev_ws/install/xarm_controller:/home/oscar/Projects/Academic/dev_ws/install/d435i_xarm_setup:/home/oscar/Projects/Academic/dev_ws/install/xarm_api:/home/oscar/Projects/Academic/dev_ws/install/xarm_sdk:/home/oscar/Projects/Academic/dev_ws/install/xarm_perturbations:/home/oscar/Projects/Academic/dev_ws/install/xarm_msgs:/home/oscar/Projects/Academic/dev_ws/install/xarm_description:/home/oscar/Projects/Academic/dev_ws/install/realsense_gazebo_plugin:/home/oscar/Projects/Academic/dev_ws/install/mbot_demo:/opt/ros/humble CMAKE_PREFIX_PATH=/home/oscar/Projects/Academic/dev_ws/install/xarm_moveit_config:/home/oscar/Projects/Academic/dev_ws/install/xarm_gazebo:/home/oscar/Projects/Academic/dev_ws/install/xarm_controller:/home/oscar/Projects/Academic/dev_ws/install/xarm_api:/home/oscar/Projects/Academic/dev_ws/install/xarm_sdk:/home/oscar/Projects/Academic/dev_ws/install/xarm_msgs:/home/oscar/Projects/Academic/dev_ws/install/xarm_description:/home/oscar/Projects/Academic/dev_ws/install/xarm_planner:/home/oscar/Projects/Academic/dev_ws/install/xarm_moveit_servo:/home/oscar/Projects/Academic/dev_ws/install/d435i_xarm_setup:/home/oscar/Projects/Academic/dev_ws/install/realsense_gazebo_plugin:/home/oscar/Projects/Academic/dev_ws/install/mbot_demo:/home/oscar/Projects/Academic/dev_ws/install/xarm_writing:/home/oscar/Projects/Academic/dev_ws/install/xarm_perturbations:/home/oscar/Projects/Academic/dev_ws/install/uf_ros_lib:/opt/ros/humble LD_LIBRARY_PATH=/home/oscar/Projects/Academic/dev_ws/install/xarm_gazebo/lib:/home/oscar/Projects/Academic/dev_ws/install/xarm_controller/lib:/home/oscar/Projects/Academic/dev_ws/install/xarm_api/lib:/home/oscar/Projects/Academic/dev_ws/install/xarm_sdk/lib:/home/oscar/Projects/Academic/dev_ws/install/xarm_msgs/lib:/home/oscar/Projects/Academic/dev_ws/install/xarm_planner/lib:/home/oscar/Projects/Academic/dev_ws/install/xarm_moveit_servo/lib:/home/oscar/Projects/Academic/dev_ws/install/realsense_gazebo_plugin/lib:/usr/lib/x86_64-linux-gnu/gazebo-11/plugins:/opt/ros/humble/opt/rviz_ogre_vendor/lib:/opt/ros/humble/lib/x86_64-linux-gnu:/opt/ros/humble/lib PYTHONPATH=/home/oscar/Projects/Academic/dev_ws/install/uf_ros_lib/lib/python3.10/site-packages:/home/oscar/Projects/Academic/dev_ws/build/xarm_writing:/home/oscar/Projects/Academic/dev_ws/install/xarm_writing/lib/python3.10/site-packages:/home/oscar/Projects/Academic/dev_ws/install/xarm_perturbations/lib/python3.10/site-packages:/home/oscar/Projects/Academic/dev_ws/install/xarm_msgs/local/lib/python3.10/dist-packages:/home/oscar/Projects/Academic/dev_ws/build/uf_ros_lib:/opt/ros/humble/lib/python3.10/site-packages:/opt/ros/humble/local/lib/python3.10/dist-packages /usr/bin/cmake --install /home/oscar/Projects/Academic/dev_ws/build/xarm_planner
