[0.306s] Invoking command in '/home/oscar/Projects/Academic/dev_ws/src/xarm_ros2/xarm_perturbations': PYTHONPATH=/home/oscar/Projects/Academic/dev_ws/build/xarm_perturbations/prefix_override:/usr/lib/python3/dist-packages/colcon_core/task/python/colcon_distutils_commands:/home/oscar/Projects/Academic/dev_ws/install/xarm_perturbations/lib/python3.10/site-packages:${PYTHONPATH} /usr/bin/python3 -W ignore:setup.py install is deprecated -W ignore:easy_install command is deprecated setup.py egg_info --egg-base ../../../build/xarm_perturbations build --build-base /home/oscar/Projects/Academic/dev_ws/build/xarm_perturbations/build install --record /home/oscar/Projects/Academic/dev_ws/build/xarm_perturbations/install.log --single-version-externally-managed install_data
[0.426s] running egg_info
[0.426s] writing ../../../build/xarm_perturbations/xarm_perturbations.egg-info/PKG-INFO
[0.426s] writing dependency_links to ../../../build/xarm_perturbations/xarm_perturbations.egg-info/dependency_links.txt
[0.426s] writing entry points to ../../../build/xarm_perturbations/xarm_perturbations.egg-info/entry_points.txt
[0.426s] writing requirements to ../../../build/xarm_perturbations/xarm_perturbations.egg-info/requires.txt
[0.427s] writing top-level names to ../../../build/xarm_perturbations/xarm_perturbations.egg-info/top_level.txt
[0.428s] reading manifest file '../../../build/xarm_perturbations/xarm_perturbations.egg-info/SOURCES.txt'
[0.428s] writing manifest file '../../../build/xarm_perturbations/xarm_perturbations.egg-info/SOURCES.txt'
[0.428s] running build
[0.428s] running build_py
[0.428s] copying xarm_perturbations/perturbation_injector.py -> /home/oscar/Projects/Academic/dev_ws/build/xarm_perturbations/build/lib/xarm_perturbations
[0.428s] copying xarm_perturbations/circle_maker.py -> /home/oscar/Projects/Academic/dev_ws/build/xarm_perturbations/build/lib/xarm_perturbations
[0.428s] running install
[0.428s] running install_lib
[0.429s] copying /home/oscar/Projects/Academic/dev_ws/build/xarm_perturbations/build/lib/xarm_perturbations/perturbation_injector.py -> /home/oscar/Projects/Academic/dev_ws/install/xarm_perturbations/lib/python3.10/site-packages/xarm_perturbations
[0.429s] copying /home/oscar/Projects/Academic/dev_ws/build/xarm_perturbations/build/lib/xarm_perturbations/circle_maker.py -> /home/oscar/Projects/Academic/dev_ws/install/xarm_perturbations/lib/python3.10/site-packages/xarm_perturbations
[0.429s] byte-compiling /home/oscar/Projects/Academic/dev_ws/install/xarm_perturbations/lib/python3.10/site-packages/xarm_perturbations/perturbation_injector.py to perturbation_injector.cpython-310.pyc
[0.430s] byte-compiling /home/oscar/Projects/Academic/dev_ws/install/xarm_perturbations/lib/python3.10/site-packages/xarm_perturbations/circle_maker.py to circle_maker.cpython-310.pyc
[0.431s] running install_data
[0.431s] running install_egg_info
[0.432s] removing '/home/oscar/Projects/Academic/dev_ws/install/xarm_perturbations/lib/python3.10/site-packages/xarm_perturbations-0.0.0-py3.10.egg-info' (and everything under it)
[0.432s] Copying ../../../build/xarm_perturbations/xarm_perturbations.egg-info to /home/oscar/Projects/Academic/dev_ws/install/xarm_perturbations/lib/python3.10/site-packages/xarm_perturbations-0.0.0-py3.10.egg-info
[0.432s] running install_scripts
[0.443s] Installing circle_maker script to /home/oscar/Projects/Academic/dev_ws/install/xarm_perturbations/lib/xarm_perturbations
[0.443s] Installing perturbation_injector script to /home/oscar/Projects/Academic/dev_ws/install/xarm_perturbations/lib/xarm_perturbations
[0.443s] writing list of installed files to '/home/oscar/Projects/Academic/dev_ws/build/xarm_perturbations/install.log'
[0.455s] Invoked command in '/home/oscar/Projects/Academic/dev_ws/src/xarm_ros2/xarm_perturbations' returned '0': PYTHONPATH=/home/oscar/Projects/Academic/dev_ws/build/xarm_perturbations/prefix_override:/usr/lib/python3/dist-packages/colcon_core/task/python/colcon_distutils_commands:/home/oscar/Projects/Academic/dev_ws/install/xarm_perturbations/lib/python3.10/site-packages:${PYTHONPATH} /usr/bin/python3 -W ignore:setup.py install is deprecated -W ignore:easy_install command is deprecated setup.py egg_info --egg-base ../../../build/xarm_perturbations build --build-base /home/oscar/Projects/Academic/dev_ws/build/xarm_perturbations/build install --record /home/oscar/Projects/Academic/dev_ws/build/xarm_perturbations/install.log --single-version-externally-managed install_data
