[0.013s] Invoking command in '/home/oscar/Projects/Academic/dev_ws/build/d435i_xarm_setup': CMAKE_PREFIX_PATH=/home/oscar/Projects/Academic/dev_ws/install/xarm_api:/home/oscar/Projects/Academic/dev_ws/install/xarm_sdk:/home/oscar/Projects/Academic/dev_ws/install/xarm_msgs:/home/oscar/Projects/Academic/dev_ws/install/xarm_description:/home/oscar/Projects/Academic/dev_ws/install/xarm_writing:/home/oscar/Projects/Academic/dev_ws/install/xarm_planner:/home/oscar/Projects/Academic/dev_ws/install/xarm_moveit_servo:/home/oscar/Projects/Academic/dev_ws/install/xarm_moveit_config:/home/oscar/Projects/Academic/dev_ws/install/xarm_gazebo:/home/oscar/Projects/Academic/dev_ws/install/xarm_controller:/home/oscar/Projects/Academic/dev_ws/install/d435i_xarm_setup:/home/oscar/Projects/Academic/dev_ws/install/realsense_gazebo_plugin:/home/oscar/Projects/Academic/dev_ws/install/mbot_demo:/home/oscar/Projects/Academic/dev_ws/install/xarm_perturbations:/home/oscar/Projects/Academic/dev_ws/install/uf_ros_lib:/opt/ros/humble LD_LIBRARY_PATH=/home/oscar/Projects/Academic/dev_ws/install/xarm_api/lib:/home/oscar/Projects/Academic/dev_ws/install/xarm_sdk/lib:/home/oscar/Projects/Academic/dev_ws/install/xarm_msgs/lib:/home/oscar/Projects/Academic/dev_ws/install/xarm_planner/lib:/home/oscar/Projects/Academic/dev_ws/install/xarm_moveit_servo/lib:/home/oscar/Projects/Academic/dev_ws/install/xarm_gazebo/lib:/home/oscar/Projects/Academic/dev_ws/install/xarm_controller/lib:/home/oscar/Projects/Academic/dev_ws/install/realsense_gazebo_plugin/lib:/usr/lib/x86_64-linux-gnu/gazebo-11/plugins:/opt/ros/humble/opt/rviz_ogre_vendor/lib:/opt/ros/humble/lib/x86_64-linux-gnu:/opt/ros/humble/lib /usr/bin/cmake /home/oscar/Projects/Academic/dev_ws/src/xarm_ros2/xarm_vision/d435i_xarm_setup -DAMENT_CMAKE_SYMLINK_INSTALL=1 -DCMAKE_INSTALL_PREFIX=/home/oscar/Projects/Academic/dev_ws/install/d435i_xarm_setup
[0.070s] -- The C compiler identification is GNU 11.4.0
[0.125s] -- The CXX compiler identification is GNU 11.4.0
[0.129s] -- Detecting C compiler ABI info
[0.210s] -- Detecting C compiler ABI info - done
[0.214s] -- Check for working C compiler: /usr/bin/cc - skipped
[0.214s] -- Detecting C compile features
[0.214s] -- Detecting C compile features - done
[0.216s] -- Detecting CXX compiler ABI info
[0.287s] -- Detecting CXX compiler ABI info - done
[0.291s] -- Check for working CXX compiler: /usr/bin/c++ - skipped
[0.291s] -- Detecting CXX compile features
[0.291s] -- Detecting CXX compile features - done
[0.293s] -- Found ament_cmake: 1.3.12 (/opt/ros/humble/share/ament_cmake/cmake)
[0.393s] -- Found Python3: /usr/bin/python3 (found version "3.10.12") found components: Interpreter 
[0.430s] -- Override CMake install command with custom implementation using symlinks instead of copying resources
[0.449s] -- Found rclcpp: 16.0.17 (/opt/ros/humble/share/rclcpp/cmake)
[0.477s] -- Found rosidl_generator_c: 3.1.8 (/opt/ros/humble/share/rosidl_generator_c/cmake)
[0.480s] -- Found rosidl_adapter: 3.1.8 (/opt/ros/humble/share/rosidl_adapter/cmake)
[0.485s] -- Found rosidl_generator_cpp: 3.1.8 (/opt/ros/humble/share/rosidl_generator_cpp/cmake)
[0.492s] -- Using all available rosidl_typesupport_c: rosidl_typesupport_fastrtps_c;rosidl_typesupport_introspection_c
[0.501s] -- Using all available rosidl_typesupport_cpp: rosidl_typesupport_fastrtps_cpp;rosidl_typesupport_introspection_cpp
[0.526s] -- Found rmw_implementation_cmake: 6.1.2 (/opt/ros/humble/share/rmw_implementation_cmake/cmake)
[0.528s] -- Found rmw_fastrtps_cpp: 6.2.9 (/opt/ros/humble/share/rmw_fastrtps_cpp/cmake)
[0.587s] -- Found OpenSSL: /usr/lib/x86_64-linux-gnu/libcrypto.so (found version "3.0.2")  
[0.604s] -- Found FastRTPS: /opt/ros/humble/include  
[0.628s] -- Using RMW implementation 'rmw_fastrtps_cpp' as default
[0.633s] -- Looking for pthread.h
[0.682s] -- Looking for pthread.h - found
[0.682s] -- Performing Test CMAKE_HAVE_LIBC_PTHREAD
[0.744s] -- Performing Test CMAKE_HAVE_LIBC_PTHREAD - Success
[0.745s] -- Found Threads: TRUE  
[0.773s] -- Found tf2_ros: 0.25.18 (/opt/ros/humble/share/tf2_ros/cmake)
[0.838s] -- Found tf2_geometry_msgs: 0.25.18 (/opt/ros/humble/share/tf2_geometry_msgs/cmake)
[0.846s] -- Found eigen3_cmake_module: 0.1.1 (/opt/ros/humble/share/eigen3_cmake_module/cmake)
[0.847s] -- Found Eigen3: TRUE (found version "3.4.0") 
[0.847s] -- Ensuring Eigen3 include directory is part of orocos-kdl CMake target
[0.848s] -- Found object_recognition_msgs: 2.0.0 (/opt/ros/humble/share/object_recognition_msgs/cmake)
[0.881s] -- Found xarm_msgs: 0.0.0 (/home/oscar/Projects/Academic/dev_ws/install/xarm_msgs/share/xarm_msgs/cmake)
[0.888s] -- Found xarm_api: 0.0.0 (/home/oscar/Projects/Academic/dev_ws/install/xarm_api/share/xarm_api/cmake)
[0.894s] -- Found ament_lint_auto: 0.12.14 (/opt/ros/humble/share/ament_lint_auto/cmake)
[0.947s] -- Added test 'copyright' to check source files copyright and LICENSE
[0.947s] -- Added test 'cppcheck' to perform static code analysis on C / C++ code
[0.947s] -- Configured cppcheck include dirs: 
[0.948s] -- Configured cppcheck exclude dirs and/or files: 
[0.948s] -- Added test 'cpplint' to check C / C++ code against the Google style
[0.948s] -- Configured cpplint exclude dirs and/or files: 
[0.948s] -- Added test 'flake8' to check Python code syntax and style conventions
[0.949s] -- Added test 'lint_cmake' to check CMake code style
[0.949s] -- Added test 'pep257' to check Python code against some of the docstring style conventions in PEP 257
[0.950s] -- Added test 'uncrustify' to check C / C++ code style
[0.950s] -- Configured uncrustify additional arguments: 
[0.950s] -- Added test 'xmllint' to check XML markup files
[0.951s] -- Configuring done
[0.962s] -- Generating done
[0.967s] -- Build files have been written to: /home/oscar/Projects/Academic/dev_ws/build/d435i_xarm_setup
[0.973s] Invoked command in '/home/oscar/Projects/Academic/dev_ws/build/d435i_xarm_setup' returned '0': CMAKE_PREFIX_PATH=/home/oscar/Projects/Academic/dev_ws/install/xarm_api:/home/oscar/Projects/Academic/dev_ws/install/xarm_sdk:/home/oscar/Projects/Academic/dev_ws/install/xarm_msgs:/home/oscar/Projects/Academic/dev_ws/install/xarm_description:/home/oscar/Projects/Academic/dev_ws/install/xarm_writing:/home/oscar/Projects/Academic/dev_ws/install/xarm_planner:/home/oscar/Projects/Academic/dev_ws/install/xarm_moveit_servo:/home/oscar/Projects/Academic/dev_ws/install/xarm_moveit_config:/home/oscar/Projects/Academic/dev_ws/install/xarm_gazebo:/home/oscar/Projects/Academic/dev_ws/install/xarm_controller:/home/oscar/Projects/Academic/dev_ws/install/d435i_xarm_setup:/home/oscar/Projects/Academic/dev_ws/install/realsense_gazebo_plugin:/home/oscar/Projects/Academic/dev_ws/install/mbot_demo:/home/oscar/Projects/Academic/dev_ws/install/xarm_perturbations:/home/oscar/Projects/Academic/dev_ws/install/uf_ros_lib:/opt/ros/humble LD_LIBRARY_PATH=/home/oscar/Projects/Academic/dev_ws/install/xarm_api/lib:/home/oscar/Projects/Academic/dev_ws/install/xarm_sdk/lib:/home/oscar/Projects/Academic/dev_ws/install/xarm_msgs/lib:/home/oscar/Projects/Academic/dev_ws/install/xarm_planner/lib:/home/oscar/Projects/Academic/dev_ws/install/xarm_moveit_servo/lib:/home/oscar/Projects/Academic/dev_ws/install/xarm_gazebo/lib:/home/oscar/Projects/Academic/dev_ws/install/xarm_controller/lib:/home/oscar/Projects/Academic/dev_ws/install/realsense_gazebo_plugin/lib:/usr/lib/x86_64-linux-gnu/gazebo-11/plugins:/opt/ros/humble/opt/rviz_ogre_vendor/lib:/opt/ros/humble/lib/x86_64-linux-gnu:/opt/ros/humble/lib /usr/bin/cmake /home/oscar/Projects/Academic/dev_ws/src/xarm_ros2/xarm_vision/d435i_xarm_setup -DAMENT_CMAKE_SYMLINK_INSTALL=1 -DCMAKE_INSTALL_PREFIX=/home/oscar/Projects/Academic/dev_ws/install/d435i_xarm_setup
[0.974s] Invoking command in '/home/oscar/Projects/Academic/dev_ws/build/d435i_xarm_setup': CMAKE_PREFIX_PATH=/home/oscar/Projects/Academic/dev_ws/install/xarm_api:/home/oscar/Projects/Academic/dev_ws/install/xarm_sdk:/home/oscar/Projects/Academic/dev_ws/install/xarm_msgs:/home/oscar/Projects/Academic/dev_ws/install/xarm_description:/home/oscar/Projects/Academic/dev_ws/install/xarm_writing:/home/oscar/Projects/Academic/dev_ws/install/xarm_planner:/home/oscar/Projects/Academic/dev_ws/install/xarm_moveit_servo:/home/oscar/Projects/Academic/dev_ws/install/xarm_moveit_config:/home/oscar/Projects/Academic/dev_ws/install/xarm_gazebo:/home/oscar/Projects/Academic/dev_ws/install/xarm_controller:/home/oscar/Projects/Academic/dev_ws/install/d435i_xarm_setup:/home/oscar/Projects/Academic/dev_ws/install/realsense_gazebo_plugin:/home/oscar/Projects/Academic/dev_ws/install/mbot_demo:/home/oscar/Projects/Academic/dev_ws/install/xarm_perturbations:/home/oscar/Projects/Academic/dev_ws/install/uf_ros_lib:/opt/ros/humble LD_LIBRARY_PATH=/home/oscar/Projects/Academic/dev_ws/install/xarm_api/lib:/home/oscar/Projects/Academic/dev_ws/install/xarm_sdk/lib:/home/oscar/Projects/Academic/dev_ws/install/xarm_msgs/lib:/home/oscar/Projects/Academic/dev_ws/install/xarm_planner/lib:/home/oscar/Projects/Academic/dev_ws/install/xarm_moveit_servo/lib:/home/oscar/Projects/Academic/dev_ws/install/xarm_gazebo/lib:/home/oscar/Projects/Academic/dev_ws/install/xarm_controller/lib:/home/oscar/Projects/Academic/dev_ws/install/realsense_gazebo_plugin/lib:/usr/lib/x86_64-linux-gnu/gazebo-11/plugins:/opt/ros/humble/opt/rviz_ogre_vendor/lib:/opt/ros/humble/lib/x86_64-linux-gnu:/opt/ros/humble/lib /usr/bin/cmake --build /home/oscar/Projects/Academic/dev_ws/build/d435i_xarm_setup -- -j24 -l24
[1.009s] [ 16%] [32mBuilding CXX object CMakeFiles/findobj_grasp_moveit_planner.dir/src/findobj_grasp_moveit_planner.cpp.o[0m
[1.009s] [ 50%] [32mBuilding CXX object CMakeFiles/tf_object_to_base.dir/src/tf_object_to_base.cpp.o[0m
[1.009s] [ 50%] [32mBuilding CXX object CMakeFiles/findobj_grasp_xarm_api.dir/src/findobj_grasp_xarm_api.cpp.o[0m
[4.315s] [ 66%] [32m[1mLinking CXX executable findobj_grasp_xarm_api[0m
[4.572s] [ 83%] [32m[1mLinking CXX executable findobj_grasp_moveit_planner[0m
[4.654s] [ 83%] Built target findobj_grasp_xarm_api
[4.804s] [ 83%] Built target findobj_grasp_moveit_planner
[5.341s] [100%] [32m[1mLinking CXX executable tf_object_to_base[0m
[5.631s] [100%] Built target tf_object_to_base
[5.638s] Invoked command in '/home/oscar/Projects/Academic/dev_ws/build/d435i_xarm_setup' returned '0': CMAKE_PREFIX_PATH=/home/oscar/Projects/Academic/dev_ws/install/xarm_api:/home/oscar/Projects/Academic/dev_ws/install/xarm_sdk:/home/oscar/Projects/Academic/dev_ws/install/xarm_msgs:/home/oscar/Projects/Academic/dev_ws/install/xarm_description:/home/oscar/Projects/Academic/dev_ws/install/xarm_writing:/home/oscar/Projects/Academic/dev_ws/install/xarm_planner:/home/oscar/Projects/Academic/dev_ws/install/xarm_moveit_servo:/home/oscar/Projects/Academic/dev_ws/install/xarm_moveit_config:/home/oscar/Projects/Academic/dev_ws/install/xarm_gazebo:/home/oscar/Projects/Academic/dev_ws/install/xarm_controller:/home/oscar/Projects/Academic/dev_ws/install/d435i_xarm_setup:/home/oscar/Projects/Academic/dev_ws/install/realsense_gazebo_plugin:/home/oscar/Projects/Academic/dev_ws/install/mbot_demo:/home/oscar/Projects/Academic/dev_ws/install/xarm_perturbations:/home/oscar/Projects/Academic/dev_ws/install/uf_ros_lib:/opt/ros/humble LD_LIBRARY_PATH=/home/oscar/Projects/Academic/dev_ws/install/xarm_api/lib:/home/oscar/Projects/Academic/dev_ws/install/xarm_sdk/lib:/home/oscar/Projects/Academic/dev_ws/install/xarm_msgs/lib:/home/oscar/Projects/Academic/dev_ws/install/xarm_planner/lib:/home/oscar/Projects/Academic/dev_ws/install/xarm_moveit_servo/lib:/home/oscar/Projects/Academic/dev_ws/install/xarm_gazebo/lib:/home/oscar/Projects/Academic/dev_ws/install/xarm_controller/lib:/home/oscar/Projects/Academic/dev_ws/install/realsense_gazebo_plugin/lib:/usr/lib/x86_64-linux-gnu/gazebo-11/plugins:/opt/ros/humble/opt/rviz_ogre_vendor/lib:/opt/ros/humble/lib/x86_64-linux-gnu:/opt/ros/humble/lib /usr/bin/cmake --build /home/oscar/Projects/Academic/dev_ws/build/d435i_xarm_setup -- -j24 -l24
[5.640s] Invoking command in '/home/oscar/Projects/Academic/dev_ws/build/d435i_xarm_setup': CMAKE_PREFIX_PATH=/home/oscar/Projects/Academic/dev_ws/install/xarm_api:/home/oscar/Projects/Academic/dev_ws/install/xarm_sdk:/home/oscar/Projects/Academic/dev_ws/install/xarm_msgs:/home/oscar/Projects/Academic/dev_ws/install/xarm_description:/home/oscar/Projects/Academic/dev_ws/install/xarm_writing:/home/oscar/Projects/Academic/dev_ws/install/xarm_planner:/home/oscar/Projects/Academic/dev_ws/install/xarm_moveit_servo:/home/oscar/Projects/Academic/dev_ws/install/xarm_moveit_config:/home/oscar/Projects/Academic/dev_ws/install/xarm_gazebo:/home/oscar/Projects/Academic/dev_ws/install/xarm_controller:/home/oscar/Projects/Academic/dev_ws/install/d435i_xarm_setup:/home/oscar/Projects/Academic/dev_ws/install/realsense_gazebo_plugin:/home/oscar/Projects/Academic/dev_ws/install/mbot_demo:/home/oscar/Projects/Academic/dev_ws/install/xarm_perturbations:/home/oscar/Projects/Academic/dev_ws/install/uf_ros_lib:/opt/ros/humble LD_LIBRARY_PATH=/home/oscar/Projects/Academic/dev_ws/install/xarm_api/lib:/home/oscar/Projects/Academic/dev_ws/install/xarm_sdk/lib:/home/oscar/Projects/Academic/dev_ws/install/xarm_msgs/lib:/home/oscar/Projects/Academic/dev_ws/install/xarm_planner/lib:/home/oscar/Projects/Academic/dev_ws/install/xarm_moveit_servo/lib:/home/oscar/Projects/Academic/dev_ws/install/xarm_gazebo/lib:/home/oscar/Projects/Academic/dev_ws/install/xarm_controller/lib:/home/oscar/Projects/Academic/dev_ws/install/realsense_gazebo_plugin/lib:/usr/lib/x86_64-linux-gnu/gazebo-11/plugins:/opt/ros/humble/opt/rviz_ogre_vendor/lib:/opt/ros/humble/lib/x86_64-linux-gnu:/opt/ros/humble/lib /usr/bin/cmake --install /home/oscar/Projects/Academic/dev_ws/build/d435i_xarm_setup
[5.645s] -- Install configuration: ""
[5.645s] -- Execute custom install script
[5.645s] -- Symlinking: /home/oscar/Projects/Academic/dev_ws/install/d435i_xarm_setup/share/d435i_xarm_setup//launch/d435i_findobj2d_robot_api.launch.py
[5.651s] -- Symlinking: /home/oscar/Projects/Academic/dev_ws/install/d435i_xarm_setup/share/d435i_xarm_setup//launch/d435i_findobj2d_robot_moveit_planner.launch.py
[5.656s] -- Symlinking: /home/oscar/Projects/Academic/dev_ws/install/d435i_xarm_setup/share/d435i_xarm_setup//launch/d435i_robot_auto_calib.launch.py
[5.661s] -- Symlinking: /home/oscar/Projects/Academic/dev_ws/install/d435i_xarm_setup/share/d435i_xarm_setup//launch/d435i_robot_ork_linemod.launch.py
[5.666s] -- Symlinking: /home/oscar/Projects/Academic/dev_ws/install/d435i_xarm_setup/share/d435i_xarm_setup//launch/grasp_node_robot_api.launch.py
[5.671s] -- Symlinking: /home/oscar/Projects/Academic/dev_ws/install/d435i_xarm_setup/share/d435i_xarm_setup//launch/grasp_node_robot_moveit_planner.launch.py
[5.678s] -- Symlinking: /home/oscar/Projects/Academic/dev_ws/install/d435i_xarm_setup/share/d435i_xarm_setup//launch/publish_handeye_tf.launch.py
[5.684s] -- Symlinking: /home/oscar/Projects/Academic/dev_ws/install/d435i_xarm_setup/share/d435i_xarm_setup//launch/start_find_obj_2d.launch.py
[5.690s] -- Symlinking: /home/oscar/Projects/Academic/dev_ws/install/d435i_xarm_setup/share/d435i_xarm_setup//objects/1.png
[5.697s] -- Symlinking: /home/oscar/Projects/Academic/dev_ws/install/d435i_xarm_setup/share/d435i_xarm_setup//objects/2.png
[5.704s] -- Symlinking: /home/oscar/Projects/Academic/dev_ws/install/d435i_xarm_setup/share/d435i_xarm_setup//config/extra_robot_api_params.yaml
[5.709s] -- Symlinking: /home/oscar/Projects/Academic/dev_ws/install/d435i_xarm_setup/share/d435i_xarm_setup//config/lite_rs_on_hand_calibration.calib
[5.715s] -- Symlinking: /home/oscar/Projects/Academic/dev_ws/install/d435i_xarm_setup/share/d435i_xarm_setup//config/uf850_rs_on_hand_calibration.calib
[5.722s] -- Symlinking: /home/oscar/Projects/Academic/dev_ws/install/d435i_xarm_setup/share/d435i_xarm_setup//config/xarm_rs_on_hand_calibration.calib
[5.730s] -- Symlinking: /home/oscar/Projects/Academic/dev_ws/install/d435i_xarm_setup/lib/d435i_xarm_setup/findobj_grasp_moveit_planner
[5.735s] -- Symlinking: /home/oscar/Projects/Academic/dev_ws/install/d435i_xarm_setup/lib/d435i_xarm_setup/findobj_grasp_xarm_api
[5.741s] -- Symlinking: /home/oscar/Projects/Academic/dev_ws/install/d435i_xarm_setup/lib/d435i_xarm_setup/tf_object_to_base
[5.746s] -- Symlinking: /home/oscar/Projects/Academic/dev_ws/install/d435i_xarm_setup/share/ament_index/resource_index/package_run_dependencies/d435i_xarm_setup
[5.754s] -- Symlinking: /home/oscar/Projects/Academic/dev_ws/install/d435i_xarm_setup/share/ament_index/resource_index/parent_prefix_path/d435i_xarm_setup
[5.759s] -- Symlinking: /home/oscar/Projects/Academic/dev_ws/install/d435i_xarm_setup/share/d435i_xarm_setup/environment/ament_prefix_path.sh
[5.767s] -- Symlinking: /home/oscar/Projects/Academic/dev_ws/install/d435i_xarm_setup/share/d435i_xarm_setup/environment/ament_prefix_path.dsv
[5.772s] -- Symlinking: /home/oscar/Projects/Academic/dev_ws/install/d435i_xarm_setup/share/d435i_xarm_setup/environment/path.sh
[5.779s] -- Symlinking: /home/oscar/Projects/Academic/dev_ws/install/d435i_xarm_setup/share/d435i_xarm_setup/environment/path.dsv
[5.785s] -- Symlinking: /home/oscar/Projects/Academic/dev_ws/install/d435i_xarm_setup/share/d435i_xarm_setup/local_setup.bash
[5.790s] -- Symlinking: /home/oscar/Projects/Academic/dev_ws/install/d435i_xarm_setup/share/d435i_xarm_setup/local_setup.sh
[5.796s] -- Symlinking: /home/oscar/Projects/Academic/dev_ws/install/d435i_xarm_setup/share/d435i_xarm_setup/local_setup.zsh
[5.803s] -- Symlinking: /home/oscar/Projects/Academic/dev_ws/install/d435i_xarm_setup/share/d435i_xarm_setup/local_setup.dsv
[5.809s] -- Symlinking: /home/oscar/Projects/Academic/dev_ws/install/d435i_xarm_setup/share/d435i_xarm_setup/package.dsv
[5.814s] -- Symlinking: /home/oscar/Projects/Academic/dev_ws/install/d435i_xarm_setup/share/ament_index/resource_index/packages/d435i_xarm_setup
[5.820s] -- Symlinking: /home/oscar/Projects/Academic/dev_ws/install/d435i_xarm_setup/share/d435i_xarm_setup/cmake/d435i_xarm_setupConfig.cmake
[5.826s] -- Symlinking: /home/oscar/Projects/Academic/dev_ws/install/d435i_xarm_setup/share/d435i_xarm_setup/cmake/d435i_xarm_setupConfig-version.cmake
[5.831s] -- Symlinking: /home/oscar/Projects/Academic/dev_ws/install/d435i_xarm_setup/share/d435i_xarm_setup/package.xml
[5.839s] Invoked command in '/home/oscar/Projects/Academic/dev_ws/build/d435i_xarm_setup' returned '0': CMAKE_PREFIX_PATH=/home/oscar/Projects/Academic/dev_ws/install/xarm_api:/home/oscar/Projects/Academic/dev_ws/install/xarm_sdk:/home/oscar/Projects/Academic/dev_ws/install/xarm_msgs:/home/oscar/Projects/Academic/dev_ws/install/xarm_description:/home/oscar/Projects/Academic/dev_ws/install/xarm_writing:/home/oscar/Projects/Academic/dev_ws/install/xarm_planner:/home/oscar/Projects/Academic/dev_ws/install/xarm_moveit_servo:/home/oscar/Projects/Academic/dev_ws/install/xarm_moveit_config:/home/oscar/Projects/Academic/dev_ws/install/xarm_gazebo:/home/oscar/Projects/Academic/dev_ws/install/xarm_controller:/home/oscar/Projects/Academic/dev_ws/install/d435i_xarm_setup:/home/oscar/Projects/Academic/dev_ws/install/realsense_gazebo_plugin:/home/oscar/Projects/Academic/dev_ws/install/mbot_demo:/home/oscar/Projects/Academic/dev_ws/install/xarm_perturbations:/home/oscar/Projects/Academic/dev_ws/install/uf_ros_lib:/opt/ros/humble LD_LIBRARY_PATH=/home/oscar/Projects/Academic/dev_ws/install/xarm_api/lib:/home/oscar/Projects/Academic/dev_ws/install/xarm_sdk/lib:/home/oscar/Projects/Academic/dev_ws/install/xarm_msgs/lib:/home/oscar/Projects/Academic/dev_ws/install/xarm_planner/lib:/home/oscar/Projects/Academic/dev_ws/install/xarm_moveit_servo/lib:/home/oscar/Projects/Academic/dev_ws/install/xarm_gazebo/lib:/home/oscar/Projects/Academic/dev_ws/install/xarm_controller/lib:/home/oscar/Projects/Academic/dev_ws/install/realsense_gazebo_plugin/lib:/usr/lib/x86_64-linux-gnu/gazebo-11/plugins:/opt/ros/humble/opt/rviz_ogre_vendor/lib:/opt/ros/humble/lib/x86_64-linux-gnu:/opt/ros/humble/lib /usr/bin/cmake --install /home/oscar/Projects/Academic/dev_ws/build/d435i_xarm_setup
