[0.017s] Invoking command in '/home/oscar/Projects/Academic/dev_ws/build/xarm_moveit_servo': AMENT_PREFIX_PATH=/home/oscar/Projects/Academic/dev_ws/install/uf_ros_lib:/home/oscar/Projects/Academic/dev_ws/install/xarm_perturbations:/home/oscar/Projects/Academic/dev_ws/install/xarm_writing:/home/oscar/Projects/Academic/dev_ws/install/xarm_planner:/home/oscar/Projects/Academic/dev_ws/install/xarm_moveit_servo:/home/oscar/Projects/Academic/dev_ws/install/xarm_moveit_config:/home/oscar/Projects/Academic/dev_ws/install/xarm_gazebo:/home/oscar/Projects/Academic/dev_ws/install/xarm_controller:/home/oscar/Projects/Academic/dev_ws/install/d435i_xarm_setup:/home/oscar/Projects/Academic/dev_ws/install/xarm_api:/home/oscar/Projects/Academic/dev_ws/install/xarm_sdk:/home/oscar/Projects/Academic/dev_ws/install/xarm_msgs:/home/oscar/Projects/Academic/dev_ws/install/xarm_description:/home/oscar/Projects/Academic/dev_ws/install/realsense_gazebo_plugin:/home/oscar/Projects/Academic/dev_ws/install/mbot_demo:/opt/ros/humble CMAKE_PREFIX_PATH=/home/oscar/Projects/Academic/dev_ws/install/xarm_moveit_config:/home/oscar/Projects/Academic/dev_ws/install/xarm_gazebo:/home/oscar/Projects/Academic/dev_ws/install/xarm_controller:/home/oscar/Projects/Academic/dev_ws/install/xarm_api:/home/oscar/Projects/Academic/dev_ws/install/xarm_sdk:/home/oscar/Projects/Academic/dev_ws/install/xarm_msgs:/home/oscar/Projects/Academic/dev_ws/install/xarm_description:/home/oscar/Projects/Academic/dev_ws/install/xarm_writing:/home/oscar/Projects/Academic/dev_ws/install/xarm_planner:/home/oscar/Projects/Academic/dev_ws/install/xarm_moveit_servo:/home/oscar/Projects/Academic/dev_ws/install/d435i_xarm_setup:/home/oscar/Projects/Academic/dev_ws/install/realsense_gazebo_plugin:/home/oscar/Projects/Academic/dev_ws/install/mbot_demo:/home/oscar/Projects/Academic/dev_ws/install/xarm_perturbations:/home/oscar/Projects/Academic/dev_ws/install/uf_ros_lib:/opt/ros/humble LD_LIBRARY_PATH=/home/oscar/Projects/Academic/dev_ws/install/xarm_gazebo/lib:/home/oscar/Projects/Academic/dev_ws/install/xarm_controller/lib:/home/oscar/Projects/Academic/dev_ws/install/xarm_api/lib:/home/oscar/Projects/Academic/dev_ws/install/xarm_sdk/lib:/home/oscar/Projects/Academic/dev_ws/install/xarm_msgs/lib:/home/oscar/Projects/Academic/dev_ws/install/xarm_planner/lib:/home/oscar/Projects/Academic/dev_ws/install/xarm_moveit_servo/lib:/home/oscar/Projects/Academic/dev_ws/install/realsense_gazebo_plugin/lib:/usr/lib/x86_64-linux-gnu/gazebo-11/plugins:/opt/ros/humble/opt/rviz_ogre_vendor/lib:/opt/ros/humble/lib/x86_64-linux-gnu:/opt/ros/humble/lib PYTHONPATH=/home/oscar/Projects/Academic/dev_ws/build/uf_ros_lib:/home/oscar/Projects/Academic/dev_ws/install/uf_ros_lib/lib/python3.10/site-packages:/home/oscar/Projects/Academic/dev_ws/build/xarm_writing:/home/oscar/Projects/Academic/dev_ws/build/xarm_perturbations:/home/oscar/Projects/Academic/dev_ws/install/xarm_perturbations/lib/python3.10/site-packages:/home/oscar/Projects/Academic/dev_ws/install/xarm_writing/lib/python3.10/site-packages:/home/oscar/Projects/Academic/dev_ws/install/xarm_msgs/local/lib/python3.10/dist-packages:/opt/ros/humble/lib/python3.10/site-packages:/opt/ros/humble/local/lib/python3.10/dist-packages /usr/bin/cmake /home/oscar/Projects/Academic/dev_ws/src/xarm_ros2/xarm_moveit_servo -DAMENT_CMAKE_SYMLINK_INSTALL=1 -DCMAKE_INSTALL_PREFIX=/home/oscar/Projects/Academic/dev_ws/install/xarm_moveit_servo
[0.069s] -- The C compiler identification is GNU 11.4.0
[0.109s] -- The CXX compiler identification is GNU 11.4.0
[0.113s] -- Detecting C compiler ABI info
[0.178s] -- Detecting C compiler ABI info - done
[0.184s] -- Check for working C compiler: /usr/bin/cc - skipped
[0.184s] -- Detecting C compile features
[0.185s] -- Detecting C compile features - done
[0.188s] -- Detecting CXX compiler ABI info
[0.269s] -- Detecting CXX compiler ABI info - done
[0.274s] -- Check for working CXX compiler: /usr/bin/c++ - skipped
[0.274s] -- Detecting CXX compile features
[0.274s] -- Detecting CXX compile features - done
[0.276s] -- Found ament_cmake: 1.3.12 (/opt/ros/humble/share/ament_cmake/cmake)
[0.380s] -- Found Python3: /usr/bin/python3 (found version "3.10.12") found components: Interpreter 
[0.415s] -- Override CMake install command with custom implementation using symlinks instead of copying resources
[0.434s] -- Found rclcpp: 16.0.17 (/opt/ros/humble/share/rclcpp/cmake)
[0.460s] -- Found rosidl_generator_c: 3.1.8 (/opt/ros/humble/share/rosidl_generator_c/cmake)
[0.463s] -- Found rosidl_adapter: 3.1.8 (/opt/ros/humble/share/rosidl_adapter/cmake)
[0.468s] -- Found rosidl_generator_cpp: 3.1.8 (/opt/ros/humble/share/rosidl_generator_cpp/cmake)
[0.476s] -- Using all available rosidl_typesupport_c: rosidl_typesupport_fastrtps_c;rosidl_typesupport_introspection_c
[0.485s] -- Using all available rosidl_typesupport_cpp: rosidl_typesupport_fastrtps_cpp;rosidl_typesupport_introspection_cpp
[0.513s] -- Found rmw_implementation_cmake: 6.1.2 (/opt/ros/humble/share/rmw_implementation_cmake/cmake)
[0.514s] -- Found rmw_fastrtps_cpp: 6.2.9 (/opt/ros/humble/share/rmw_fastrtps_cpp/cmake)
[0.573s] -- Found OpenSSL: /usr/lib/x86_64-linux-gnu/libcrypto.so (found version "3.0.2")  
[0.591s] -- Found FastRTPS: /opt/ros/humble/include  
[0.621s] -- Using RMW implementation 'rmw_fastrtps_cpp' as default
[0.626s] -- Looking for pthread.h
[0.671s] -- Looking for pthread.h - found
[0.671s] -- Performing Test CMAKE_HAVE_LIBC_PTHREAD
[0.718s] -- Performing Test CMAKE_HAVE_LIBC_PTHREAD - Success
[0.718s] -- Found Threads: TRUE  
[0.746s] -- Found rclcpp_components: 16.0.17 (/opt/ros/humble/share/rclcpp_components/cmake)
[0.761s] -- Found std_srvs: 4.9.0 (/opt/ros/humble/share/std_srvs/cmake)
[0.766s] -- Found sensor_msgs: 4.9.0 (/opt/ros/humble/share/sensor_msgs/cmake)
[0.783s] -- Found control_msgs: 4.8.0 (/opt/ros/humble/share/control_msgs/cmake)
[0.818s] -- Found moveit_msgs: 2.2.1 (/opt/ros/humble/share/moveit_msgs/cmake)
[0.861s] -- Found moveit_ros_planning: 2.5.9 (/opt/ros/humble/share/moveit_ros_planning/cmake)
[0.878s] -- Found Boost: /usr/lib/x86_64-linux-gnu/cmake/Boost-1.74.0/BoostConfig.cmake (found version "1.74.0") found components: system filesystem date_time program_options thread chrono 
[0.940s] -- Found Boost: /usr/lib/x86_64-linux-gnu/cmake/Boost-1.74.0/BoostConfig.cmake (found version "1.74.0") found components: chrono date_time filesystem iostreams program_options regex serialization system thread 
[0.962s] -- Found parameter_traits: 0.6.0 (/opt/ros/humble/share/parameter_traits/cmake)
[0.969s] -- Found rclcpp_lifecycle: 16.0.17 (/opt/ros/humble/share/rclcpp_lifecycle/cmake)
[0.983s] -- Found Boost: /usr/lib/x86_64-linux-gnu/cmake/Boost-1.74.0/BoostConfig.cmake (found version "1.74.0") found components: filesystem 
[1.038s] -- library: /usr/lib/x86_64-linux-gnu/libcurl.so
[1.058s] -- Found Eigen3: TRUE (found version "3.4.0") 
[1.058s] -- Ensuring Eigen3 include directory is part of orocos-kdl CMake target
[1.084s] -- Found ament_lint_auto: 0.12.14 (/opt/ros/humble/share/ament_lint_auto/cmake)
[1.139s] -- Added test 'copyright' to check source files copyright and LICENSE
[1.140s] -- Added test 'cppcheck' to perform static code analysis on C / C++ code
[1.140s] -- Configured cppcheck include dirs: /home/oscar/Projects/Academic/dev_ws/src/xarm_ros2/xarm_moveit_servo/include
[1.140s] -- Configured cppcheck exclude dirs and/or files: 
[1.141s] -- Added test 'cpplint' to check C / C++ code against the Google style
[1.141s] -- Configured cpplint exclude dirs and/or files: 
[1.141s] -- Added test 'flake8' to check Python code syntax and style conventions
[1.141s] -- Added test 'lint_cmake' to check CMake code style
[1.142s] -- Added test 'pep257' to check Python code against some of the docstring style conventions in PEP 257
[1.142s] -- Added test 'uncrustify' to check C / C++ code style
[1.142s] -- Configured uncrustify additional arguments: 
[1.142s] -- Added test 'xmllint' to check XML markup files
[1.143s] -- Configuring done
[1.160s] -- Generating done
[1.166s] -- Build files have been written to: /home/oscar/Projects/Academic/dev_ws/build/xarm_moveit_servo
[1.174s] Invoked command in '/home/oscar/Projects/Academic/dev_ws/build/xarm_moveit_servo' returned '0': AMENT_PREFIX_PATH=/home/oscar/Projects/Academic/dev_ws/install/uf_ros_lib:/home/oscar/Projects/Academic/dev_ws/install/xarm_perturbations:/home/oscar/Projects/Academic/dev_ws/install/xarm_writing:/home/oscar/Projects/Academic/dev_ws/install/xarm_planner:/home/oscar/Projects/Academic/dev_ws/install/xarm_moveit_servo:/home/oscar/Projects/Academic/dev_ws/install/xarm_moveit_config:/home/oscar/Projects/Academic/dev_ws/install/xarm_gazebo:/home/oscar/Projects/Academic/dev_ws/install/xarm_controller:/home/oscar/Projects/Academic/dev_ws/install/d435i_xarm_setup:/home/oscar/Projects/Academic/dev_ws/install/xarm_api:/home/oscar/Projects/Academic/dev_ws/install/xarm_sdk:/home/oscar/Projects/Academic/dev_ws/install/xarm_msgs:/home/oscar/Projects/Academic/dev_ws/install/xarm_description:/home/oscar/Projects/Academic/dev_ws/install/realsense_gazebo_plugin:/home/oscar/Projects/Academic/dev_ws/install/mbot_demo:/opt/ros/humble CMAKE_PREFIX_PATH=/home/oscar/Projects/Academic/dev_ws/install/xarm_moveit_config:/home/oscar/Projects/Academic/dev_ws/install/xarm_gazebo:/home/oscar/Projects/Academic/dev_ws/install/xarm_controller:/home/oscar/Projects/Academic/dev_ws/install/xarm_api:/home/oscar/Projects/Academic/dev_ws/install/xarm_sdk:/home/oscar/Projects/Academic/dev_ws/install/xarm_msgs:/home/oscar/Projects/Academic/dev_ws/install/xarm_description:/home/oscar/Projects/Academic/dev_ws/install/xarm_writing:/home/oscar/Projects/Academic/dev_ws/install/xarm_planner:/home/oscar/Projects/Academic/dev_ws/install/xarm_moveit_servo:/home/oscar/Projects/Academic/dev_ws/install/d435i_xarm_setup:/home/oscar/Projects/Academic/dev_ws/install/realsense_gazebo_plugin:/home/oscar/Projects/Academic/dev_ws/install/mbot_demo:/home/oscar/Projects/Academic/dev_ws/install/xarm_perturbations:/home/oscar/Projects/Academic/dev_ws/install/uf_ros_lib:/opt/ros/humble LD_LIBRARY_PATH=/home/oscar/Projects/Academic/dev_ws/install/xarm_gazebo/lib:/home/oscar/Projects/Academic/dev_ws/install/xarm_controller/lib:/home/oscar/Projects/Academic/dev_ws/install/xarm_api/lib:/home/oscar/Projects/Academic/dev_ws/install/xarm_sdk/lib:/home/oscar/Projects/Academic/dev_ws/install/xarm_msgs/lib:/home/oscar/Projects/Academic/dev_ws/install/xarm_planner/lib:/home/oscar/Projects/Academic/dev_ws/install/xarm_moveit_servo/lib:/home/oscar/Projects/Academic/dev_ws/install/realsense_gazebo_plugin/lib:/usr/lib/x86_64-linux-gnu/gazebo-11/plugins:/opt/ros/humble/opt/rviz_ogre_vendor/lib:/opt/ros/humble/lib/x86_64-linux-gnu:/opt/ros/humble/lib PYTHONPATH=/home/oscar/Projects/Academic/dev_ws/build/uf_ros_lib:/home/oscar/Projects/Academic/dev_ws/install/uf_ros_lib/lib/python3.10/site-packages:/home/oscar/Projects/Academic/dev_ws/build/xarm_writing:/home/oscar/Projects/Academic/dev_ws/build/xarm_perturbations:/home/oscar/Projects/Academic/dev_ws/install/xarm_perturbations/lib/python3.10/site-packages:/home/oscar/Projects/Academic/dev_ws/install/xarm_writing/lib/python3.10/site-packages:/home/oscar/Projects/Academic/dev_ws/install/xarm_msgs/local/lib/python3.10/dist-packages:/opt/ros/humble/lib/python3.10/site-packages:/opt/ros/humble/local/lib/python3.10/dist-packages /usr/bin/cmake /home/oscar/Projects/Academic/dev_ws/src/xarm_ros2/xarm_moveit_servo -DAMENT_CMAKE_SYMLINK_INSTALL=1 -DCMAKE_INSTALL_PREFIX=/home/oscar/Projects/Academic/dev_ws/install/xarm_moveit_servo
[1.175s] Invoking command in '/home/oscar/Projects/Academic/dev_ws/build/xarm_moveit_servo': AMENT_PREFIX_PATH=/home/oscar/Projects/Academic/dev_ws/install/uf_ros_lib:/home/oscar/Projects/Academic/dev_ws/install/xarm_perturbations:/home/oscar/Projects/Academic/dev_ws/install/xarm_writing:/home/oscar/Projects/Academic/dev_ws/install/xarm_planner:/home/oscar/Projects/Academic/dev_ws/install/xarm_moveit_servo:/home/oscar/Projects/Academic/dev_ws/install/xarm_moveit_config:/home/oscar/Projects/Academic/dev_ws/install/xarm_gazebo:/home/oscar/Projects/Academic/dev_ws/install/xarm_controller:/home/oscar/Projects/Academic/dev_ws/install/d435i_xarm_setup:/home/oscar/Projects/Academic/dev_ws/install/xarm_api:/home/oscar/Projects/Academic/dev_ws/install/xarm_sdk:/home/oscar/Projects/Academic/dev_ws/install/xarm_msgs:/home/oscar/Projects/Academic/dev_ws/install/xarm_description:/home/oscar/Projects/Academic/dev_ws/install/realsense_gazebo_plugin:/home/oscar/Projects/Academic/dev_ws/install/mbot_demo:/opt/ros/humble CMAKE_PREFIX_PATH=/home/oscar/Projects/Academic/dev_ws/install/xarm_moveit_config:/home/oscar/Projects/Academic/dev_ws/install/xarm_gazebo:/home/oscar/Projects/Academic/dev_ws/install/xarm_controller:/home/oscar/Projects/Academic/dev_ws/install/xarm_api:/home/oscar/Projects/Academic/dev_ws/install/xarm_sdk:/home/oscar/Projects/Academic/dev_ws/install/xarm_msgs:/home/oscar/Projects/Academic/dev_ws/install/xarm_description:/home/oscar/Projects/Academic/dev_ws/install/xarm_writing:/home/oscar/Projects/Academic/dev_ws/install/xarm_planner:/home/oscar/Projects/Academic/dev_ws/install/xarm_moveit_servo:/home/oscar/Projects/Academic/dev_ws/install/d435i_xarm_setup:/home/oscar/Projects/Academic/dev_ws/install/realsense_gazebo_plugin:/home/oscar/Projects/Academic/dev_ws/install/mbot_demo:/home/oscar/Projects/Academic/dev_ws/install/xarm_perturbations:/home/oscar/Projects/Academic/dev_ws/install/uf_ros_lib:/opt/ros/humble LD_LIBRARY_PATH=/home/oscar/Projects/Academic/dev_ws/install/xarm_gazebo/lib:/home/oscar/Projects/Academic/dev_ws/install/xarm_controller/lib:/home/oscar/Projects/Academic/dev_ws/install/xarm_api/lib:/home/oscar/Projects/Academic/dev_ws/install/xarm_sdk/lib:/home/oscar/Projects/Academic/dev_ws/install/xarm_msgs/lib:/home/oscar/Projects/Academic/dev_ws/install/xarm_planner/lib:/home/oscar/Projects/Academic/dev_ws/install/xarm_moveit_servo/lib:/home/oscar/Projects/Academic/dev_ws/install/realsense_gazebo_plugin/lib:/usr/lib/x86_64-linux-gnu/gazebo-11/plugins:/opt/ros/humble/opt/rviz_ogre_vendor/lib:/opt/ros/humble/lib/x86_64-linux-gnu:/opt/ros/humble/lib PYTHONPATH=/home/oscar/Projects/Academic/dev_ws/build/uf_ros_lib:/home/oscar/Projects/Academic/dev_ws/install/uf_ros_lib/lib/python3.10/site-packages:/home/oscar/Projects/Academic/dev_ws/build/xarm_writing:/home/oscar/Projects/Academic/dev_ws/build/xarm_perturbations:/home/oscar/Projects/Academic/dev_ws/install/xarm_perturbations/lib/python3.10/site-packages:/home/oscar/Projects/Academic/dev_ws/install/xarm_writing/lib/python3.10/site-packages:/home/oscar/Projects/Academic/dev_ws/install/xarm_msgs/local/lib/python3.10/dist-packages:/opt/ros/humble/lib/python3.10/site-packages:/opt/ros/humble/local/lib/python3.10/dist-packages /usr/bin/cmake --build /home/oscar/Projects/Academic/dev_ws/build/xarm_moveit_servo -- -j24 -l24
[1.208s] [ 25%] [32mBuilding CXX object CMakeFiles/xarm_joystick_input.dir/src/xarm_joystick_input.cpp.o[0m
[1.209s] [ 50%] [32mBuilding CXX object CMakeFiles/xarm_keyboard_input.dir/src/xarm_keyboard_input.cpp.o[0m
[4.465s] [ 75%] [32m[1mLinking CXX executable xarm_keyboard_input[0m
[4.706s] [ 75%] Built target xarm_keyboard_input
[6.432s] [100%] [32m[1mLinking CXX shared library libxarm_joystick_input.so[0m
[6.871s] [100%] Built target xarm_joystick_input
[6.880s] Invoked command in '/home/oscar/Projects/Academic/dev_ws/build/xarm_moveit_servo' returned '0': AMENT_PREFIX_PATH=/home/oscar/Projects/Academic/dev_ws/install/uf_ros_lib:/home/oscar/Projects/Academic/dev_ws/install/xarm_perturbations:/home/oscar/Projects/Academic/dev_ws/install/xarm_writing:/home/oscar/Projects/Academic/dev_ws/install/xarm_planner:/home/oscar/Projects/Academic/dev_ws/install/xarm_moveit_servo:/home/oscar/Projects/Academic/dev_ws/install/xarm_moveit_config:/home/oscar/Projects/Academic/dev_ws/install/xarm_gazebo:/home/oscar/Projects/Academic/dev_ws/install/xarm_controller:/home/oscar/Projects/Academic/dev_ws/install/d435i_xarm_setup:/home/oscar/Projects/Academic/dev_ws/install/xarm_api:/home/oscar/Projects/Academic/dev_ws/install/xarm_sdk:/home/oscar/Projects/Academic/dev_ws/install/xarm_msgs:/home/oscar/Projects/Academic/dev_ws/install/xarm_description:/home/oscar/Projects/Academic/dev_ws/install/realsense_gazebo_plugin:/home/oscar/Projects/Academic/dev_ws/install/mbot_demo:/opt/ros/humble CMAKE_PREFIX_PATH=/home/oscar/Projects/Academic/dev_ws/install/xarm_moveit_config:/home/oscar/Projects/Academic/dev_ws/install/xarm_gazebo:/home/oscar/Projects/Academic/dev_ws/install/xarm_controller:/home/oscar/Projects/Academic/dev_ws/install/xarm_api:/home/oscar/Projects/Academic/dev_ws/install/xarm_sdk:/home/oscar/Projects/Academic/dev_ws/install/xarm_msgs:/home/oscar/Projects/Academic/dev_ws/install/xarm_description:/home/oscar/Projects/Academic/dev_ws/install/xarm_writing:/home/oscar/Projects/Academic/dev_ws/install/xarm_planner:/home/oscar/Projects/Academic/dev_ws/install/xarm_moveit_servo:/home/oscar/Projects/Academic/dev_ws/install/d435i_xarm_setup:/home/oscar/Projects/Academic/dev_ws/install/realsense_gazebo_plugin:/home/oscar/Projects/Academic/dev_ws/install/mbot_demo:/home/oscar/Projects/Academic/dev_ws/install/xarm_perturbations:/home/oscar/Projects/Academic/dev_ws/install/uf_ros_lib:/opt/ros/humble LD_LIBRARY_PATH=/home/oscar/Projects/Academic/dev_ws/install/xarm_gazebo/lib:/home/oscar/Projects/Academic/dev_ws/install/xarm_controller/lib:/home/oscar/Projects/Academic/dev_ws/install/xarm_api/lib:/home/oscar/Projects/Academic/dev_ws/install/xarm_sdk/lib:/home/oscar/Projects/Academic/dev_ws/install/xarm_msgs/lib:/home/oscar/Projects/Academic/dev_ws/install/xarm_planner/lib:/home/oscar/Projects/Academic/dev_ws/install/xarm_moveit_servo/lib:/home/oscar/Projects/Academic/dev_ws/install/realsense_gazebo_plugin/lib:/usr/lib/x86_64-linux-gnu/gazebo-11/plugins:/opt/ros/humble/opt/rviz_ogre_vendor/lib:/opt/ros/humble/lib/x86_64-linux-gnu:/opt/ros/humble/lib PYTHONPATH=/home/oscar/Projects/Academic/dev_ws/build/uf_ros_lib:/home/oscar/Projects/Academic/dev_ws/install/uf_ros_lib/lib/python3.10/site-packages:/home/oscar/Projects/Academic/dev_ws/build/xarm_writing:/home/oscar/Projects/Academic/dev_ws/build/xarm_perturbations:/home/oscar/Projects/Academic/dev_ws/install/xarm_perturbations/lib/python3.10/site-packages:/home/oscar/Projects/Academic/dev_ws/install/xarm_writing/lib/python3.10/site-packages:/home/oscar/Projects/Academic/dev_ws/install/xarm_msgs/local/lib/python3.10/dist-packages:/opt/ros/humble/lib/python3.10/site-packages:/opt/ros/humble/local/lib/python3.10/dist-packages /usr/bin/cmake --build /home/oscar/Projects/Academic/dev_ws/build/xarm_moveit_servo -- -j24 -l24
[6.881s] Invoking command in '/home/oscar/Projects/Academic/dev_ws/build/xarm_moveit_servo': AMENT_PREFIX_PATH=/home/oscar/Projects/Academic/dev_ws/install/uf_ros_lib:/home/oscar/Projects/Academic/dev_ws/install/xarm_perturbations:/home/oscar/Projects/Academic/dev_ws/install/xarm_writing:/home/oscar/Projects/Academic/dev_ws/install/xarm_planner:/home/oscar/Projects/Academic/dev_ws/install/xarm_moveit_servo:/home/oscar/Projects/Academic/dev_ws/install/xarm_moveit_config:/home/oscar/Projects/Academic/dev_ws/install/xarm_gazebo:/home/oscar/Projects/Academic/dev_ws/install/xarm_controller:/home/oscar/Projects/Academic/dev_ws/install/d435i_xarm_setup:/home/oscar/Projects/Academic/dev_ws/install/xarm_api:/home/oscar/Projects/Academic/dev_ws/install/xarm_sdk:/home/oscar/Projects/Academic/dev_ws/install/xarm_msgs:/home/oscar/Projects/Academic/dev_ws/install/xarm_description:/home/oscar/Projects/Academic/dev_ws/install/realsense_gazebo_plugin:/home/oscar/Projects/Academic/dev_ws/install/mbot_demo:/opt/ros/humble CMAKE_PREFIX_PATH=/home/oscar/Projects/Academic/dev_ws/install/xarm_moveit_config:/home/oscar/Projects/Academic/dev_ws/install/xarm_gazebo:/home/oscar/Projects/Academic/dev_ws/install/xarm_controller:/home/oscar/Projects/Academic/dev_ws/install/xarm_api:/home/oscar/Projects/Academic/dev_ws/install/xarm_sdk:/home/oscar/Projects/Academic/dev_ws/install/xarm_msgs:/home/oscar/Projects/Academic/dev_ws/install/xarm_description:/home/oscar/Projects/Academic/dev_ws/install/xarm_writing:/home/oscar/Projects/Academic/dev_ws/install/xarm_planner:/home/oscar/Projects/Academic/dev_ws/install/xarm_moveit_servo:/home/oscar/Projects/Academic/dev_ws/install/d435i_xarm_setup:/home/oscar/Projects/Academic/dev_ws/install/realsense_gazebo_plugin:/home/oscar/Projects/Academic/dev_ws/install/mbot_demo:/home/oscar/Projects/Academic/dev_ws/install/xarm_perturbations:/home/oscar/Projects/Academic/dev_ws/install/uf_ros_lib:/opt/ros/humble LD_LIBRARY_PATH=/home/oscar/Projects/Academic/dev_ws/install/xarm_gazebo/lib:/home/oscar/Projects/Academic/dev_ws/install/xarm_controller/lib:/home/oscar/Projects/Academic/dev_ws/install/xarm_api/lib:/home/oscar/Projects/Academic/dev_ws/install/xarm_sdk/lib:/home/oscar/Projects/Academic/dev_ws/install/xarm_msgs/lib:/home/oscar/Projects/Academic/dev_ws/install/xarm_planner/lib:/home/oscar/Projects/Academic/dev_ws/install/xarm_moveit_servo/lib:/home/oscar/Projects/Academic/dev_ws/install/realsense_gazebo_plugin/lib:/usr/lib/x86_64-linux-gnu/gazebo-11/plugins:/opt/ros/humble/opt/rviz_ogre_vendor/lib:/opt/ros/humble/lib/x86_64-linux-gnu:/opt/ros/humble/lib PYTHONPATH=/home/oscar/Projects/Academic/dev_ws/build/uf_ros_lib:/home/oscar/Projects/Academic/dev_ws/install/uf_ros_lib/lib/python3.10/site-packages:/home/oscar/Projects/Academic/dev_ws/build/xarm_writing:/home/oscar/Projects/Academic/dev_ws/build/xarm_perturbations:/home/oscar/Projects/Academic/dev_ws/install/xarm_perturbations/lib/python3.10/site-packages:/home/oscar/Projects/Academic/dev_ws/install/xarm_writing/lib/python3.10/site-packages:/home/oscar/Projects/Academic/dev_ws/install/xarm_msgs/local/lib/python3.10/dist-packages:/opt/ros/humble/lib/python3.10/site-packages:/opt/ros/humble/local/lib/python3.10/dist-packages /usr/bin/cmake --install /home/oscar/Projects/Academic/dev_ws/build/xarm_moveit_servo
[6.888s] -- Install configuration: ""
[6.888s] -- Execute custom install script
[6.889s] -- Symlinking: /home/oscar/Projects/Academic/dev_ws/install/xarm_moveit_servo/share/xarm_moveit_servo//config/xarm_moveit_servo_config.yaml
[6.895s] -- Symlinking: /home/oscar/Projects/Academic/dev_ws/install/xarm_moveit_servo/share/xarm_moveit_servo//launch/_robot_moveit_servo.launch.py
[6.902s] -- Symlinking: /home/oscar/Projects/Academic/dev_ws/install/xarm_moveit_servo/share/xarm_moveit_servo//launch/_robot_moveit_servo_fake.launch.py
[6.910s] -- Symlinking: /home/oscar/Projects/Academic/dev_ws/install/xarm_moveit_servo/share/xarm_moveit_servo//launch/_robot_moveit_servo_realmove.launch.py
[6.915s] -- Symlinking: /home/oscar/Projects/Academic/dev_ws/install/xarm_moveit_servo/share/xarm_moveit_servo//launch/lite6_moveit_servo_fake.launch.py
[6.922s] -- Symlinking: /home/oscar/Projects/Academic/dev_ws/install/xarm_moveit_servo/share/xarm_moveit_servo//launch/lite6_moveit_servo_realmove.launch.py
[6.930s] -- Symlinking: /home/oscar/Projects/Academic/dev_ws/install/xarm_moveit_servo/share/xarm_moveit_servo//launch/uf850_moveit_servo_fake.launch.py
[6.937s] -- Symlinking: /home/oscar/Projects/Academic/dev_ws/install/xarm_moveit_servo/share/xarm_moveit_servo//launch/uf850_moveit_servo_realmove.launch.py
[6.942s] -- Symlinking: /home/oscar/Projects/Academic/dev_ws/install/xarm_moveit_servo/share/xarm_moveit_servo//launch/xarm_moveit_servo_fake.launch.py
[6.948s] -- Symlinking: /home/oscar/Projects/Academic/dev_ws/install/xarm_moveit_servo/share/xarm_moveit_servo//launch/xarm_moveit_servo_realmove.launch.py
[6.956s] -- Symlinking: /home/oscar/Projects/Academic/dev_ws/install/xarm_moveit_servo/share/xarm_moveit_servo//rviz/servo.rviz
[6.962s] -- Symlinking: /home/oscar/Projects/Academic/dev_ws/install/xarm_moveit_servo/share/ament_index/resource_index/package_run_dependencies/xarm_moveit_servo
[6.969s] -- Symlinking: /home/oscar/Projects/Academic/dev_ws/install/xarm_moveit_servo/share/ament_index/resource_index/parent_prefix_path/xarm_moveit_servo
[6.977s] -- Symlinking: /home/oscar/Projects/Academic/dev_ws/install/xarm_moveit_servo/share/xarm_moveit_servo/environment/ament_prefix_path.sh
[6.984s] -- Symlinking: /home/oscar/Projects/Academic/dev_ws/install/xarm_moveit_servo/share/xarm_moveit_servo/environment/ament_prefix_path.dsv
[6.990s] -- Symlinking: /home/oscar/Projects/Academic/dev_ws/install/xarm_moveit_servo/share/xarm_moveit_servo/environment/path.sh
[6.995s] -- Symlinking: /home/oscar/Projects/Academic/dev_ws/install/xarm_moveit_servo/share/xarm_moveit_servo/environment/path.dsv
[7.001s] -- Symlinking: /home/oscar/Projects/Academic/dev_ws/install/xarm_moveit_servo/share/xarm_moveit_servo/local_setup.bash
[7.008s] -- Symlinking: /home/oscar/Projects/Academic/dev_ws/install/xarm_moveit_servo/share/xarm_moveit_servo/local_setup.sh
[7.016s] -- Symlinking: /home/oscar/Projects/Academic/dev_ws/install/xarm_moveit_servo/share/xarm_moveit_servo/local_setup.zsh
[7.022s] -- Symlinking: /home/oscar/Projects/Academic/dev_ws/install/xarm_moveit_servo/share/xarm_moveit_servo/local_setup.dsv
[7.030s] -- Symlinking: /home/oscar/Projects/Academic/dev_ws/install/xarm_moveit_servo/share/xarm_moveit_servo/package.dsv
[7.035s] -- Symlinking: /home/oscar/Projects/Academic/dev_ws/install/xarm_moveit_servo/share/ament_index/resource_index/packages/xarm_moveit_servo
[7.040s] -- Symlinking: /home/oscar/Projects/Academic/dev_ws/install/xarm_moveit_servo/share/ament_index/resource_index/rclcpp_components/xarm_moveit_servo
[7.048s] -- Symlinking: /home/oscar/Projects/Academic/dev_ws/install/xarm_moveit_servo/share/xarm_moveit_servo/cmake/xarm_moveit_servoConfig.cmake
[7.055s] -- Symlinking: /home/oscar/Projects/Academic/dev_ws/install/xarm_moveit_servo/share/xarm_moveit_servo/cmake/xarm_moveit_servoConfig-version.cmake
[7.062s] -- Symlinking: /home/oscar/Projects/Academic/dev_ws/install/xarm_moveit_servo/share/xarm_moveit_servo/package.xml
[7.067s] -- Installing: /home/oscar/Projects/Academic/dev_ws/install/xarm_moveit_servo/lib/libxarm_joystick_input.so
[7.071s] -- Set runtime path of "/home/oscar/Projects/Academic/dev_ws/install/xarm_moveit_servo/lib/libxarm_joystick_input.so" to ""
[7.071s] -- Installing: /home/oscar/Projects/Academic/dev_ws/install/xarm_moveit_servo/lib/xarm_moveit_servo/xarm_keyboard_input
[7.072s] -- Set runtime path of "/home/oscar/Projects/Academic/dev_ws/install/xarm_moveit_servo/lib/xarm_moveit_servo/xarm_keyboard_input" to ""
[7.074s] Invoked command in '/home/oscar/Projects/Academic/dev_ws/build/xarm_moveit_servo' returned '0': AMENT_PREFIX_PATH=/home/oscar/Projects/Academic/dev_ws/install/uf_ros_lib:/home/oscar/Projects/Academic/dev_ws/install/xarm_perturbations:/home/oscar/Projects/Academic/dev_ws/install/xarm_writing:/home/oscar/Projects/Academic/dev_ws/install/xarm_planner:/home/oscar/Projects/Academic/dev_ws/install/xarm_moveit_servo:/home/oscar/Projects/Academic/dev_ws/install/xarm_moveit_config:/home/oscar/Projects/Academic/dev_ws/install/xarm_gazebo:/home/oscar/Projects/Academic/dev_ws/install/xarm_controller:/home/oscar/Projects/Academic/dev_ws/install/d435i_xarm_setup:/home/oscar/Projects/Academic/dev_ws/install/xarm_api:/home/oscar/Projects/Academic/dev_ws/install/xarm_sdk:/home/oscar/Projects/Academic/dev_ws/install/xarm_msgs:/home/oscar/Projects/Academic/dev_ws/install/xarm_description:/home/oscar/Projects/Academic/dev_ws/install/realsense_gazebo_plugin:/home/oscar/Projects/Academic/dev_ws/install/mbot_demo:/opt/ros/humble CMAKE_PREFIX_PATH=/home/oscar/Projects/Academic/dev_ws/install/xarm_moveit_config:/home/oscar/Projects/Academic/dev_ws/install/xarm_gazebo:/home/oscar/Projects/Academic/dev_ws/install/xarm_controller:/home/oscar/Projects/Academic/dev_ws/install/xarm_api:/home/oscar/Projects/Academic/dev_ws/install/xarm_sdk:/home/oscar/Projects/Academic/dev_ws/install/xarm_msgs:/home/oscar/Projects/Academic/dev_ws/install/xarm_description:/home/oscar/Projects/Academic/dev_ws/install/xarm_writing:/home/oscar/Projects/Academic/dev_ws/install/xarm_planner:/home/oscar/Projects/Academic/dev_ws/install/xarm_moveit_servo:/home/oscar/Projects/Academic/dev_ws/install/d435i_xarm_setup:/home/oscar/Projects/Academic/dev_ws/install/realsense_gazebo_plugin:/home/oscar/Projects/Academic/dev_ws/install/mbot_demo:/home/oscar/Projects/Academic/dev_ws/install/xarm_perturbations:/home/oscar/Projects/Academic/dev_ws/install/uf_ros_lib:/opt/ros/humble LD_LIBRARY_PATH=/home/oscar/Projects/Academic/dev_ws/install/xarm_gazebo/lib:/home/oscar/Projects/Academic/dev_ws/install/xarm_controller/lib:/home/oscar/Projects/Academic/dev_ws/install/xarm_api/lib:/home/oscar/Projects/Academic/dev_ws/install/xarm_sdk/lib:/home/oscar/Projects/Academic/dev_ws/install/xarm_msgs/lib:/home/oscar/Projects/Academic/dev_ws/install/xarm_planner/lib:/home/oscar/Projects/Academic/dev_ws/install/xarm_moveit_servo/lib:/home/oscar/Projects/Academic/dev_ws/install/realsense_gazebo_plugin/lib:/usr/lib/x86_64-linux-gnu/gazebo-11/plugins:/opt/ros/humble/opt/rviz_ogre_vendor/lib:/opt/ros/humble/lib/x86_64-linux-gnu:/opt/ros/humble/lib PYTHONPATH=/home/oscar/Projects/Academic/dev_ws/build/uf_ros_lib:/home/oscar/Projects/Academic/dev_ws/install/uf_ros_lib/lib/python3.10/site-packages:/home/oscar/Projects/Academic/dev_ws/build/xarm_writing:/home/oscar/Projects/Academic/dev_ws/build/xarm_perturbations:/home/oscar/Projects/Academic/dev_ws/install/xarm_perturbations/lib/python3.10/site-packages:/home/oscar/Projects/Academic/dev_ws/install/xarm_writing/lib/python3.10/site-packages:/home/oscar/Projects/Academic/dev_ws/install/xarm_msgs/local/lib/python3.10/dist-packages:/opt/ros/humble/lib/python3.10/site-packages:/opt/ros/humble/local/lib/python3.10/dist-packages /usr/bin/cmake --install /home/oscar/Projects/Academic/dev_ws/build/xarm_moveit_servo
