running egg_info
writing ../../../build/xarm_perturbations/xarm_perturbations.egg-info/PKG-INFO
writing dependency_links to ../../../build/xarm_perturbations/xarm_perturbations.egg-info/dependency_links.txt
writing entry points to ../../../build/xarm_perturbations/xarm_perturbations.egg-info/entry_points.txt
writing requirements to ../../../build/xarm_perturbations/xarm_perturbations.egg-info/requires.txt
writing top-level names to ../../../build/xarm_perturbations/xarm_perturbations.egg-info/top_level.txt
reading manifest file '../../../build/xarm_perturbations/xarm_perturbations.egg-info/SOURCES.txt'
writing manifest file '../../../build/xarm_perturbations/xarm_perturbations.egg-info/SOURCES.txt'
running build
running build_py
copying xarm_perturbations/position_controller.py -> /home/oscar/Projects/Academic/dev_ws/build/xarm_perturbations/build/lib/xarm_perturbations
running install
running install_lib
copying /home/oscar/Projects/Academic/dev_ws/build/xarm_perturbations/build/lib/xarm_perturbations/position_controller.py -> /home/oscar/Projects/Academic/dev_ws/install/xarm_perturbations/lib/python3.10/site-packages/xarm_perturbations
byte-compiling /home/oscar/Projects/Academic/dev_ws/install/xarm_perturbations/lib/python3.10/site-packages/xarm_perturbations/position_controller.py to position_controller.cpython-310.pyc
running install_data
running install_egg_info
removing '/home/oscar/Projects/Academic/dev_ws/install/xarm_perturbations/lib/python3.10/site-packages/xarm_perturbations-0.0.0-py3.10.egg-info' (and everything under it)
Copying ../../../build/xarm_perturbations/xarm_perturbations.egg-info to /home/oscar/Projects/Academic/dev_ws/install/xarm_perturbations/lib/python3.10/site-packages/xarm_perturbations-0.0.0-py3.10.egg-info
running install_scripts
Installing circle_maker script to /home/oscar/Projects/Academic/dev_ws/install/xarm_perturbations/lib/xarm_perturbations
Installing heart script to /home/oscar/Projects/Academic/dev_ws/install/xarm_perturbations/lib/xarm_perturbations
Installing perturbation_injector script to /home/oscar/Projects/Academic/dev_ws/install/xarm_perturbations/lib/xarm_perturbations
writing list of installed files to '/home/oscar/Projects/Academic/dev_ws/build/xarm_perturbations/install.log'
