[0.665s] Invoking command in '/home/oscar/Projects/Academic/dev_ws/src/xarm_ros2/xarm_writing': PYTHONPATH=/home/oscar/Projects/Academic/dev_ws/build/xarm_writing/prefix_override:/usr/lib/python3/dist-packages/colcon_core/task/python/colcon_distutils_commands:/home/oscar/Projects/Academic/dev_ws/install/xarm_writing/lib/python3.10/site-packages:${PYTHONPATH} /usr/bin/python3 -W ignore:setup.py install is deprecated -W ignore:easy_install command is deprecated setup.py egg_info --egg-base ../../../build/xarm_writing build --build-base /home/oscar/Projects/Academic/dev_ws/build/xarm_writing/build install --record /home/oscar/Projects/Academic/dev_ws/build/xarm_writing/install.log --single-version-externally-managed install_data
[0.788s] running egg_info
[0.788s] writing ../../../build/xarm_writing/xarm_writing.egg-info/PKG-INFO
[0.789s] writing dependency_links to ../../../build/xarm_writing/xarm_writing.egg-info/dependency_links.txt
[0.789s] writing entry points to ../../../build/xarm_writing/xarm_writing.egg-info/entry_points.txt
[0.789s] writing requirements to ../../../build/xarm_writing/xarm_writing.egg-info/requires.txt
[0.789s] writing top-level names to ../../../build/xarm_writing/xarm_writing.egg-info/top_level.txt
[0.789s] reading manifest file '../../../build/xarm_writing/xarm_writing.egg-info/SOURCES.txt'
[0.790s] writing manifest file '../../../build/xarm_writing/xarm_writing.egg-info/SOURCES.txt'
[0.790s] running build
[0.790s] running build_py
[0.790s] running install
[0.790s] running install_lib
[0.791s] running install_data
[0.791s] running install_egg_info
[0.792s] removing '/home/oscar/Projects/Academic/dev_ws/install/xarm_writing/lib/python3.10/site-packages/xarm_writing-0.0.0-py3.10.egg-info' (and everything under it)
[0.792s] Copying ../../../build/xarm_writing/xarm_writing.egg-info to /home/oscar/Projects/Academic/dev_ws/install/xarm_writing/lib/python3.10/site-packages/xarm_writing-0.0.0-py3.10.egg-info
[0.792s] running install_scripts
[0.803s] Installing writing script to /home/oscar/Projects/Academic/dev_ws/install/xarm_writing/lib/xarm_writing
[0.803s] writing list of installed files to '/home/oscar/Projects/Academic/dev_ws/build/xarm_writing/install.log'
[0.815s] Invoked command in '/home/oscar/Projects/Academic/dev_ws/src/xarm_ros2/xarm_writing' returned '0': PYTHONPATH=/home/oscar/Projects/Academic/dev_ws/build/xarm_writing/prefix_override:/usr/lib/python3/dist-packages/colcon_core/task/python/colcon_distutils_commands:/home/oscar/Projects/Academic/dev_ws/install/xarm_writing/lib/python3.10/site-packages:${PYTHONPATH} /usr/bin/python3 -W ignore:setup.py install is deprecated -W ignore:easy_install command is deprecated setup.py egg_info --egg-base ../../../build/xarm_writing build --build-base /home/oscar/Projects/Academic/dev_ws/build/xarm_writing/build install --record /home/oscar/Projects/Academic/dev_ws/build/xarm_writing/install.log --single-version-externally-managed install_data
