running develop
Removing /home/oscar/Projects/Academic/dev_ws/install/xarm_perturbations/lib/python3.10/site-packages/xarm-perturbations.egg-link (link to .)
running egg_info
writing ../../../build/xarm_perturbations/xarm_perturbations.egg-info/PKG-INFO
writing dependency_links to ../../../build/xarm_perturbations/xarm_perturbations.egg-info/dependency_links.txt
writing entry points to ../../../build/xarm_perturbations/xarm_perturbations.egg-info/entry_points.txt
writing requirements to ../../../build/xarm_perturbations/xarm_perturbations.egg-info/requires.txt
writing top-level names to ../../../build/xarm_perturbations/xarm_perturbations.egg-info/top_level.txt
reading manifest file '../../../build/xarm_perturbations/xarm_perturbations.egg-info/SOURCES.txt'
writing manifest file '../../../build/xarm_perturbations/xarm_perturbations.egg-info/SOURCES.txt'
running build
running build_py
creating /home/oscar/Projects/Academic/dev_ws/build/xarm_perturbations/build
creating /home/oscar/Projects/Academic/dev_ws/build/xarm_perturbations/build/lib
creating /home/oscar/Projects/Academic/dev_ws/build/xarm_perturbations/build/lib/xarm_perturbations
copying xarm_perturbations/__init__.py -> /home/oscar/Projects/Academic/dev_ws/build/xarm_perturbations/build/lib/xarm_perturbations
copying xarm_perturbations/perturbation_injector.py -> /home/oscar/Projects/Academic/dev_ws/build/xarm_perturbations/build/lib/xarm_perturbations
copying xarm_perturbations/circle_maker.py -> /home/oscar/Projects/Academic/dev_ws/build/xarm_perturbations/build/lib/xarm_perturbations
running install
running install_lib
creating /home/oscar/Projects/Academic/dev_ws/install/xarm_perturbations/lib/python3.10/site-packages/xarm_perturbations
copying /home/oscar/Projects/Academic/dev_ws/build/xarm_perturbations/build/lib/xarm_perturbations/__init__.py -> /home/oscar/Projects/Academic/dev_ws/install/xarm_perturbations/lib/python3.10/site-packages/xarm_perturbations
copying /home/oscar/Projects/Academic/dev_ws/build/xarm_perturbations/build/lib/xarm_perturbations/perturbation_injector.py -> /home/oscar/Projects/Academic/dev_ws/install/xarm_perturbations/lib/python3.10/site-packages/xarm_perturbations
copying /home/oscar/Projects/Academic/dev_ws/build/xarm_perturbations/build/lib/xarm_perturbations/circle_maker.py -> /home/oscar/Projects/Academic/dev_ws/install/xarm_perturbations/lib/python3.10/site-packages/xarm_perturbations
byte-compiling /home/oscar/Projects/Academic/dev_ws/install/xarm_perturbations/lib/python3.10/site-packages/xarm_perturbations/__init__.py to __init__.cpython-310.pyc
byte-compiling /home/oscar/Projects/Academic/dev_ws/install/xarm_perturbations/lib/python3.10/site-packages/xarm_perturbations/perturbation_injector.py to perturbation_injector.cpython-310.pyc
byte-compiling /home/oscar/Projects/Academic/dev_ws/install/xarm_perturbations/lib/python3.10/site-packages/xarm_perturbations/circle_maker.py to circle_maker.cpython-310.pyc
running install_data
copying resource/xarm_perturbations -> /home/oscar/Projects/Academic/dev_ws/install/xarm_perturbations/share/ament_index/resource_index/packages
copying package.xml -> /home/oscar/Projects/Academic/dev_ws/install/xarm_perturbations/share/xarm_perturbations
running install_egg_info
Copying ../../../build/xarm_perturbations/xarm_perturbations.egg-info to /home/oscar/Projects/Academic/dev_ws/install/xarm_perturbations/lib/python3.10/site-packages/xarm_perturbations-0.0.0-py3.10.egg-info
running install_scripts
Installing circle_maker script to /home/oscar/Projects/Academic/dev_ws/install/xarm_perturbations/lib/xarm_perturbations
Installing perturbation_injector script to /home/oscar/Projects/Academic/dev_ws/install/xarm_perturbations/lib/xarm_perturbations
writing list of installed files to '/home/oscar/Projects/Academic/dev_ws/build/xarm_perturbations/install.log'
