[0.297s] Invoking command in '/home/oscar/Projects/Academic/dev_ws/build/xarm_perturbations': PYTHONPATH=/home/oscar/Projects/Academic/dev_ws/build/xarm_perturbations/prefix_override:/usr/lib/python3/dist-packages/colcon_core/task/python/colcon_distutils_commands:/home/oscar/Projects/Academic/dev_ws/install/xarm_perturbations/lib/python3.10/site-packages:${PYTHONPATH} /usr/bin/python3 -W ignore:setup.py install is deprecated -W ignore:easy_install command is deprecated setup.py develop --uninstall --editable --build-directory /home/oscar/Projects/Academic/dev_ws/build/xarm_perturbations/build
[0.427s] running develop
[0.497s] Removing /home/oscar/Projects/Academic/dev_ws/install/xarm_perturbations/lib/python3.10/site-packages/xarm-perturbations.egg-link (link to .)
[0.509s] Invoked command in '/home/oscar/Projects/Academic/dev_ws/build/xarm_perturbations' returned '0': PYTHONPATH=/home/oscar/Projects/Academic/dev_ws/build/xarm_perturbations/prefix_override:/usr/lib/python3/dist-packages/colcon_core/task/python/colcon_distutils_commands:/home/oscar/Projects/Academic/dev_ws/install/xarm_perturbations/lib/python3.10/site-packages:${PYTHONPATH} /usr/bin/python3 -W ignore:setup.py install is deprecated -W ignore:easy_install command is deprecated setup.py develop --uninstall --editable --build-directory /home/oscar/Projects/Academic/dev_ws/build/xarm_perturbations/build
[0.510s] Invoking command in '/home/oscar/Projects/Academic/dev_ws/src/xarm_ros2/xarm_perturbations': PYTHONPATH=/home/oscar/Projects/Academic/dev_ws/build/xarm_perturbations/prefix_override:/usr/lib/python3/dist-packages/colcon_core/task/python/colcon_distutils_commands:/home/oscar/Projects/Academic/dev_ws/install/xarm_perturbations/lib/python3.10/site-packages:${PYTHONPATH} /usr/bin/python3 -W ignore:setup.py install is deprecated -W ignore:easy_install command is deprecated setup.py egg_info --egg-base ../../../build/xarm_perturbations build --build-base /home/oscar/Projects/Academic/dev_ws/build/xarm_perturbations/build install --record /home/oscar/Projects/Academic/dev_ws/build/xarm_perturbations/install.log --single-version-externally-managed install_data --force
[0.624s] running egg_info
[0.624s] writing ../../../build/xarm_perturbations/xarm_perturbations.egg-info/PKG-INFO
[0.624s] writing dependency_links to ../../../build/xarm_perturbations/xarm_perturbations.egg-info/dependency_links.txt
[0.624s] writing entry points to ../../../build/xarm_perturbations/xarm_perturbations.egg-info/entry_points.txt
[0.625s] writing requirements to ../../../build/xarm_perturbations/xarm_perturbations.egg-info/requires.txt
[0.625s] writing top-level names to ../../../build/xarm_perturbations/xarm_perturbations.egg-info/top_level.txt
[0.625s] reading manifest file '../../../build/xarm_perturbations/xarm_perturbations.egg-info/SOURCES.txt'
[0.626s] writing manifest file '../../../build/xarm_perturbations/xarm_perturbations.egg-info/SOURCES.txt'
[0.626s] running build
[0.626s] running build_py
[0.626s] creating /home/oscar/Projects/Academic/dev_ws/build/xarm_perturbations/build
[0.626s] creating /home/oscar/Projects/Academic/dev_ws/build/xarm_perturbations/build/lib
[0.626s] creating /home/oscar/Projects/Academic/dev_ws/build/xarm_perturbations/build/lib/xarm_perturbations
[0.626s] copying xarm_perturbations/__init__.py -> /home/oscar/Projects/Academic/dev_ws/build/xarm_perturbations/build/lib/xarm_perturbations
[0.626s] copying xarm_perturbations/perturbation_injector.py -> /home/oscar/Projects/Academic/dev_ws/build/xarm_perturbations/build/lib/xarm_perturbations
[0.626s] copying xarm_perturbations/circle_maker.py -> /home/oscar/Projects/Academic/dev_ws/build/xarm_perturbations/build/lib/xarm_perturbations
[0.626s] running install
[0.626s] running install_lib
[0.627s] creating /home/oscar/Projects/Academic/dev_ws/install/xarm_perturbations/lib/python3.10/site-packages/xarm_perturbations
[0.627s] copying /home/oscar/Projects/Academic/dev_ws/build/xarm_perturbations/build/lib/xarm_perturbations/__init__.py -> /home/oscar/Projects/Academic/dev_ws/install/xarm_perturbations/lib/python3.10/site-packages/xarm_perturbations
[0.627s] copying /home/oscar/Projects/Academic/dev_ws/build/xarm_perturbations/build/lib/xarm_perturbations/perturbation_injector.py -> /home/oscar/Projects/Academic/dev_ws/install/xarm_perturbations/lib/python3.10/site-packages/xarm_perturbations
[0.627s] copying /home/oscar/Projects/Academic/dev_ws/build/xarm_perturbations/build/lib/xarm_perturbations/circle_maker.py -> /home/oscar/Projects/Academic/dev_ws/install/xarm_perturbations/lib/python3.10/site-packages/xarm_perturbations
[0.627s] byte-compiling /home/oscar/Projects/Academic/dev_ws/install/xarm_perturbations/lib/python3.10/site-packages/xarm_perturbations/__init__.py to __init__.cpython-310.pyc
[0.627s] byte-compiling /home/oscar/Projects/Academic/dev_ws/install/xarm_perturbations/lib/python3.10/site-packages/xarm_perturbations/perturbation_injector.py to perturbation_injector.cpython-310.pyc
[0.628s] byte-compiling /home/oscar/Projects/Academic/dev_ws/install/xarm_perturbations/lib/python3.10/site-packages/xarm_perturbations/circle_maker.py to circle_maker.cpython-310.pyc
[0.629s] running install_data
[0.629s] copying resource/xarm_perturbations -> /home/oscar/Projects/Academic/dev_ws/install/xarm_perturbations/share/ament_index/resource_index/packages
[0.629s] copying package.xml -> /home/oscar/Projects/Academic/dev_ws/install/xarm_perturbations/share/xarm_perturbations
[0.629s] running install_egg_info
[0.630s] Copying ../../../build/xarm_perturbations/xarm_perturbations.egg-info to /home/oscar/Projects/Academic/dev_ws/install/xarm_perturbations/lib/python3.10/site-packages/xarm_perturbations-0.0.0-py3.10.egg-info
[0.630s] running install_scripts
[0.641s] Installing circle_maker script to /home/oscar/Projects/Academic/dev_ws/install/xarm_perturbations/lib/xarm_perturbations
[0.641s] Installing perturbation_injector script to /home/oscar/Projects/Academic/dev_ws/install/xarm_perturbations/lib/xarm_perturbations
[0.641s] writing list of installed files to '/home/oscar/Projects/Academic/dev_ws/build/xarm_perturbations/install.log'
[0.652s] Invoked command in '/home/oscar/Projects/Academic/dev_ws/src/xarm_ros2/xarm_perturbations' returned '0': PYTHONPATH=/home/oscar/Projects/Academic/dev_ws/build/xarm_perturbations/prefix_override:/usr/lib/python3/dist-packages/colcon_core/task/python/colcon_distutils_commands:/home/oscar/Projects/Academic/dev_ws/install/xarm_perturbations/lib/python3.10/site-packages:${PYTHONPATH} /usr/bin/python3 -W ignore:setup.py install is deprecated -W ignore:easy_install command is deprecated setup.py egg_info --egg-base ../../../build/xarm_perturbations build --build-base /home/oscar/Projects/Academic/dev_ws/build/xarm_perturbations/build install --record /home/oscar/Projects/Academic/dev_ws/build/xarm_perturbations/install.log --single-version-externally-managed install_data --force
