[0.924s] Invoking command in '/home/oscar/Projects/Academic/dev_ws/build/uf_ros_lib': PYTHONPATH=/home/oscar/Projects/Academic/dev_ws/build/uf_ros_lib/prefix_override:/usr/lib/python3/dist-packages/colcon_core/task/python/colcon_distutils_commands:/home/oscar/Projects/Academic/dev_ws/install/uf_ros_lib/lib/python3.10/site-packages:${PYTHONPATH} /usr/bin/python3 -W ignore:setup.py install is deprecated -W ignore:easy_install command is deprecated setup.py develop --editable --build-directory /home/oscar/Projects/Academic/dev_ws/build/uf_ros_lib/build --no-deps symlink_data
[1.275s] running develop
[1.473s] running egg_info
[1.473s] creating uf_ros_lib.egg-info
[1.473s] writing uf_ros_lib.egg-info/PKG-INFO
[1.473s] writing dependency_links to uf_ros_lib.egg-info/dependency_links.txt
[1.473s] writing entry points to uf_ros_lib.egg-info/entry_points.txt
[1.473s] writing requirements to uf_ros_lib.egg-info/requires.txt
[1.474s] writing top-level names to uf_ros_lib.egg-info/top_level.txt
[1.474s] writing manifest file 'uf_ros_lib.egg-info/SOURCES.txt'
[1.475s] reading manifest file 'uf_ros_lib.egg-info/SOURCES.txt'
[1.476s] writing manifest file 'uf_ros_lib.egg-info/SOURCES.txt'
[1.478s] running build_ext
[1.478s] Creating /home/oscar/Projects/Academic/dev_ws/install/uf_ros_lib/lib/python3.10/site-packages/uf-ros-lib.egg-link (link to .)
[1.479s] 
[1.482s] Installed /home/oscar/Projects/Academic/dev_ws/build/uf_ros_lib
[1.482s] running symlink_data
[1.482s] creating /home/oscar/Projects/Academic/dev_ws/install/uf_ros_lib/share/ament_index
[1.482s] creating /home/oscar/Projects/Academic/dev_ws/install/uf_ros_lib/share/ament_index/resource_index
[1.482s] creating /home/oscar/Projects/Academic/dev_ws/install/uf_ros_lib/share/ament_index/resource_index/packages
[1.482s] symbolically linking /home/oscar/Projects/Academic/dev_ws/build/uf_ros_lib/resource/uf_ros_lib -> /home/oscar/Projects/Academic/dev_ws/install/uf_ros_lib/share/ament_index/resource_index/packages
[1.482s] symbolically linking /home/oscar/Projects/Academic/dev_ws/build/uf_ros_lib/package.xml -> /home/oscar/Projects/Academic/dev_ws/install/uf_ros_lib/share/uf_ros_lib
[1.524s] Invoked command in '/home/oscar/Projects/Academic/dev_ws/build/uf_ros_lib' returned '0': PYTHONPATH=/home/oscar/Projects/Academic/dev_ws/build/uf_ros_lib/prefix_override:/usr/lib/python3/dist-packages/colcon_core/task/python/colcon_distutils_commands:/home/oscar/Projects/Academic/dev_ws/install/uf_ros_lib/lib/python3.10/site-packages:${PYTHONPATH} /usr/bin/python3 -W ignore:setup.py install is deprecated -W ignore:easy_install command is deprecated setup.py develop --editable --build-directory /home/oscar/Projects/Academic/dev_ws/build/uf_ros_lib/build --no-deps symlink_data
