[0.012s] Invoking command in '/home/oscar/Projects/Academic/dev_ws/build/xarm_api': CMAKE_PREFIX_PATH=/home/oscar/Projects/Academic/dev_ws/install/xarm_sdk:/home/oscar/Projects/Academic/dev_ws/install/xarm_msgs:/home/oscar/Projects/Academic/dev_ws/install/xarm_description:/home/oscar/Projects/Academic/dev_ws/install/xarm_planner:/home/oscar/Projects/Academic/dev_ws/install/xarm_moveit_servo:/home/oscar/Projects/Academic/dev_ws/install/xarm_moveit_config:/home/oscar/Projects/Academic/dev_ws/install/xarm_gazebo:/home/oscar/Projects/Academic/dev_ws/install/xarm_controller:/home/oscar/Projects/Academic/dev_ws/install/d435i_xarm_setup:/home/oscar/Projects/Academic/dev_ws/install/xarm_api:/home/oscar/Projects/Academic/dev_ws/install/realsense_gazebo_plugin:/home/oscar/Projects/Academic/dev_ws/install/mbot_demo:/home/oscar/Projects/Academic/dev_ws/install/xarm_writing:/home/oscar/Projects/Academic/dev_ws/install/xarm_perturbations:/home/oscar/Projects/Academic/dev_ws/install/uf_ros_lib:/opt/ros/humble LD_LIBRARY_PATH=/home/oscar/Projects/Academic/dev_ws/install/xarm_sdk/lib:/home/oscar/Projects/Academic/dev_ws/install/xarm_msgs/lib:/home/oscar/Projects/Academic/dev_ws/install/xarm_planner/lib:/home/oscar/Projects/Academic/dev_ws/install/xarm_moveit_servo/lib:/home/oscar/Projects/Academic/dev_ws/install/xarm_gazebo/lib:/home/oscar/Projects/Academic/dev_ws/install/xarm_controller/lib:/home/oscar/Projects/Academic/dev_ws/install/xarm_api/lib:/home/oscar/Projects/Academic/dev_ws/install/realsense_gazebo_plugin/lib:/usr/lib/x86_64-linux-gnu/gazebo-11/plugins:/opt/ros/humble/opt/rviz_ogre_vendor/lib:/opt/ros/humble/lib/x86_64-linux-gnu:/opt/ros/humble/lib /usr/bin/cmake --build /home/oscar/Projects/Academic/dev_ws/build/xarm_api -- -j24 -l24
[0.063s] [ 15%] Built target test_robot_states
[0.066s] [ 30%] Built target xarm_ros_client
[0.068s] [ 53%] Built target xarm_ros_driver
[0.090s] [ 69%] Built target test_xarm_ros_client
[0.093s] [ 84%] Built target test_xarm_velo_move
[0.096s] [100%] Built target xarm_driver_node
[0.103s] Invoked command in '/home/oscar/Projects/Academic/dev_ws/build/xarm_api' returned '0': CMAKE_PREFIX_PATH=/home/oscar/Projects/Academic/dev_ws/install/xarm_sdk:/home/oscar/Projects/Academic/dev_ws/install/xarm_msgs:/home/oscar/Projects/Academic/dev_ws/install/xarm_description:/home/oscar/Projects/Academic/dev_ws/install/xarm_planner:/home/oscar/Projects/Academic/dev_ws/install/xarm_moveit_servo:/home/oscar/Projects/Academic/dev_ws/install/xarm_moveit_config:/home/oscar/Projects/Academic/dev_ws/install/xarm_gazebo:/home/oscar/Projects/Academic/dev_ws/install/xarm_controller:/home/oscar/Projects/Academic/dev_ws/install/d435i_xarm_setup:/home/oscar/Projects/Academic/dev_ws/install/xarm_api:/home/oscar/Projects/Academic/dev_ws/install/realsense_gazebo_plugin:/home/oscar/Projects/Academic/dev_ws/install/mbot_demo:/home/oscar/Projects/Academic/dev_ws/install/xarm_writing:/home/oscar/Projects/Academic/dev_ws/install/xarm_perturbations:/home/oscar/Projects/Academic/dev_ws/install/uf_ros_lib:/opt/ros/humble LD_LIBRARY_PATH=/home/oscar/Projects/Academic/dev_ws/install/xarm_sdk/lib:/home/oscar/Projects/Academic/dev_ws/install/xarm_msgs/lib:/home/oscar/Projects/Academic/dev_ws/install/xarm_planner/lib:/home/oscar/Projects/Academic/dev_ws/install/xarm_moveit_servo/lib:/home/oscar/Projects/Academic/dev_ws/install/xarm_gazebo/lib:/home/oscar/Projects/Academic/dev_ws/install/xarm_controller/lib:/home/oscar/Projects/Academic/dev_ws/install/xarm_api/lib:/home/oscar/Projects/Academic/dev_ws/install/realsense_gazebo_plugin/lib:/usr/lib/x86_64-linux-gnu/gazebo-11/plugins:/opt/ros/humble/opt/rviz_ogre_vendor/lib:/opt/ros/humble/lib/x86_64-linux-gnu:/opt/ros/humble/lib /usr/bin/cmake --build /home/oscar/Projects/Academic/dev_ws/build/xarm_api -- -j24 -l24
[0.103s] Invoking command in '/home/oscar/Projects/Academic/dev_ws/build/xarm_api': CMAKE_PREFIX_PATH=/home/oscar/Projects/Academic/dev_ws/install/xarm_sdk:/home/oscar/Projects/Academic/dev_ws/install/xarm_msgs:/home/oscar/Projects/Academic/dev_ws/install/xarm_description:/home/oscar/Projects/Academic/dev_ws/install/xarm_planner:/home/oscar/Projects/Academic/dev_ws/install/xarm_moveit_servo:/home/oscar/Projects/Academic/dev_ws/install/xarm_moveit_config:/home/oscar/Projects/Academic/dev_ws/install/xarm_gazebo:/home/oscar/Projects/Academic/dev_ws/install/xarm_controller:/home/oscar/Projects/Academic/dev_ws/install/d435i_xarm_setup:/home/oscar/Projects/Academic/dev_ws/install/xarm_api:/home/oscar/Projects/Academic/dev_ws/install/realsense_gazebo_plugin:/home/oscar/Projects/Academic/dev_ws/install/mbot_demo:/home/oscar/Projects/Academic/dev_ws/install/xarm_writing:/home/oscar/Projects/Academic/dev_ws/install/xarm_perturbations:/home/oscar/Projects/Academic/dev_ws/install/uf_ros_lib:/opt/ros/humble LD_LIBRARY_PATH=/home/oscar/Projects/Academic/dev_ws/install/xarm_sdk/lib:/home/oscar/Projects/Academic/dev_ws/install/xarm_msgs/lib:/home/oscar/Projects/Academic/dev_ws/install/xarm_planner/lib:/home/oscar/Projects/Academic/dev_ws/install/xarm_moveit_servo/lib:/home/oscar/Projects/Academic/dev_ws/install/xarm_gazebo/lib:/home/oscar/Projects/Academic/dev_ws/install/xarm_controller/lib:/home/oscar/Projects/Academic/dev_ws/install/xarm_api/lib:/home/oscar/Projects/Academic/dev_ws/install/realsense_gazebo_plugin/lib:/usr/lib/x86_64-linux-gnu/gazebo-11/plugins:/opt/ros/humble/opt/rviz_ogre_vendor/lib:/opt/ros/humble/lib/x86_64-linux-gnu:/opt/ros/humble/lib /usr/bin/cmake --install /home/oscar/Projects/Academic/dev_ws/build/xarm_api
[0.109s] -- Install configuration: ""
[0.109s] -- Execute custom install script
[0.109s] -- Up-to-date symlink: /home/oscar/Projects/Academic/dev_ws/install/xarm_api/share/xarm_api/environment/library_path.sh
[0.109s] -- Up-to-date symlink: /home/oscar/Projects/Academic/dev_ws/install/xarm_api/share/xarm_api/environment/library_path.dsv
[0.109s] -- Up-to-date symlink: /home/oscar/Projects/Academic/dev_ws/install/xarm_api/include/xarm_api/visibility_control.h
[0.109s] -- Up-to-date symlink: /home/oscar/Projects/Academic/dev_ws/install/xarm_api/include/xarm_api/xarm_driver.h
[0.109s] -- Up-to-date symlink: /home/oscar/Projects/Academic/dev_ws/install/xarm_api/include/xarm_api/xarm_msgs.h
[0.109s] -- Up-to-date symlink: /home/oscar/Projects/Academic/dev_ws/install/xarm_api/include/xarm_api/xarm_ros_client.h
[0.109s] -- Up-to-date symlink: /home/oscar/Projects/Academic/dev_ws/install/xarm_api/lib/libxarm_ros_driver.so
[0.110s] -- Up-to-date symlink: /home/oscar/Projects/Academic/dev_ws/install/xarm_api/lib/libxarm_ros_client.so
[0.110s] -- Up-to-date symlink: /home/oscar/Projects/Academic/dev_ws/install/xarm_api/lib/xarm_api/xarm_driver_node
[0.110s] -- Up-to-date symlink: /home/oscar/Projects/Academic/dev_ws/install/xarm_api/lib/xarm_api/test_xarm_ros_client
[0.110s] -- Up-to-date symlink: /home/oscar/Projects/Academic/dev_ws/install/xarm_api/lib/xarm_api/test_xarm_velo_move
[0.110s] -- Up-to-date symlink: /home/oscar/Projects/Academic/dev_ws/install/xarm_api/lib/xarm_api/test_robot_states
[0.110s] -- Up-to-date symlink: /home/oscar/Projects/Academic/dev_ws/install/xarm_api/share/xarm_api//launch/_robot_driver.launch.py
[0.110s] -- Up-to-date symlink: /home/oscar/Projects/Academic/dev_ws/install/xarm_api/share/xarm_api//launch/lib/robot_api_lib.py
[0.110s] -- Up-to-date symlink: /home/oscar/Projects/Academic/dev_ws/install/xarm_api/share/xarm_api//launch/lite6_driver.launch.py
[0.110s] -- Up-to-date symlink: /home/oscar/Projects/Academic/dev_ws/install/xarm_api/share/xarm_api//launch/uf850_driver.launch.py
[0.110s] -- Up-to-date symlink: /home/oscar/Projects/Academic/dev_ws/install/xarm_api/share/xarm_api//launch/xarm5_driver.launch.py
[0.110s] -- Up-to-date symlink: /home/oscar/Projects/Academic/dev_ws/install/xarm_api/share/xarm_api//launch/xarm6_driver.launch.py
[0.110s] -- Up-to-date symlink: /home/oscar/Projects/Academic/dev_ws/install/xarm_api/share/xarm_api//launch/xarm7_driver.launch.py
[0.110s] -- Up-to-date symlink: /home/oscar/Projects/Academic/dev_ws/install/xarm_api/share/xarm_api//config/xarm_params.yaml
[0.111s] -- Up-to-date symlink: /home/oscar/Projects/Academic/dev_ws/install/xarm_api/share/ament_index/resource_index/package_run_dependencies/xarm_api
[0.111s] -- Up-to-date symlink: /home/oscar/Projects/Academic/dev_ws/install/xarm_api/share/ament_index/resource_index/parent_prefix_path/xarm_api
[0.111s] -- Up-to-date symlink: /home/oscar/Projects/Academic/dev_ws/install/xarm_api/share/xarm_api/environment/ament_prefix_path.sh
[0.111s] -- Up-to-date symlink: /home/oscar/Projects/Academic/dev_ws/install/xarm_api/share/xarm_api/environment/ament_prefix_path.dsv
[0.111s] -- Up-to-date symlink: /home/oscar/Projects/Academic/dev_ws/install/xarm_api/share/xarm_api/environment/path.sh
[0.111s] -- Up-to-date symlink: /home/oscar/Projects/Academic/dev_ws/install/xarm_api/share/xarm_api/environment/path.dsv
[0.111s] -- Up-to-date symlink: /home/oscar/Projects/Academic/dev_ws/install/xarm_api/share/xarm_api/local_setup.bash
[0.111s] -- Up-to-date symlink: /home/oscar/Projects/Academic/dev_ws/install/xarm_api/share/xarm_api/local_setup.sh
[0.111s] -- Up-to-date symlink: /home/oscar/Projects/Academic/dev_ws/install/xarm_api/share/xarm_api/local_setup.zsh
[0.111s] -- Up-to-date symlink: /home/oscar/Projects/Academic/dev_ws/install/xarm_api/share/xarm_api/local_setup.dsv
[0.111s] -- Symlinking: /home/oscar/Projects/Academic/dev_ws/install/xarm_api/share/xarm_api/package.dsv
[0.120s] -- Up-to-date symlink: /home/oscar/Projects/Academic/dev_ws/install/xarm_api/share/ament_index/resource_index/packages/xarm_api
[0.120s] -- Up-to-date symlink: /home/oscar/Projects/Academic/dev_ws/install/xarm_api/share/xarm_api/cmake/ament_cmake_export_libraries-extras.cmake
[0.121s] -- Up-to-date symlink: /home/oscar/Projects/Academic/dev_ws/install/xarm_api/share/xarm_api/cmake/ament_cmake_export_include_directories-extras.cmake
[0.121s] -- Up-to-date symlink: /home/oscar/Projects/Academic/dev_ws/install/xarm_api/share/xarm_api/cmake/xarm_apiConfig.cmake
[0.121s] -- Up-to-date symlink: /home/oscar/Projects/Academic/dev_ws/install/xarm_api/share/xarm_api/cmake/xarm_apiConfig-version.cmake
[0.121s] -- Up-to-date symlink: /home/oscar/Projects/Academic/dev_ws/install/xarm_api/share/xarm_api/package.xml
[0.123s] Invoked command in '/home/oscar/Projects/Academic/dev_ws/build/xarm_api' returned '0': CMAKE_PREFIX_PATH=/home/oscar/Projects/Academic/dev_ws/install/xarm_sdk:/home/oscar/Projects/Academic/dev_ws/install/xarm_msgs:/home/oscar/Projects/Academic/dev_ws/install/xarm_description:/home/oscar/Projects/Academic/dev_ws/install/xarm_planner:/home/oscar/Projects/Academic/dev_ws/install/xarm_moveit_servo:/home/oscar/Projects/Academic/dev_ws/install/xarm_moveit_config:/home/oscar/Projects/Academic/dev_ws/install/xarm_gazebo:/home/oscar/Projects/Academic/dev_ws/install/xarm_controller:/home/oscar/Projects/Academic/dev_ws/install/d435i_xarm_setup:/home/oscar/Projects/Academic/dev_ws/install/xarm_api:/home/oscar/Projects/Academic/dev_ws/install/realsense_gazebo_plugin:/home/oscar/Projects/Academic/dev_ws/install/mbot_demo:/home/oscar/Projects/Academic/dev_ws/install/xarm_writing:/home/oscar/Projects/Academic/dev_ws/install/xarm_perturbations:/home/oscar/Projects/Academic/dev_ws/install/uf_ros_lib:/opt/ros/humble LD_LIBRARY_PATH=/home/oscar/Projects/Academic/dev_ws/install/xarm_sdk/lib:/home/oscar/Projects/Academic/dev_ws/install/xarm_msgs/lib:/home/oscar/Projects/Academic/dev_ws/install/xarm_planner/lib:/home/oscar/Projects/Academic/dev_ws/install/xarm_moveit_servo/lib:/home/oscar/Projects/Academic/dev_ws/install/xarm_gazebo/lib:/home/oscar/Projects/Academic/dev_ws/install/xarm_controller/lib:/home/oscar/Projects/Academic/dev_ws/install/xarm_api/lib:/home/oscar/Projects/Academic/dev_ws/install/realsense_gazebo_plugin/lib:/usr/lib/x86_64-linux-gnu/gazebo-11/plugins:/opt/ros/humble/opt/rviz_ogre_vendor/lib:/opt/ros/humble/lib/x86_64-linux-gnu:/opt/ros/humble/lib /usr/bin/cmake --install /home/oscar/Projects/Academic/dev_ws/build/xarm_api
