running develop
running egg_info
creating xarm_writing.egg-info
writing xarm_writing.egg-info/PKG-INFO
writing dependency_links to xarm_writing.egg-info/dependency_links.txt
writing entry points to xarm_writing.egg-info/entry_points.txt
writing requirements to xarm_writing.egg-info/requires.txt
writing top-level names to xarm_writing.egg-info/top_level.txt
writing manifest file 'xarm_writing.egg-info/SOURCES.txt'
reading manifest file 'xarm_writing.egg-info/SOURCES.txt'
writing manifest file 'xarm_writing.egg-info/SOURCES.txt'
running build_ext
Creating /home/oscar/Projects/Academic/dev_ws/install/xarm_writing/lib/python3.10/site-packages/xarm-writing.egg-link (link to .)
Installing writing script to /home/oscar/Projects/Academic/dev_ws/install/xarm_writing/lib/xarm_writing

Installed /home/oscar/Projects/Academic/dev_ws/build/xarm_writing
running symlink_data
creating /home/oscar/Projects/Academic/dev_ws/install/xarm_writing/share/ament_index
creating /home/oscar/Projects/Academic/dev_ws/install/xarm_writing/share/ament_index/resource_index
creating /home/oscar/Projects/Academic/dev_ws/install/xarm_writing/share/ament_index/resource_index/packages
symbolically linking /home/oscar/Projects/Academic/dev_ws/build/xarm_writing/resource/xarm_writing -> /home/oscar/Projects/Academic/dev_ws/install/xarm_writing/share/ament_index/resource_index/packages
symbolically linking /home/oscar/Projects/Academic/dev_ws/build/xarm_writing/package.xml -> /home/oscar/Projects/Academic/dev_ws/install/xarm_writing/share/xarm_writing
