[0.926s] Invoking command in '/home/oscar/Projects/Academic/dev_ws/build/xarm_writing': PYTHONPATH=/home/oscar/Projects/Academic/dev_ws/build/xarm_writing/prefix_override:/usr/lib/python3/dist-packages/colcon_core/task/python/colcon_distutils_commands:/home/oscar/Projects/Academic/dev_ws/install/xarm_writing/lib/python3.10/site-packages:${PYTHONPATH} /usr/bin/python3 -W ignore:setup.py install is deprecated -W ignore:easy_install command is deprecated setup.py develop --editable --build-directory /home/oscar/Projects/Academic/dev_ws/build/xarm_writing/build --no-deps symlink_data
[1.364s] running develop
[1.538s] running egg_info
[1.538s] creating xarm_writing.egg-info
[1.538s] writing xarm_writing.egg-info/PKG-INFO
[1.538s] writing dependency_links to xarm_writing.egg-info/dependency_links.txt
[1.538s] writing entry points to xarm_writing.egg-info/entry_points.txt
[1.538s] writing requirements to xarm_writing.egg-info/requires.txt
[1.539s] writing top-level names to xarm_writing.egg-info/top_level.txt
[1.539s] writing manifest file 'xarm_writing.egg-info/SOURCES.txt'
[1.541s] reading manifest file 'xarm_writing.egg-info/SOURCES.txt'
[1.541s] writing manifest file 'xarm_writing.egg-info/SOURCES.txt'
[1.543s] running build_ext
[1.543s] Creating /home/oscar/Projects/Academic/dev_ws/install/xarm_writing/lib/python3.10/site-packages/xarm-writing.egg-link (link to .)
[1.544s] Installing writing script to /home/oscar/Projects/Academic/dev_ws/install/xarm_writing/lib/xarm_writing
[1.545s] 
[1.545s] Installed /home/oscar/Projects/Academic/dev_ws/build/xarm_writing
[1.545s] running symlink_data
[1.545s] creating /home/oscar/Projects/Academic/dev_ws/install/xarm_writing/share/ament_index
[1.545s] creating /home/oscar/Projects/Academic/dev_ws/install/xarm_writing/share/ament_index/resource_index
[1.545s] creating /home/oscar/Projects/Academic/dev_ws/install/xarm_writing/share/ament_index/resource_index/packages
[1.545s] symbolically linking /home/oscar/Projects/Academic/dev_ws/build/xarm_writing/resource/xarm_writing -> /home/oscar/Projects/Academic/dev_ws/install/xarm_writing/share/ament_index/resource_index/packages
[1.545s] symbolically linking /home/oscar/Projects/Academic/dev_ws/build/xarm_writing/package.xml -> /home/oscar/Projects/Academic/dev_ws/install/xarm_writing/share/xarm_writing
[1.580s] Invoked command in '/home/oscar/Projects/Academic/dev_ws/build/xarm_writing' returned '0': PYTHONPATH=/home/oscar/Projects/Academic/dev_ws/build/xarm_writing/prefix_override:/usr/lib/python3/dist-packages/colcon_core/task/python/colcon_distutils_commands:/home/oscar/Projects/Academic/dev_ws/install/xarm_writing/lib/python3.10/site-packages:${PYTHONPATH} /usr/bin/python3 -W ignore:setup.py install is deprecated -W ignore:easy_install command is deprecated setup.py develop --editable --build-directory /home/oscar/Projects/Academic/dev_ws/build/xarm_writing/build --no-deps symlink_data
