[0.844s] Invoking command in '/home/oscar/Projects/Academic/dev_ws/src/xarm_ros2/xarm_writing': PYTHONPATH=/home/oscar/Projects/Academic/dev_ws/build/xarm_writing/prefix_override:/usr/lib/python3/dist-packages/colcon_core/task/python/colcon_distutils_commands:/home/oscar/Projects/Academic/dev_ws/install/xarm_writing/lib/python3.10/site-packages:${PYTHONPATH} /usr/bin/python3 -W ignore:setup.py install is deprecated -W ignore:easy_install command is deprecated setup.py egg_info --egg-base ../../../build/xarm_writing build --build-base /home/oscar/Projects/Academic/dev_ws/build/xarm_writing/build install --record /home/oscar/Projects/Academic/dev_ws/build/xarm_writing/install.log --single-version-externally-managed install_data
[1.005s] running egg_info
[1.005s] writing ../../../build/xarm_writing/xarm_writing.egg-info/PKG-INFO
[1.005s] writing dependency_links to ../../../build/xarm_writing/xarm_writing.egg-info/dependency_links.txt
[1.005s] writing entry points to ../../../build/xarm_writing/xarm_writing.egg-info/entry_points.txt
[1.005s] writing requirements to ../../../build/xarm_writing/xarm_writing.egg-info/requires.txt
[1.005s] writing top-level names to ../../../build/xarm_writing/xarm_writing.egg-info/top_level.txt
[1.006s] reading manifest file '../../../build/xarm_writing/xarm_writing.egg-info/SOURCES.txt'
[1.007s] writing manifest file '../../../build/xarm_writing/xarm_writing.egg-info/SOURCES.txt'
[1.007s] running build
[1.007s] running build_py
[1.007s] running install
[1.008s] running install_lib
[1.009s] running install_data
[1.009s] running install_egg_info
[1.010s] removing '/home/oscar/Projects/Academic/dev_ws/install/xarm_writing/lib/python3.10/site-packages/xarm_writing-0.0.0-py3.10.egg-info' (and everything under it)
[1.010s] Copying ../../../build/xarm_writing/xarm_writing.egg-info to /home/oscar/Projects/Academic/dev_ws/install/xarm_writing/lib/python3.10/site-packages/xarm_writing-0.0.0-py3.10.egg-info
[1.010s] running install_scripts
[1.025s] Installing writing script to /home/oscar/Projects/Academic/dev_ws/install/xarm_writing/lib/xarm_writing
[1.025s] writing list of installed files to '/home/oscar/Projects/Academic/dev_ws/build/xarm_writing/install.log'
[1.041s] Invoked command in '/home/oscar/Projects/Academic/dev_ws/src/xarm_ros2/xarm_writing' returned '0': PYTHONPATH=/home/oscar/Projects/Academic/dev_ws/build/xarm_writing/prefix_override:/usr/lib/python3/dist-packages/colcon_core/task/python/colcon_distutils_commands:/home/oscar/Projects/Academic/dev_ws/install/xarm_writing/lib/python3.10/site-packages:${PYTHONPATH} /usr/bin/python3 -W ignore:setup.py install is deprecated -W ignore:easy_install command is deprecated setup.py egg_info --egg-base ../../../build/xarm_writing build --build-base /home/oscar/Projects/Academic/dev_ws/build/xarm_writing/build install --record /home/oscar/Projects/Academic/dev_ws/build/xarm_writing/install.log --single-version-externally-managed install_data
