[0.021s] Invoking command in '/home/oscar/Projects/Academic/dev_ws/build/xarm_sdk': CMAKE_PREFIX_PATH=/opt/ros/humble /usr/bin/cmake --build /home/oscar/Projects/Academic/dev_ws/build/xarm_sdk -- -j24 -l24
[0.341s] [100%] Built target xarm_cxx_sdk
[0.491s] Invoked command in '/home/oscar/Projects/Academic/dev_ws/build/xarm_sdk' returned '0': CMAKE_PREFIX_PATH=/opt/ros/humble /usr/bin/cmake --build /home/oscar/Projects/Academic/dev_ws/build/xarm_sdk -- -j24 -l24
[0.493s] Invoking command in '/home/oscar/Projects/Academic/dev_ws/build/xarm_sdk': CMAKE_PREFIX_PATH=/opt/ros/humble /usr/bin/cmake --install /home/oscar/Projects/Academic/dev_ws/build/xarm_sdk
[0.512s] -- Install configuration: ""
[0.512s] -- Execute custom install script
[0.512s] -- Up-to-date symlink: /home/oscar/Projects/Academic/dev_ws/install/xarm_sdk/share/xarm_sdk/environment/library_path.sh
[0.512s] -- Up-to-date symlink: /home/oscar/Projects/Academic/dev_ws/install/xarm_sdk/share/xarm_sdk/environment/library_path.dsv
[0.513s] -- Up-to-date symlink: /home/oscar/Projects/Academic/dev_ws/install/xarm_sdk/cxx/include/serial/impl/unix.h
[0.513s] -- Up-to-date symlink: /home/oscar/Projects/Academic/dev_ws/install/xarm_sdk/cxx/include/serial/impl/win.h
[0.513s] -- Up-to-date symlink: /home/oscar/Projects/Academic/dev_ws/install/xarm_sdk/cxx/include/serial/serial.h
[0.513s] -- Up-to-date symlink: /home/oscar/Projects/Academic/dev_ws/install/xarm_sdk/cxx/include/serial/v8stdint.h
[0.513s] -- Up-to-date symlink: /home/oscar/Projects/Academic/dev_ws/install/xarm_sdk/cxx/include/xarm/core/common/crc16.h
[0.514s] -- Up-to-date symlink: /home/oscar/Projects/Academic/dev_ws/install/xarm_sdk/cxx/include/xarm/core/common/data_type.h
[0.514s] -- Up-to-date symlink: /home/oscar/Projects/Academic/dev_ws/install/xarm_sdk/cxx/include/xarm/core/common/queue_memcpy.h
[0.515s] -- Up-to-date symlink: /home/oscar/Projects/Academic/dev_ws/install/xarm_sdk/cxx/include/xarm/core/connect.h
[0.515s] -- Up-to-date symlink: /home/oscar/Projects/Academic/dev_ws/install/xarm_sdk/cxx/include/xarm/core/debug/debug_print.h
[0.515s] -- Up-to-date symlink: /home/oscar/Projects/Academic/dev_ws/install/xarm_sdk/cxx/include/xarm/core/instruction/servo3_config.h
[0.515s] -- Up-to-date symlink: /home/oscar/Projects/Academic/dev_ws/install/xarm_sdk/cxx/include/xarm/core/instruction/uxbus_cmd.h
[0.515s] -- Up-to-date symlink: /home/oscar/Projects/Academic/dev_ws/install/xarm_sdk/cxx/include/xarm/core/instruction/uxbus_cmd_config.h
[0.515s] -- Up-to-date symlink: /home/oscar/Projects/Academic/dev_ws/install/xarm_sdk/cxx/include/xarm/core/instruction/uxbus_cmd_ser.h
[0.515s] -- Up-to-date symlink: /home/oscar/Projects/Academic/dev_ws/install/xarm_sdk/cxx/include/xarm/core/instruction/uxbus_cmd_tcp.h
[0.516s] -- Up-to-date symlink: /home/oscar/Projects/Academic/dev_ws/install/xarm_sdk/cxx/include/xarm/core/os/bak/thread.h
[0.517s] -- Up-to-date symlink: /home/oscar/Projects/Academic/dev_ws/install/xarm_sdk/cxx/include/xarm/core/os/network.h
[0.517s] -- Up-to-date symlink: /home/oscar/Projects/Academic/dev_ws/install/xarm_sdk/cxx/include/xarm/core/port/ser.h
[0.518s] -- Up-to-date symlink: /home/oscar/Projects/Academic/dev_ws/install/xarm_sdk/cxx/include/xarm/core/port/socket.h
[0.518s] -- Up-to-date symlink: /home/oscar/Projects/Academic/dev_ws/install/xarm_sdk/cxx/include/xarm/core/report_data.h
[0.518s] -- Up-to-date symlink: /home/oscar/Projects/Academic/dev_ws/install/xarm_sdk/cxx/include/xarm/core/xarm_config.h
[0.518s] -- Up-to-date symlink: /home/oscar/Projects/Academic/dev_ws/install/xarm_sdk/cxx/include/xarm/wrapper/common/timer.h
[0.518s] -- Up-to-date symlink: /home/oscar/Projects/Academic/dev_ws/install/xarm_sdk/cxx/include/xarm/wrapper/common/utils.h
[0.518s] -- Up-to-date symlink: /home/oscar/Projects/Academic/dev_ws/install/xarm_sdk/cxx/include/xarm/wrapper/xarm_api.h
[0.519s] -- Up-to-date symlink: /home/oscar/Projects/Academic/dev_ws/install/xarm_sdk/lib/libxarm_cxx_sdk.so
[0.519s] -- Up-to-date symlink: /home/oscar/Projects/Academic/dev_ws/install/xarm_sdk/share/ament_index/resource_index/package_run_dependencies/xarm_sdk
[0.520s] -- Up-to-date symlink: /home/oscar/Projects/Academic/dev_ws/install/xarm_sdk/share/ament_index/resource_index/parent_prefix_path/xarm_sdk
[0.520s] -- Up-to-date symlink: /home/oscar/Projects/Academic/dev_ws/install/xarm_sdk/share/xarm_sdk/environment/ament_prefix_path.sh
[0.520s] -- Up-to-date symlink: /home/oscar/Projects/Academic/dev_ws/install/xarm_sdk/share/xarm_sdk/environment/ament_prefix_path.dsv
[0.521s] -- Up-to-date symlink: /home/oscar/Projects/Academic/dev_ws/install/xarm_sdk/share/xarm_sdk/environment/path.sh
[0.521s] -- Up-to-date symlink: /home/oscar/Projects/Academic/dev_ws/install/xarm_sdk/share/xarm_sdk/environment/path.dsv
[0.521s] -- Up-to-date symlink: /home/oscar/Projects/Academic/dev_ws/install/xarm_sdk/share/xarm_sdk/local_setup.bash
[0.521s] -- Up-to-date symlink: /home/oscar/Projects/Academic/dev_ws/install/xarm_sdk/share/xarm_sdk/local_setup.sh
[0.522s] -- Up-to-date symlink: /home/oscar/Projects/Academic/dev_ws/install/xarm_sdk/share/xarm_sdk/local_setup.zsh
[0.522s] -- Up-to-date symlink: /home/oscar/Projects/Academic/dev_ws/install/xarm_sdk/share/xarm_sdk/local_setup.dsv
[0.522s] -- Symlinking: /home/oscar/Projects/Academic/dev_ws/install/xarm_sdk/share/xarm_sdk/package.dsv
[0.535s] -- Up-to-date symlink: /home/oscar/Projects/Academic/dev_ws/install/xarm_sdk/share/ament_index/resource_index/packages/xarm_sdk
[0.537s] -- Up-to-date symlink: /home/oscar/Projects/Academic/dev_ws/install/xarm_sdk/share/xarm_sdk/cmake/ament_cmake_export_libraries-extras.cmake
[0.537s] -- Up-to-date symlink: /home/oscar/Projects/Academic/dev_ws/install/xarm_sdk/share/xarm_sdk/cmake/ament_cmake_export_include_directories-extras.cmake
[0.538s] -- Up-to-date symlink: /home/oscar/Projects/Academic/dev_ws/install/xarm_sdk/share/xarm_sdk/cmake/xarm_sdkConfig.cmake
[0.538s] -- Up-to-date symlink: /home/oscar/Projects/Academic/dev_ws/install/xarm_sdk/share/xarm_sdk/cmake/xarm_sdkConfig-version.cmake
[0.538s] -- Up-to-date symlink: /home/oscar/Projects/Academic/dev_ws/install/xarm_sdk/share/xarm_sdk/package.xml
[0.595s] Invoked command in '/home/oscar/Projects/Academic/dev_ws/build/xarm_sdk' returned '0': CMAKE_PREFIX_PATH=/opt/ros/humble /usr/bin/cmake --install /home/oscar/Projects/Academic/dev_ws/build/xarm_sdk
