[0.013s] Invoking command in '/home/oscar/Projects/Academic/dev_ws/build/xarm_controller': CMAKE_PREFIX_PATH=/home/oscar/Projects/Academic/dev_ws/install/xarm_api:/home/oscar/Projects/Academic/dev_ws/install/xarm_sdk:/home/oscar/Projects/Academic/dev_ws/install/xarm_msgs:/home/oscar/Projects/Academic/dev_ws/install/xarm_description:/home/oscar/Projects/Academic/dev_ws/install/xarm_writing:/home/oscar/Projects/Academic/dev_ws/install/xarm_planner:/home/oscar/Projects/Academic/dev_ws/install/xarm_moveit_servo:/home/oscar/Projects/Academic/dev_ws/install/xarm_moveit_config:/home/oscar/Projects/Academic/dev_ws/install/xarm_gazebo:/home/oscar/Projects/Academic/dev_ws/install/xarm_controller:/home/oscar/Projects/Academic/dev_ws/install/d435i_xarm_setup:/home/oscar/Projects/Academic/dev_ws/install/realsense_gazebo_plugin:/home/oscar/Projects/Academic/dev_ws/install/mbot_demo:/home/oscar/Projects/Academic/dev_ws/install/xarm_perturbations:/home/oscar/Projects/Academic/dev_ws/install/uf_ros_lib:/opt/ros/humble LD_LIBRARY_PATH=/home/oscar/Projects/Academic/dev_ws/install/xarm_api/lib:/home/oscar/Projects/Academic/dev_ws/install/xarm_sdk/lib:/home/oscar/Projects/Academic/dev_ws/install/xarm_msgs/lib:/home/oscar/Projects/Academic/dev_ws/install/xarm_planner/lib:/home/oscar/Projects/Academic/dev_ws/install/xarm_moveit_servo/lib:/home/oscar/Projects/Academic/dev_ws/install/xarm_gazebo/lib:/home/oscar/Projects/Academic/dev_ws/install/xarm_controller/lib:/home/oscar/Projects/Academic/dev_ws/install/realsense_gazebo_plugin/lib:/usr/lib/x86_64-linux-gnu/gazebo-11/plugins:/opt/ros/humble/opt/rviz_ogre_vendor/lib:/opt/ros/humble/lib/x86_64-linux-gnu:/opt/ros/humble/lib /usr/bin/cmake /home/oscar/Projects/Academic/dev_ws/src/xarm_ros2/xarm_controller -DAMENT_CMAKE_SYMLINK_INSTALL=1 -DCMAKE_INSTALL_PREFIX=/home/oscar/Projects/Academic/dev_ws/install/xarm_controller
[0.069s] -- The C compiler identification is GNU 11.4.0
[0.126s] -- The CXX compiler identification is GNU 11.4.0
[0.130s] -- Detecting C compiler ABI info
[0.212s] -- Detecting C compiler ABI info - done
[0.216s] -- Check for working C compiler: /usr/bin/cc - skipped
[0.216s] -- Detecting C compile features
[0.216s] -- Detecting C compile features - done
[0.218s] -- Detecting CXX compiler ABI info
[0.289s] -- Detecting CXX compiler ABI info - done
[0.293s] -- Check for working CXX compiler: /usr/bin/c++ - skipped
[0.293s] -- Detecting CXX compile features
[0.293s] -- Detecting CXX compile features - done
[0.295s] -- Found ament_cmake: 1.3.12 (/opt/ros/humble/share/ament_cmake/cmake)
[0.391s] -- Found Python3: /usr/bin/python3 (found version "3.10.12") found components: Interpreter 
[0.428s] -- Override CMake install command with custom implementation using symlinks instead of copying resources
[0.447s] -- Found ament_lint_auto: 0.12.14 (/opt/ros/humble/share/ament_lint_auto/cmake)
[0.496s] -- Found hardware_interface: 2.53.0 (/opt/ros/humble/share/hardware_interface/cmake)
[0.518s] -- Found rosidl_generator_c: 3.1.8 (/opt/ros/humble/share/rosidl_generator_c/cmake)
[0.521s] -- Found rosidl_adapter: 3.1.8 (/opt/ros/humble/share/rosidl_adapter/cmake)
[0.526s] -- Found rosidl_generator_cpp: 3.1.8 (/opt/ros/humble/share/rosidl_generator_cpp/cmake)
[0.533s] -- Using all available rosidl_typesupport_c: rosidl_typesupport_fastrtps_c;rosidl_typesupport_introspection_c
[0.542s] -- Using all available rosidl_typesupport_cpp: rosidl_typesupport_fastrtps_cpp;rosidl_typesupport_introspection_cpp
[0.653s] -- Found rmw_implementation_cmake: 6.1.2 (/opt/ros/humble/share/rmw_implementation_cmake/cmake)
[0.654s] -- Found rmw_fastrtps_cpp: 6.2.9 (/opt/ros/humble/share/rmw_fastrtps_cpp/cmake)
[0.669s] -- Found TinyXML2 via Config file: TinyXML2_DIR-NOTFOUND
[0.717s] -- Found OpenSSL: /usr/lib/x86_64-linux-gnu/libcrypto.so (found version "3.0.2")  
[0.719s] -- Found TinyXML2 via Config file: TinyXML2_DIR-NOTFOUND
[0.736s] -- Found FastRTPS: /opt/ros/humble/include  
[0.738s] -- Found TinyXML2 via Config file: TinyXML2_DIR-NOTFOUND
[0.742s] -- Found TinyXML2 via Config file: TinyXML2_DIR-NOTFOUND
[0.751s] -- Using RMW implementation 'rmw_fastrtps_cpp' as default
[0.756s] -- Looking for pthread.h
[0.807s] -- Looking for pthread.h - found
[0.807s] -- Performing Test CMAKE_HAVE_LIBC_PTHREAD
[0.855s] -- Performing Test CMAKE_HAVE_LIBC_PTHREAD - Success
[0.856s] -- Found Threads: TRUE  
[0.882s] -- Found rclcpp_action: 16.0.17 (/opt/ros/humble/share/rclcpp_action/cmake)
[0.888s] -- Found controller_manager_msgs: 2.53.0 (/opt/ros/humble/share/controller_manager_msgs/cmake)
[0.895s] -- Found xarm_msgs: 0.0.0 (/home/oscar/Projects/Academic/dev_ws/install/xarm_msgs/share/xarm_msgs/cmake)
[0.902s] -- Found xarm_api: 0.0.0 (/home/oscar/Projects/Academic/dev_ws/install/xarm_api/share/xarm_api/cmake)
[0.903s] -- Found xarm_sdk: 0.0.0 (/home/oscar/Projects/Academic/dev_ws/install/xarm_sdk/share/xarm_sdk/cmake)
[0.909s] -- Added test 'copyright' to check source files copyright and LICENSE
[0.910s] -- Added test 'cppcheck' to perform static code analysis on C / C++ code
[0.910s] -- Configured cppcheck include dirs: /home/oscar/Projects/Academic/dev_ws/src/xarm_ros2/xarm_controller/include
[0.910s] -- Configured cppcheck exclude dirs and/or files: 
[0.911s] -- Added test 'cpplint' to check C / C++ code against the Google style
[0.911s] -- Configured cpplint exclude dirs and/or files: 
[0.911s] -- Added test 'flake8' to check Python code syntax and style conventions
[0.912s] -- Added test 'lint_cmake' to check CMake code style
[0.912s] -- Added test 'pep257' to check Python code against some of the docstring style conventions in PEP 257
[0.913s] -- Added test 'uncrustify' to check C / C++ code style
[0.913s] -- Configured uncrustify additional arguments: 
[0.913s] -- Added test 'xmllint' to check XML markup files
[0.915s] -- Configuring done
[0.921s] -- Generating done
[0.924s] -- Build files have been written to: /home/oscar/Projects/Academic/dev_ws/build/xarm_controller
[0.930s] Invoked command in '/home/oscar/Projects/Academic/dev_ws/build/xarm_controller' returned '0': CMAKE_PREFIX_PATH=/home/oscar/Projects/Academic/dev_ws/install/xarm_api:/home/oscar/Projects/Academic/dev_ws/install/xarm_sdk:/home/oscar/Projects/Academic/dev_ws/install/xarm_msgs:/home/oscar/Projects/Academic/dev_ws/install/xarm_description:/home/oscar/Projects/Academic/dev_ws/install/xarm_writing:/home/oscar/Projects/Academic/dev_ws/install/xarm_planner:/home/oscar/Projects/Academic/dev_ws/install/xarm_moveit_servo:/home/oscar/Projects/Academic/dev_ws/install/xarm_moveit_config:/home/oscar/Projects/Academic/dev_ws/install/xarm_gazebo:/home/oscar/Projects/Academic/dev_ws/install/xarm_controller:/home/oscar/Projects/Academic/dev_ws/install/d435i_xarm_setup:/home/oscar/Projects/Academic/dev_ws/install/realsense_gazebo_plugin:/home/oscar/Projects/Academic/dev_ws/install/mbot_demo:/home/oscar/Projects/Academic/dev_ws/install/xarm_perturbations:/home/oscar/Projects/Academic/dev_ws/install/uf_ros_lib:/opt/ros/humble LD_LIBRARY_PATH=/home/oscar/Projects/Academic/dev_ws/install/xarm_api/lib:/home/oscar/Projects/Academic/dev_ws/install/xarm_sdk/lib:/home/oscar/Projects/Academic/dev_ws/install/xarm_msgs/lib:/home/oscar/Projects/Academic/dev_ws/install/xarm_planner/lib:/home/oscar/Projects/Academic/dev_ws/install/xarm_moveit_servo/lib:/home/oscar/Projects/Academic/dev_ws/install/xarm_gazebo/lib:/home/oscar/Projects/Academic/dev_ws/install/xarm_controller/lib:/home/oscar/Projects/Academic/dev_ws/install/realsense_gazebo_plugin/lib:/usr/lib/x86_64-linux-gnu/gazebo-11/plugins:/opt/ros/humble/opt/rviz_ogre_vendor/lib:/opt/ros/humble/lib/x86_64-linux-gnu:/opt/ros/humble/lib /usr/bin/cmake /home/oscar/Projects/Academic/dev_ws/src/xarm_ros2/xarm_controller -DAMENT_CMAKE_SYMLINK_INSTALL=1 -DCMAKE_INSTALL_PREFIX=/home/oscar/Projects/Academic/dev_ws/install/xarm_controller
[0.930s] Invoking command in '/home/oscar/Projects/Academic/dev_ws/build/xarm_controller': CMAKE_PREFIX_PATH=/home/oscar/Projects/Academic/dev_ws/install/xarm_api:/home/oscar/Projects/Academic/dev_ws/install/xarm_sdk:/home/oscar/Projects/Academic/dev_ws/install/xarm_msgs:/home/oscar/Projects/Academic/dev_ws/install/xarm_description:/home/oscar/Projects/Academic/dev_ws/install/xarm_writing:/home/oscar/Projects/Academic/dev_ws/install/xarm_planner:/home/oscar/Projects/Academic/dev_ws/install/xarm_moveit_servo:/home/oscar/Projects/Academic/dev_ws/install/xarm_moveit_config:/home/oscar/Projects/Academic/dev_ws/install/xarm_gazebo:/home/oscar/Projects/Academic/dev_ws/install/xarm_controller:/home/oscar/Projects/Academic/dev_ws/install/d435i_xarm_setup:/home/oscar/Projects/Academic/dev_ws/install/realsense_gazebo_plugin:/home/oscar/Projects/Academic/dev_ws/install/mbot_demo:/home/oscar/Projects/Academic/dev_ws/install/xarm_perturbations:/home/oscar/Projects/Academic/dev_ws/install/uf_ros_lib:/opt/ros/humble LD_LIBRARY_PATH=/home/oscar/Projects/Academic/dev_ws/install/xarm_api/lib:/home/oscar/Projects/Academic/dev_ws/install/xarm_sdk/lib:/home/oscar/Projects/Academic/dev_ws/install/xarm_msgs/lib:/home/oscar/Projects/Academic/dev_ws/install/xarm_planner/lib:/home/oscar/Projects/Academic/dev_ws/install/xarm_moveit_servo/lib:/home/oscar/Projects/Academic/dev_ws/install/xarm_gazebo/lib:/home/oscar/Projects/Academic/dev_ws/install/xarm_controller/lib:/home/oscar/Projects/Academic/dev_ws/install/realsense_gazebo_plugin/lib:/usr/lib/x86_64-linux-gnu/gazebo-11/plugins:/opt/ros/humble/opt/rviz_ogre_vendor/lib:/opt/ros/humble/lib/x86_64-linux-gnu:/opt/ros/humble/lib /usr/bin/cmake --build /home/oscar/Projects/Academic/dev_ws/build/xarm_controller -- -j24 -l24
[0.964s] [ 33%] [32mBuilding CXX object CMakeFiles/uf_robot_hardware.dir/src/hardware/uf_robot_fake_system_hardware.cpp.o[0m
[0.964s] [ 66%] [32mBuilding CXX object CMakeFiles/uf_robot_hardware.dir/src/hardware/uf_robot_system_hardware.cpp.o[0m
[5.386s] [100%] [32m[1mLinking CXX shared library libuf_robot_hardware.so[0m
[5.973s] [100%] Built target uf_robot_hardware
[5.981s] Invoked command in '/home/oscar/Projects/Academic/dev_ws/build/xarm_controller' returned '0': CMAKE_PREFIX_PATH=/home/oscar/Projects/Academic/dev_ws/install/xarm_api:/home/oscar/Projects/Academic/dev_ws/install/xarm_sdk:/home/oscar/Projects/Academic/dev_ws/install/xarm_msgs:/home/oscar/Projects/Academic/dev_ws/install/xarm_description:/home/oscar/Projects/Academic/dev_ws/install/xarm_writing:/home/oscar/Projects/Academic/dev_ws/install/xarm_planner:/home/oscar/Projects/Academic/dev_ws/install/xarm_moveit_servo:/home/oscar/Projects/Academic/dev_ws/install/xarm_moveit_config:/home/oscar/Projects/Academic/dev_ws/install/xarm_gazebo:/home/oscar/Projects/Academic/dev_ws/install/xarm_controller:/home/oscar/Projects/Academic/dev_ws/install/d435i_xarm_setup:/home/oscar/Projects/Academic/dev_ws/install/realsense_gazebo_plugin:/home/oscar/Projects/Academic/dev_ws/install/mbot_demo:/home/oscar/Projects/Academic/dev_ws/install/xarm_perturbations:/home/oscar/Projects/Academic/dev_ws/install/uf_ros_lib:/opt/ros/humble LD_LIBRARY_PATH=/home/oscar/Projects/Academic/dev_ws/install/xarm_api/lib:/home/oscar/Projects/Academic/dev_ws/install/xarm_sdk/lib:/home/oscar/Projects/Academic/dev_ws/install/xarm_msgs/lib:/home/oscar/Projects/Academic/dev_ws/install/xarm_planner/lib:/home/oscar/Projects/Academic/dev_ws/install/xarm_moveit_servo/lib:/home/oscar/Projects/Academic/dev_ws/install/xarm_gazebo/lib:/home/oscar/Projects/Academic/dev_ws/install/xarm_controller/lib:/home/oscar/Projects/Academic/dev_ws/install/realsense_gazebo_plugin/lib:/usr/lib/x86_64-linux-gnu/gazebo-11/plugins:/opt/ros/humble/opt/rviz_ogre_vendor/lib:/opt/ros/humble/lib/x86_64-linux-gnu:/opt/ros/humble/lib /usr/bin/cmake --build /home/oscar/Projects/Academic/dev_ws/build/xarm_controller -- -j24 -l24
[5.983s] Invoking command in '/home/oscar/Projects/Academic/dev_ws/build/xarm_controller': CMAKE_PREFIX_PATH=/home/oscar/Projects/Academic/dev_ws/install/xarm_api:/home/oscar/Projects/Academic/dev_ws/install/xarm_sdk:/home/oscar/Projects/Academic/dev_ws/install/xarm_msgs:/home/oscar/Projects/Academic/dev_ws/install/xarm_description:/home/oscar/Projects/Academic/dev_ws/install/xarm_writing:/home/oscar/Projects/Academic/dev_ws/install/xarm_planner:/home/oscar/Projects/Academic/dev_ws/install/xarm_moveit_servo:/home/oscar/Projects/Academic/dev_ws/install/xarm_moveit_config:/home/oscar/Projects/Academic/dev_ws/install/xarm_gazebo:/home/oscar/Projects/Academic/dev_ws/install/xarm_controller:/home/oscar/Projects/Academic/dev_ws/install/d435i_xarm_setup:/home/oscar/Projects/Academic/dev_ws/install/realsense_gazebo_plugin:/home/oscar/Projects/Academic/dev_ws/install/mbot_demo:/home/oscar/Projects/Academic/dev_ws/install/xarm_perturbations:/home/oscar/Projects/Academic/dev_ws/install/uf_ros_lib:/opt/ros/humble LD_LIBRARY_PATH=/home/oscar/Projects/Academic/dev_ws/install/xarm_api/lib:/home/oscar/Projects/Academic/dev_ws/install/xarm_sdk/lib:/home/oscar/Projects/Academic/dev_ws/install/xarm_msgs/lib:/home/oscar/Projects/Academic/dev_ws/install/xarm_planner/lib:/home/oscar/Projects/Academic/dev_ws/install/xarm_moveit_servo/lib:/home/oscar/Projects/Academic/dev_ws/install/xarm_gazebo/lib:/home/oscar/Projects/Academic/dev_ws/install/xarm_controller/lib:/home/oscar/Projects/Academic/dev_ws/install/realsense_gazebo_plugin/lib:/usr/lib/x86_64-linux-gnu/gazebo-11/plugins:/opt/ros/humble/opt/rviz_ogre_vendor/lib:/opt/ros/humble/lib/x86_64-linux-gnu:/opt/ros/humble/lib /usr/bin/cmake --install /home/oscar/Projects/Academic/dev_ws/build/xarm_controller
[5.989s] -- Install configuration: ""
[5.989s] -- Execute custom install script
[5.989s] -- Symlinking: /home/oscar/Projects/Academic/dev_ws/install/xarm_controller/share/xarm_controller//uf_hardware_interface_plugins.xml
[5.998s] -- Symlinking: /home/oscar/Projects/Academic/dev_ws/install/xarm_controller/include/xarm_controller/hardware/bak_uf_robot_fake_system_hardware.h
[6.008s] -- Symlinking: /home/oscar/Projects/Academic/dev_ws/install/xarm_controller/include/xarm_controller/hardware/uf_robot_fake_system_hardware.h
[6.019s] -- Symlinking: /home/oscar/Projects/Academic/dev_ws/install/xarm_controller/include/xarm_controller/hardware/uf_robot_system_hardware.h
[6.031s] -- Symlinking: /home/oscar/Projects/Academic/dev_ws/install/xarm_controller/lib/libuf_robot_hardware.so
[6.043s] -- Symlinking: /home/oscar/Projects/Academic/dev_ws/install/xarm_controller/share/xarm_controller//launch/_dual_ros2_control.launch.py
[6.049s] -- Symlinking: /home/oscar/Projects/Academic/dev_ws/install/xarm_controller/share/xarm_controller//launch/_robot_ros2_control.launch.py
[6.056s] -- Symlinking: /home/oscar/Projects/Academic/dev_ws/install/xarm_controller/share/xarm_controller//launch/_ros2_control.launch.py
[6.061s] -- Symlinking: /home/oscar/Projects/Academic/dev_ws/install/xarm_controller/share/xarm_controller//launch/lib/robot_controller_lib.py
[6.068s] -- Symlinking: /home/oscar/Projects/Academic/dev_ws/install/xarm_controller/share/xarm_controller//launch/lite6_control_rviz_display.launch.py
[6.074s] -- Symlinking: /home/oscar/Projects/Academic/dev_ws/install/xarm_controller/share/xarm_controller//launch/uf850_control_rviz_display.launch.py
[6.082s] -- Symlinking: /home/oscar/Projects/Academic/dev_ws/install/xarm_controller/share/xarm_controller//launch/xarm5_control_rviz_display.launch.py
[6.089s] -- Symlinking: /home/oscar/Projects/Academic/dev_ws/install/xarm_controller/share/xarm_controller//launch/xarm6_control_rviz_display.launch.py
[6.094s] -- Symlinking: /home/oscar/Projects/Academic/dev_ws/install/xarm_controller/share/xarm_controller//launch/xarm7_control_rviz_display.launch.py
[6.101s] -- Symlinking: /home/oscar/Projects/Academic/dev_ws/install/xarm_controller/share/xarm_controller//launch/xarm7_mirror_control_rviz_display.launch.py
[6.107s] -- Symlinking: /home/oscar/Projects/Academic/dev_ws/install/xarm_controller/share/xarm_controller//config/bio_gripper_controllers.yaml
[6.114s] -- Symlinking: /home/oscar/Projects/Academic/dev_ws/install/xarm_controller/share/xarm_controller//config/lite6_controllers.yaml
[6.124s] -- Symlinking: /home/oscar/Projects/Academic/dev_ws/install/xarm_controller/share/xarm_controller//config/uf850_controllers.yaml
[6.136s] -- Symlinking: /home/oscar/Projects/Academic/dev_ws/install/xarm_controller/share/xarm_controller//config/uf850_gripper_controllers.yaml
[6.148s] -- Symlinking: /home/oscar/Projects/Academic/dev_ws/install/xarm_controller/share/xarm_controller//config/xarm5_controllers.yaml
[6.162s] -- Symlinking: /home/oscar/Projects/Academic/dev_ws/install/xarm_controller/share/xarm_controller//config/xarm6_controllers.yaml
[6.175s] -- Symlinking: /home/oscar/Projects/Academic/dev_ws/install/xarm_controller/share/xarm_controller//config/xarm7_controllers.yaml
[6.189s] -- Symlinking: /home/oscar/Projects/Academic/dev_ws/install/xarm_controller/share/xarm_controller//config/xarm7_mirror_controllers.yaml
[6.198s] -- Symlinking: /home/oscar/Projects/Academic/dev_ws/install/xarm_controller/share/xarm_controller//config/xarm7_mirror_gripper_controllers.yaml
[6.208s] -- Symlinking: /home/oscar/Projects/Academic/dev_ws/install/xarm_controller/share/xarm_controller//config/xarm_gripper_controllers.yaml
[6.220s] -- Symlinking: /home/oscar/Projects/Academic/dev_ws/install/xarm_controller/share/xarm_controller/environment/library_path.sh
[6.232s] -- Symlinking: /home/oscar/Projects/Academic/dev_ws/install/xarm_controller/share/xarm_controller/environment/library_path.dsv
[6.245s] -- Symlinking: /home/oscar/Projects/Academic/dev_ws/install/xarm_controller/share/ament_index/resource_index/package_run_dependencies/xarm_controller
[6.253s] -- Symlinking: /home/oscar/Projects/Academic/dev_ws/install/xarm_controller/share/ament_index/resource_index/parent_prefix_path/xarm_controller
[6.261s] -- Symlinking: /home/oscar/Projects/Academic/dev_ws/install/xarm_controller/share/xarm_controller/environment/ament_prefix_path.sh
[6.266s] -- Symlinking: /home/oscar/Projects/Academic/dev_ws/install/xarm_controller/share/xarm_controller/environment/ament_prefix_path.dsv
[6.273s] -- Symlinking: /home/oscar/Projects/Academic/dev_ws/install/xarm_controller/share/xarm_controller/environment/path.sh
[6.278s] -- Symlinking: /home/oscar/Projects/Academic/dev_ws/install/xarm_controller/share/xarm_controller/environment/path.dsv
[6.284s] -- Symlinking: /home/oscar/Projects/Academic/dev_ws/install/xarm_controller/share/xarm_controller/local_setup.bash
[6.288s] -- Symlinking: /home/oscar/Projects/Academic/dev_ws/install/xarm_controller/share/xarm_controller/local_setup.sh
[6.293s] -- Symlinking: /home/oscar/Projects/Academic/dev_ws/install/xarm_controller/share/xarm_controller/local_setup.zsh
[6.300s] -- Symlinking: /home/oscar/Projects/Academic/dev_ws/install/xarm_controller/share/xarm_controller/local_setup.dsv
[6.306s] -- Symlinking: /home/oscar/Projects/Academic/dev_ws/install/xarm_controller/share/xarm_controller/package.dsv
[6.315s] -- Symlinking: /home/oscar/Projects/Academic/dev_ws/install/xarm_controller/share/ament_index/resource_index/packages/xarm_controller
[6.327s] -- Symlinking: /home/oscar/Projects/Academic/dev_ws/install/xarm_controller/share/ament_index/resource_index/hardware_interface__pluginlib__plugin/xarm_controller
[6.341s] -- Symlinking: /home/oscar/Projects/Academic/dev_ws/install/xarm_controller/share/xarm_controller/cmake/ament_cmake_export_include_directories-extras.cmake
[6.353s] -- Symlinking: /home/oscar/Projects/Academic/dev_ws/install/xarm_controller/share/xarm_controller/cmake/ament_cmake_export_libraries-extras.cmake
[6.365s] -- Symlinking: /home/oscar/Projects/Academic/dev_ws/install/xarm_controller/share/xarm_controller/cmake/ament_cmake_export_dependencies-extras.cmake
[6.376s] -- Symlinking: /home/oscar/Projects/Academic/dev_ws/install/xarm_controller/share/xarm_controller/cmake/xarm_controllerConfig.cmake
[6.389s] -- Symlinking: /home/oscar/Projects/Academic/dev_ws/install/xarm_controller/share/xarm_controller/cmake/xarm_controllerConfig-version.cmake
[6.401s] -- Symlinking: /home/oscar/Projects/Academic/dev_ws/install/xarm_controller/share/xarm_controller/package.xml
[6.412s] Invoked command in '/home/oscar/Projects/Academic/dev_ws/build/xarm_controller' returned '0': CMAKE_PREFIX_PATH=/home/oscar/Projects/Academic/dev_ws/install/xarm_api:/home/oscar/Projects/Academic/dev_ws/install/xarm_sdk:/home/oscar/Projects/Academic/dev_ws/install/xarm_msgs:/home/oscar/Projects/Academic/dev_ws/install/xarm_description:/home/oscar/Projects/Academic/dev_ws/install/xarm_writing:/home/oscar/Projects/Academic/dev_ws/install/xarm_planner:/home/oscar/Projects/Academic/dev_ws/install/xarm_moveit_servo:/home/oscar/Projects/Academic/dev_ws/install/xarm_moveit_config:/home/oscar/Projects/Academic/dev_ws/install/xarm_gazebo:/home/oscar/Projects/Academic/dev_ws/install/xarm_controller:/home/oscar/Projects/Academic/dev_ws/install/d435i_xarm_setup:/home/oscar/Projects/Academic/dev_ws/install/realsense_gazebo_plugin:/home/oscar/Projects/Academic/dev_ws/install/mbot_demo:/home/oscar/Projects/Academic/dev_ws/install/xarm_perturbations:/home/oscar/Projects/Academic/dev_ws/install/uf_ros_lib:/opt/ros/humble LD_LIBRARY_PATH=/home/oscar/Projects/Academic/dev_ws/install/xarm_api/lib:/home/oscar/Projects/Academic/dev_ws/install/xarm_sdk/lib:/home/oscar/Projects/Academic/dev_ws/install/xarm_msgs/lib:/home/oscar/Projects/Academic/dev_ws/install/xarm_planner/lib:/home/oscar/Projects/Academic/dev_ws/install/xarm_moveit_servo/lib:/home/oscar/Projects/Academic/dev_ws/install/xarm_gazebo/lib:/home/oscar/Projects/Academic/dev_ws/install/xarm_controller/lib:/home/oscar/Projects/Academic/dev_ws/install/realsense_gazebo_plugin/lib:/usr/lib/x86_64-linux-gnu/gazebo-11/plugins:/opt/ros/humble/opt/rviz_ogre_vendor/lib:/opt/ros/humble/lib/x86_64-linux-gnu:/opt/ros/humble/lib /usr/bin/cmake --install /home/oscar/Projects/Academic/dev_ws/build/xarm_controller
