[0.148s] Invoking command in '/home/oscar/Projects/Academic/dev_ws/build/realsense_gazebo_plugin': CMAKE_PREFIX_PATH=${CMAKE_PREFIX_PATH}:/home/oscar/Projects/Academic/dev_ws/install/xarm_writing:/home/oscar/Projects/Academic/dev_ws/install/xarm_perturbations:/home/oscar/Projects/Academic/dev_ws/install/uf_ros_lib:/opt/ros/humble /usr/bin/cmake --build /home/oscar/Projects/Academic/dev_ws/build/realsense_gazebo_plugin -- -j24 -l24
[0.279s] [100%] Built target realsense_gazebo_plugin
[0.415s] Invoked command in '/home/oscar/Projects/Academic/dev_ws/build/realsense_gazebo_plugin' returned '0': CMAKE_PREFIX_PATH=${CMAKE_PREFIX_PATH}:/home/oscar/Projects/Academic/dev_ws/install/xarm_writing:/home/oscar/Projects/Academic/dev_ws/install/xarm_perturbations:/home/oscar/Projects/Academic/dev_ws/install/uf_ros_lib:/opt/ros/humble /usr/bin/cmake --build /home/oscar/Projects/Academic/dev_ws/build/realsense_gazebo_plugin -- -j24 -l24
[0.417s] Invoking command in '/home/oscar/Projects/Academic/dev_ws/build/realsense_gazebo_plugin': CMAKE_PREFIX_PATH=${CMAKE_PREFIX_PATH}:/home/oscar/Projects/Academic/dev_ws/install/xarm_writing:/home/oscar/Projects/Academic/dev_ws/install/xarm_perturbations:/home/oscar/Projects/Academic/dev_ws/install/uf_ros_lib:/opt/ros/humble /usr/bin/cmake --install /home/oscar/Projects/Academic/dev_ws/build/realsense_gazebo_plugin
[0.429s] -- Install configuration: ""
[0.429s] -- Execute custom install script
[0.429s] -- Up-to-date symlink: /home/oscar/Projects/Academic/dev_ws/install/realsense_gazebo_plugin/lib/librealsense_gazebo_plugin.so
[0.429s] -- Up-to-date symlink: /home/oscar/Projects/Academic/dev_ws/install/realsense_gazebo_plugin/include//realsense_gazebo_plugin/RealSensePlugin.h
[0.430s] -- Up-to-date symlink: /home/oscar/Projects/Academic/dev_ws/install/realsense_gazebo_plugin/include//realsense_gazebo_plugin/gazebo_ros_realsense.h
[0.430s] -- Up-to-date symlink: /home/oscar/Projects/Academic/dev_ws/install/realsense_gazebo_plugin/share/realsense_gazebo_plugin/environment/library_path.sh
[0.431s] -- Up-to-date symlink: /home/oscar/Projects/Academic/dev_ws/install/realsense_gazebo_plugin/share/realsense_gazebo_plugin/environment/library_path.dsv
[0.431s] -- Up-to-date symlink: /home/oscar/Projects/Academic/dev_ws/install/realsense_gazebo_plugin/share/ament_index/resource_index/package_run_dependencies/realsense_gazebo_plugin
[0.431s] -- Up-to-date symlink: /home/oscar/Projects/Academic/dev_ws/install/realsense_gazebo_plugin/share/ament_index/resource_index/parent_prefix_path/realsense_gazebo_plugin
[0.431s] -- Up-to-date symlink: /home/oscar/Projects/Academic/dev_ws/install/realsense_gazebo_plugin/share/realsense_gazebo_plugin/environment/ament_prefix_path.sh
[0.431s] -- Up-to-date symlink: /home/oscar/Projects/Academic/dev_ws/install/realsense_gazebo_plugin/share/realsense_gazebo_plugin/environment/ament_prefix_path.dsv
[0.431s] -- Up-to-date symlink: /home/oscar/Projects/Academic/dev_ws/install/realsense_gazebo_plugin/share/realsense_gazebo_plugin/environment/path.sh
[0.431s] -- Up-to-date symlink: /home/oscar/Projects/Academic/dev_ws/install/realsense_gazebo_plugin/share/realsense_gazebo_plugin/environment/path.dsv
[0.431s] -- Up-to-date symlink: /home/oscar/Projects/Academic/dev_ws/install/realsense_gazebo_plugin/share/realsense_gazebo_plugin/local_setup.bash
[0.431s] -- Up-to-date symlink: /home/oscar/Projects/Academic/dev_ws/install/realsense_gazebo_plugin/share/realsense_gazebo_plugin/local_setup.sh
[0.432s] -- Up-to-date symlink: /home/oscar/Projects/Academic/dev_ws/install/realsense_gazebo_plugin/share/realsense_gazebo_plugin/local_setup.zsh
[0.432s] -- Up-to-date symlink: /home/oscar/Projects/Academic/dev_ws/install/realsense_gazebo_plugin/share/realsense_gazebo_plugin/local_setup.dsv
[0.432s] -- Symlinking: /home/oscar/Projects/Academic/dev_ws/install/realsense_gazebo_plugin/share/realsense_gazebo_plugin/package.dsv
[0.438s] -- Up-to-date symlink: /home/oscar/Projects/Academic/dev_ws/install/realsense_gazebo_plugin/share/ament_index/resource_index/packages/realsense_gazebo_plugin
[0.438s] -- Up-to-date symlink: /home/oscar/Projects/Academic/dev_ws/install/realsense_gazebo_plugin/share/realsense_gazebo_plugin/cmake/ament_cmake_export_include_directories-extras.cmake
[0.440s] -- Up-to-date symlink: /home/oscar/Projects/Academic/dev_ws/install/realsense_gazebo_plugin/share/realsense_gazebo_plugin/cmake/ament_cmake_export_libraries-extras.cmake
[0.440s] -- Up-to-date symlink: /home/oscar/Projects/Academic/dev_ws/install/realsense_gazebo_plugin/share/realsense_gazebo_plugin/cmake/realsense_gazebo_pluginConfig.cmake
[0.440s] -- Up-to-date symlink: /home/oscar/Projects/Academic/dev_ws/install/realsense_gazebo_plugin/share/realsense_gazebo_plugin/cmake/realsense_gazebo_pluginConfig-version.cmake
[0.442s] -- Up-to-date symlink: /home/oscar/Projects/Academic/dev_ws/install/realsense_gazebo_plugin/share/realsense_gazebo_plugin/package.xml
[0.514s] Invoked command in '/home/oscar/Projects/Academic/dev_ws/build/realsense_gazebo_plugin' returned '0': CMAKE_PREFIX_PATH=${CMAKE_PREFIX_PATH}:/home/oscar/Projects/Academic/dev_ws/install/xarm_writing:/home/oscar/Projects/Academic/dev_ws/install/xarm_perturbations:/home/oscar/Projects/Academic/dev_ws/install/uf_ros_lib:/opt/ros/humble /usr/bin/cmake --install /home/oscar/Projects/Academic/dev_ws/build/realsense_gazebo_plugin
