[0.008s] Invoking command in '/home/oscar/Projects/Academic/dev_ws/build/xarm_api': AMENT_PREFIX_PATH=/home/oscar/Projects/Academic/dev_ws/install/xarm_sdk:/home/oscar/Projects/Academic/dev_ws/install/xarm_msgs:/home/oscar/Projects/Academic/dev_ws/install/xarm_description:${AMENT_PREFIX_PATH} CMAKE_PREFIX_PATH=/home/oscar/Projects/Academic/dev_ws/install/xarm_sdk:/home/oscar/Projects/Academic/dev_ws/install/xarm_msgs:/home/oscar/Projects/Academic/dev_ws/install/xarm_description:/opt/ros/humble LD_LIBRARY_PATH=/home/oscar/Projects/Academic/dev_ws/install/xarm_sdk/lib:/home/oscar/Projects/Academic/dev_ws/install/xarm_msgs/lib:${LD_LIBRARY_PATH} PYTHONPATH=/home/oscar/Projects/Academic/dev_ws/install/xarm_msgs/local/lib/python3.10/dist-packages:${PYTHONPATH} /usr/bin/cmake --build /home/oscar/Projects/Academic/dev_ws/build/xarm_api -- -j24 -l24
[0.044s] [ 15%] Built target test_robot_states
[0.044s] [ 30%] Built target xarm_ros_client
[0.047s] [ 53%] Built target xarm_ros_driver
[0.065s] [ 84%] Built target test_xarm_velo_move
[0.065s] [ 84%] Built target test_xarm_ros_client
[0.069s] [100%] Built target xarm_driver_node
[0.078s] Invoked command in '/home/oscar/Projects/Academic/dev_ws/build/xarm_api' returned '0': AMENT_PREFIX_PATH=/home/oscar/Projects/Academic/dev_ws/install/xarm_sdk:/home/oscar/Projects/Academic/dev_ws/install/xarm_msgs:/home/oscar/Projects/Academic/dev_ws/install/xarm_description:${AMENT_PREFIX_PATH} CMAKE_PREFIX_PATH=/home/oscar/Projects/Academic/dev_ws/install/xarm_sdk:/home/oscar/Projects/Academic/dev_ws/install/xarm_msgs:/home/oscar/Projects/Academic/dev_ws/install/xarm_description:/opt/ros/humble LD_LIBRARY_PATH=/home/oscar/Projects/Academic/dev_ws/install/xarm_sdk/lib:/home/oscar/Projects/Academic/dev_ws/install/xarm_msgs/lib:${LD_LIBRARY_PATH} PYTHONPATH=/home/oscar/Projects/Academic/dev_ws/install/xarm_msgs/local/lib/python3.10/dist-packages:${PYTHONPATH} /usr/bin/cmake --build /home/oscar/Projects/Academic/dev_ws/build/xarm_api -- -j24 -l24
[0.079s] Invoking command in '/home/oscar/Projects/Academic/dev_ws/build/xarm_api': AMENT_PREFIX_PATH=/home/oscar/Projects/Academic/dev_ws/install/xarm_sdk:/home/oscar/Projects/Academic/dev_ws/install/xarm_msgs:/home/oscar/Projects/Academic/dev_ws/install/xarm_description:${AMENT_PREFIX_PATH} CMAKE_PREFIX_PATH=/home/oscar/Projects/Academic/dev_ws/install/xarm_sdk:/home/oscar/Projects/Academic/dev_ws/install/xarm_msgs:/home/oscar/Projects/Academic/dev_ws/install/xarm_description:/opt/ros/humble LD_LIBRARY_PATH=/home/oscar/Projects/Academic/dev_ws/install/xarm_sdk/lib:/home/oscar/Projects/Academic/dev_ws/install/xarm_msgs/lib:${LD_LIBRARY_PATH} PYTHONPATH=/home/oscar/Projects/Academic/dev_ws/install/xarm_msgs/local/lib/python3.10/dist-packages:${PYTHONPATH} /usr/bin/cmake --install /home/oscar/Projects/Academic/dev_ws/build/xarm_api
[0.085s] -- Install configuration: ""
[0.085s] -- Execute custom install script
[0.085s] -- Up-to-date symlink: /home/oscar/Projects/Academic/dev_ws/install/xarm_api/share/xarm_api/environment/library_path.sh
[0.086s] -- Up-to-date symlink: /home/oscar/Projects/Academic/dev_ws/install/xarm_api/share/xarm_api/environment/library_path.dsv
[0.086s] -- Up-to-date symlink: /home/oscar/Projects/Academic/dev_ws/install/xarm_api/include/xarm_api/visibility_control.h
[0.086s] -- Up-to-date symlink: /home/oscar/Projects/Academic/dev_ws/install/xarm_api/include/xarm_api/xarm_driver.h
[0.086s] -- Up-to-date symlink: /home/oscar/Projects/Academic/dev_ws/install/xarm_api/include/xarm_api/xarm_msgs.h
[0.086s] -- Up-to-date symlink: /home/oscar/Projects/Academic/dev_ws/install/xarm_api/include/xarm_api/xarm_ros_client.h
[0.086s] -- Up-to-date symlink: /home/oscar/Projects/Academic/dev_ws/install/xarm_api/lib/libxarm_ros_driver.so
[0.086s] -- Up-to-date symlink: /home/oscar/Projects/Academic/dev_ws/install/xarm_api/lib/libxarm_ros_client.so
[0.087s] -- Up-to-date symlink: /home/oscar/Projects/Academic/dev_ws/install/xarm_api/lib/xarm_api/xarm_driver_node
[0.087s] -- Up-to-date symlink: /home/oscar/Projects/Academic/dev_ws/install/xarm_api/lib/xarm_api/test_xarm_ros_client
[0.087s] -- Up-to-date symlink: /home/oscar/Projects/Academic/dev_ws/install/xarm_api/lib/xarm_api/test_xarm_velo_move
[0.087s] -- Up-to-date symlink: /home/oscar/Projects/Academic/dev_ws/install/xarm_api/lib/xarm_api/test_robot_states
[0.087s] -- Up-to-date symlink: /home/oscar/Projects/Academic/dev_ws/install/xarm_api/share/xarm_api//launch/_robot_driver.launch.py
[0.087s] -- Up-to-date symlink: /home/oscar/Projects/Academic/dev_ws/install/xarm_api/share/xarm_api//launch/lib/robot_api_lib.py
[0.087s] -- Up-to-date symlink: /home/oscar/Projects/Academic/dev_ws/install/xarm_api/share/xarm_api//launch/lite6_driver.launch.py
[0.087s] -- Up-to-date symlink: /home/oscar/Projects/Academic/dev_ws/install/xarm_api/share/xarm_api//launch/uf850_driver.launch.py
[0.088s] -- Up-to-date symlink: /home/oscar/Projects/Academic/dev_ws/install/xarm_api/share/xarm_api//launch/xarm5_driver.launch.py
[0.088s] -- Up-to-date symlink: /home/oscar/Projects/Academic/dev_ws/install/xarm_api/share/xarm_api//launch/xarm6_driver.launch.py
[0.088s] -- Up-to-date symlink: /home/oscar/Projects/Academic/dev_ws/install/xarm_api/share/xarm_api//launch/xarm7_driver.launch.py
[0.088s] -- Up-to-date symlink: /home/oscar/Projects/Academic/dev_ws/install/xarm_api/share/xarm_api//config/xarm_params.yaml
[0.088s] -- Up-to-date symlink: /home/oscar/Projects/Academic/dev_ws/install/xarm_api/share/ament_index/resource_index/package_run_dependencies/xarm_api
[0.088s] -- Up-to-date symlink: /home/oscar/Projects/Academic/dev_ws/install/xarm_api/share/ament_index/resource_index/parent_prefix_path/xarm_api
[0.088s] -- Up-to-date symlink: /home/oscar/Projects/Academic/dev_ws/install/xarm_api/share/xarm_api/environment/ament_prefix_path.sh
[0.088s] -- Up-to-date symlink: /home/oscar/Projects/Academic/dev_ws/install/xarm_api/share/xarm_api/environment/ament_prefix_path.dsv
[0.088s] -- Up-to-date symlink: /home/oscar/Projects/Academic/dev_ws/install/xarm_api/share/xarm_api/environment/path.sh
[0.089s] -- Up-to-date symlink: /home/oscar/Projects/Academic/dev_ws/install/xarm_api/share/xarm_api/environment/path.dsv
[0.089s] -- Up-to-date symlink: /home/oscar/Projects/Academic/dev_ws/install/xarm_api/share/xarm_api/local_setup.bash
[0.089s] -- Up-to-date symlink: /home/oscar/Projects/Academic/dev_ws/install/xarm_api/share/xarm_api/local_setup.sh
[0.089s] -- Up-to-date symlink: /home/oscar/Projects/Academic/dev_ws/install/xarm_api/share/xarm_api/local_setup.zsh
[0.089s] -- Up-to-date symlink: /home/oscar/Projects/Academic/dev_ws/install/xarm_api/share/xarm_api/local_setup.dsv
[0.089s] -- Symlinking: /home/oscar/Projects/Academic/dev_ws/install/xarm_api/share/xarm_api/package.dsv
[0.096s] -- Up-to-date symlink: /home/oscar/Projects/Academic/dev_ws/install/xarm_api/share/ament_index/resource_index/packages/xarm_api
[0.096s] -- Up-to-date symlink: /home/oscar/Projects/Academic/dev_ws/install/xarm_api/share/xarm_api/cmake/ament_cmake_export_libraries-extras.cmake
[0.096s] -- Up-to-date symlink: /home/oscar/Projects/Academic/dev_ws/install/xarm_api/share/xarm_api/cmake/ament_cmake_export_include_directories-extras.cmake
[0.096s] -- Up-to-date symlink: /home/oscar/Projects/Academic/dev_ws/install/xarm_api/share/xarm_api/cmake/xarm_apiConfig.cmake
[0.096s] -- Up-to-date symlink: /home/oscar/Projects/Academic/dev_ws/install/xarm_api/share/xarm_api/cmake/xarm_apiConfig-version.cmake
[0.097s] -- Up-to-date symlink: /home/oscar/Projects/Academic/dev_ws/install/xarm_api/share/xarm_api/package.xml
[0.098s] Invoked command in '/home/oscar/Projects/Academic/dev_ws/build/xarm_api' returned '0': AMENT_PREFIX_PATH=/home/oscar/Projects/Academic/dev_ws/install/xarm_sdk:/home/oscar/Projects/Academic/dev_ws/install/xarm_msgs:/home/oscar/Projects/Academic/dev_ws/install/xarm_description:${AMENT_PREFIX_PATH} CMAKE_PREFIX_PATH=/home/oscar/Projects/Academic/dev_ws/install/xarm_sdk:/home/oscar/Projects/Academic/dev_ws/install/xarm_msgs:/home/oscar/Projects/Academic/dev_ws/install/xarm_description:/opt/ros/humble LD_LIBRARY_PATH=/home/oscar/Projects/Academic/dev_ws/install/xarm_sdk/lib:/home/oscar/Projects/Academic/dev_ws/install/xarm_msgs/lib:${LD_LIBRARY_PATH} PYTHONPATH=/home/oscar/Projects/Academic/dev_ws/install/xarm_msgs/local/lib/python3.10/dist-packages:${PYTHONPATH} /usr/bin/cmake --install /home/oscar/Projects/Academic/dev_ws/build/xarm_api
