[0.148s] Invoking command in '/home/oscar/Projects/Academic/dev_ws/build/realsense_gazebo_plugin': CMAKE_PREFIX_PATH=${CMAKE_PREFIX_PATH}:/home/oscar/Projects/Academic/dev_ws/install/xarm_perturbations:/home/oscar/Projects/Academic/dev_ws/install/uf_ros_lib:/opt/ros/humble /usr/bin/cmake /home/oscar/Projects/Academic/dev_ws/src/xarm_ros2/thirdparty/realsense_gazebo_plugin -DAMENT_CMAKE_SYMLINK_INSTALL=1 -DCMAKE_INSTALL_PREFIX=/home/oscar/Projects/Academic/dev_ws/install/realsense_gazebo_plugin
[0.300s] -- The C compiler identification is GNU 11.4.0
[0.300s] -- The CXX compiler identification is GNU 11.4.0
[0.300s] -- Detecting C compiler ABI info
[0.300s] -- Detecting C compiler ABI info - done
[0.300s] -- Check for working C compiler: /usr/bin/cc - skipped
[0.300s] -- Detecting C compile features
[0.300s] -- Detecting C compile features - done
[0.300s] -- Detecting CXX compiler ABI info
[0.335s] -- Detecting CXX compiler ABI info - done
[0.342s] -- Check for working CXX compiler: /usr/bin/c++ - skipped
[0.342s] -- Detecting CXX compile features
[0.343s] -- Detecting CXX compile features - done
[0.345s] -- Found ament_cmake: 1.3.12 (/opt/ros/humble/share/ament_cmake/cmake)
[0.470s] -- Found Python3: /usr/bin/python3 (found version "3.10.12") found components: Interpreter 
[0.534s] -- Override CMake install command with custom implementation using symlinks instead of copying resources
[0.571s] -- Found rclcpp: 16.0.17 (/opt/ros/humble/share/rclcpp/cmake)
[0.648s] -- Found rosidl_generator_c: 3.1.8 (/opt/ros/humble/share/rosidl_generator_c/cmake)
[0.655s] -- Found rosidl_adapter: 3.1.8 (/opt/ros/humble/share/rosidl_adapter/cmake)
[0.666s] -- Found rosidl_generator_cpp: 3.1.8 (/opt/ros/humble/share/rosidl_generator_cpp/cmake)
[0.683s] -- Using all available rosidl_typesupport_c: rosidl_typesupport_fastrtps_c;rosidl_typesupport_introspection_c
[0.708s] -- Using all available rosidl_typesupport_cpp: rosidl_typesupport_fastrtps_cpp;rosidl_typesupport_introspection_cpp
[0.772s] -- Found rmw_implementation_cmake: 6.1.2 (/opt/ros/humble/share/rmw_implementation_cmake/cmake)
[0.775s] -- Found rmw_fastrtps_cpp: 6.2.9 (/opt/ros/humble/share/rmw_fastrtps_cpp/cmake)
[0.934s] -- Found OpenSSL: /usr/lib/x86_64-linux-gnu/libcrypto.so (found version "3.0.2")  
[0.970s] -- Found FastRTPS: /opt/ros/foxy/include  
[1.016s] -- Using RMW implementation 'rmw_fastrtps_cpp' as default
[1.027s] -- Looking for pthread.h
[1.183s] -- Looking for pthread.h - found
[1.184s] -- Performing Test CMAKE_HAVE_LIBC_PTHREAD
[1.295s] -- Performing Test CMAKE_HAVE_LIBC_PTHREAD - Success
[1.296s] -- Found Threads: TRUE  
[1.361s] -- Found gazebo_ros: 3.9.0 (/opt/ros/humble/share/gazebo_ros/cmake)
[1.372s] -- Found PkgConfig: /usr/bin/pkg-config (found version "0.29.2") 
[1.374s] -- Checking for module 'bullet>=2.82'
[1.388s] --   Found bullet, version 3.05
[1.516s] -- Found fcl: /usr/include (found suitable version "0.7.0", minimum required is "0.5.0") 
[1.571s] -- Found assimp: /usr/include (found version "5.2.0") 
[1.592s] -- Found DART: /usr/include (Required is at least version "6.6") found components: dart 
[1.628s] -- Found Boost: /usr/lib/x86_64-linux-gnu/cmake/Boost-1.74.0/BoostConfig.cmake (found suitable version "1.74.0", minimum required is "1.40.0") found components: thread system filesystem program_options regex iostreams date_time 
[1.646s] -- Found Protobuf: /usr/lib/x86_64-linux-gnu/libprotobuf.so (found version "3.12.4") 
[1.653s] -- Looking for ignition-math6 -- found version 6.15.1
[1.659s] -- Searching for dependencies of ignition-math6
[1.661s] -- Looking for OGRE...
[1.661s] -- OGRE_PREFIX_WATCH changed.
[1.667s] -- Checking for module 'OGRE'
[1.680s] --   Found OGRE, version 1.9.0
[1.708s] -- Found Ogre Ghadamon (1.9.0)
[1.718s] -- Found OGRE: optimized;/usr/lib/x86_64-linux-gnu/libOgreMain.so;debug;/usr/lib/x86_64-linux-gnu/libOgreMain.so
[1.729s] -- Looking for OGRE_Paging...
[1.737s] -- Found OGRE_Paging: optimized;/usr/lib/x86_64-linux-gnu/libOgrePaging.so;debug;/usr/lib/x86_64-linux-gnu/libOgrePaging.so
[1.737s] -- Looking for OGRE_Terrain...
[1.744s] -- Found OGRE_Terrain: optimized;/usr/lib/x86_64-linux-gnu/libOgreTerrain.so;debug;/usr/lib/x86_64-linux-gnu/libOgreTerrain.so
[1.744s] -- Looking for OGRE_Property...
[1.751s] -- Found OGRE_Property: optimized;/usr/lib/x86_64-linux-gnu/libOgreProperty.so;debug;/usr/lib/x86_64-linux-gnu/libOgreProperty.so
[1.751s] -- Looking for OGRE_RTShaderSystem...
[1.758s] -- Found OGRE_RTShaderSystem: optimized;/usr/lib/x86_64-linux-gnu/libOgreRTShaderSystem.so;debug;/usr/lib/x86_64-linux-gnu/libOgreRTShaderSystem.so
[1.758s] -- Looking for OGRE_Volume...
[1.764s] -- Found OGRE_Volume: optimized;/usr/lib/x86_64-linux-gnu/libOgreVolume.so;debug;/usr/lib/x86_64-linux-gnu/libOgreVolume.so
[1.765s] -- Looking for OGRE_Overlay...
[1.771s] -- Found OGRE_Overlay: optimized;/usr/lib/x86_64-linux-gnu/libOgreOverlay.so;debug;/usr/lib/x86_64-linux-gnu/libOgreOverlay.so
[1.896s] -- Looking for ignition-math6 -- found version 6.15.1
[1.897s] -- Looking for ignition-transport8 -- found version 8.2.1
[1.897s] -- Searching for dependencies of ignition-transport8
[1.910s] -- Found Protobuf: /usr/lib/x86_64-linux-gnu/libprotobuf.so (found suitable version "3.12.4", minimum required is "3") 
[1.916s] -- Config-file not installed for ZeroMQ -- checking for pkg-config
[1.920s] -- Checking for module 'libzmq >= 4'
[1.930s] --   Found libzmq , version 4.3.4
[1.964s] -- Found ZeroMQ: TRUE (Required is at least version "4") 
[1.970s] -- Checking for module 'uuid'
[1.980s] --   Found uuid, version 2.37.2
[2.004s] -- Found UUID: TRUE  
[2.005s] -- Looking for ignition-msgs5 -- found version 5.8.1
[2.006s] -- Searching for dependencies of ignition-msgs5
[2.019s] -- Looking for ignition-math6 -- found version 6.15.1
[2.023s] -- Checking for module 'tinyxml2'
[2.034s] --   Found tinyxml2, version 9.0.0
[2.060s] -- Looking for ignition-msgs5 -- found version 5.8.1
[2.062s] -- Looking for ignition-common3 -- found version 3.14.0
[2.062s] -- Searching for dependencies of ignition-common3
[2.062s] -- Looking for dlfcn.h - found
[2.063s] -- Looking for libdl - found
[2.064s] -- Found DL: TRUE  
[2.075s] -- Found tinyobjloader: /usr/lib/x86_64-linux-gnu/cmake/tinyobjloader/tinyobjloader-config.cmake (found version "2.0.0") 
[2.075s] -- Searching for <ignition-common3> component [graphics]
[2.078s] -- Looking for ignition-common3-graphics -- found version 3.14.0
[2.078s] -- Searching for dependencies of ignition-common3-graphics
[2.078s] -- Looking for ignition-math6 -- found version 6.15.1
[2.081s] -- Looking for ignition-fuel_tools4 -- found version 4.4.0
[2.082s] -- Searching for dependencies of ignition-fuel_tools4
[2.151s] -- Found CURL: /usr/lib/x86_64-linux-gnu/libcurl.so (found version "7.81.0")  
[2.158s] -- Checking for module 'jsoncpp'
[2.170s] --   Found jsoncpp, version 1.9.5
[2.197s] -- Found JSONCPP: TRUE  
[2.201s] -- Checking for module 'libzip'
[2.212s] --   Found libzip, version 1.7.3
[2.241s] -- Found ZIP: TRUE  
[2.241s] -- Looking for ignition-common3 -- found version 3.14.0
[2.241s] -- Looking for ignition-math6 -- found version 6.15.1
[2.242s] -- Looking for ignition-msgs5 -- found version 5.8.1
[2.245s] -- Gazebo version: 11.10
[2.245s] -- Checking for module 'tbb'
[2.257s] --   Found tbb, version 2021.5.0
[2.282s] -- Found image_transport: 3.1.12 (/opt/ros/humble/share/image_transport/cmake)
[2.336s] -- Found camera_info_manager: 3.1.12 (/opt/ros/humble/share/camera_info_manager/cmake)
[2.359s] -- Found ament_lint_auto: 0.12.14 (/opt/ros/humble/share/ament_lint_auto/cmake)
[2.413s] -- Configuring done
[2.425s] -- Generating done
[2.428s] -- Build files have been written to: /home/oscar/Projects/Academic/dev_ws/build/realsense_gazebo_plugin
[2.438s] Invoked command in '/home/oscar/Projects/Academic/dev_ws/build/realsense_gazebo_plugin' returned '0': CMAKE_PREFIX_PATH=${CMAKE_PREFIX_PATH}:/home/oscar/Projects/Academic/dev_ws/install/xarm_perturbations:/home/oscar/Projects/Academic/dev_ws/install/uf_ros_lib:/opt/ros/humble /usr/bin/cmake /home/oscar/Projects/Academic/dev_ws/src/xarm_ros2/thirdparty/realsense_gazebo_plugin -DAMENT_CMAKE_SYMLINK_INSTALL=1 -DCMAKE_INSTALL_PREFIX=/home/oscar/Projects/Academic/dev_ws/install/realsense_gazebo_plugin
[2.439s] Invoking command in '/home/oscar/Projects/Academic/dev_ws/build/realsense_gazebo_plugin': CMAKE_PREFIX_PATH=${CMAKE_PREFIX_PATH}:/home/oscar/Projects/Academic/dev_ws/install/xarm_perturbations:/home/oscar/Projects/Academic/dev_ws/install/uf_ros_lib:/opt/ros/humble /usr/bin/cmake --build /home/oscar/Projects/Academic/dev_ws/build/realsense_gazebo_plugin -- -j24 -l24
[2.479s] [ 33%] [32mBuilding CXX object CMakeFiles/realsense_gazebo_plugin.dir/src/gazebo_ros_realsense.cpp.o[0m
[2.481s] [ 66%] [32mBuilding CXX object CMakeFiles/realsense_gazebo_plugin.dir/src/RealSensePlugin.cpp.o[0m
[17.606s] [100%] [32m[1mLinking CXX shared library librealsense_gazebo_plugin.so[0m
[18.029s] [100%] Built target realsense_gazebo_plugin
[18.038s] Invoked command in '/home/oscar/Projects/Academic/dev_ws/build/realsense_gazebo_plugin' returned '0': CMAKE_PREFIX_PATH=${CMAKE_PREFIX_PATH}:/home/oscar/Projects/Academic/dev_ws/install/xarm_perturbations:/home/oscar/Projects/Academic/dev_ws/install/uf_ros_lib:/opt/ros/humble /usr/bin/cmake --build /home/oscar/Projects/Academic/dev_ws/build/realsense_gazebo_plugin -- -j24 -l24
[18.038s] Invoking command in '/home/oscar/Projects/Academic/dev_ws/build/realsense_gazebo_plugin': CMAKE_PREFIX_PATH=${CMAKE_PREFIX_PATH}:/home/oscar/Projects/Academic/dev_ws/install/xarm_perturbations:/home/oscar/Projects/Academic/dev_ws/install/uf_ros_lib:/opt/ros/humble /usr/bin/cmake --install /home/oscar/Projects/Academic/dev_ws/build/realsense_gazebo_plugin
[18.042s] -- Install configuration: ""
[18.042s] -- Execute custom install script
[18.042s] -- Symlinking: /home/oscar/Projects/Academic/dev_ws/install/realsense_gazebo_plugin/lib/librealsense_gazebo_plugin.so
[18.048s] -- Symlinking: /home/oscar/Projects/Academic/dev_ws/install/realsense_gazebo_plugin/include//realsense_gazebo_plugin/RealSensePlugin.h
[18.054s] -- Symlinking: /home/oscar/Projects/Academic/dev_ws/install/realsense_gazebo_plugin/include//realsense_gazebo_plugin/gazebo_ros_realsense.h
[18.060s] -- Symlinking: /home/oscar/Projects/Academic/dev_ws/install/realsense_gazebo_plugin/share/realsense_gazebo_plugin/environment/library_path.sh
[18.065s] -- Symlinking: /home/oscar/Projects/Academic/dev_ws/install/realsense_gazebo_plugin/share/realsense_gazebo_plugin/environment/library_path.dsv
[18.070s] -- Symlinking: /home/oscar/Projects/Academic/dev_ws/install/realsense_gazebo_plugin/share/ament_index/resource_index/package_run_dependencies/realsense_gazebo_plugin
[18.076s] -- Symlinking: /home/oscar/Projects/Academic/dev_ws/install/realsense_gazebo_plugin/share/ament_index/resource_index/parent_prefix_path/realsense_gazebo_plugin
[18.081s] -- Symlinking: /home/oscar/Projects/Academic/dev_ws/install/realsense_gazebo_plugin/share/realsense_gazebo_plugin/environment/ament_prefix_path.sh
[18.088s] -- Symlinking: /home/oscar/Projects/Academic/dev_ws/install/realsense_gazebo_plugin/share/realsense_gazebo_plugin/environment/ament_prefix_path.dsv
[18.092s] -- Symlinking: /home/oscar/Projects/Academic/dev_ws/install/realsense_gazebo_plugin/share/realsense_gazebo_plugin/environment/path.sh
[18.096s] -- Symlinking: /home/oscar/Projects/Academic/dev_ws/install/realsense_gazebo_plugin/share/realsense_gazebo_plugin/environment/path.dsv
[18.103s] -- Symlinking: /home/oscar/Projects/Academic/dev_ws/install/realsense_gazebo_plugin/share/realsense_gazebo_plugin/local_setup.bash
[18.108s] -- Symlinking: /home/oscar/Projects/Academic/dev_ws/install/realsense_gazebo_plugin/share/realsense_gazebo_plugin/local_setup.sh
[18.112s] -- Symlinking: /home/oscar/Projects/Academic/dev_ws/install/realsense_gazebo_plugin/share/realsense_gazebo_plugin/local_setup.zsh
[18.118s] -- Symlinking: /home/oscar/Projects/Academic/dev_ws/install/realsense_gazebo_plugin/share/realsense_gazebo_plugin/local_setup.dsv
[18.125s] -- Symlinking: /home/oscar/Projects/Academic/dev_ws/install/realsense_gazebo_plugin/share/realsense_gazebo_plugin/package.dsv
[18.132s] -- Symlinking: /home/oscar/Projects/Academic/dev_ws/install/realsense_gazebo_plugin/share/ament_index/resource_index/packages/realsense_gazebo_plugin
[18.137s] -- Symlinking: /home/oscar/Projects/Academic/dev_ws/install/realsense_gazebo_plugin/share/realsense_gazebo_plugin/cmake/ament_cmake_export_include_directories-extras.cmake
[18.142s] -- Symlinking: /home/oscar/Projects/Academic/dev_ws/install/realsense_gazebo_plugin/share/realsense_gazebo_plugin/cmake/ament_cmake_export_libraries-extras.cmake
[18.147s] -- Symlinking: /home/oscar/Projects/Academic/dev_ws/install/realsense_gazebo_plugin/share/realsense_gazebo_plugin/cmake/realsense_gazebo_pluginConfig.cmake
[18.151s] -- Symlinking: /home/oscar/Projects/Academic/dev_ws/install/realsense_gazebo_plugin/share/realsense_gazebo_plugin/cmake/realsense_gazebo_pluginConfig-version.cmake
[18.156s] -- Symlinking: /home/oscar/Projects/Academic/dev_ws/install/realsense_gazebo_plugin/share/realsense_gazebo_plugin/package.xml
[18.162s] Invoked command in '/home/oscar/Projects/Academic/dev_ws/build/realsense_gazebo_plugin' returned '0': CMAKE_PREFIX_PATH=${CMAKE_PREFIX_PATH}:/home/oscar/Projects/Academic/dev_ws/install/xarm_perturbations:/home/oscar/Projects/Academic/dev_ws/install/uf_ros_lib:/opt/ros/humble /usr/bin/cmake --install /home/oscar/Projects/Academic/dev_ws/build/realsense_gazebo_plugin
