[0.029s] Invoking command in '/home/oscar/Projects/Academic/dev_ws/build/xarm_msgs': CMAKE_PREFIX_PATH=${CMAKE_PREFIX_PATH}:/home/oscar/Projects/Academic/dev_ws/install/xarm_writing:/home/oscar/Projects/Academic/dev_ws/install/xarm_perturbations:/home/oscar/Projects/Academic/dev_ws/install/uf_ros_lib:/opt/ros/humble /usr/bin/cmake --build /home/oscar/Projects/Academic/dev_ws/build/xarm_msgs -- -j24 -l24
[0.312s] [  0%] Built target xarm_msgs__cpp
[0.312s] [  0%] Built target ament_cmake_python_symlink_xarm_msgs
[0.312s] [ 12%] Built target xarm_msgs__rosidl_generator_c
[0.312s] [ 25%] Built target xarm_msgs__rosidl_typesupport_c
[0.312s] [ 38%] Built target xarm_msgs__rosidl_typesupport_introspection_c
[0.312s] [ 51%] Built target xarm_msgs__rosidl_typesupport_introspection_cpp
[0.312s] [ 63%] Built target xarm_msgs__rosidl_typesupport_cpp
[0.312s] [ 76%] Built target xarm_msgs__rosidl_typesupport_fastrtps_c
[0.312s] [ 88%] Built target xarm_msgs__rosidl_typesupport_fastrtps_cpp
[0.313s] [ 88%] Built target xarm_msgs
[0.313s] [ 88%] Built target xarm_msgs__py
[0.313s] [100%] Built target xarm_msgs__rosidl_generator_py
[0.313s] [100%] Built target xarm_msgs__rosidl_typesupport_introspection_c__pyext
[0.313s] [100%] Built target xarm_msgs__rosidl_typesupport_c__pyext
[0.313s] [100%] Built target xarm_msgs__rosidl_typesupport_fastrtps_c__pyext
[0.313s] running egg_info
[0.313s] writing xarm_msgs.egg-info/PKG-INFO
[0.313s] writing dependency_links to xarm_msgs.egg-info/dependency_links.txt
[0.313s] writing top-level names to xarm_msgs.egg-info/top_level.txt
[0.313s] reading manifest file 'xarm_msgs.egg-info/SOURCES.txt'
[0.313s] writing manifest file 'xarm_msgs.egg-info/SOURCES.txt'
[0.313s] [100%] Built target ament_cmake_python_build_xarm_msgs_egg
