[0.013s] Invoking command in '/home/oscar/Projects/Academic/dev_ws/build/d435i_xarm_setup': AMENT_PREFIX_PATH=/home/oscar/Projects/Academic/dev_ws/install/xarm_api:/home/oscar/Projects/Academic/dev_ws/install/xarm_sdk:/home/oscar/Projects/Academic/dev_ws/install/xarm_msgs:/home/oscar/Projects/Academic/dev_ws/install/xarm_description:${AMENT_PREFIX_PATH} CMAKE_PREFIX_PATH=/home/oscar/Projects/Academic/dev_ws/install/xarm_api:/home/oscar/Projects/Academic/dev_ws/install/xarm_sdk:/home/oscar/Projects/Academic/dev_ws/install/xarm_msgs:/home/oscar/Projects/Academic/dev_ws/install/xarm_description:/opt/ros/humble LD_LIBRARY_PATH=/home/oscar/Projects/Academic/dev_ws/install/xarm_api/lib:/home/oscar/Projects/Academic/dev_ws/install/xarm_sdk/lib:/home/oscar/Projects/Academic/dev_ws/install/xarm_msgs/lib:${LD_LIBRARY_PATH} PYTHONPATH=/home/oscar/Projects/Academic/dev_ws/install/xarm_msgs/local/lib/python3.10/dist-packages:${PYTHONPATH} /usr/bin/cmake --build /home/oscar/Projects/Academic/dev_ws/build/d435i_xarm_setup -- -j24 -l24
[0.066s] [ 66%] Built target tf_object_to_base
[0.066s] [ 66%] Built target findobj_grasp_moveit_planner
[0.069s] [100%] Built target findobj_grasp_xarm_api
[0.079s] Invoked command in '/home/oscar/Projects/Academic/dev_ws/build/d435i_xarm_setup' returned '0': AMENT_PREFIX_PATH=/home/oscar/Projects/Academic/dev_ws/install/xarm_api:/home/oscar/Projects/Academic/dev_ws/install/xarm_sdk:/home/oscar/Projects/Academic/dev_ws/install/xarm_msgs:/home/oscar/Projects/Academic/dev_ws/install/xarm_description:${AMENT_PREFIX_PATH} CMAKE_PREFIX_PATH=/home/oscar/Projects/Academic/dev_ws/install/xarm_api:/home/oscar/Projects/Academic/dev_ws/install/xarm_sdk:/home/oscar/Projects/Academic/dev_ws/install/xarm_msgs:/home/oscar/Projects/Academic/dev_ws/install/xarm_description:/opt/ros/humble LD_LIBRARY_PATH=/home/oscar/Projects/Academic/dev_ws/install/xarm_api/lib:/home/oscar/Projects/Academic/dev_ws/install/xarm_sdk/lib:/home/oscar/Projects/Academic/dev_ws/install/xarm_msgs/lib:${LD_LIBRARY_PATH} PYTHONPATH=/home/oscar/Projects/Academic/dev_ws/install/xarm_msgs/local/lib/python3.10/dist-packages:${PYTHONPATH} /usr/bin/cmake --build /home/oscar/Projects/Academic/dev_ws/build/d435i_xarm_setup -- -j24 -l24
[0.080s] Invoking command in '/home/oscar/Projects/Academic/dev_ws/build/d435i_xarm_setup': AMENT_PREFIX_PATH=/home/oscar/Projects/Academic/dev_ws/install/xarm_api:/home/oscar/Projects/Academic/dev_ws/install/xarm_sdk:/home/oscar/Projects/Academic/dev_ws/install/xarm_msgs:/home/oscar/Projects/Academic/dev_ws/install/xarm_description:${AMENT_PREFIX_PATH} CMAKE_PREFIX_PATH=/home/oscar/Projects/Academic/dev_ws/install/xarm_api:/home/oscar/Projects/Academic/dev_ws/install/xarm_sdk:/home/oscar/Projects/Academic/dev_ws/install/xarm_msgs:/home/oscar/Projects/Academic/dev_ws/install/xarm_description:/opt/ros/humble LD_LIBRARY_PATH=/home/oscar/Projects/Academic/dev_ws/install/xarm_api/lib:/home/oscar/Projects/Academic/dev_ws/install/xarm_sdk/lib:/home/oscar/Projects/Academic/dev_ws/install/xarm_msgs/lib:${LD_LIBRARY_PATH} PYTHONPATH=/home/oscar/Projects/Academic/dev_ws/install/xarm_msgs/local/lib/python3.10/dist-packages:${PYTHONPATH} /usr/bin/cmake --install /home/oscar/Projects/Academic/dev_ws/build/d435i_xarm_setup
[0.086s] -- Install configuration: ""
[0.087s] -- Execute custom install script
[0.087s] -- Up-to-date symlink: /home/oscar/Projects/Academic/dev_ws/install/d435i_xarm_setup/share/d435i_xarm_setup//launch/d435i_findobj2d_robot_api.launch.py
[0.088s] -- Up-to-date symlink: /home/oscar/Projects/Academic/dev_ws/install/d435i_xarm_setup/share/d435i_xarm_setup//launch/d435i_findobj2d_robot_moveit_planner.launch.py
[0.088s] -- Up-to-date symlink: /home/oscar/Projects/Academic/dev_ws/install/d435i_xarm_setup/share/d435i_xarm_setup//launch/d435i_robot_auto_calib.launch.py
[0.089s] -- Up-to-date symlink: /home/oscar/Projects/Academic/dev_ws/install/d435i_xarm_setup/share/d435i_xarm_setup//launch/d435i_robot_ork_linemod.launch.py
[0.089s] -- Up-to-date symlink: /home/oscar/Projects/Academic/dev_ws/install/d435i_xarm_setup/share/d435i_xarm_setup//launch/grasp_node_robot_api.launch.py
[0.089s] -- Up-to-date symlink: /home/oscar/Projects/Academic/dev_ws/install/d435i_xarm_setup/share/d435i_xarm_setup//launch/grasp_node_robot_moveit_planner.launch.py
[0.089s] -- Up-to-date symlink: /home/oscar/Projects/Academic/dev_ws/install/d435i_xarm_setup/share/d435i_xarm_setup//launch/publish_handeye_tf.launch.py
[0.089s] -- Up-to-date symlink: /home/oscar/Projects/Academic/dev_ws/install/d435i_xarm_setup/share/d435i_xarm_setup//launch/start_find_obj_2d.launch.py
[0.089s] -- Up-to-date symlink: /home/oscar/Projects/Academic/dev_ws/install/d435i_xarm_setup/share/d435i_xarm_setup//objects/1.png
[0.089s] -- Up-to-date symlink: /home/oscar/Projects/Academic/dev_ws/install/d435i_xarm_setup/share/d435i_xarm_setup//objects/2.png
[0.089s] -- Up-to-date symlink: /home/oscar/Projects/Academic/dev_ws/install/d435i_xarm_setup/share/d435i_xarm_setup//config/extra_robot_api_params.yaml
[0.089s] -- Up-to-date symlink: /home/oscar/Projects/Academic/dev_ws/install/d435i_xarm_setup/share/d435i_xarm_setup//config/lite_rs_on_hand_calibration.calib
[0.089s] -- Up-to-date symlink: /home/oscar/Projects/Academic/dev_ws/install/d435i_xarm_setup/share/d435i_xarm_setup//config/uf850_rs_on_hand_calibration.calib
[0.089s] -- Up-to-date symlink: /home/oscar/Projects/Academic/dev_ws/install/d435i_xarm_setup/share/d435i_xarm_setup//config/xarm_rs_on_hand_calibration.calib
[0.089s] -- Up-to-date symlink: /home/oscar/Projects/Academic/dev_ws/install/d435i_xarm_setup/lib/d435i_xarm_setup/findobj_grasp_moveit_planner
[0.089s] -- Up-to-date symlink: /home/oscar/Projects/Academic/dev_ws/install/d435i_xarm_setup/lib/d435i_xarm_setup/findobj_grasp_xarm_api
[0.090s] -- Up-to-date symlink: /home/oscar/Projects/Academic/dev_ws/install/d435i_xarm_setup/lib/d435i_xarm_setup/tf_object_to_base
[0.090s] -- Up-to-date symlink: /home/oscar/Projects/Academic/dev_ws/install/d435i_xarm_setup/share/ament_index/resource_index/package_run_dependencies/d435i_xarm_setup
[0.090s] -- Up-to-date symlink: /home/oscar/Projects/Academic/dev_ws/install/d435i_xarm_setup/share/ament_index/resource_index/parent_prefix_path/d435i_xarm_setup
[0.090s] -- Up-to-date symlink: /home/oscar/Projects/Academic/dev_ws/install/d435i_xarm_setup/share/d435i_xarm_setup/environment/ament_prefix_path.sh
[0.090s] -- Up-to-date symlink: /home/oscar/Projects/Academic/dev_ws/install/d435i_xarm_setup/share/d435i_xarm_setup/environment/ament_prefix_path.dsv
[0.090s] -- Up-to-date symlink: /home/oscar/Projects/Academic/dev_ws/install/d435i_xarm_setup/share/d435i_xarm_setup/environment/path.sh
[0.090s] -- Up-to-date symlink: /home/oscar/Projects/Academic/dev_ws/install/d435i_xarm_setup/share/d435i_xarm_setup/environment/path.dsv
[0.090s] -- Up-to-date symlink: /home/oscar/Projects/Academic/dev_ws/install/d435i_xarm_setup/share/d435i_xarm_setup/local_setup.bash
[0.090s] -- Up-to-date symlink: /home/oscar/Projects/Academic/dev_ws/install/d435i_xarm_setup/share/d435i_xarm_setup/local_setup.sh
[0.090s] -- Up-to-date symlink: /home/oscar/Projects/Academic/dev_ws/install/d435i_xarm_setup/share/d435i_xarm_setup/local_setup.zsh
[0.090s] -- Up-to-date symlink: /home/oscar/Projects/Academic/dev_ws/install/d435i_xarm_setup/share/d435i_xarm_setup/local_setup.dsv
[0.090s] -- Symlinking: /home/oscar/Projects/Academic/dev_ws/install/d435i_xarm_setup/share/d435i_xarm_setup/package.dsv
[0.098s] -- Up-to-date symlink: /home/oscar/Projects/Academic/dev_ws/install/d435i_xarm_setup/share/ament_index/resource_index/packages/d435i_xarm_setup
[0.098s] -- Up-to-date symlink: /home/oscar/Projects/Academic/dev_ws/install/d435i_xarm_setup/share/d435i_xarm_setup/cmake/d435i_xarm_setupConfig.cmake
[0.098s] -- Up-to-date symlink: /home/oscar/Projects/Academic/dev_ws/install/d435i_xarm_setup/share/d435i_xarm_setup/cmake/d435i_xarm_setupConfig-version.cmake
[0.098s] -- Up-to-date symlink: /home/oscar/Projects/Academic/dev_ws/install/d435i_xarm_setup/share/d435i_xarm_setup/package.xml
[0.100s] Invoked command in '/home/oscar/Projects/Academic/dev_ws/build/d435i_xarm_setup' returned '0': AMENT_PREFIX_PATH=/home/oscar/Projects/Academic/dev_ws/install/xarm_api:/home/oscar/Projects/Academic/dev_ws/install/xarm_sdk:/home/oscar/Projects/Academic/dev_ws/install/xarm_msgs:/home/oscar/Projects/Academic/dev_ws/install/xarm_description:${AMENT_PREFIX_PATH} CMAKE_PREFIX_PATH=/home/oscar/Projects/Academic/dev_ws/install/xarm_api:/home/oscar/Projects/Academic/dev_ws/install/xarm_sdk:/home/oscar/Projects/Academic/dev_ws/install/xarm_msgs:/home/oscar/Projects/Academic/dev_ws/install/xarm_description:/opt/ros/humble LD_LIBRARY_PATH=/home/oscar/Projects/Academic/dev_ws/install/xarm_api/lib:/home/oscar/Projects/Academic/dev_ws/install/xarm_sdk/lib:/home/oscar/Projects/Academic/dev_ws/install/xarm_msgs/lib:${LD_LIBRARY_PATH} PYTHONPATH=/home/oscar/Projects/Academic/dev_ws/install/xarm_msgs/local/lib/python3.10/dist-packages:${PYTHONPATH} /usr/bin/cmake --install /home/oscar/Projects/Academic/dev_ws/build/d435i_xarm_setup
