[0.604s] Invoking command in '/home/oscar/Projects/Academic/dev_ws/src/xarm_ros2/xarm_perturbations': PYTHONPATH=/home/oscar/Projects/Academic/dev_ws/build/xarm_perturbations/prefix_override:/usr/lib/python3/dist-packages/colcon_core/task/python/colcon_distutils_commands:/home/oscar/Projects/Academic/dev_ws/install/xarm_perturbations/lib/python3.10/site-packages:${PYTHONPATH} /usr/bin/python3 -W ignore:setup.py install is deprecated -W ignore:easy_install command is deprecated setup.py egg_info --egg-base ../../../build/xarm_perturbations build --build-base /home/oscar/Projects/Academic/dev_ws/build/xarm_perturbations/build install --record /home/oscar/Projects/Academic/dev_ws/build/xarm_perturbations/install.log --single-version-externally-managed install_data
[0.722s] running egg_info
[0.722s] writing ../../../build/xarm_perturbations/xarm_perturbations.egg-info/PKG-INFO
[0.722s] writing dependency_links to ../../../build/xarm_perturbations/xarm_perturbations.egg-info/dependency_links.txt
[0.722s] writing entry points to ../../../build/xarm_perturbations/xarm_perturbations.egg-info/entry_points.txt
[0.722s] writing requirements to ../../../build/xarm_perturbations/xarm_perturbations.egg-info/requires.txt
[0.722s] writing top-level names to ../../../build/xarm_perturbations/xarm_perturbations.egg-info/top_level.txt
[0.723s] reading manifest file '../../../build/xarm_perturbations/xarm_perturbations.egg-info/SOURCES.txt'
[0.724s] writing manifest file '../../../build/xarm_perturbations/xarm_perturbations.egg-info/SOURCES.txt'
[0.724s] running build
[0.724s] running build_py
[0.724s] running install
[0.724s] running install_lib
[0.725s] running install_data
[0.725s] running install_egg_info
[0.725s] removing '/home/oscar/Projects/Academic/dev_ws/install/xarm_perturbations/lib/python3.10/site-packages/xarm_perturbations-0.0.0-py3.10.egg-info' (and everything under it)
[0.726s] Copying ../../../build/xarm_perturbations/xarm_perturbations.egg-info to /home/oscar/Projects/Academic/dev_ws/install/xarm_perturbations/lib/python3.10/site-packages/xarm_perturbations-0.0.0-py3.10.egg-info
[0.726s] running install_scripts
[0.737s] Installing circle_maker script to /home/oscar/Projects/Academic/dev_ws/install/xarm_perturbations/lib/xarm_perturbations
[0.737s] Installing heart script to /home/oscar/Projects/Academic/dev_ws/install/xarm_perturbations/lib/xarm_perturbations
[0.737s] Installing perturbation_injector script to /home/oscar/Projects/Academic/dev_ws/install/xarm_perturbations/lib/xarm_perturbations
[0.737s] writing list of installed files to '/home/oscar/Projects/Academic/dev_ws/build/xarm_perturbations/install.log'
[0.749s] Invoked command in '/home/oscar/Projects/Academic/dev_ws/src/xarm_ros2/xarm_perturbations' returned '0': PYTHONPATH=/home/oscar/Projects/Academic/dev_ws/build/xarm_perturbations/prefix_override:/usr/lib/python3/dist-packages/colcon_core/task/python/colcon_distutils_commands:/home/oscar/Projects/Academic/dev_ws/install/xarm_perturbations/lib/python3.10/site-packages:${PYTHONPATH} /usr/bin/python3 -W ignore:setup.py install is deprecated -W ignore:easy_install command is deprecated setup.py egg_info --egg-base ../../../build/xarm_perturbations build --build-base /home/oscar/Projects/Academic/dev_ws/build/xarm_perturbations/build install --record /home/oscar/Projects/Academic/dev_ws/build/xarm_perturbations/install.log --single-version-externally-managed install_data
