[0.013s] Invoking command in '/home/oscar/Projects/Academic/dev_ws/build/xarm_gazebo': AMENT_PREFIX_PATH=/home/oscar/Projects/Academic/dev_ws/install/xarm_controller:/home/oscar/Projects/Academic/dev_ws/install/xarm_api:/home/oscar/Projects/Academic/dev_ws/install/xarm_sdk:/home/oscar/Projects/Academic/dev_ws/install/xarm_msgs:/home/oscar/Projects/Academic/dev_ws/install/xarm_description:/home/oscar/Projects/Academic/dev_ws/install/uf_ros_lib:${AMENT_PREFIX_PATH} CMAKE_PREFIX_PATH=/home/oscar/Projects/Academic/dev_ws/install/xarm_controller:/home/oscar/Projects/Academic/dev_ws/install/xarm_api:/home/oscar/Projects/Academic/dev_ws/install/xarm_sdk:/home/oscar/Projects/Academic/dev_ws/install/xarm_msgs:/home/oscar/Projects/Academic/dev_ws/install/xarm_description:/opt/ros/humble LD_LIBRARY_PATH=/home/oscar/Projects/Academic/dev_ws/install/xarm_controller/lib:/home/oscar/Projects/Academic/dev_ws/install/xarm_api/lib:/home/oscar/Projects/Academic/dev_ws/install/xarm_sdk/lib:/home/oscar/Projects/Academic/dev_ws/install/xarm_msgs/lib:${LD_LIBRARY_PATH} PYTHONPATH=/home/oscar/Projects/Academic/dev_ws/install/xarm_msgs/local/lib/python3.10/dist-packages:/home/oscar/Projects/Academic/dev_ws/install/uf_ros_lib/lib/python3.10/site-packages:${PYTHONPATH} /usr/bin/cmake --build /home/oscar/Projects/Academic/dev_ws/build/xarm_gazebo -- -j24 -l24
[0.113s] [100%] Built target gazebo_mimic_joint_plugin
[0.126s] Invoked command in '/home/oscar/Projects/Academic/dev_ws/build/xarm_gazebo' returned '0': AMENT_PREFIX_PATH=/home/oscar/Projects/Academic/dev_ws/install/xarm_controller:/home/oscar/Projects/Academic/dev_ws/install/xarm_api:/home/oscar/Projects/Academic/dev_ws/install/xarm_sdk:/home/oscar/Projects/Academic/dev_ws/install/xarm_msgs:/home/oscar/Projects/Academic/dev_ws/install/xarm_description:/home/oscar/Projects/Academic/dev_ws/install/uf_ros_lib:${AMENT_PREFIX_PATH} CMAKE_PREFIX_PATH=/home/oscar/Projects/Academic/dev_ws/install/xarm_controller:/home/oscar/Projects/Academic/dev_ws/install/xarm_api:/home/oscar/Projects/Academic/dev_ws/install/xarm_sdk:/home/oscar/Projects/Academic/dev_ws/install/xarm_msgs:/home/oscar/Projects/Academic/dev_ws/install/xarm_description:/opt/ros/humble LD_LIBRARY_PATH=/home/oscar/Projects/Academic/dev_ws/install/xarm_controller/lib:/home/oscar/Projects/Academic/dev_ws/install/xarm_api/lib:/home/oscar/Projects/Academic/dev_ws/install/xarm_sdk/lib:/home/oscar/Projects/Academic/dev_ws/install/xarm_msgs/lib:${LD_LIBRARY_PATH} PYTHONPATH=/home/oscar/Projects/Academic/dev_ws/install/xarm_msgs/local/lib/python3.10/dist-packages:/home/oscar/Projects/Academic/dev_ws/install/uf_ros_lib/lib/python3.10/site-packages:${PYTHONPATH} /usr/bin/cmake --build /home/oscar/Projects/Academic/dev_ws/build/xarm_gazebo -- -j24 -l24
[0.129s] Invoking command in '/home/oscar/Projects/Academic/dev_ws/build/xarm_gazebo': AMENT_PREFIX_PATH=/home/oscar/Projects/Academic/dev_ws/install/xarm_controller:/home/oscar/Projects/Academic/dev_ws/install/xarm_api:/home/oscar/Projects/Academic/dev_ws/install/xarm_sdk:/home/oscar/Projects/Academic/dev_ws/install/xarm_msgs:/home/oscar/Projects/Academic/dev_ws/install/xarm_description:/home/oscar/Projects/Academic/dev_ws/install/uf_ros_lib:${AMENT_PREFIX_PATH} CMAKE_PREFIX_PATH=/home/oscar/Projects/Academic/dev_ws/install/xarm_controller:/home/oscar/Projects/Academic/dev_ws/install/xarm_api:/home/oscar/Projects/Academic/dev_ws/install/xarm_sdk:/home/oscar/Projects/Academic/dev_ws/install/xarm_msgs:/home/oscar/Projects/Academic/dev_ws/install/xarm_description:/opt/ros/humble LD_LIBRARY_PATH=/home/oscar/Projects/Academic/dev_ws/install/xarm_controller/lib:/home/oscar/Projects/Academic/dev_ws/install/xarm_api/lib:/home/oscar/Projects/Academic/dev_ws/install/xarm_sdk/lib:/home/oscar/Projects/Academic/dev_ws/install/xarm_msgs/lib:${LD_LIBRARY_PATH} PYTHONPATH=/home/oscar/Projects/Academic/dev_ws/install/xarm_msgs/local/lib/python3.10/dist-packages:/home/oscar/Projects/Academic/dev_ws/install/uf_ros_lib/lib/python3.10/site-packages:${PYTHONPATH} /usr/bin/cmake --install /home/oscar/Projects/Academic/dev_ws/build/xarm_gazebo
[0.138s] -- Install configuration: ""
[0.139s] -- Execute custom install script
[0.141s] -- Up-to-date symlink: /home/oscar/Projects/Academic/dev_ws/install/xarm_gazebo/include/xarm_gazebo/mimic_joint_plugin.h
[0.142s] -- Up-to-date symlink: /home/oscar/Projects/Academic/dev_ws/install/xarm_gazebo/lib/libgazebo_mimic_joint_plugin.so
[0.142s] -- Up-to-date symlink: /home/oscar/Projects/Academic/dev_ws/install/xarm_gazebo/share/xarm_gazebo//worlds/table.world
[0.142s] -- Up-to-date symlink: /home/oscar/Projects/Academic/dev_ws/install/xarm_gazebo/share/xarm_gazebo//worlds/table_gz.world
[0.143s] -- Up-to-date symlink: /home/oscar/Projects/Academic/dev_ws/install/xarm_gazebo/share/xarm_gazebo//launch/_dual_robot_beside_table_gazebo.launch.py
[0.143s] -- Up-to-date symlink: /home/oscar/Projects/Academic/dev_ws/install/xarm_gazebo/share/xarm_gazebo//launch/_robot_beside_table_gazebo.launch.py
[0.143s] -- Up-to-date symlink: /home/oscar/Projects/Academic/dev_ws/install/xarm_gazebo/share/xarm_gazebo//launch/lite6_beside_table_gazebo.launch.py
[0.143s] -- Up-to-date symlink: /home/oscar/Projects/Academic/dev_ws/install/xarm_gazebo/share/xarm_gazebo//launch/uf850_beside_table_gazebo.launch.py
[0.143s] -- Up-to-date symlink: /home/oscar/Projects/Academic/dev_ws/install/xarm_gazebo/share/xarm_gazebo//launch/xarm5_beside_table_gazebo.launch.py
[0.143s] -- Up-to-date symlink: /home/oscar/Projects/Academic/dev_ws/install/xarm_gazebo/share/xarm_gazebo//launch/xarm6_beside_table_gazebo.launch.py
[0.144s] -- Up-to-date symlink: /home/oscar/Projects/Academic/dev_ws/install/xarm_gazebo/share/xarm_gazebo//launch/xarm7_beside_table_gazebo.launch.py
[0.144s] -- Up-to-date symlink: /home/oscar/Projects/Academic/dev_ws/install/xarm_gazebo/share/xarm_gazebo//launch/xarm7_mirror_beside_table_gazebo.launch.py
[0.144s] -- Up-to-date symlink: /home/oscar/Projects/Academic/dev_ws/install/xarm_gazebo/share/ament_index/resource_index/package_run_dependencies/xarm_gazebo
[0.144s] -- Up-to-date symlink: /home/oscar/Projects/Academic/dev_ws/install/xarm_gazebo/share/ament_index/resource_index/parent_prefix_path/xarm_gazebo
[0.144s] -- Up-to-date symlink: /home/oscar/Projects/Academic/dev_ws/install/xarm_gazebo/share/xarm_gazebo/environment/ament_prefix_path.sh
[0.145s] -- Up-to-date symlink: /home/oscar/Projects/Academic/dev_ws/install/xarm_gazebo/share/xarm_gazebo/environment/ament_prefix_path.dsv
[0.145s] -- Up-to-date symlink: /home/oscar/Projects/Academic/dev_ws/install/xarm_gazebo/share/xarm_gazebo/environment/path.sh
[0.145s] -- Up-to-date symlink: /home/oscar/Projects/Academic/dev_ws/install/xarm_gazebo/share/xarm_gazebo/environment/path.dsv
[0.145s] -- Up-to-date symlink: /home/oscar/Projects/Academic/dev_ws/install/xarm_gazebo/share/xarm_gazebo/local_setup.bash
[0.145s] -- Up-to-date symlink: /home/oscar/Projects/Academic/dev_ws/install/xarm_gazebo/share/xarm_gazebo/local_setup.sh
[0.146s] -- Up-to-date symlink: /home/oscar/Projects/Academic/dev_ws/install/xarm_gazebo/share/xarm_gazebo/local_setup.zsh
[0.146s] -- Up-to-date symlink: /home/oscar/Projects/Academic/dev_ws/install/xarm_gazebo/share/xarm_gazebo/local_setup.dsv
[0.146s] -- Symlinking: /home/oscar/Projects/Academic/dev_ws/install/xarm_gazebo/share/xarm_gazebo/package.dsv
[0.158s] -- Up-to-date symlink: /home/oscar/Projects/Academic/dev_ws/install/xarm_gazebo/share/ament_index/resource_index/packages/xarm_gazebo
[0.158s] -- Up-to-date symlink: /home/oscar/Projects/Academic/dev_ws/install/xarm_gazebo/share/xarm_gazebo/cmake/xarm_gazeboConfig.cmake
[0.158s] -- Up-to-date symlink: /home/oscar/Projects/Academic/dev_ws/install/xarm_gazebo/share/xarm_gazebo/cmake/xarm_gazeboConfig-version.cmake
[0.159s] -- Up-to-date symlink: /home/oscar/Projects/Academic/dev_ws/install/xarm_gazebo/share/xarm_gazebo/package.xml
[0.160s] Invoked command in '/home/oscar/Projects/Academic/dev_ws/build/xarm_gazebo' returned '0': AMENT_PREFIX_PATH=/home/oscar/Projects/Academic/dev_ws/install/xarm_controller:/home/oscar/Projects/Academic/dev_ws/install/xarm_api:/home/oscar/Projects/Academic/dev_ws/install/xarm_sdk:/home/oscar/Projects/Academic/dev_ws/install/xarm_msgs:/home/oscar/Projects/Academic/dev_ws/install/xarm_description:/home/oscar/Projects/Academic/dev_ws/install/uf_ros_lib:${AMENT_PREFIX_PATH} CMAKE_PREFIX_PATH=/home/oscar/Projects/Academic/dev_ws/install/xarm_controller:/home/oscar/Projects/Academic/dev_ws/install/xarm_api:/home/oscar/Projects/Academic/dev_ws/install/xarm_sdk:/home/oscar/Projects/Academic/dev_ws/install/xarm_msgs:/home/oscar/Projects/Academic/dev_ws/install/xarm_description:/opt/ros/humble LD_LIBRARY_PATH=/home/oscar/Projects/Academic/dev_ws/install/xarm_controller/lib:/home/oscar/Projects/Academic/dev_ws/install/xarm_api/lib:/home/oscar/Projects/Academic/dev_ws/install/xarm_sdk/lib:/home/oscar/Projects/Academic/dev_ws/install/xarm_msgs/lib:${LD_LIBRARY_PATH} PYTHONPATH=/home/oscar/Projects/Academic/dev_ws/install/xarm_msgs/local/lib/python3.10/dist-packages:/home/oscar/Projects/Academic/dev_ws/install/uf_ros_lib/lib/python3.10/site-packages:${PYTHONPATH} /usr/bin/cmake --install /home/oscar/Projects/Academic/dev_ws/build/xarm_gazebo
